000 (22253675.010.000) 07/19 23:11:01 Job submitted from host: <10.2.11.2:9618?addrs=10.2.11.2-9618&noUDP&sock=1517334_7efc_29>
...
001 (22253675.010.000) 07/19 23:13:58 Job executing on host: <10.2.2.11:9618?addrs=10.2.2.11-9618&noUDP&sock=1869_8e98_3>
...
006 (22253675.010.000) 07/19 23:14:07 Image size of job updated: 391788
	103  -  MemoryUsage of job (MB)
	104620  -  ResidentSetSize of job (KB)
...
006 (22253675.010.000) 07/19 23:17:55 Image size of job updated: 466924
	103  -  MemoryUsage of job (MB)
	104620  -  ResidentSetSize of job (KB)
...
005 (22253675.010.000) 07/19 23:17:55 Job terminated.
	(1) Normal termination (return value 0)
		Usr 0 00:03:22, Sys 0 00:00:23  -  Run Remote Usage
		Usr 0 00:00:00, Sys 0 00:00:00  -  Run Local Usage
		Usr 0 00:03:22, Sys 0 00:00:23  -  Total Remote Usage
		Usr 0 00:00:00, Sys 0 00:00:00  -  Total Local Usage
	0  -  Run Bytes Sent By Job
	16819  -  Run Bytes Received By Job
	0  -  Total Bytes Sent By Job
	16819  -  Total Bytes Received By Job
	Partitionable Resources :    Usage  Request Allocated 
	   Cpus                 :     0.93        1         1 
	   Disk (KB)            :   292          17     45174 
	   Memory (MB)          :   103           1       128 
...
000 (22273709.010.000) 07/20 12:46:10 Job submitted from host: <10.2.11.2:9618?addrs=10.2.11.2-9618&noUDP&sock=1517334_7efc_29>
...
001 (22273709.010.000) 07/20 12:47:37 Job executing on host: <10.2.2.37:9618?addrs=10.2.2.37-9618&noUDP&sock=26334_8319_3>
...
006 (22273709.010.000) 07/20 12:47:45 Image size of job updated: 108732
	86  -  MemoryUsage of job (MB)
	87816  -  ResidentSetSize of job (KB)
...
006 (22273709.010.000) 07/20 12:52:45 Image size of job updated: 467532
	106  -  MemoryUsage of job (MB)
	108500  -  ResidentSetSize of job (KB)
...
006 (22273709.010.000) 07/20 12:56:02 Image size of job updated: 473628
	106  -  MemoryUsage of job (MB)
	108500  -  ResidentSetSize of job (KB)
...
005 (22273709.010.000) 07/20 12:56:02 Job terminated.
	(1) Normal termination (return value 0)
		Usr 0 00:07:15, Sys 0 00:00:55  -  Run Remote Usage
		Usr 0 00:00:00, Sys 0 00:00:00  -  Run Local Usage
		Usr 0 00:07:15, Sys 0 00:00:55  -  Total Remote Usage
		Usr 0 00:00:00, Sys 0 00:00:00  -  Total Local Usage
	0  -  Run Bytes Sent By Job
	16820  -  Run Bytes Received By Job
	0  -  Total Bytes Sent By Job
	16820  -  Total Bytes Received By Job
	Partitionable Resources :    Usage  Request Allocated 
	   Cpus                 :     0.92        1         1 
	   Disk (KB)            :   285          17     40985 
	   Memory (MB)          :   106           1       128 
...
000 (22276076.010.000) 07/20 13:38:29 Job submitted from host: <10.2.11.2:9618?addrs=10.2.11.2-9618&noUDP&sock=1517334_7efc_29>
...
001 (22276076.010.000) 07/20 13:38:34 Job executing on host: <10.2.1.22:9618?addrs=10.2.1.22-9618&noUDP&sock=1856_a3dd_3>
...
006 (22276076.010.000) 07/20 13:38:43 Image size of job updated: 29340
	19  -  MemoryUsage of job (MB)
	19100  -  ResidentSetSize of job (KB)
...
006 (22276076.010.000) 07/20 13:43:44 Image size of job updated: 499440
	105  -  MemoryUsage of job (MB)
	107508  -  ResidentSetSize of job (KB)
...
006 (22276076.010.000) 07/20 13:48:44 Image size of job updated: 506620
	113  -  MemoryUsage of job (MB)
	114720  -  ResidentSetSize of job (KB)
...
006 (22276076.010.000) 07/20 13:53:31 Image size of job updated: 508344
	113  -  MemoryUsage of job (MB)
	114720  -  ResidentSetSize of job (KB)
...
005 (22276076.010.000) 07/20 13:53:35 Job terminated.
	(1) Normal termination (return value 0)
		Usr 0 00:12:52, Sys 0 00:01:24  -  Run Remote Usage
		Usr 0 00:00:00, Sys 0 00:00:00  -  Run Local Usage
		Usr 0 00:12:52, Sys 0 00:01:24  -  Total Remote Usage
		Usr 0 00:00:00, Sys 0 00:00:00  -  Total Local Usage
	0  -  Run Bytes Sent By Job
	16826  -  Run Bytes Received By Job
	0  -  Total Bytes Sent By Job
	16826  -  Total Bytes Received By Job
	Partitionable Resources :    Usage  Request Allocated 
	   Cpus                 :     0.95        1         1 
	   Disk (KB)            :   394          17     15100 
	   Memory (MB)          :   113           1       128 
...
000 (22292754.010.000) 07/20 20:17:34 Job submitted from host: <10.2.11.2:9618?addrs=10.2.11.2-9618&noUDP&sock=1517334_7efc_29>
...
001 (22292754.010.000) 07/20 20:17:47 Job executing on host: <10.2.1.42:9618?addrs=10.2.1.42-9618&noUDP&sock=1872_9d61_3>
...
006 (22292754.010.000) 07/20 20:17:56 Image size of job updated: 140896
	18  -  MemoryUsage of job (MB)
	17648  -  ResidentSetSize of job (KB)
...
006 (22292754.010.000) 07/20 20:22:57 Image size of job updated: 499308
	105  -  MemoryUsage of job (MB)
	107316  -  ResidentSetSize of job (KB)
...
006 (22292754.010.000) 07/20 20:27:57 Image size of job updated: 501248
	107  -  MemoryUsage of job (MB)
	109340  -  ResidentSetSize of job (KB)
...
006 (22292754.010.000) 07/20 20:32:57 Image size of job updated: 619516
	114  -  MemoryUsage of job (MB)
	116384  -  ResidentSetSize of job (KB)
...
006 (22292754.010.000) 07/20 20:37:58 Image size of job updated: 619516
	114  -  MemoryUsage of job (MB)
	116464  -  ResidentSetSize of job (KB)
...
006 (22292754.010.000) 07/20 20:42:58 Image size of job updated: 619516
	116  -  MemoryUsage of job (MB)
	118024  -  ResidentSetSize of job (KB)
...
005 (22292754.010.000) 07/20 20:46:05 Job terminated.
	(1) Normal termination (return value 0)
		Usr 0 00:21:08, Sys 0 00:01:26  -  Run Remote Usage
		Usr 0 00:00:00, Sys 0 00:00:00  -  Run Local Usage
		Usr 0 00:21:08, Sys 0 00:01:26  -  Total Remote Usage
		Usr 0 00:00:00, Sys 0 00:00:00  -  Total Local Usage
	0  -  Run Bytes Sent By Job
	16826  -  Run Bytes Received By Job
	0  -  Total Bytes Sent By Job
	16826  -  Total Bytes Received By Job
	Partitionable Resources :    Usage  Request Allocated 
	   Cpus                 :     0.90        1         1 
	   Disk (KB)            :   601          17      4636 
	   Memory (MB)          :   116           1       128 
...
000 (22295772.010.000) 07/20 21:31:48 Job submitted from host: <10.2.11.2:9618?addrs=10.2.11.2-9618&noUDP&sock=1517334_7efc_29>
...
001 (22295772.010.000) 07/20 21:31:53 Job executing on host: <10.2.3.78:9618?addrs=10.2.3.78-9618&noUDP&sock=23047_e74c_3>
...
006 (22295772.010.000) 07/20 21:32:02 Image size of job updated: 66500
	61  -  MemoryUsage of job (MB)
	62316  -  ResidentSetSize of job (KB)
...
006 (22295772.010.000) 07/20 21:37:03 Image size of job updated: 466952
	106  -  MemoryUsage of job (MB)
	108092  -  ResidentSetSize of job (KB)
...
006 (22295772.010.000) 07/20 21:42:03 Image size of job updated: 475048
	114  -  MemoryUsage of job (MB)
	115940  -  ResidentSetSize of job (KB)
...
006 (22295772.010.000) 07/20 21:47:03 Image size of job updated: 475996
	115  -  MemoryUsage of job (MB)
	117260  -  ResidentSetSize of job (KB)
...
006 (22295772.010.000) 07/20 21:49:50 Image size of job updated: 477816
	115  -  MemoryUsage of job (MB)
	117296  -  ResidentSetSize of job (KB)
...
005 (22295772.010.000) 07/20 21:49:50 Job terminated.
	(1) Normal termination (return value 0)
		Usr 0 00:16:11, Sys 0 00:01:31  -  Run Remote Usage
		Usr 0 00:00:00, Sys 0 00:00:00  -  Run Local Usage
		Usr 0 00:16:11, Sys 0 00:01:31  -  Total Remote Usage
		Usr 0 00:00:00, Sys 0 00:00:00  -  Total Local Usage
	0  -  Run Bytes Sent By Job
	16831  -  Run Bytes Received By Job
	0  -  Total Bytes Sent By Job
	16831  -  Total Bytes Received By Job
	Partitionable Resources :    Usage  Request Allocated 
	   Cpus                 :     0.94        1         1 
	   Disk (KB)            :   494          17     65435 
	   Memory (MB)          :   115           1       128 
...
000 (23036704.010.000) 08/08 19:49:28 Job submitted from host: <10.2.11.2:9618?addrs=10.2.11.2-9618&noUDP&sock=1517334_7efc_29>
...
001 (23036704.010.000) 08/08 19:49:30 Job executing on host: <10.2.1.68:9618?addrs=10.2.1.68-9618&noUDP&sock=1822_51a5_3>
...
006 (23036704.010.000) 08/08 19:49:39 Image size of job updated: 134836
	16  -  MemoryUsage of job (MB)
	15412  -  ResidentSetSize of job (KB)
...
006 (23036704.010.000) 08/08 19:54:40 Image size of job updated: 499288
	107  -  MemoryUsage of job (MB)
	109196  -  ResidentSetSize of job (KB)
...
006 (23036704.010.000) 08/08 19:59:40 Image size of job updated: 501008
	109  -  MemoryUsage of job (MB)
	111172  -  ResidentSetSize of job (KB)
...
006 (23036704.010.000) 08/08 20:04:40 Image size of job updated: 619452
	114  -  MemoryUsage of job (MB)
	116536  -  ResidentSetSize of job (KB)
...
006 (23036704.010.000) 08/08 20:09:41 Image size of job updated: 619452
	115  -  MemoryUsage of job (MB)
	117236  -  ResidentSetSize of job (KB)
...
006 (23036704.010.000) 08/08 20:14:41 Image size of job updated: 619452
	117  -  MemoryUsage of job (MB)
	118900  -  ResidentSetSize of job (KB)
...
005 (23036704.010.000) 08/08 20:14:56 Job terminated.
	(1) Normal termination (return value 0)
		Usr 0 00:21:00, Sys 0 00:01:41  -  Run Remote Usage
		Usr 0 00:00:00, Sys 0 00:00:00  -  Run Local Usage
		Usr 0 00:21:00, Sys 0 00:01:41  -  Total Remote Usage
		Usr 0 00:00:00, Sys 0 00:00:00  -  Total Local Usage
	0  -  Run Bytes Sent By Job
	16845  -  Run Bytes Received By Job
	0  -  Total Bytes Sent By Job
	16845  -  Total Bytes Received By Job
	Partitionable Resources :    Usage  Request Allocated 
	   Cpus                 :     0.84        1         1 
	   Disk (KB)            :   463          17     13624 
	   Memory (MB)          :   117           1       128 
...
000 (23039408.010.000) 08/11 01:22:15 Job submitted from host: <10.2.11.2:9618?addrs=10.2.11.2-9618&noUDP&sock=3676338_a96b_3>
...
001 (23039408.010.000) 08/11 01:27:32 Job executing on host: <10.2.2.27:9618?addrs=10.2.2.27-9618&noUDP&sock=1817_e3ac_35>
...
006 (23039408.010.000) 08/11 01:27:41 Image size of job updated: 10328
	9  -  MemoryUsage of job (MB)
	8484  -  ResidentSetSize of job (KB)
...
006 (23039408.010.000) 08/11 01:32:42 Image size of job updated: 466516
	105  -  MemoryUsage of job (MB)
	107372  -  ResidentSetSize of job (KB)
...
006 (23039408.010.000) 08/11 01:37:43 Image size of job updated: 467444
	106  -  MemoryUsage of job (MB)
	108276  -  ResidentSetSize of job (KB)
...
006 (23039408.010.000) 08/11 01:42:43 Image size of job updated: 473384
	112  -  MemoryUsage of job (MB)
	114216  -  ResidentSetSize of job (KB)
...
006 (23039408.010.000) 08/11 01:47:44 Image size of job updated: 473956
	113  -  MemoryUsage of job (MB)
	114748  -  ResidentSetSize of job (KB)
...
006 (23039408.010.000) 08/11 01:52:45 Image size of job updated: 475952
	115  -  MemoryUsage of job (MB)
	116916  -  ResidentSetSize of job (KB)
...
006 (23039408.010.000) 08/11 01:54:21 Image size of job updated: 479992
	115  -  MemoryUsage of job (MB)
	116916  -  ResidentSetSize of job (KB)
...
005 (23039408.010.000) 08/11 01:54:21 Job terminated.
	(1) Normal termination (return value 0)
		Usr 0 00:17:23, Sys 0 00:01:17  -  Run Remote Usage
		Usr 0 00:00:00, Sys 0 00:00:00  -  Run Local Usage
		Usr 0 00:17:23, Sys 0 00:01:17  -  Total Remote Usage
		Usr 0 00:00:00, Sys 0 00:00:00  -  Total Local Usage
	0  -  Run Bytes Sent By Job
	16846  -  Run Bytes Received By Job
	0  -  Total Bytes Sent By Job
	16846  -  Total Bytes Received By Job
	Partitionable Resources :    Usage  Request Allocated 
	   Cpus                 :     0.68        1         1 
	   Disk (KB)            :   439          17     49522 
	   Memory (MB)          :   115           1       128 
...
