000 (22253675.011.000) 07/19 23:11:01 Job submitted from host: <10.2.11.2:9618?addrs=10.2.11.2-9618&noUDP&sock=1517334_7efc_29>
...
001 (22253675.011.000) 07/19 23:13:58 Job executing on host: <10.2.3.71:9618?addrs=10.2.3.71-9618&noUDP&sock=23120_f9b6_3>
...
006 (22253675.011.000) 07/19 23:14:09 Image size of job updated: 421412
	104  -  MemoryUsage of job (MB)
	106364  -  ResidentSetSize of job (KB)
...
006 (22253675.011.000) 07/19 23:16:29 Image size of job updated: 466168
	104  -  MemoryUsage of job (MB)
	106364  -  ResidentSetSize of job (KB)
...
005 (22253675.011.000) 07/19 23:16:29 Job terminated.
	(1) Normal termination (return value 0)
		Usr 0 00:02:01, Sys 0 00:00:19  -  Run Remote Usage
		Usr 0 00:00:00, Sys 0 00:00:00  -  Run Local Usage
		Usr 0 00:02:01, Sys 0 00:00:19  -  Total Remote Usage
		Usr 0 00:00:00, Sys 0 00:00:00  -  Total Local Usage
	0  -  Run Bytes Sent By Job
	16819  -  Run Bytes Received By Job
	0  -  Total Bytes Sent By Job
	16819  -  Total Bytes Received By Job
	Partitionable Resources :    Usage  Request Allocated 
	   Cpus                 :     0.01        1         1 
	   Disk (KB)            :   202          17     61259 
	   Memory (MB)          :   104           1       128 
...
000 (22273709.011.000) 07/20 12:46:10 Job submitted from host: <10.2.11.2:9618?addrs=10.2.11.2-9618&noUDP&sock=1517334_7efc_29>
...
001 (22273709.011.000) 07/20 12:47:38 Job executing on host: <10.2.3.48:9618?addrs=10.2.3.48-9618&noUDP&sock=25938_e398_3>
...
006 (22273709.011.000) 07/20 12:47:47 Image size of job updated: 381420
	91  -  MemoryUsage of job (MB)
	92840  -  ResidentSetSize of job (KB)
...
006 (22273709.011.000) 07/20 12:52:48 Image size of job updated: 466420
	105  -  MemoryUsage of job (MB)
	107460  -  ResidentSetSize of job (KB)
...
006 (22273709.011.000) 07/20 12:57:49 Image size of job updated: 474012
	113  -  MemoryUsage of job (MB)
	114988  -  ResidentSetSize of job (KB)
...
006 (22273709.011.000) 07/20 12:58:46 Image size of job updated: 474016
	113  -  MemoryUsage of job (MB)
	114988  -  ResidentSetSize of job (KB)
...
005 (22273709.011.000) 07/20 12:58:46 Job terminated.
	(1) Normal termination (return value 0)
		Usr 0 00:09:25, Sys 0 00:01:31  -  Run Remote Usage
		Usr 0 00:00:00, Sys 0 00:00:00  -  Run Local Usage
		Usr 0 00:09:25, Sys 0 00:01:31  -  Total Remote Usage
		Usr 0 00:00:00, Sys 0 00:00:00  -  Total Local Usage
	0  -  Run Bytes Sent By Job
	16820  -  Run Bytes Received By Job
	0  -  Total Bytes Sent By Job
	16820  -  Total Bytes Received By Job
	Partitionable Resources :    Usage  Request Allocated 
	   Cpus                 :     0.90        1         1 
	   Disk (KB)            :   203          17     59063 
	   Memory (MB)          :   113           1       128 
...
000 (22276076.011.000) 07/20 13:38:29 Job submitted from host: <10.2.11.2:9618?addrs=10.2.11.2-9618&noUDP&sock=1517334_7efc_29>
...
001 (22276076.011.000) 07/20 13:38:34 Job executing on host: <10.2.1.7:9618?addrs=10.2.1.7-9618&noUDP&sock=2033_0c20_3>
...
006 (22276076.011.000) 07/20 13:38:43 Image size of job updated: 140896
	17  -  MemoryUsage of job (MB)
	17044  -  ResidentSetSize of job (KB)
...
006 (22276076.011.000) 07/20 13:43:44 Image size of job updated: 512340
	105  -  MemoryUsage of job (MB)
	107068  -  ResidentSetSize of job (KB)
...
006 (22276076.011.000) 07/20 13:48:44 Image size of job updated: 512340
	108  -  MemoryUsage of job (MB)
	109680  -  ResidentSetSize of job (KB)
...
005 (22276076.011.000) 07/20 13:51:36 Job terminated.
	(1) Normal termination (return value 0)
		Usr 0 00:07:35, Sys 0 00:01:02  -  Run Remote Usage
		Usr 0 00:00:00, Sys 0 00:00:00  -  Run Local Usage
		Usr 0 00:07:35, Sys 0 00:01:02  -  Total Remote Usage
		Usr 0 00:00:00, Sys 0 00:00:00  -  Total Local Usage
	0  -  Run Bytes Sent By Job
	16826  -  Run Bytes Received By Job
	0  -  Total Bytes Sent By Job
	16826  -  Total Bytes Received By Job
	Partitionable Resources :    Usage  Request Allocated 
	   Cpus                 :     0.73        1         1 
	   Disk (KB)            :   202          17     10889 
	   Memory (MB)          :   108           1       128 
...
000 (22292754.011.000) 07/20 20:17:34 Job submitted from host: <10.2.11.2:9618?addrs=10.2.11.2-9618&noUDP&sock=1517334_7efc_29>
...
001 (22292754.011.000) 07/20 20:17:47 Job executing on host: <10.2.1.63:9618?addrs=10.2.1.63-9618&noUDP&sock=1801_ea28_3>
...
006 (22292754.011.000) 07/20 20:17:56 Image size of job updated: 29124
	21  -  MemoryUsage of job (MB)
	20684  -  ResidentSetSize of job (KB)
...
006 (22292754.011.000) 07/20 20:22:57 Image size of job updated: 499048
	107  -  MemoryUsage of job (MB)
	109380  -  ResidentSetSize of job (KB)
...
006 (22292754.011.000) 07/20 20:27:57 Image size of job updated: 501824
	115  -  MemoryUsage of job (MB)
	117340  -  ResidentSetSize of job (KB)
...
006 (22292754.011.000) 07/20 20:32:58 Image size of job updated: 507488
	116  -  MemoryUsage of job (MB)
	117848  -  ResidentSetSize of job (KB)
...
006 (22292754.011.000) 07/20 20:37:59 Image size of job updated: 510228
	118  -  MemoryUsage of job (MB)
	120648  -  ResidentSetSize of job (KB)
...
006 (22292754.011.000) 07/20 20:41:47 Image size of job updated: 512312
	118  -  MemoryUsage of job (MB)
	120648  -  ResidentSetSize of job (KB)
...
005 (22292754.011.000) 07/20 20:41:47 Job terminated.
	(1) Normal termination (return value 0)
		Usr 0 00:15:56, Sys 0 00:01:55  -  Run Remote Usage
		Usr 0 00:00:00, Sys 0 00:00:00  -  Run Local Usage
		Usr 0 00:15:56, Sys 0 00:01:55  -  Total Remote Usage
		Usr 0 00:00:00, Sys 0 00:00:00  -  Total Local Usage
	0  -  Run Bytes Sent By Job
	16826  -  Run Bytes Received By Job
	0  -  Total Bytes Sent By Job
	16826  -  Total Bytes Received By Job
	Partitionable Resources :    Usage  Request Allocated 
	   Cpus                 :     0.70        1         1 
	   Disk (KB)            :   287          17     15884 
	   Memory (MB)          :   118           1       128 
...
000 (22295772.011.000) 07/20 21:31:48 Job submitted from host: <10.2.11.2:9618?addrs=10.2.11.2-9618&noUDP&sock=1517334_7efc_29>
...
001 (22295772.011.000) 07/20 21:31:54 Job executing on host: <10.2.3.11:9618?addrs=10.2.3.11-9618&noUDP&sock=22643_cb09_3>
...
006 (22295772.011.000) 07/20 21:32:03 Image size of job updated: 44648
	28  -  MemoryUsage of job (MB)
	28564  -  ResidentSetSize of job (KB)
...
006 (22295772.011.000) 07/20 21:37:04 Image size of job updated: 466964
	106  -  MemoryUsage of job (MB)
	108160  -  ResidentSetSize of job (KB)
...
006 (22295772.011.000) 07/20 21:42:05 Image size of job updated: 473580
	113  -  MemoryUsage of job (MB)
	114720  -  ResidentSetSize of job (KB)
...
006 (22295772.011.000) 07/20 21:47:05 Image size of job updated: 480352
	116  -  MemoryUsage of job (MB)
	118188  -  ResidentSetSize of job (KB)
...
005 (22295772.011.000) 07/20 21:50:33 Job terminated.
	(1) Normal termination (return value 0)
		Usr 0 00:14:03, Sys 0 00:02:14  -  Run Remote Usage
		Usr 0 00:00:00, Sys 0 00:00:00  -  Run Local Usage
		Usr 0 00:14:03, Sys 0 00:02:14  -  Total Remote Usage
		Usr 0 00:00:00, Sys 0 00:00:00  -  Total Local Usage
	0  -  Run Bytes Sent By Job
	16831  -  Run Bytes Received By Job
	0  -  Total Bytes Sent By Job
	16831  -  Total Bytes Received By Job
	Partitionable Resources :    Usage  Request Allocated 
	   Cpus                 :     0.77        1         1 
	   Disk (KB)            :   287          17     68191 
	   Memory (MB)          :   116           1       128 
...
000 (23036704.011.000) 08/08 19:49:28 Job submitted from host: <10.2.11.2:9618?addrs=10.2.11.2-9618&noUDP&sock=1517334_7efc_29>
...
001 (23036704.011.000) 08/08 19:49:30 Job executing on host: <10.2.1.22:9618?addrs=10.2.1.22-9618&noUDP&sock=1856_a3dd_3>
...
006 (23036704.011.000) 08/08 19:49:39 Image size of job updated: 133448
	15  -  MemoryUsage of job (MB)
	14824  -  ResidentSetSize of job (KB)
...
006 (23036704.011.000) 08/08 19:54:40 Image size of job updated: 499036
	107  -  MemoryUsage of job (MB)
	109488  -  ResidentSetSize of job (KB)
...
006 (23036704.011.000) 08/08 19:59:40 Image size of job updated: 505676
	114  -  MemoryUsage of job (MB)
	116072  -  ResidentSetSize of job (KB)
...
006 (23036704.011.000) 08/08 20:04:41 Image size of job updated: 506484
	114  -  MemoryUsage of job (MB)
	116736  -  ResidentSetSize of job (KB)
...
006 (23036704.011.000) 08/08 20:09:36 Image size of job updated: 512896
	114  -  MemoryUsage of job (MB)
	116736  -  ResidentSetSize of job (KB)
...
005 (23036704.011.000) 08/08 20:09:36 Job terminated.
	(1) Normal termination (return value 0)
		Usr 0 00:15:13, Sys 0 00:01:40  -  Run Remote Usage
		Usr 0 00:00:00, Sys 0 00:00:00  -  Run Local Usage
		Usr 0 00:15:13, Sys 0 00:01:40  -  Total Remote Usage
		Usr 0 00:00:00, Sys 0 00:00:00  -  Total Local Usage
	0  -  Run Bytes Sent By Job
	16845  -  Run Bytes Received By Job
	0  -  Total Bytes Sent By Job
	16845  -  Total Bytes Received By Job
	Partitionable Resources :    Usage  Request Allocated 
	   Cpus                 :     0.83        1         1 
	   Disk (KB)            :   343          17     15100 
	   Memory (MB)          :   114           1       128 
...
000 (23039408.011.000) 08/11 01:22:15 Job submitted from host: <10.2.11.2:9618?addrs=10.2.11.2-9618&noUDP&sock=3676338_a96b_3>
...
001 (23039408.011.000) 08/11 01:27:32 Job executing on host: <10.2.2.3:9618?addrs=10.2.2.3-9618&noUDP&sock=1837_9b90_3>
...
006 (23039408.011.000) 08/11 01:27:41 Image size of job updated: 131920
	9  -  MemoryUsage of job (MB)
	9176  -  ResidentSetSize of job (KB)
...
006 (23039408.011.000) 08/11 01:32:42 Image size of job updated: 466624
	105  -  MemoryUsage of job (MB)
	107140  -  ResidentSetSize of job (KB)
...
006 (23039408.011.000) 08/11 01:37:42 Image size of job updated: 473140
	112  -  MemoryUsage of job (MB)
	113992  -  ResidentSetSize of job (KB)
...
006 (23039408.011.000) 08/11 01:42:42 Image size of job updated: 474400
	113  -  MemoryUsage of job (MB)
	115360  -  ResidentSetSize of job (KB)
...
006 (23039408.011.000) 08/11 01:46:27 Image size of job updated: 476444
	113  -  MemoryUsage of job (MB)
	115360  -  ResidentSetSize of job (KB)
...
005 (23039408.011.000) 08/11 01:46:27 Job terminated.
	(1) Normal termination (return value 0)
		Usr 0 00:11:28, Sys 0 00:01:17  -  Run Remote Usage
		Usr 0 00:00:00, Sys 0 00:00:00  -  Run Local Usage
		Usr 0 00:11:28, Sys 0 00:01:17  -  Total Remote Usage
		Usr 0 00:00:00, Sys 0 00:00:00  -  Total Local Usage
	0  -  Run Bytes Sent By Job
	16846  -  Run Bytes Received By Job
	0  -  Total Bytes Sent By Job
	16846  -  Total Bytes Received By Job
	Partitionable Resources :    Usage  Request Allocated 
	   Cpus                 :     0.66        1         1 
	   Disk (KB)            :   288          17     47426 
	   Memory (MB)          :   113           1       128 
...
