000 (22253675.014.000) 07/19 23:11:01 Job submitted from host: <10.2.11.2:9618?addrs=10.2.11.2-9618&noUDP&sock=1517334_7efc_29>
...
001 (22253675.014.000) 07/19 23:14:28 Job executing on host: <10.2.3.19:9618?addrs=10.2.3.19-9618&noUDP&sock=22611_d801_3>
...
006 (22253675.014.000) 07/19 23:14:38 Image size of job updated: 466288
	104  -  MemoryUsage of job (MB)
	106320  -  ResidentSetSize of job (KB)
...
006 (22253675.014.000) 07/19 23:18:23 Image size of job updated: 467356
	104  -  MemoryUsage of job (MB)
	106320  -  ResidentSetSize of job (KB)
...
005 (22253675.014.000) 07/19 23:18:23 Job terminated.
	(1) Normal termination (return value 0)
		Usr 0 00:03:13, Sys 0 00:00:35  -  Run Remote Usage
		Usr 0 00:00:00, Sys 0 00:00:00  -  Run Local Usage
		Usr 0 00:03:13, Sys 0 00:00:35  -  Total Remote Usage
		Usr 0 00:00:00, Sys 0 00:00:00  -  Total Local Usage
	0  -  Run Bytes Sent By Job
	16819  -  Run Bytes Received By Job
	0  -  Total Bytes Sent By Job
	16819  -  Total Bytes Received By Job
	Partitionable Resources :    Usage  Request Allocated 
	   Cpus                 :     0.89        1         1 
	   Disk (KB)            :   138          17     70394 
	   Memory (MB)          :   104           1       128 
...
000 (22273709.014.000) 07/20 12:46:10 Job submitted from host: <10.2.11.2:9618?addrs=10.2.11.2-9618&noUDP&sock=1517334_7efc_29>
...
001 (22273709.014.000) 07/20 12:47:37 Job executing on host: <10.2.3.10:9618?addrs=10.2.3.10-9618&noUDP&sock=22981_a20c_3>
...
006 (22273709.014.000) 07/20 12:47:47 Image size of job updated: 132768
	104  -  MemoryUsage of job (MB)
	106276  -  ResidentSetSize of job (KB)
...
006 (22273709.014.000) 07/20 12:52:48 Image size of job updated: 473920
	113  -  MemoryUsage of job (MB)
	114956  -  ResidentSetSize of job (KB)
...
006 (22273709.014.000) 07/20 12:57:15 Image size of job updated: 478416
	113  -  MemoryUsage of job (MB)
	114956  -  ResidentSetSize of job (KB)
...
005 (22273709.014.000) 07/20 12:57:15 Job terminated.
	(1) Normal termination (return value 0)
		Usr 0 00:07:56, Sys 0 00:01:30  -  Run Remote Usage
		Usr 0 00:00:00, Sys 0 00:00:00  -  Run Local Usage
		Usr 0 00:07:56, Sys 0 00:01:30  -  Total Remote Usage
		Usr 0 00:00:00, Sys 0 00:00:00  -  Total Local Usage
	0  -  Run Bytes Sent By Job
	16820  -  Run Bytes Received By Job
	0  -  Total Bytes Sent By Job
	16820  -  Total Bytes Received By Job
	Partitionable Resources :    Usage  Request Allocated 
	   Cpus                 :     0.88        1         1 
	   Disk (KB)            :   137          17     70072 
	   Memory (MB)          :   113           1       128 
...
000 (22276076.014.000) 07/20 13:38:29 Job submitted from host: <10.2.11.2:9618?addrs=10.2.11.2-9618&noUDP&sock=1517334_7efc_29>
...
001 (22276076.014.000) 07/20 13:38:34 Job executing on host: <10.2.3.45:9618?addrs=10.2.3.45-9618&noUDP&sock=22557_cde4_3>
...
006 (22276076.014.000) 07/20 13:38:44 Image size of job updated: 201676
	20  -  MemoryUsage of job (MB)
	20332  -  ResidentSetSize of job (KB)
...
006 (22276076.014.000) 07/20 13:43:44 Image size of job updated: 473916
	113  -  MemoryUsage of job (MB)
	114980  -  ResidentSetSize of job (KB)
...
006 (22276076.014.000) 07/20 13:48:44 Image size of job updated: 478148
	117  -  MemoryUsage of job (MB)
	119372  -  ResidentSetSize of job (KB)
...
006 (22276076.014.000) 07/20 13:49:15 Image size of job updated: 478684
	117  -  MemoryUsage of job (MB)
	119388  -  ResidentSetSize of job (KB)
...
005 (22276076.014.000) 07/20 13:49:15 Job terminated.
	(1) Normal termination (return value 0)
		Usr 0 00:08:18, Sys 0 00:01:43  -  Run Remote Usage
		Usr 0 00:00:00, Sys 0 00:00:00  -  Run Local Usage
		Usr 0 00:08:18, Sys 0 00:01:43  -  Total Remote Usage
		Usr 0 00:00:00, Sys 0 00:00:00  -  Total Local Usage
	0  -  Run Bytes Sent By Job
	16826  -  Run Bytes Received By Job
	0  -  Total Bytes Sent By Job
	16826  -  Total Bytes Received By Job
	Partitionable Resources :    Usage  Request Allocated 
	   Cpus                 :     0.87        1         1 
	   Disk (KB)            :   137          17     68694 
	   Memory (MB)          :   117           1       128 
...
000 (22292754.014.000) 07/20 20:17:34 Job submitted from host: <10.2.11.2:9618?addrs=10.2.11.2-9618&noUDP&sock=1517334_7efc_29>
...
001 (22292754.014.000) 07/20 20:17:48 Job executing on host: <10.2.3.56:9618?addrs=10.2.3.56-9618&noUDP&sock=23097_3308_3>
...
006 (22292754.014.000) 07/20 20:17:56 Image size of job updated: 198748
	20  -  MemoryUsage of job (MB)
	19944  -  ResidentSetSize of job (KB)
...
006 (22292754.014.000) 07/20 20:22:56 Image size of job updated: 479560
	112  -  MemoryUsage of job (MB)
	114572  -  ResidentSetSize of job (KB)
...
005 (22292754.014.000) 07/20 20:24:24 Job terminated.
	(1) Normal termination (return value 0)
		Usr 0 00:04:51, Sys 0 00:01:01  -  Run Remote Usage
		Usr 0 00:00:00, Sys 0 00:00:00  -  Run Local Usage
		Usr 0 00:04:51, Sys 0 00:01:01  -  Total Remote Usage
		Usr 0 00:00:00, Sys 0 00:00:00  -  Total Local Usage
	0  -  Run Bytes Sent By Job
	16826  -  Run Bytes Received By Job
	0  -  Total Bytes Sent By Job
	16826  -  Total Bytes Received By Job
	Partitionable Resources :    Usage  Request Allocated 
	   Cpus                 :     0.88        1         1 
	   Disk (KB)            :   152          17     67808 
	   Memory (MB)          :   112           1       128 
...
000 (22295772.014.000) 07/20 21:31:48 Job submitted from host: <10.2.11.2:9618?addrs=10.2.11.2-9618&noUDP&sock=1517334_7efc_29>
...
001 (22295772.014.000) 07/20 21:31:54 Job executing on host: <10.2.1.79:9618?addrs=10.2.1.79-9618&noUDP&sock=2089_756e_3>
...
006 (22295772.014.000) 07/20 21:32:02 Image size of job updated: 193356
	26  -  MemoryUsage of job (MB)
	26096  -  ResidentSetSize of job (KB)
...
006 (22295772.014.000) 07/20 21:37:02 Image size of job updated: 506584
	113  -  MemoryUsage of job (MB)
	114880  -  ResidentSetSize of job (KB)
...
005 (22295772.014.000) 07/20 21:38:23 Job terminated.
	(1) Normal termination (return value 0)
		Usr 0 00:05:06, Sys 0 00:01:05  -  Run Remote Usage
		Usr 0 00:00:00, Sys 0 00:00:00  -  Run Local Usage
		Usr 0 00:05:06, Sys 0 00:01:05  -  Total Remote Usage
		Usr 0 00:00:00, Sys 0 00:00:00  -  Total Local Usage
	0  -  Run Bytes Sent By Job
	16831  -  Run Bytes Received By Job
	0  -  Total Bytes Sent By Job
	16831  -  Total Bytes Received By Job
	Partitionable Resources :    Usage  Request Allocated 
	   Cpus                 :     0.87        1         1 
	   Disk (KB)            :   153          17      3948 
	   Memory (MB)          :   113           1       128 
...
000 (23036704.014.000) 08/08 19:49:28 Job submitted from host: <10.2.11.2:9618?addrs=10.2.11.2-9618&noUDP&sock=1517334_7efc_29>
...
001 (23036704.014.000) 08/08 19:49:30 Job executing on host: <10.2.1.26:9618?addrs=10.2.1.26-9618&noUDP&sock=1990_8d8e_3>
...
006 (23036704.014.000) 08/08 19:49:39 Image size of job updated: 21264
	16  -  MemoryUsage of job (MB)
	15424  -  ResidentSetSize of job (KB)
...
006 (23036704.014.000) 08/08 19:54:40 Image size of job updated: 499296
	106  -  MemoryUsage of job (MB)
	107816  -  ResidentSetSize of job (KB)
...
006 (23036704.014.000) 08/08 19:59:40 Image size of job updated: 506144
	112  -  MemoryUsage of job (MB)
	114668  -  ResidentSetSize of job (KB)
...
006 (23036704.014.000) 08/08 20:01:40 Image size of job updated: 507732
	112  -  MemoryUsage of job (MB)
	114688  -  ResidentSetSize of job (KB)
...
005 (23036704.014.000) 08/08 20:01:40 Job terminated.
	(1) Normal termination (return value 0)
		Usr 0 00:09:47, Sys 0 00:01:25  -  Run Remote Usage
		Usr 0 00:00:00, Sys 0 00:00:00  -  Run Local Usage
		Usr 0 00:09:47, Sys 0 00:01:25  -  Total Remote Usage
		Usr 0 00:00:00, Sys 0 00:00:00  -  Total Local Usage
	0  -  Run Bytes Sent By Job
	16845  -  Run Bytes Received By Job
	0  -  Total Bytes Sent By Job
	16845  -  Total Bytes Received By Job
	Partitionable Resources :    Usage  Request Allocated 
	   Cpus                 :     0.90        1         1 
	   Disk (KB)            :   154          17     15065 
	   Memory (MB)          :   112           1       128 
...
000 (23039408.014.000) 08/11 01:22:15 Job submitted from host: <10.2.11.2:9618?addrs=10.2.11.2-9618&noUDP&sock=3676338_a96b_3>
...
001 (23039408.014.000) 08/11 01:27:32 Job executing on host: <10.2.2.10:9618?addrs=10.2.2.10-9618&noUDP&sock=1846_c7eb_3>
...
006 (23039408.014.000) 08/11 01:27:41 Image size of job updated: 127136
	12  -  MemoryUsage of job (MB)
	12184  -  ResidentSetSize of job (KB)
...
006 (23039408.014.000) 08/11 01:32:42 Image size of job updated: 466624
	105  -  MemoryUsage of job (MB)
	107184  -  ResidentSetSize of job (KB)
...
006 (23039408.014.000) 08/11 01:37:42 Image size of job updated: 472564
	111  -  MemoryUsage of job (MB)
	113416  -  ResidentSetSize of job (KB)
...
005 (23039408.014.000) 08/11 01:38:03 Job terminated.
	(1) Normal termination (return value 0)
		Usr 0 00:05:42, Sys 0 00:00:44  -  Run Remote Usage
		Usr 0 00:00:00, Sys 0 00:00:00  -  Run Local Usage
		Usr 0 00:05:42, Sys 0 00:00:44  -  Total Remote Usage
		Usr 0 00:00:00, Sys 0 00:00:00  -  Total Local Usage
	0  -  Run Bytes Sent By Job
	16846  -  Run Bytes Received By Job
	0  -  Total Bytes Sent By Job
	16846  -  Total Bytes Received By Job
	Partitionable Resources :    Usage  Request Allocated 
	   Cpus                 :     0.65        1         1 
	   Disk (KB)            :   154          17     39529 
	   Memory (MB)          :   111           1       128 
...
