000 (22253675.015.000) 07/19 23:11:01 Job submitted from host: <10.2.11.2:9618?addrs=10.2.11.2-9618&noUDP&sock=1517334_7efc_29>
...
001 (22253675.015.000) 07/19 23:15:29 Job executing on host: <10.2.2.34:9618?addrs=10.2.2.34-9618&noUDP&sock=1811_c61a_3>
...
006 (22253675.015.000) 07/19 23:15:39 Image size of job updated: 466384
	104  -  MemoryUsage of job (MB)
	106360  -  ResidentSetSize of job (KB)
...
006 (22253675.015.000) 07/19 23:19:10 Image size of job updated: 466660
	104  -  MemoryUsage of job (MB)
	106360  -  ResidentSetSize of job (KB)
...
005 (22253675.015.000) 07/19 23:19:10 Job terminated.
	(1) Normal termination (return value 0)
		Usr 0 00:03:06, Sys 0 00:00:28  -  Run Remote Usage
		Usr 0 00:00:00, Sys 0 00:00:00  -  Run Local Usage
		Usr 0 00:03:06, Sys 0 00:00:28  -  Total Remote Usage
		Usr 0 00:00:00, Sys 0 00:00:00  -  Total Local Usage
	0  -  Run Bytes Sent By Job
	16819  -  Run Bytes Received By Job
	0  -  Total Bytes Sent By Job
	16819  -  Total Bytes Received By Job
	Partitionable Resources :    Usage  Request Allocated 
	   Cpus                 :     0.90        1         1 
	   Disk (KB)            :   176          17     50673 
	   Memory (MB)          :   104           1       128 
...
000 (22273709.015.000) 07/20 12:46:10 Job submitted from host: <10.2.11.2:9618?addrs=10.2.11.2-9618&noUDP&sock=1517334_7efc_29>
...
001 (22273709.015.000) 07/20 12:47:37 Job executing on host: <10.2.3.70:9618?addrs=10.2.3.70-9618&noUDP&sock=23068_4ec9_3>
...
006 (22273709.015.000) 07/20 12:47:45 Image size of job updated: 109936
	85  -  MemoryUsage of job (MB)
	86912  -  ResidentSetSize of job (KB)
...
006 (22273709.015.000) 07/20 12:52:45 Image size of job updated: 467480
	107  -  MemoryUsage of job (MB)
	108740  -  ResidentSetSize of job (KB)
...
006 (22273709.015.000) 07/20 12:57:46 Image size of job updated: 474868
	114  -  MemoryUsage of job (MB)
	116072  -  ResidentSetSize of job (KB)
...
006 (22273709.015.000) 07/20 13:00:17 Image size of job updated: 488580
	114  -  MemoryUsage of job (MB)
	116072  -  ResidentSetSize of job (KB)
...
005 (22273709.015.000) 07/20 13:00:17 Job terminated.
	(1) Normal termination (return value 0)
		Usr 0 00:11:03, Sys 0 00:01:27  -  Run Remote Usage
		Usr 0 00:00:00, Sys 0 00:00:00  -  Run Local Usage
		Usr 0 00:11:03, Sys 0 00:01:27  -  Total Remote Usage
		Usr 0 00:00:00, Sys 0 00:00:00  -  Total Local Usage
	0  -  Run Bytes Sent By Job
	16820  -  Run Bytes Received By Job
	0  -  Total Bytes Sent By Job
	16820  -  Total Bytes Received By Job
	Partitionable Resources :    Usage  Request Allocated 
	   Cpus                 :     0.91        1         1 
	   Disk (KB)            :   176          17     57206 
	   Memory (MB)          :   114           1       128 
...
000 (22276076.015.000) 07/20 13:38:29 Job submitted from host: <10.2.11.2:9618?addrs=10.2.11.2-9618&noUDP&sock=1517334_7efc_29>
...
001 (22276076.015.000) 07/20 13:38:34 Job executing on host: <10.2.3.70:9618?addrs=10.2.3.70-9618&noUDP&sock=23068_4ec9_3>
...
006 (22276076.015.000) 07/20 13:38:43 Image size of job updated: 345796
	104  -  MemoryUsage of job (MB)
	106364  -  ResidentSetSize of job (KB)
...
006 (22276076.015.000) 07/20 13:43:44 Image size of job updated: 467752
	107  -  MemoryUsage of job (MB)
	108912  -  ResidentSetSize of job (KB)
...
006 (22276076.015.000) 07/20 13:45:24 Image size of job updated: 473280
	107  -  MemoryUsage of job (MB)
	108912  -  ResidentSetSize of job (KB)
...
005 (22276076.015.000) 07/20 13:45:24 Job terminated.
	(1) Normal termination (return value 0)
		Usr 0 00:05:52, Sys 0 00:00:55  -  Run Remote Usage
		Usr 0 00:00:00, Sys 0 00:00:00  -  Run Local Usage
		Usr 0 00:05:52, Sys 0 00:00:55  -  Total Remote Usage
		Usr 0 00:00:00, Sys 0 00:00:00  -  Total Local Usage
	0  -  Run Bytes Sent By Job
	16826  -  Run Bytes Received By Job
	0  -  Total Bytes Sent By Job
	16826  -  Total Bytes Received By Job
	Partitionable Resources :    Usage  Request Allocated 
	   Cpus                 :     0.91        1         1 
	   Disk (KB)            :   176          17     57206 
	   Memory (MB)          :   107           1       128 
...
000 (22292754.015.000) 07/20 20:17:34 Job submitted from host: <10.2.11.2:9618?addrs=10.2.11.2-9618&noUDP&sock=1517334_7efc_29>
...
001 (22292754.015.000) 07/20 20:17:47 Job executing on host: <10.2.1.99:9618?addrs=10.2.1.99-9618&noUDP&sock=1800_3a8f_3>
...
006 (22292754.015.000) 07/20 20:17:56 Image size of job updated: 188124
	20  -  MemoryUsage of job (MB)
	19808  -  ResidentSetSize of job (KB)
...
006 (22292754.015.000) 07/20 20:22:57 Image size of job updated: 499180
	108  -  MemoryUsage of job (MB)
	109768  -  ResidentSetSize of job (KB)
...
006 (22292754.015.000) 07/20 20:27:57 Image size of job updated: 506324
	114  -  MemoryUsage of job (MB)
	116628  -  ResidentSetSize of job (KB)
...
006 (22292754.015.000) 07/20 20:30:49 Image size of job updated: 507432
	114  -  MemoryUsage of job (MB)
	116628  -  ResidentSetSize of job (KB)
...
005 (22292754.015.000) 07/20 20:30:49 Job terminated.
	(1) Normal termination (return value 0)
		Usr 0 00:10:58, Sys 0 00:01:20  -  Run Remote Usage
		Usr 0 00:00:00, Sys 0 00:00:00  -  Run Local Usage
		Usr 0 00:10:58, Sys 0 00:01:20  -  Total Remote Usage
		Usr 0 00:00:00, Sys 0 00:00:00  -  Total Local Usage
	0  -  Run Bytes Sent By Job
	16826  -  Run Bytes Received By Job
	0  -  Total Bytes Sent By Job
	16826  -  Total Bytes Received By Job
	Partitionable Resources :    Usage  Request Allocated 
	   Cpus                 :     0.92        1         1 
	   Disk (KB)            :   246          17     18628 
	   Memory (MB)          :   114           1       128 
...
000 (22295772.015.000) 07/20 21:31:48 Job submitted from host: <10.2.11.2:9618?addrs=10.2.11.2-9618&noUDP&sock=1517334_7efc_29>
...
001 (22295772.015.000) 07/20 21:31:53 Job executing on host: <10.2.1.49:9618?addrs=10.2.1.49-9618&noUDP&sock=1784_410c_3>
...
006 (22295772.015.000) 07/20 21:32:02 Image size of job updated: 40428
	25  -  MemoryUsage of job (MB)
	25288  -  ResidentSetSize of job (KB)
...
006 (22295772.015.000) 07/20 21:37:02 Image size of job updated: 499444
	106  -  MemoryUsage of job (MB)
	107736  -  ResidentSetSize of job (KB)
...
006 (22295772.015.000) 07/20 21:42:02 Image size of job updated: 506336
	112  -  MemoryUsage of job (MB)
	114636  -  ResidentSetSize of job (KB)
...
005 (22295772.015.000) 07/20 21:43:08 Job terminated.
	(1) Normal termination (return value 0)
		Usr 0 00:09:39, Sys 0 00:01:13  -  Run Remote Usage
		Usr 0 00:00:00, Sys 0 00:00:00  -  Run Local Usage
		Usr 0 00:09:39, Sys 0 00:01:13  -  Total Remote Usage
		Usr 0 00:00:00, Sys 0 00:00:00  -  Total Local Usage
	0  -  Run Bytes Sent By Job
	16831  -  Run Bytes Received By Job
	0  -  Total Bytes Sent By Job
	16831  -  Total Bytes Received By Job
	Partitionable Resources :    Usage  Request Allocated 
	   Cpus                 :     0.93        1         1 
	   Disk (KB)            :   246          17     20050 
	   Memory (MB)          :   112           1       128 
...
000 (23036704.015.000) 08/08 19:49:28 Job submitted from host: <10.2.11.2:9618?addrs=10.2.11.2-9618&noUDP&sock=1517334_7efc_29>
...
001 (23036704.015.000) 08/08 19:49:30 Job executing on host: <10.2.1.34:9618?addrs=10.2.1.34-9618&noUDP&sock=1844_68ba_3>
...
006 (23036704.015.000) 08/08 19:49:39 Image size of job updated: 22524
	17  -  MemoryUsage of job (MB)
	16760  -  ResidentSetSize of job (KB)
...
006 (23036704.015.000) 08/08 19:54:40 Image size of job updated: 499024
	107  -  MemoryUsage of job (MB)
	109216  -  ResidentSetSize of job (KB)
...
006 (23036704.015.000) 08/08 19:59:40 Image size of job updated: 505516
	114  -  MemoryUsage of job (MB)
	115984  -  ResidentSetSize of job (KB)
...
006 (23036704.015.000) 08/08 20:04:40 Image size of job updated: 507040
	115  -  MemoryUsage of job (MB)
	117552  -  ResidentSetSize of job (KB)
...
006 (23036704.015.000) 08/08 20:09:02 Image size of job updated: 508944
	115  -  MemoryUsage of job (MB)
	117552  -  ResidentSetSize of job (KB)
...
005 (23036704.015.000) 08/08 20:09:02 Job terminated.
	(1) Normal termination (return value 0)
		Usr 0 00:15:31, Sys 0 00:01:28  -  Run Remote Usage
		Usr 0 00:00:00, Sys 0 00:00:00  -  Run Local Usage
		Usr 0 00:15:31, Sys 0 00:01:28  -  Total Remote Usage
		Usr 0 00:00:00, Sys 0 00:00:00  -  Total Local Usage
	0  -  Run Bytes Sent By Job
	16845  -  Run Bytes Received By Job
	0  -  Total Bytes Sent By Job
	16845  -  Total Bytes Received By Job
	Partitionable Resources :    Usage  Request Allocated 
	   Cpus                 :     0.91        1         1 
	   Disk (KB)            :   286          17     16636 
	   Memory (MB)          :   115           1       128 
...
000 (23039408.015.000) 08/11 01:22:15 Job submitted from host: <10.2.11.2:9618?addrs=10.2.11.2-9618&noUDP&sock=3676338_a96b_3>
...
001 (23039408.015.000) 08/11 01:27:32 Job executing on host: <10.2.2.33:9618?addrs=10.2.2.33-9618&noUDP&sock=1817_e3ac_3>
...
006 (23039408.015.000) 08/11 01:27:41 Image size of job updated: 12108
	10  -  MemoryUsage of job (MB)
	10220  -  ResidentSetSize of job (KB)
...
006 (23039408.015.000) 08/11 01:32:42 Image size of job updated: 467772
	105  -  MemoryUsage of job (MB)
	107204  -  ResidentSetSize of job (KB)
...
006 (23039408.015.000) 08/11 01:37:42 Image size of job updated: 472580
	111  -  MemoryUsage of job (MB)
	113360  -  ResidentSetSize of job (KB)
...
006 (23039408.015.000) 08/11 01:42:38 Image size of job updated: 586808
	111  -  MemoryUsage of job (MB)
	113360  -  ResidentSetSize of job (KB)
...
005 (23039408.015.000) 08/11 01:42:38 Job terminated.
	(1) Normal termination (return value 0)
		Usr 0 00:09:46, Sys 0 00:00:57  -  Run Remote Usage
		Usr 0 00:00:00, Sys 0 00:00:00  -  Run Local Usage
		Usr 0 00:09:46, Sys 0 00:00:57  -  Total Remote Usage
		Usr 0 00:00:00, Sys 0 00:00:00  -  Total Local Usage
	0  -  Run Bytes Sent By Job
	16846  -  Run Bytes Received By Job
	0  -  Total Bytes Sent By Job
	16846  -  Total Bytes Received By Job
	Partitionable Resources :    Usage  Request Allocated 
	   Cpus                 :     0.74        1         1 
	   Disk (KB)            :   247          17     34705 
	   Memory (MB)          :   111           1       128 
...
