000 (22253675.019.000) 07/19 23:11:01 Job submitted from host: <10.2.11.2:9618?addrs=10.2.11.2-9618&noUDP&sock=1517334_7efc_29>
...
001 (22253675.019.000) 07/19 23:15:54 Job executing on host: <10.2.3.30:9618?addrs=10.2.3.30-9618&noUDP&sock=22637_ad77_3>
...
006 (22253675.019.000) 07/19 23:16:04 Image size of job updated: 106396
	104  -  MemoryUsage of job (MB)
	106376  -  ResidentSetSize of job (KB)
...
006 (22253675.019.000) 07/19 23:18:04 Image size of job updated: 466280
	104  -  MemoryUsage of job (MB)
	106376  -  ResidentSetSize of job (KB)
...
005 (22253675.019.000) 07/19 23:18:04 Job terminated.
	(1) Normal termination (return value 0)
		Usr 0 00:01:41, Sys 0 00:00:21  -  Run Remote Usage
		Usr 0 00:00:00, Sys 0 00:00:00  -  Run Local Usage
		Usr 0 00:01:41, Sys 0 00:00:21  -  Total Remote Usage
		Usr 0 00:00:00, Sys 0 00:00:00  -  Total Local Usage
	0  -  Run Bytes Sent By Job
	16819  -  Run Bytes Received By Job
	0  -  Total Bytes Sent By Job
	16819  -  Total Bytes Received By Job
	Partitionable Resources :    Usage  Request Allocated 
	   Cpus                 :     0.88        1         1 
	   Disk (KB)            :   111          17     68519 
	   Memory (MB)          :   104           1       128 
...
000 (22273709.019.000) 07/20 12:46:10 Job submitted from host: <10.2.11.2:9618?addrs=10.2.11.2-9618&noUDP&sock=1517334_7efc_29>
...
001 (22273709.019.000) 07/20 12:47:38 Job executing on host: <10.2.3.41:9618?addrs=10.2.3.41-9618&noUDP&sock=24910_c43c_3>
...
006 (22273709.019.000) 07/20 12:47:47 Image size of job updated: 105268
	97  -  MemoryUsage of job (MB)
	98352  -  ResidentSetSize of job (KB)
...
006 (22273709.019.000) 07/20 12:52:47 Image size of job updated: 467732
	107  -  MemoryUsage of job (MB)
	108904  -  ResidentSetSize of job (KB)
...
006 (22273709.019.000) 07/20 12:55:23 Image size of job updated: 473784
	107  -  MemoryUsage of job (MB)
	108904  -  ResidentSetSize of job (KB)
...
005 (22273709.019.000) 07/20 12:55:23 Job terminated.
	(1) Normal termination (return value 0)
		Usr 0 00:05:47, Sys 0 00:01:40  -  Run Remote Usage
		Usr 0 00:00:00, Sys 0 00:00:00  -  Run Local Usage
		Usr 0 00:05:47, Sys 0 00:01:40  -  Total Remote Usage
		Usr 0 00:00:00, Sys 0 00:00:00  -  Total Local Usage
	0  -  Run Bytes Sent By Job
	16820  -  Run Bytes Received By Job
	0  -  Total Bytes Sent By Job
	16820  -  Total Bytes Received By Job
	Partitionable Resources :    Usage  Request Allocated 
	   Cpus                 :     0.85        1         1 
	   Disk (KB)            :   111          17     69378 
	   Memory (MB)          :   107           1       128 
...
000 (22276076.019.000) 07/20 13:38:29 Job submitted from host: <10.2.11.2:9618?addrs=10.2.11.2-9618&noUDP&sock=1517334_7efc_29>
...
001 (22276076.019.000) 07/20 13:38:58 Job executing on host: <10.2.3.41:9618?addrs=10.2.3.41-9618&noUDP&sock=24910_c43c_3>
...
006 (22276076.019.000) 07/20 13:39:07 Image size of job updated: 75772
	74  -  MemoryUsage of job (MB)
	75772  -  ResidentSetSize of job (KB)
...
006 (22276076.019.000) 07/20 13:44:07 Image size of job updated: 467992
	107  -  MemoryUsage of job (MB)
	109248  -  ResidentSetSize of job (KB)
...
006 (22276076.019.000) 07/20 13:48:09 Image size of job updated: 474832
	107  -  MemoryUsage of job (MB)
	109248  -  ResidentSetSize of job (KB)
...
005 (22276076.019.000) 07/20 13:48:09 Job terminated.
	(1) Normal termination (return value 0)
		Usr 0 00:06:58, Sys 0 00:01:55  -  Run Remote Usage
		Usr 0 00:00:00, Sys 0 00:00:00  -  Run Local Usage
		Usr 0 00:06:58, Sys 0 00:01:55  -  Total Remote Usage
		Usr 0 00:00:00, Sys 0 00:00:00  -  Total Local Usage
	0  -  Run Bytes Sent By Job
	16826  -  Run Bytes Received By Job
	0  -  Total Bytes Sent By Job
	16826  -  Total Bytes Received By Job
	Partitionable Resources :    Usage  Request Allocated 
	   Cpus                 :     0.83        1         1 
	   Disk (KB)            :   111          17     69378 
	   Memory (MB)          :   107           1       128 
...
000 (22292754.019.000) 07/20 20:17:34 Job submitted from host: <10.2.11.2:9618?addrs=10.2.11.2-9618&noUDP&sock=1517334_7efc_29>
...
001 (22292754.019.000) 07/20 20:17:47 Job executing on host: <10.2.3.7:9618?addrs=10.2.3.7-9618&noUDP&sock=22990_ce66_3>
...
006 (22292754.019.000) 07/20 20:17:56 Image size of job updated: 198744
	21  -  MemoryUsage of job (MB)
	20740  -  ResidentSetSize of job (KB)
...
006 (22292754.019.000) 07/20 20:22:57 Image size of job updated: 473916
	113  -  MemoryUsage of job (MB)
	114900  -  ResidentSetSize of job (KB)
...
005 (22292754.019.000) 07/20 20:23:14 Job terminated.
	(1) Normal termination (return value 0)
		Usr 0 00:03:52, Sys 0 00:00:49  -  Run Remote Usage
		Usr 0 00:00:00, Sys 0 00:00:00  -  Run Local Usage
		Usr 0 00:03:52, Sys 0 00:00:49  -  Total Remote Usage
		Usr 0 00:00:00, Sys 0 00:00:00  -  Total Local Usage
	0  -  Run Bytes Sent By Job
	16826  -  Run Bytes Received By Job
	0  -  Total Bytes Sent By Job
	16826  -  Total Bytes Received By Job
	Partitionable Resources :    Usage  Request Allocated 
	   Cpus                 :     0.87        1         1 
	   Disk (KB)            :   114          17     70307 
	   Memory (MB)          :   113           1       128 
...
000 (22295772.019.000) 07/20 21:31:48 Job submitted from host: <10.2.11.2:9618?addrs=10.2.11.2-9618&noUDP&sock=1517334_7efc_29>
...
001 (22295772.019.000) 07/20 21:31:54 Job executing on host: <10.2.3.68:9618?addrs=10.2.3.68-9618&noUDP&sock=23080_89ec_3>
...
006 (22295772.019.000) 07/20 21:32:03 Image size of job updated: 140900
	28  -  MemoryUsage of job (MB)
	28580  -  ResidentSetSize of job (KB)
...
006 (22295772.019.000) 07/20 21:37:04 Image size of job updated: 583152
	113  -  MemoryUsage of job (MB)
	114908  -  ResidentSetSize of job (KB)
...
006 (22295772.019.000) 07/20 21:37:39 Image size of job updated: 587076
	113  -  MemoryUsage of job (MB)
	114908  -  ResidentSetSize of job (KB)
...
005 (22295772.019.000) 07/20 21:37:39 Job terminated.
	(1) Normal termination (return value 0)
		Usr 0 00:04:16, Sys 0 00:01:09  -  Run Remote Usage
		Usr 0 00:00:00, Sys 0 00:00:00  -  Run Local Usage
		Usr 0 00:04:16, Sys 0 00:01:09  -  Total Remote Usage
		Usr 0 00:00:00, Sys 0 00:00:00  -  Total Local Usage
	0  -  Run Bytes Sent By Job
	16831  -  Run Bytes Received By Job
	0  -  Total Bytes Sent By Job
	16831  -  Total Bytes Received By Job
	Partitionable Resources :    Usage  Request Allocated 
	   Cpus                 :     0.84        1         1 
	   Disk (KB)            :   114          17     69411 
	   Memory (MB)          :   113           1       128 
...
000 (23036704.019.000) 08/08 19:49:28 Job submitted from host: <10.2.11.2:9618?addrs=10.2.11.2-9618&noUDP&sock=1517334_7efc_29>
...
001 (23036704.019.000) 08/08 19:49:30 Job executing on host: <10.2.1.69:9618?addrs=10.2.1.69-9618&noUDP&sock=1829_1ecf_3>
...
006 (23036704.019.000) 08/08 19:49:39 Image size of job updated: 21144
	15  -  MemoryUsage of job (MB)
	15308  -  ResidentSetSize of job (KB)
...
006 (23036704.019.000) 08/08 19:54:40 Image size of job updated: 504812
	111  -  MemoryUsage of job (MB)
	113320  -  ResidentSetSize of job (KB)
...
006 (23036704.019.000) 08/08 19:57:32 Image size of job updated: 505872
	111  -  MemoryUsage of job (MB)
	113320  -  ResidentSetSize of job (KB)
...
005 (23036704.019.000) 08/08 19:57:32 Job terminated.
	(1) Normal termination (return value 0)
		Usr 0 00:05:56, Sys 0 00:01:08  -  Run Remote Usage
		Usr 0 00:00:00, Sys 0 00:00:00  -  Run Local Usage
		Usr 0 00:05:56, Sys 0 00:01:08  -  Total Remote Usage
		Usr 0 00:00:00, Sys 0 00:00:00  -  Total Local Usage
	0  -  Run Bytes Sent By Job
	16845  -  Run Bytes Received By Job
	0  -  Total Bytes Sent By Job
	16845  -  Total Bytes Received By Job
	Partitionable Resources :    Usage  Request Allocated 
	   Cpus                 :     0.89        1         1 
	   Disk (KB)            :   116          17     17008 
	   Memory (MB)          :   111           1       128 
...
000 (23039408.019.000) 08/11 01:22:15 Job submitted from host: <10.2.11.2:9618?addrs=10.2.11.2-9618&noUDP&sock=3676338_a96b_3>
...
001 (23039408.019.000) 08/11 01:27:32 Job executing on host: <10.2.3.20:9618?addrs=10.2.3.20-9618&noUDP&sock=22968_b751_3>
...
006 (23039408.019.000) 08/11 01:27:41 Image size of job updated: 134664
	10  -  MemoryUsage of job (MB)
	9764  -  ResidentSetSize of job (KB)
...
006 (23039408.019.000) 08/11 01:32:42 Image size of job updated: 466268
	105  -  MemoryUsage of job (MB)
	107068  -  ResidentSetSize of job (KB)
...
006 (23039408.019.000) 08/11 01:37:43 Image size of job updated: 579984
	111  -  MemoryUsage of job (MB)
	113008  -  ResidentSetSize of job (KB)
...
005 (23039408.019.000) 08/11 01:39:53 Job terminated.
	(1) Normal termination (return value 0)
		Usr 0 00:06:19, Sys 0 00:01:05  -  Run Remote Usage
		Usr 0 00:00:00, Sys 0 00:00:00  -  Run Local Usage
		Usr 0 00:06:19, Sys 0 00:01:05  -  Total Remote Usage
		Usr 0 00:00:00, Sys 0 00:00:00  -  Total Local Usage
	0  -  Run Bytes Sent By Job
	16846  -  Run Bytes Received By Job
	0  -  Total Bytes Sent By Job
	16846  -  Total Bytes Received By Job
	Partitionable Resources :    Usage  Request Allocated 
	   Cpus                 :     0.65        1         1 
	   Disk (KB)            :   116          17     70206 
	   Memory (MB)          :   111           1       128 
...
