000 (22253675.002.000) 07/19 23:11:01 Job submitted from host: <10.2.11.2:9618?addrs=10.2.11.2-9618&noUDP&sock=1517334_7efc_29>
...
001 (22253675.002.000) 07/19 23:11:32 Job executing on host: <10.2.3.47:9618?addrs=10.2.3.47-9618&noUDP&sock=23187_ee8e_3>
...
006 (22253675.002.000) 07/19 23:11:44 Image size of job updated: 188128
	20  -  MemoryUsage of job (MB)
	19656  -  ResidentSetSize of job (KB)
...
006 (22253675.002.000) 07/19 23:16:12 Image size of job updated: 467936
	20  -  MemoryUsage of job (MB)
	19656  -  ResidentSetSize of job (KB)
...
005 (22253675.002.000) 07/19 23:16:12 Job terminated.
	(1) Normal termination (return value 0)
		Usr 0 00:03:36, Sys 0 00:00:20  -  Run Remote Usage
		Usr 0 00:00:00, Sys 0 00:00:00  -  Run Local Usage
		Usr 0 00:03:36, Sys 0 00:00:20  -  Total Remote Usage
		Usr 0 00:00:00, Sys 0 00:00:00  -  Total Local Usage
	0  -  Run Bytes Sent By Job
	16819  -  Run Bytes Received By Job
	0  -  Total Bytes Sent By Job
	16819  -  Total Bytes Received By Job
	Partitionable Resources :    Usage  Request Allocated 
	   Cpus                 :     0.07        1         1 
	   Disk (KB)            :   430          17     66537 
	   Memory (MB)          :    20           1       128 
...
000 (22273709.002.000) 07/20 12:46:10 Job submitted from host: <10.2.11.2:9618?addrs=10.2.11.2-9618&noUDP&sock=1517334_7efc_29>
...
001 (22273709.002.000) 07/20 12:47:37 Job executing on host: <10.2.2.30:9618?addrs=10.2.2.30-9618&noUDP&sock=42091_80e5_3>
...
006 (22273709.002.000) 07/20 12:47:46 Image size of job updated: 336132
	90  -  MemoryUsage of job (MB)
	91324  -  ResidentSetSize of job (KB)
...
006 (22273709.002.000) 07/20 12:52:48 Image size of job updated: 466380
	105  -  MemoryUsage of job (MB)
	107132  -  ResidentSetSize of job (KB)
...
006 (22273709.002.000) 07/20 12:57:48 Image size of job updated: 468492
	107  -  MemoryUsage of job (MB)
	109492  -  ResidentSetSize of job (KB)
...
006 (22273709.002.000) 07/20 13:02:48 Image size of job updated: 474600
	113  -  MemoryUsage of job (MB)
	115252  -  ResidentSetSize of job (KB)
...
006 (22273709.002.000) 07/20 13:07:49 Image size of job updated: 484040
	114  -  MemoryUsage of job (MB)
	116520  -  ResidentSetSize of job (KB)
...
005 (22273709.002.000) 07/20 13:08:38 Job terminated.
	(1) Normal termination (return value 0)
		Usr 0 00:18:43, Sys 0 00:01:56  -  Run Remote Usage
		Usr 0 00:00:00, Sys 0 00:00:00  -  Run Local Usage
		Usr 0 00:18:43, Sys 0 00:01:56  -  Total Remote Usage
		Usr 0 00:00:00, Sys 0 00:00:00  -  Total Local Usage
	0  -  Run Bytes Sent By Job
	16820  -  Run Bytes Received By Job
	0  -  Total Bytes Sent By Job
	16820  -  Total Bytes Received By Job
	Partitionable Resources :    Usage  Request Allocated 
	   Cpus                 :     0.94        1         1 
	   Disk (KB)            :   358          17     42808 
	   Memory (MB)          :   114           1       128 
...
000 (22276076.002.000) 07/20 13:38:29 Job submitted from host: <10.2.11.2:9618?addrs=10.2.11.2-9618&noUDP&sock=1517334_7efc_29>
...
001 (22276076.002.000) 07/20 13:38:34 Job executing on host: <10.2.2.3:9618?addrs=10.2.2.3-9618&noUDP&sock=1837_9b90_3>
...
006 (22276076.002.000) 07/20 13:38:43 Image size of job updated: 141004
	21  -  MemoryUsage of job (MB)
	21184  -  ResidentSetSize of job (KB)
...
006 (22276076.002.000) 07/20 13:43:44 Image size of job updated: 579936
	106  -  MemoryUsage of job (MB)
	108284  -  ResidentSetSize of job (KB)
...
006 (22276076.002.000) 07/20 13:48:44 Image size of job updated: 579936
	114  -  MemoryUsage of job (MB)
	115860  -  ResidentSetSize of job (KB)
...
005 (22276076.002.000) 07/20 13:51:34 Job terminated.
	(1) Normal termination (return value 0)
		Usr 0 00:11:06, Sys 0 00:01:10  -  Run Remote Usage
		Usr 0 00:00:00, Sys 0 00:00:00  -  Run Local Usage
		Usr 0 00:11:06, Sys 0 00:01:10  -  Total Remote Usage
		Usr 0 00:00:00, Sys 0 00:00:00  -  Total Local Usage
	0  -  Run Bytes Sent By Job
	16826  -  Run Bytes Received By Job
	0  -  Total Bytes Sent By Job
	16826  -  Total Bytes Received By Job
	Partitionable Resources :    Usage  Request Allocated 
	   Cpus                 :     0.90        1         1 
	   Disk (KB)            :   358          17     47426 
	   Memory (MB)          :   114           1       128 
...
000 (22292754.002.000) 07/20 20:17:33 Job submitted from host: <10.2.11.2:9618?addrs=10.2.11.2-9618&noUDP&sock=1517334_7efc_29>
...
001 (22292754.002.000) 07/20 20:17:48 Job executing on host: <10.2.2.43:9618?addrs=10.2.2.43-9618&noUDP&sock=1812_75b2_3>
...
006 (22292754.002.000) 07/20 20:17:56 Image size of job updated: 24324
	17  -  MemoryUsage of job (MB)
	16664  -  ResidentSetSize of job (KB)
...
006 (22292754.002.000) 07/20 20:22:56 Image size of job updated: 468000
	107  -  MemoryUsage of job (MB)
	108876  -  ResidentSetSize of job (KB)
...
006 (22292754.002.000) 07/20 20:27:57 Image size of job updated: 475256
	114  -  MemoryUsage of job (MB)
	116044  -  ResidentSetSize of job (KB)
...
006 (22292754.002.000) 07/20 20:32:25 Image size of job updated: 477284
	114  -  MemoryUsage of job (MB)
	116044  -  ResidentSetSize of job (KB)
...
005 (22292754.002.000) 07/20 20:32:25 Job terminated.
	(1) Normal termination (return value 0)
		Usr 0 00:12:29, Sys 0 00:01:20  -  Run Remote Usage
		Usr 0 00:00:00, Sys 0 00:00:00  -  Run Local Usage
		Usr 0 00:12:29, Sys 0 00:01:20  -  Total Remote Usage
		Usr 0 00:00:00, Sys 0 00:00:00  -  Total Local Usage
	0  -  Run Bytes Sent By Job
	16826  -  Run Bytes Received By Job
	0  -  Total Bytes Sent By Job
	16826  -  Total Bytes Received By Job
	Partitionable Resources :    Usage  Request Allocated 
	   Cpus                 :     0.93        1         1 
	   Disk (KB)            :   559          17     43211 
	   Memory (MB)          :   114           1       128 
...
000 (22295772.002.000) 07/20 21:31:48 Job submitted from host: <10.2.11.2:9618?addrs=10.2.11.2-9618&noUDP&sock=1517334_7efc_29>
...
001 (22295772.002.000) 07/20 21:31:54 Job executing on host: <10.2.2.43:9618?addrs=10.2.2.43-9618&noUDP&sock=1812_75b2_3>
...
006 (22295772.002.000) 07/20 21:32:03 Image size of job updated: 209468
	38  -  MemoryUsage of job (MB)
	38036  -  ResidentSetSize of job (KB)
...
006 (22295772.002.000) 07/20 21:37:03 Image size of job updated: 468092
	107  -  MemoryUsage of job (MB)
	108916  -  ResidentSetSize of job (KB)
...
006 (22295772.002.000) 07/20 21:42:03 Image size of job updated: 474364
	113  -  MemoryUsage of job (MB)
	115076  -  ResidentSetSize of job (KB)
...
006 (22295772.002.000) 07/20 21:42:54 Image size of job updated: 475256
	113  -  MemoryUsage of job (MB)
	115076  -  ResidentSetSize of job (KB)
...
005 (22295772.002.000) 07/20 21:42:54 Job terminated.
	(1) Normal termination (return value 0)
		Usr 0 00:09:23, Sys 0 00:01:17  -  Run Remote Usage
		Usr 0 00:00:00, Sys 0 00:00:00  -  Run Local Usage
		Usr 0 00:09:23, Sys 0 00:01:17  -  Total Remote Usage
		Usr 0 00:00:00, Sys 0 00:00:00  -  Total Local Usage
	0  -  Run Bytes Sent By Job
	16831  -  Run Bytes Received By Job
	0  -  Total Bytes Sent By Job
	16831  -  Total Bytes Received By Job
	Partitionable Resources :    Usage  Request Allocated 
	   Cpus                 :     0.93        1         1 
	   Disk (KB)            :   548          17     43211 
	   Memory (MB)          :   113           1       128 
...
000 (23036704.002.000) 08/08 19:49:27 Job submitted from host: <10.2.11.2:9618?addrs=10.2.11.2-9618&noUDP&sock=1517334_7efc_29>
...
001 (23036704.002.000) 08/08 19:49:30 Job executing on host: <10.2.1.30:9618?addrs=10.2.1.30-9618&noUDP&sock=1864_209f_3>
...
006 (23036704.002.000) 08/08 19:49:39 Image size of job updated: 134788
	17  -  MemoryUsage of job (MB)
	16852  -  ResidentSetSize of job (KB)
...
006 (23036704.002.000) 08/08 19:54:40 Image size of job updated: 499284
	105  -  MemoryUsage of job (MB)
	107388  -  ResidentSetSize of job (KB)
...
006 (23036704.002.000) 08/08 19:59:41 Image size of job updated: 501336
	113  -  MemoryUsage of job (MB)
	114708  -  ResidentSetSize of job (KB)
...
006 (23036704.002.000) 08/08 20:04:41 Image size of job updated: 506464
	113  -  MemoryUsage of job (MB)
	114752  -  ResidentSetSize of job (KB)
...
006 (23036704.002.000) 08/08 20:08:02 Image size of job updated: 507052
	113  -  MemoryUsage of job (MB)
	114752  -  ResidentSetSize of job (KB)
...
005 (23036704.002.000) 08/08 20:08:02 Job terminated.
	(1) Normal termination (return value 0)
		Usr 0 00:16:34, Sys 0 00:00:59  -  Run Remote Usage
		Usr 0 00:00:00, Sys 0 00:00:00  -  Run Local Usage
		Usr 0 00:16:34, Sys 0 00:00:59  -  Total Remote Usage
		Usr 0 00:00:00, Sys 0 00:00:00  -  Total Local Usage
	0  -  Run Bytes Sent By Job
	16845  -  Run Bytes Received By Job
	0  -  Total Bytes Sent By Job
	16845  -  Total Bytes Received By Job
	Partitionable Resources :    Usage  Request Allocated 
	   Cpus                 :     0.96        1         1 
	   Disk (KB)            :   549          17     12136 
	   Memory (MB)          :   113           1       128 
...
000 (23039408.002.000) 08/11 01:22:15 Job submitted from host: <10.2.11.2:9618?addrs=10.2.11.2-9618&noUDP&sock=3676338_a96b_3>
...
001 (23039408.002.000) 08/11 01:27:30 Job executing on host: <10.2.1.77:9618?addrs=10.2.1.77-9618&noUDP&sock=1808_b751_3>
...
006 (23039408.002.000) 08/11 01:27:39 Image size of job updated: 132712
	10  -  MemoryUsage of job (MB)
	9768  -  ResidentSetSize of job (KB)
...
006 (23039408.002.000) 08/11 01:32:40 Image size of job updated: 499288
	105  -  MemoryUsage of job (MB)
	107236  -  ResidentSetSize of job (KB)
...
006 (23039408.002.000) 08/11 01:37:41 Image size of job updated: 499712
	106  -  MemoryUsage of job (MB)
	107900  -  ResidentSetSize of job (KB)
...
006 (23039408.002.000) 08/11 01:42:41 Image size of job updated: 501472
	108  -  MemoryUsage of job (MB)
	109692  -  ResidentSetSize of job (KB)
...
006 (23039408.002.000) 08/11 01:47:42 Image size of job updated: 507328
	113  -  MemoryUsage of job (MB)
	115492  -  ResidentSetSize of job (KB)
...
006 (23039408.002.000) 08/11 01:52:31 Image size of job updated: 507332
	113  -  MemoryUsage of job (MB)
	115492  -  ResidentSetSize of job (KB)
...
005 (23039408.002.000) 08/11 01:52:31 Job terminated.
	(1) Normal termination (return value 0)
		Usr 0 00:16:47, Sys 0 00:00:49  -  Run Remote Usage
		Usr 0 00:00:00, Sys 0 00:00:00  -  Run Local Usage
		Usr 0 00:16:47, Sys 0 00:00:49  -  Total Remote Usage
		Usr 0 00:00:00, Sys 0 00:00:00  -  Total Local Usage
	0  -  Run Bytes Sent By Job
	16846  -  Run Bytes Received By Job
	0  -  Total Bytes Sent By Job
	16846  -  Total Bytes Received By Job
	Partitionable Resources :    Usage  Request Allocated 
	   Cpus                 :     0.74        1         1 
	   Disk (KB)            :   602          17     11659 
	   Memory (MB)          :   113           1       128 
...
