000 (22253675.021.000) 07/19 23:11:01 Job submitted from host: <10.2.11.2:9618?addrs=10.2.11.2-9618&noUDP&sock=1517334_7efc_29>
...
001 (22253675.021.000) 07/19 23:16:29 Job executing on host: <10.2.3.9:9618?addrs=10.2.3.9-9618&noUDP&sock=22626_21ed_3>
...
006 (22253675.021.000) 07/19 23:16:41 Image size of job updated: 106356
	104  -  MemoryUsage of job (MB)
	106356  -  ResidentSetSize of job (KB)
...
006 (22253675.021.000) 07/19 23:18:16 Image size of job updated: 466276
	104  -  MemoryUsage of job (MB)
	106360  -  ResidentSetSize of job (KB)
...
005 (22253675.021.000) 07/19 23:18:16 Job terminated.
	(1) Normal termination (return value 0)
		Usr 0 00:01:20, Sys 0 00:00:19  -  Run Remote Usage
		Usr 0 00:00:00, Sys 0 00:00:00  -  Run Local Usage
		Usr 0 00:01:20, Sys 0 00:00:19  -  Total Remote Usage
		Usr 0 00:00:00, Sys 0 00:00:00  -  Total Local Usage
	0  -  Run Bytes Sent By Job
	16819  -  Run Bytes Received By Job
	0  -  Total Bytes Sent By Job
	16819  -  Total Bytes Received By Job
	Partitionable Resources :    Usage  Request Allocated 
	   Cpus                 :     0.01        1         1 
	   Disk (KB)            :   102          17     70287 
	   Memory (MB)          :   104           1       128 
...
000 (22273709.021.000) 07/20 12:46:10 Job submitted from host: <10.2.11.2:9618?addrs=10.2.11.2-9618&noUDP&sock=1517334_7efc_29>
...
001 (22273709.021.000) 07/20 12:48:38 Job executing on host: <10.2.3.48:9618?addrs=10.2.3.48-9618&noUDP&sock=25938_e398_3>
...
006 (22273709.021.000) 07/20 12:48:47 Image size of job updated: 466272
	104  -  MemoryUsage of job (MB)
	106280  -  ResidentSetSize of job (KB)
...
006 (22273709.021.000) 07/20 12:53:48 Image size of job updated: 468120
	107  -  MemoryUsage of job (MB)
	109288  -  ResidentSetSize of job (KB)
...
006 (22273709.021.000) 07/20 12:58:44 Image size of job updated: 475096
	107  -  MemoryUsage of job (MB)
	109288  -  ResidentSetSize of job (KB)
...
005 (22273709.021.000) 07/20 12:58:44 Job terminated.
	(1) Normal termination (return value 0)
		Usr 0 00:07:39, Sys 0 00:02:18  -  Run Remote Usage
		Usr 0 00:00:00, Sys 0 00:00:00  -  Run Local Usage
		Usr 0 00:07:39, Sys 0 00:02:18  -  Total Remote Usage
		Usr 0 00:00:00, Sys 0 00:00:00  -  Total Local Usage
	0  -  Run Bytes Sent By Job
	16820  -  Run Bytes Received By Job
	0  -  Total Bytes Sent By Job
	16820  -  Total Bytes Received By Job
	Partitionable Resources :    Usage  Request Allocated 
	   Cpus                 :     0.85        1         1 
	   Disk (KB)            :   103          17     59063 
	   Memory (MB)          :   107           1       128 
...
000 (22276076.021.000) 07/20 13:38:29 Job submitted from host: <10.2.11.2:9618?addrs=10.2.11.2-9618&noUDP&sock=1517334_7efc_29>
...
001 (22276076.021.000) 07/20 13:38:58 Job executing on host: <10.2.2.37:9618?addrs=10.2.2.37-9618&noUDP&sock=26334_8319_3>
...
006 (22276076.021.000) 07/20 13:39:07 Image size of job updated: 191824
	104  -  MemoryUsage of job (MB)
	106404  -  ResidentSetSize of job (KB)
...
006 (22276076.021.000) 07/20 13:44:08 Image size of job updated: 473348
	112  -  MemoryUsage of job (MB)
	114208  -  ResidentSetSize of job (KB)
...
006 (22276076.021.000) 07/20 13:45:51 Image size of job updated: 475604
	112  -  MemoryUsage of job (MB)
	114208  -  ResidentSetSize of job (KB)
...
005 (22276076.021.000) 07/20 13:45:51 Job terminated.
	(1) Normal termination (return value 0)
		Usr 0 00:05:00, Sys 0 00:01:24  -  Run Remote Usage
		Usr 0 00:00:00, Sys 0 00:00:00  -  Run Local Usage
		Usr 0 00:05:00, Sys 0 00:01:24  -  Total Remote Usage
		Usr 0 00:00:00, Sys 0 00:00:00  -  Total Local Usage
	0  -  Run Bytes Sent By Job
	16826  -  Run Bytes Received By Job
	0  -  Total Bytes Sent By Job
	16826  -  Total Bytes Received By Job
	Partitionable Resources :    Usage  Request Allocated 
	   Cpus                 :     0.77        1         1 
	   Disk (KB)            :   103          17     40985 
	   Memory (MB)          :   112           1       128 
...
000 (22292754.021.000) 07/20 20:17:34 Job submitted from host: <10.2.11.2:9618?addrs=10.2.11.2-9618&noUDP&sock=1517334_7efc_29>
...
001 (22292754.021.000) 07/20 20:17:47 Job executing on host: <10.2.2.35:9618?addrs=10.2.2.35-9618&noUDP&sock=1845_1852_3>
...
006 (22292754.021.000) 07/20 20:17:56 Image size of job updated: 27464
	20  -  MemoryUsage of job (MB)
	19900  -  ResidentSetSize of job (KB)
...
006 (22292754.021.000) 07/20 20:22:56 Image size of job updated: 587008
	112  -  MemoryUsage of job (MB)
	114504  -  ResidentSetSize of job (KB)
...
005 (22292754.021.000) 07/20 20:24:30 Job terminated.
	(1) Normal termination (return value 0)
		Usr 0 00:05:00, Sys 0 00:00:58  -  Run Remote Usage
		Usr 0 00:00:00, Sys 0 00:00:00  -  Run Local Usage
		Usr 0 00:05:00, Sys 0 00:00:58  -  Total Remote Usage
		Usr 0 00:00:00, Sys 0 00:00:00  -  Total Local Usage
	0  -  Run Bytes Sent By Job
	16826  -  Run Bytes Received By Job
	0  -  Total Bytes Sent By Job
	16826  -  Total Bytes Received By Job
	Partitionable Resources :    Usage  Request Allocated 
	   Cpus                 :     0.88        1         1 
	   Disk (KB)            :   111          17     49800 
	   Memory (MB)          :   112           1       128 
...
000 (22295772.021.000) 07/20 21:31:48 Job submitted from host: <10.2.11.2:9618?addrs=10.2.11.2-9618&noUDP&sock=1517334_7efc_29>
...
001 (22295772.021.000) 07/20 21:31:54 Job executing on host: <10.2.3.10:9618?addrs=10.2.3.10-9618&noUDP&sock=22981_a20c_3>
...
006 (22295772.021.000) 07/20 21:32:03 Image size of job updated: 45124
	28  -  MemoryUsage of job (MB)
	28580  -  ResidentSetSize of job (KB)
...
006 (22295772.021.000) 07/20 21:37:04 Image size of job updated: 473264
	112  -  MemoryUsage of job (MB)
	114296  -  ResidentSetSize of job (KB)
...
006 (22295772.021.000) 07/20 21:38:01 Image size of job updated: 474508
	112  -  MemoryUsage of job (MB)
	114296  -  ResidentSetSize of job (KB)
...
005 (22295772.021.000) 07/20 21:38:01 Job terminated.
	(1) Normal termination (return value 0)
		Usr 0 00:04:30, Sys 0 00:01:09  -  Run Remote Usage
		Usr 0 00:00:00, Sys 0 00:00:00  -  Run Local Usage
		Usr 0 00:04:30, Sys 0 00:01:09  -  Total Remote Usage
		Usr 0 00:00:00, Sys 0 00:00:00  -  Total Local Usage
	0  -  Run Bytes Sent By Job
	16831  -  Run Bytes Received By Job
	0  -  Total Bytes Sent By Job
	16831  -  Total Bytes Received By Job
	Partitionable Resources :    Usage  Request Allocated 
	   Cpus                 :     0.85        1         1 
	   Disk (KB)            :   113          17     70072 
	   Memory (MB)          :   112           1       128 
...
000 (23036704.021.000) 08/08 19:49:28 Job submitted from host: <10.2.11.2:9618?addrs=10.2.11.2-9618&noUDP&sock=1517334_7efc_29>
...
001 (23036704.021.000) 08/08 19:49:30 Job executing on host: <10.2.1.48:9618?addrs=10.2.1.48-9618&noUDP&sock=1826_1006_3>
...
006 (23036704.021.000) 08/08 19:49:39 Image size of job updated: 25040
	19  -  MemoryUsage of job (MB)
	19200  -  ResidentSetSize of job (KB)
...
006 (23036704.021.000) 08/08 19:54:40 Image size of job updated: 504836
	113  -  MemoryUsage of job (MB)
	115196  -  ResidentSetSize of job (KB)
...
006 (23036704.021.000) 08/08 19:59:40 Image size of job updated: 507356
	116  -  MemoryUsage of job (MB)
	117996  -  ResidentSetSize of job (KB)
...
006 (23036704.021.000) 08/08 19:59:55 Image size of job updated: 507620
	116  -  MemoryUsage of job (MB)
	117996  -  ResidentSetSize of job (KB)
...
005 (23036704.021.000) 08/08 19:59:55 Job terminated.
	(1) Normal termination (return value 0)
		Usr 0 00:07:06, Sys 0 00:01:33  -  Run Remote Usage
		Usr 0 00:00:00, Sys 0 00:00:00  -  Run Local Usage
		Usr 0 00:07:06, Sys 0 00:01:33  -  Total Remote Usage
		Usr 0 00:00:00, Sys 0 00:00:00  -  Total Local Usage
	0  -  Run Bytes Sent By Job
	16845  -  Run Bytes Received By Job
	0  -  Total Bytes Sent By Job
	16845  -  Total Bytes Received By Job
	Partitionable Resources :    Usage  Request Allocated 
	   Cpus                 :     0.87        1         1 
	   Disk (KB)            :   111          17     14795 
	   Memory (MB)          :   116           1       128 
...
000 (23039408.021.000) 08/11 01:22:15 Job submitted from host: <10.2.11.2:9618?addrs=10.2.11.2-9618&noUDP&sock=3676338_a96b_3>
...
001 (23039408.021.000) 08/11 01:27:32 Job executing on host: <10.2.1.87:9618?addrs=10.2.1.87-9618&noUDP&sock=1811_c61a_3>
...
006 (23039408.021.000) 08/11 01:27:41 Image size of job updated: 140896
	9  -  MemoryUsage of job (MB)
	8976  -  ResidentSetSize of job (KB)
...
006 (23039408.021.000) 08/11 01:32:42 Image size of job updated: 499032
	107  -  MemoryUsage of job (MB)
	109432  -  ResidentSetSize of job (KB)
...
006 (23039408.021.000) 08/11 01:36:18 Image size of job updated: 504692
	107  -  MemoryUsage of job (MB)
	109432  -  ResidentSetSize of job (KB)
...
005 (23039408.021.000) 08/11 01:36:18 Job terminated.
	(1) Normal termination (return value 0)
		Usr 0 00:04:42, Sys 0 00:00:44  -  Run Remote Usage
		Usr 0 00:00:00, Sys 0 00:00:00  -  Run Local Usage
		Usr 0 00:04:42, Sys 0 00:00:44  -  Total Remote Usage
		Usr 0 00:00:00, Sys 0 00:00:00  -  Total Local Usage
	0  -  Run Bytes Sent By Job
	16846  -  Run Bytes Received By Job
	0  -  Total Bytes Sent By Job
	16846  -  Total Bytes Received By Job
	Partitionable Resources :    Usage  Request Allocated 
	   Cpus                 :     0.64        1         1 
	   Disk (KB)            :   113          17     17993 
	   Memory (MB)          :   107           1       128 
...
