000 (22253675.023.000) 07/19 23:11:01 Job submitted from host: <10.2.11.2:9618?addrs=10.2.11.2-9618&noUDP&sock=1517334_7efc_29>
...
001 (22253675.023.000) 07/19 23:16:29 Job executing on host: <10.2.2.31:9618?addrs=10.2.2.31-9618&noUDP&sock=1823_013d_3>
...
006 (22253675.023.000) 07/19 23:16:38 Image size of job updated: 466400
	104  -  MemoryUsage of job (MB)
	106232  -  ResidentSetSize of job (KB)
...
005 (22253675.023.000) 07/19 23:18:18 Job terminated.
	(1) Normal termination (return value 0)
		Usr 0 00:01:21, Sys 0 00:00:19  -  Run Remote Usage
		Usr 0 00:00:00, Sys 0 00:00:00  -  Run Local Usage
		Usr 0 00:01:21, Sys 0 00:00:19  -  Total Remote Usage
		Usr 0 00:00:00, Sys 0 00:00:00  -  Total Local Usage
	0  -  Run Bytes Sent By Job
	16819  -  Run Bytes Received By Job
	0  -  Total Bytes Sent By Job
	16819  -  Total Bytes Received By Job
	Partitionable Resources :    Usage  Request Allocated 
	   Cpus                 :     0.84        1         1 
	   Disk (KB)            :    99          17     49215 
	   Memory (MB)          :   104           1       128 
...
000 (22273709.023.000) 07/20 12:46:10 Job submitted from host: <10.2.11.2:9618?addrs=10.2.11.2-9618&noUDP&sock=1517334_7efc_29>
...
001 (22273709.023.000) 07/20 12:48:38 Job executing on host: <10.2.2.35:9618?addrs=10.2.2.35-9618&noUDP&sock=1845_1852_3>
...
006 (22273709.023.000) 07/20 12:48:46 Image size of job updated: 123896
	104  -  MemoryUsage of job (MB)
	106280  -  ResidentSetSize of job (KB)
...
006 (22273709.023.000) 07/20 12:52:44 Image size of job updated: 473872
	104  -  MemoryUsage of job (MB)
	106280  -  ResidentSetSize of job (KB)
...
005 (22273709.023.000) 07/20 12:52:44 Job terminated.
	(1) Normal termination (return value 0)
		Usr 0 00:03:14, Sys 0 00:00:45  -  Run Remote Usage
		Usr 0 00:00:00, Sys 0 00:00:00  -  Run Local Usage
		Usr 0 00:03:14, Sys 0 00:00:45  -  Total Remote Usage
		Usr 0 00:00:00, Sys 0 00:00:00  -  Total Local Usage
	0  -  Run Bytes Sent By Job
	16820  -  Run Bytes Received By Job
	0  -  Total Bytes Sent By Job
	16820  -  Total Bytes Received By Job
	Partitionable Resources :    Usage  Request Allocated 
	   Cpus                 :        0        1         1 
	   Disk (KB)            :       99       17     49800 
	   Memory (MB)          :      104        1       128 
...
000 (22276076.023.000) 07/20 13:38:29 Job submitted from host: <10.2.11.2:9618?addrs=10.2.11.2-9618&noUDP&sock=1517334_7efc_29>
...
001 (22276076.023.000) 07/20 13:38:58 Job executing on host: <10.2.3.32:9618?addrs=10.2.3.32-9618&noUDP&sock=22963_4957_3>
...
006 (22276076.023.000) 07/20 13:39:07 Image size of job updated: 373412
	85  -  MemoryUsage of job (MB)
	86920  -  ResidentSetSize of job (KB)
...
006 (22276076.023.000) 07/20 13:43:44 Image size of job updated: 473520
	85  -  MemoryUsage of job (MB)
	86920  -  ResidentSetSize of job (KB)
...
005 (22276076.023.000) 07/20 13:43:44 Job terminated.
	(1) Normal termination (return value 0)
		Usr 0 00:03:36, Sys 0 00:00:57  -  Run Remote Usage
		Usr 0 00:00:00, Sys 0 00:00:00  -  Run Local Usage
		Usr 0 00:03:36, Sys 0 00:00:57  -  Total Remote Usage
		Usr 0 00:00:00, Sys 0 00:00:00  -  Total Local Usage
	0  -  Run Bytes Sent By Job
	16826  -  Run Bytes Received By Job
	0  -  Total Bytes Sent By Job
	16826  -  Total Bytes Received By Job
	Partitionable Resources :    Usage  Request Allocated 
	   Cpus                 :     0.84        1         1 
	   Disk (KB)            :   101          17     70070 
	   Memory (MB)          :    85           1       128 
...
000 (22292754.023.000) 07/20 20:17:34 Job submitted from host: <10.2.11.2:9618?addrs=10.2.11.2-9618&noUDP&sock=1517334_7efc_29>
...
001 (22292754.023.000) 07/20 20:17:48 Job executing on host: <10.2.3.16:9618?addrs=10.2.3.16-9618&noUDP&sock=22588_1153_3>
...
006 (22292754.023.000) 07/20 20:17:56 Image size of job updated: 27636
	20  -  MemoryUsage of job (MB)
	19948  -  ResidentSetSize of job (KB)
...
006 (22292754.023.000) 07/20 20:22:56 Image size of job updated: 479584
	112  -  MemoryUsage of job (MB)
	114680  -  ResidentSetSize of job (KB)
...
005 (22292754.023.000) 07/20 20:24:16 Job terminated.
	(1) Normal termination (return value 0)
		Usr 0 00:04:40, Sys 0 00:01:01  -  Run Remote Usage
		Usr 0 00:00:00, Sys 0 00:00:00  -  Run Local Usage
		Usr 0 00:04:40, Sys 0 00:01:01  -  Total Remote Usage
		Usr 0 00:00:00, Sys 0 00:00:00  -  Total Local Usage
	0  -  Run Bytes Sent By Job
	16826  -  Run Bytes Received By Job
	0  -  Total Bytes Sent By Job
	16826  -  Total Bytes Received By Job
	Partitionable Resources :    Usage  Request Allocated 
	   Cpus                 :     0.87        1         1 
	   Disk (KB)            :   103          17     70125 
	   Memory (MB)          :   112           1       128 
...
000 (22295772.023.000) 07/20 21:31:48 Job submitted from host: <10.2.11.2:9618?addrs=10.2.11.2-9618&noUDP&sock=1517334_7efc_29>
...
001 (22295772.023.000) 07/20 21:31:53 Job executing on host: <10.2.3.63:9618?addrs=10.2.3.63-9618&noUDP&sock=22652_f763_3>
...
006 (22295772.023.000) 07/20 21:32:02 Image size of job updated: 204280
	25  -  MemoryUsage of job (MB)
	25364  -  ResidentSetSize of job (KB)
...
006 (22295772.023.000) 07/20 21:37:02 Image size of job updated: 473652
	113  -  MemoryUsage of job (MB)
	114712  -  ResidentSetSize of job (KB)
...
005 (22295772.023.000) 07/20 21:37:57 Job terminated.
	(1) Normal termination (return value 0)
		Usr 0 00:04:44, Sys 0 00:01:01  -  Run Remote Usage
		Usr 0 00:00:00, Sys 0 00:00:00  -  Run Local Usage
		Usr 0 00:04:44, Sys 0 00:01:01  -  Total Remote Usage
		Usr 0 00:00:00, Sys 0 00:00:00  -  Total Local Usage
	0  -  Run Bytes Sent By Job
	16831  -  Run Bytes Received By Job
	0  -  Total Bytes Sent By Job
	16831  -  Total Bytes Received By Job
	Partitionable Resources :    Usage  Request Allocated 
	   Cpus                 :     0.87        1         1 
	   Disk (KB)            :   103          17     69486 
	   Memory (MB)          :   113           1       128 
...
000 (23036704.023.000) 08/08 19:49:28 Job submitted from host: <10.2.11.2:9618?addrs=10.2.11.2-9618&noUDP&sock=1517334_7efc_29>
...
001 (23036704.023.000) 08/08 19:49:30 Job executing on host: <10.2.1.7:9618?addrs=10.2.1.7-9618&noUDP&sock=2033_0c20_3>
...
006 (23036704.023.000) 08/08 19:49:39 Image size of job updated: 23476
	18  -  MemoryUsage of job (MB)
	17624  -  ResidentSetSize of job (KB)
...
006 (23036704.023.000) 08/08 19:54:40 Image size of job updated: 504676
	111  -  MemoryUsage of job (MB)
	113072  -  ResidentSetSize of job (KB)
...
006 (23036704.023.000) 08/08 19:59:40 Image size of job updated: 507060
	113  -  MemoryUsage of job (MB)
	115584  -  ResidentSetSize of job (KB)
...
006 (23036704.023.000) 08/08 20:00:09 Image size of job updated: 507460
	113  -  MemoryUsage of job (MB)
	115636  -  ResidentSetSize of job (KB)
...
005 (23036704.023.000) 08/08 20:00:09 Job terminated.
	(1) Normal termination (return value 0)
		Usr 0 00:06:53, Sys 0 00:01:28  -  Run Remote Usage
		Usr 0 00:00:00, Sys 0 00:00:00  -  Run Local Usage
		Usr 0 00:06:53, Sys 0 00:01:28  -  Total Remote Usage
		Usr 0 00:00:00, Sys 0 00:00:00  -  Total Local Usage
	0  -  Run Bytes Sent By Job
	16845  -  Run Bytes Received By Job
	0  -  Total Bytes Sent By Job
	16845  -  Total Bytes Received By Job
	Partitionable Resources :    Usage  Request Allocated 
	   Cpus                 :     0.79        1         1 
	   Disk (KB)            :   104          17     10889 
	   Memory (MB)          :   113           1       128 
...
000 (23039408.023.000) 08/11 01:22:15 Job submitted from host: <10.2.11.2:9618?addrs=10.2.11.2-9618&noUDP&sock=3676338_a96b_3>
...
001 (23039408.023.000) 08/11 01:27:32 Job executing on host: <10.2.2.21:9618?addrs=10.2.2.21-9618&noUDP&sock=1816_3413_3>
...
006 (23039408.023.000) 08/11 01:27:41 Image size of job updated: 261216
	13  -  MemoryUsage of job (MB)
	12812  -  ResidentSetSize of job (KB)
...
006 (23039408.023.000) 08/11 01:32:42 Image size of job updated: 587580
	105  -  MemoryUsage of job (MB)
	107288  -  ResidentSetSize of job (KB)
...
005 (23039408.023.000) 08/11 01:37:20 Job terminated.
	(1) Normal termination (return value 0)
		Usr 0 00:04:40, Sys 0 00:00:56  -  Run Remote Usage
		Usr 0 00:00:00, Sys 0 00:00:00  -  Run Local Usage
		Usr 0 00:04:40, Sys 0 00:00:56  -  Total Remote Usage
		Usr 0 00:00:00, Sys 0 00:00:00  -  Total Local Usage
	0  -  Run Bytes Sent By Job
	16846  -  Run Bytes Received By Job
	0  -  Total Bytes Sent By Job
	16846  -  Total Bytes Received By Job
	Partitionable Resources :    Usage  Request Allocated 
	   Cpus                 :     0.69        1         1 
	   Disk (KB)            :   103          17     46896 
	   Memory (MB)          :   105           1       128 
...
