000 (22253675.024.000) 07/19 23:11:01 Job submitted from host: <10.2.11.2:9618?addrs=10.2.11.2-9618&noUDP&sock=1517334_7efc_29>
...
001 (22253675.024.000) 07/19 23:16:29 Job executing on host: <10.2.2.8:9618?addrs=10.2.2.8-9618&noUDP&sock=1848_271b_3>
...
006 (22253675.024.000) 07/19 23:16:39 Image size of job updated: 345972
	104  -  MemoryUsage of job (MB)
	106308  -  ResidentSetSize of job (KB)
...
006 (22253675.024.000) 07/19 23:17:54 Image size of job updated: 466640
	104  -  MemoryUsage of job (MB)
	106308  -  ResidentSetSize of job (KB)
...
005 (22253675.024.000) 07/19 23:17:54 Job terminated.
	(1) Normal termination (return value 0)
		Usr 0 00:01:05, Sys 0 00:00:14  -  Run Remote Usage
		Usr 0 00:00:00, Sys 0 00:00:00  -  Run Local Usage
		Usr 0 00:01:05, Sys 0 00:00:14  -  Total Remote Usage
		Usr 0 00:00:00, Sys 0 00:00:00  -  Total Local Usage
	0  -  Run Bytes Sent By Job
	16819  -  Run Bytes Received By Job
	0  -  Total Bytes Sent By Job
	16819  -  Total Bytes Received By Job
	Partitionable Resources :    Usage  Request Allocated 
	   Cpus                 :     0.01        1         1 
	   Disk (KB)            :   105          17     45757 
	   Memory (MB)          :   104           1       128 
...
000 (22273709.024.000) 07/20 12:46:10 Job submitted from host: <10.2.11.2:9618?addrs=10.2.11.2-9618&noUDP&sock=1517334_7efc_29>
...
001 (22273709.024.000) 07/20 12:48:38 Job executing on host: <10.2.3.96:9618?addrs=10.2.3.96-9618&noUDP&sock=22612_8799_3>
...
006 (22273709.024.000) 07/20 12:48:46 Image size of job updated: 132612
	104  -  MemoryUsage of job (MB)
	106116  -  ResidentSetSize of job (KB)
...
006 (22273709.024.000) 07/20 12:53:05 Image size of job updated: 473648
	104  -  MemoryUsage of job (MB)
	106116  -  ResidentSetSize of job (KB)
...
005 (22273709.024.000) 07/20 12:53:05 Job terminated.
	(1) Normal termination (return value 0)
		Usr 0 00:03:37, Sys 0 00:00:44  -  Run Remote Usage
		Usr 0 00:00:00, Sys 0 00:00:00  -  Run Local Usage
		Usr 0 00:03:37, Sys 0 00:00:44  -  Total Remote Usage
		Usr 0 00:00:00, Sys 0 00:00:00  -  Total Local Usage
	0  -  Run Bytes Sent By Job
	16820  -  Run Bytes Received By Job
	0  -  Total Bytes Sent By Job
	16820  -  Total Bytes Received By Job
	Partitionable Resources :    Usage  Request Allocated 
	   Cpus                 :     0.02        1         1 
	   Disk (KB)            :   107          17     70299 
	   Memory (MB)          :   104           1       128 
...
000 (22276076.024.000) 07/20 13:38:29 Job submitted from host: <10.2.11.2:9618?addrs=10.2.11.2-9618&noUDP&sock=1517334_7efc_29>
...
001 (22276076.024.000) 07/20 13:38:58 Job executing on host: <10.2.3.38:9618?addrs=10.2.3.38-9618&noUDP&sock=22574_7700_3>
...
006 (22276076.024.000) 07/20 13:39:07 Image size of job updated: 209352
	87  -  MemoryUsage of job (MB)
	88944  -  ResidentSetSize of job (KB)
...
006 (22276076.024.000) 07/20 13:44:08 Image size of job updated: 580800
	113  -  MemoryUsage of job (MB)
	114896  -  ResidentSetSize of job (KB)
...
005 (22276076.024.000) 07/20 13:46:51 Job terminated.
	(1) Normal termination (return value 0)
		Usr 0 00:05:43, Sys 0 00:01:14  -  Run Remote Usage
		Usr 0 00:00:00, Sys 0 00:00:00  -  Run Local Usage
		Usr 0 00:05:43, Sys 0 00:01:14  -  Total Remote Usage
		Usr 0 00:00:00, Sys 0 00:00:00  -  Total Local Usage
	0  -  Run Bytes Sent By Job
	16826  -  Run Bytes Received By Job
	0  -  Total Bytes Sent By Job
	16826  -  Total Bytes Received By Job
	Partitionable Resources :    Usage  Request Allocated 
	   Cpus                 :     0.76        1         1 
	   Disk (KB)            :   106          17     64287 
	   Memory (MB)          :   113           1       128 
...
000 (22292754.024.000) 07/20 20:17:34 Job submitted from host: <10.2.11.2:9618?addrs=10.2.11.2-9618&noUDP&sock=1517334_7efc_29>
...
001 (22292754.024.000) 07/20 20:17:47 Job executing on host: <10.2.3.74:9618?addrs=10.2.3.74-9618&noUDP&sock=23208_560b_3>
...
006 (22292754.024.000) 07/20 20:17:56 Image size of job updated: 190744
	19  -  MemoryUsage of job (MB)
	18988  -  ResidentSetSize of job (KB)
...
006 (22292754.024.000) 07/20 20:22:57 Image size of job updated: 579472
	113  -  MemoryUsage of job (MB)
	114968  -  ResidentSetSize of job (KB)
...
005 (22292754.024.000) 07/20 20:26:04 Job terminated.
	(1) Normal termination (return value 0)
		Usr 0 00:06:02, Sys 0 00:01:28  -  Run Remote Usage
		Usr 0 00:00:00, Sys 0 00:00:00  -  Run Local Usage
		Usr 0 00:06:02, Sys 0 00:01:28  -  Total Remote Usage
		Usr 0 00:00:00, Sys 0 00:00:00  -  Total Local Usage
	0  -  Run Bytes Sent By Job
	16826  -  Run Bytes Received By Job
	0  -  Total Bytes Sent By Job
	16826  -  Total Bytes Received By Job
	Partitionable Resources :    Usage  Request Allocated 
	   Cpus                 :     0.86        1         1 
	   Disk (KB)            :   109          17     62766 
	   Memory (MB)          :   113           1       128 
...
000 (22295772.024.000) 07/20 21:31:48 Job submitted from host: <10.2.11.2:9618?addrs=10.2.11.2-9618&noUDP&sock=1517334_7efc_29>
...
001 (22295772.024.000) 07/20 21:31:54 Job executing on host: <10.2.3.55:9618?addrs=10.2.3.55-9618&noUDP&sock=22641_6bd8_3>
...
006 (22295772.024.000) 07/20 21:32:03 Image size of job updated: 45152
	28  -  MemoryUsage of job (MB)
	28588  -  ResidentSetSize of job (KB)
...
006 (22295772.024.000) 07/20 21:37:04 Image size of job updated: 581584
	113  -  MemoryUsage of job (MB)
	114916  -  ResidentSetSize of job (KB)
...
005 (22295772.024.000) 07/20 21:39:02 Job terminated.
	(1) Normal termination (return value 0)
		Usr 0 00:05:13, Sys 0 00:01:36  -  Run Remote Usage
		Usr 0 00:00:00, Sys 0 00:00:00  -  Run Local Usage
		Usr 0 00:05:13, Sys 0 00:01:36  -  Total Remote Usage
		Usr 0 00:00:00, Sys 0 00:00:00  -  Total Local Usage
	0  -  Run Bytes Sent By Job
	16831  -  Run Bytes Received By Job
	0  -  Total Bytes Sent By Job
	16831  -  Total Bytes Received By Job
	Partitionable Resources :    Usage  Request Allocated 
	   Cpus                 :     0.83        1         1 
	   Disk (KB)            :   109          17     67035 
	   Memory (MB)          :   113           1       128 
...
000 (23036704.024.000) 08/08 19:49:28 Job submitted from host: <10.2.11.2:9618?addrs=10.2.11.2-9618&noUDP&sock=1517334_7efc_29>
...
001 (23036704.024.000) 08/08 19:49:30 Job executing on host: <10.2.1.10:9618?addrs=10.2.1.10-9618&noUDP&sock=1851_35e4_3>
...
006 (23036704.024.000) 08/08 19:49:39 Image size of job updated: 190484
	15  -  MemoryUsage of job (MB)
	14716  -  ResidentSetSize of job (KB)
...
006 (23036704.024.000) 08/08 19:54:40 Image size of job updated: 504972
	113  -  MemoryUsage of job (MB)
	115320  -  ResidentSetSize of job (KB)
...
006 (23036704.024.000) 08/08 19:59:40 Image size of job updated: 507612
	116  -  MemoryUsage of job (MB)
	118024  -  ResidentSetSize of job (KB)
...
006 (23036704.024.000) 08/08 20:00:17 Image size of job updated: 508140
	116  -  MemoryUsage of job (MB)
	118024  -  ResidentSetSize of job (KB)
...
005 (23036704.024.000) 08/08 20:00:17 Job terminated.
	(1) Normal termination (return value 0)
		Usr 0 00:07:07, Sys 0 00:01:30  -  Run Remote Usage
		Usr 0 00:00:00, Sys 0 00:00:00  -  Run Local Usage
		Usr 0 00:07:07, Sys 0 00:01:30  -  Total Remote Usage
		Usr 0 00:00:00, Sys 0 00:00:00  -  Total Local Usage
	0  -  Run Bytes Sent By Job
	16845  -  Run Bytes Received By Job
	0  -  Total Bytes Sent By Job
	16845  -  Total Bytes Received By Job
	Partitionable Resources :    Usage  Request Allocated 
	   Cpus                 :     0.87        1         1 
	   Disk (KB)            :   115          17     14479 
	   Memory (MB)          :   116           1       128 
...
000 (23039408.024.000) 08/11 01:22:15 Job submitted from host: <10.2.11.2:9618?addrs=10.2.11.2-9618&noUDP&sock=3676338_a96b_3>
...
001 (23039408.024.000) 08/11 01:27:32 Job executing on host: <10.2.3.15:9618?addrs=10.2.3.15-9618&noUDP&sock=22623_1324_3>
...
006 (23039408.024.000) 08/11 01:27:40 Image size of job updated: 131128
	9  -  MemoryUsage of job (MB)
	8252  -  ResidentSetSize of job (KB)
...
006 (23039408.024.000) 08/11 01:32:40 Image size of job updated: 579436
	106  -  MemoryUsage of job (MB)
	107660  -  ResidentSetSize of job (KB)
...
006 (23039408.024.000) 08/11 01:37:39 Image size of job updated: 586012
	106  -  MemoryUsage of job (MB)
	107660  -  ResidentSetSize of job (KB)
...
005 (23039408.024.000) 08/11 01:37:39 Job terminated.
	(1) Normal termination (return value 0)
		Usr 0 00:04:33, Sys 0 00:01:05  -  Run Remote Usage
		Usr 0 00:00:00, Sys 0 00:00:00  -  Run Local Usage
		Usr 0 00:04:33, Sys 0 00:01:05  -  Total Remote Usage
		Usr 0 00:00:00, Sys 0 00:00:00  -  Total Local Usage
	0  -  Run Bytes Sent By Job
	16846  -  Run Bytes Received By Job
	0  -  Total Bytes Sent By Job
	16846  -  Total Bytes Received By Job
	Partitionable Resources :    Usage  Request Allocated 
	   Cpus                 :     0.57        1         1 
	   Disk (KB)            :   110          17     69555 
	   Memory (MB)          :   106           1       128 
...
