000 (22253675.006.000) 07/19 23:11:01 Job submitted from host: <10.2.11.2:9618?addrs=10.2.11.2-9618&noUDP&sock=1517334_7efc_29>
...
001 (22253675.006.000) 07/19 23:13:31 Job executing on host: <10.2.3.67:9618?addrs=10.2.3.67-9618&noUDP&sock=22635_4e47_3>
...
006 (22253675.006.000) 07/19 23:13:42 Image size of job updated: 112200
	88  -  MemoryUsage of job (MB)
	89128  -  ResidentSetSize of job (KB)
...
006 (22253675.006.000) 07/19 23:16:51 Image size of job updated: 466536
	88  -  MemoryUsage of job (MB)
	89136  -  ResidentSetSize of job (KB)
...
005 (22253675.006.000) 07/19 23:16:51 Job terminated.
	(1) Normal termination (return value 0)
		Usr 0 00:02:48, Sys 0 00:00:19  -  Run Remote Usage
		Usr 0 00:00:00, Sys 0 00:00:00  -  Run Local Usage
		Usr 0 00:02:48, Sys 0 00:00:19  -  Total Remote Usage
		Usr 0 00:00:00, Sys 0 00:00:00  -  Total Local Usage
	0  -  Run Bytes Sent By Job
	16819  -  Run Bytes Received By Job
	0  -  Total Bytes Sent By Job
	16819  -  Total Bytes Received By Job
	Partitionable Resources :    Usage  Request Allocated 
	   Cpus                 :        0        1         1 
	   Disk (KB)            :      324       17     69596 
	   Memory (MB)          :       88        1       128 
...
000 (22273709.006.000) 07/20 12:46:10 Job submitted from host: <10.2.11.2:9618?addrs=10.2.11.2-9618&noUDP&sock=1517334_7efc_29>
...
001 (22273709.006.000) 07/20 12:47:38 Job executing on host: <10.2.1.25:9618?addrs=10.2.1.25-9618&noUDP&sock=1844_68ba_3>
...
006 (22273709.006.000) 07/20 12:47:47 Image size of job updated: 95784
	73  -  MemoryUsage of job (MB)
	74052  -  ResidentSetSize of job (KB)
...
006 (22273709.006.000) 07/20 12:52:48 Image size of job updated: 499304
	106  -  MemoryUsage of job (MB)
	107556  -  ResidentSetSize of job (KB)
...
006 (22273709.006.000) 07/20 12:57:48 Image size of job updated: 500004
	106  -  MemoryUsage of job (MB)
	108164  -  ResidentSetSize of job (KB)
...
006 (22273709.006.000) 07/20 13:02:48 Image size of job updated: 506976
	113  -  MemoryUsage of job (MB)
	115156  -  ResidentSetSize of job (KB)
...
006 (22273709.006.000) 07/20 13:07:49 Image size of job updated: 506980
	113  -  MemoryUsage of job (MB)
	115156  -  ResidentSetSize of job (KB)
...
006 (22273709.006.000) 07/20 13:12:50 Image size of job updated: 620160
	115  -  MemoryUsage of job (MB)
	116932  -  ResidentSetSize of job (KB)
...
006 (22273709.006.000) 07/20 13:17:50 Image size of job updated: 622776
	117  -  MemoryUsage of job (MB)
	118796  -  ResidentSetSize of job (KB)
...
005 (22273709.006.000) 07/20 13:19:15 Job terminated.
	(1) Normal termination (return value 0)
		Usr 0 00:16:57, Sys 0 00:01:43  -  Run Remote Usage
		Usr 0 00:00:00, Sys 0 00:00:00  -  Run Local Usage
		Usr 0 00:16:57, Sys 0 00:01:43  -  Total Remote Usage
		Usr 0 00:00:00, Sys 0 00:00:00  -  Total Local Usage
	0  -  Run Bytes Sent By Job
	16820  -  Run Bytes Received By Job
	0  -  Total Bytes Sent By Job
	16820  -  Total Bytes Received By Job
	Partitionable Resources :    Usage  Request Allocated 
	   Cpus                 :     0.58        1         1 
	   Disk (KB)            :   320          17     14293 
	   Memory (MB)          :   117           1       128 
...
000 (22276076.006.000) 07/20 13:38:29 Job submitted from host: <10.2.11.2:9618?addrs=10.2.11.2-9618&noUDP&sock=1517334_7efc_29>
...
001 (22276076.006.000) 07/20 13:38:34 Job executing on host: <10.2.2.21:9618?addrs=10.2.2.21-9618&noUDP&sock=1816_3413_3>
...
006 (22276076.006.000) 07/20 13:38:44 Image size of job updated: 199304
	20  -  MemoryUsage of job (MB)
	19560  -  ResidentSetSize of job (KB)
...
006 (22276076.006.000) 07/20 13:43:45 Image size of job updated: 467480
	106  -  MemoryUsage of job (MB)
	108324  -  ResidentSetSize of job (KB)
...
006 (22276076.006.000) 07/20 13:48:46 Image size of job updated: 475664
	114  -  MemoryUsage of job (MB)
	116344  -  ResidentSetSize of job (KB)
...
006 (22276076.006.000) 07/20 13:53:46 Image size of job updated: 479068
	118  -  MemoryUsage of job (MB)
	119904  -  ResidentSetSize of job (KB)
...
005 (22276076.006.000) 07/20 13:55:30 Job terminated.
	(1) Normal termination (return value 0)
		Usr 0 00:14:44, Sys 0 00:01:28  -  Run Remote Usage
		Usr 0 00:00:00, Sys 0 00:00:00  -  Run Local Usage
		Usr 0 00:14:44, Sys 0 00:01:28  -  Total Remote Usage
		Usr 0 00:00:00, Sys 0 00:00:00  -  Total Local Usage
	0  -  Run Bytes Sent By Job
	16826  -  Run Bytes Received By Job
	0  -  Total Bytes Sent By Job
	16826  -  Total Bytes Received By Job
	Partitionable Resources :    Usage  Request Allocated 
	   Cpus                 :     0.93        1         1 
	   Disk (KB)            :   426          17     46896 
	   Memory (MB)          :   118           1       128 
...
000 (22292754.006.000) 07/20 20:17:34 Job submitted from host: <10.2.11.2:9618?addrs=10.2.11.2-9618&noUDP&sock=1517334_7efc_29>
...
001 (22292754.006.000) 07/20 20:17:48 Job executing on host: <10.2.2.37:9618?addrs=10.2.2.37-9618&noUDP&sock=26334_8319_3>
...
006 (22292754.006.000) 07/20 20:17:56 Image size of job updated: 24600
	17  -  MemoryUsage of job (MB)
	16748  -  ResidentSetSize of job (KB)
...
006 (22292754.006.000) 07/20 20:22:56 Image size of job updated: 467384
	106  -  MemoryUsage of job (MB)
	108228  -  ResidentSetSize of job (KB)
...
006 (22292754.006.000) 07/20 20:27:57 Image size of job updated: 474880
	113  -  MemoryUsage of job (MB)
	115632  -  ResidentSetSize of job (KB)
...
006 (22292754.006.000) 07/20 20:32:15 Image size of job updated: 475688
	113  -  MemoryUsage of job (MB)
	115632  -  ResidentSetSize of job (KB)
...
005 (22292754.006.000) 07/20 20:32:15 Job terminated.
	(1) Normal termination (return value 0)
		Usr 0 00:12:23, Sys 0 00:01:19  -  Run Remote Usage
		Usr 0 00:00:00, Sys 0 00:00:00  -  Run Local Usage
		Usr 0 00:12:23, Sys 0 00:01:19  -  Total Remote Usage
		Usr 0 00:00:00, Sys 0 00:00:00  -  Total Local Usage
	0  -  Run Bytes Sent By Job
	16826  -  Run Bytes Received By Job
	0  -  Total Bytes Sent By Job
	16826  -  Total Bytes Received By Job
	Partitionable Resources :    Usage  Request Allocated 
	   Cpus                 :     0.92        1         1 
	   Disk (KB)            :   419          17     40985 
	   Memory (MB)          :   113           1       128 
...
000 (22295772.006.000) 07/20 21:31:48 Job submitted from host: <10.2.11.2:9618?addrs=10.2.11.2-9618&noUDP&sock=1517334_7efc_29>
...
001 (22295772.006.000) 07/20 21:31:53 Job executing on host: <10.2.2.38:9618?addrs=10.2.2.38-9618&noUDP&sock=1818_9344_3>
...
006 (22295772.006.000) 07/20 21:32:02 Image size of job updated: 204936
	27  -  MemoryUsage of job (MB)
	27360  -  ResidentSetSize of job (KB)
...
006 (22295772.006.000) 07/20 21:37:03 Image size of job updated: 467740
	107  -  MemoryUsage of job (MB)
	108700  -  ResidentSetSize of job (KB)
...
006 (22295772.006.000) 07/20 21:42:03 Image size of job updated: 470036
	109  -  MemoryUsage of job (MB)
	111016  -  ResidentSetSize of job (KB)
...
006 (22295772.006.000) 07/20 21:46:40 Image size of job updated: 475608
	109  -  MemoryUsage of job (MB)
	111016  -  ResidentSetSize of job (KB)
...
005 (22295772.006.000) 07/20 21:46:40 Job terminated.
	(1) Normal termination (return value 0)
		Usr 0 00:13:22, Sys 0 00:01:04  -  Run Remote Usage
		Usr 0 00:00:00, Sys 0 00:00:00  -  Run Local Usage
		Usr 0 00:13:22, Sys 0 00:01:04  -  Total Remote Usage
		Usr 0 00:00:00, Sys 0 00:00:00  -  Total Local Usage
	0  -  Run Bytes Sent By Job
	16831  -  Run Bytes Received By Job
	0  -  Total Bytes Sent By Job
	16831  -  Total Bytes Received By Job
	Partitionable Resources :    Usage  Request Allocated 
	   Cpus                 :     0.93        1         1 
	   Disk (KB)            :   633          17     42854 
	   Memory (MB)          :   109           1       128 
...
000 (23036704.006.000) 08/08 19:49:28 Job submitted from host: <10.2.11.2:9618?addrs=10.2.11.2-9618&noUDP&sock=1517334_7efc_29>
...
001 (23036704.006.000) 08/08 19:49:30 Job executing on host: <10.2.1.15:9618?addrs=10.2.1.15-9618&noUDP&sock=1827_bf9e_3>
...
006 (23036704.006.000) 08/08 19:49:39 Image size of job updated: 21388
	16  -  MemoryUsage of job (MB)
	15548  -  ResidentSetSize of job (KB)
...
006 (23036704.006.000) 08/08 19:54:40 Image size of job updated: 499284
	107  -  MemoryUsage of job (MB)
	109240  -  ResidentSetSize of job (KB)
...
006 (23036704.006.000) 08/08 19:59:40 Image size of job updated: 501192
	109  -  MemoryUsage of job (MB)
	111516  -  ResidentSetSize of job (KB)
...
006 (23036704.006.000) 08/08 20:04:40 Image size of job updated: 506652
	115  -  MemoryUsage of job (MB)
	116960  -  ResidentSetSize of job (KB)
...
006 (23036704.006.000) 08/08 20:09:41 Image size of job updated: 508148
	116  -  MemoryUsage of job (MB)
	118440  -  ResidentSetSize of job (KB)
...
006 (23036704.006.000) 08/08 20:12:32 Image size of job updated: 509320
	116  -  MemoryUsage of job (MB)
	118440  -  ResidentSetSize of job (KB)
...
005 (23036704.006.000) 08/08 20:12:32 Job terminated.
	(1) Normal termination (return value 0)
		Usr 0 00:18:37, Sys 0 00:01:43  -  Run Remote Usage
		Usr 0 00:00:00, Sys 0 00:00:00  -  Run Local Usage
		Usr 0 00:18:37, Sys 0 00:01:43  -  Total Remote Usage
		Usr 0 00:00:00, Sys 0 00:00:00  -  Total Local Usage
	0  -  Run Bytes Sent By Job
	16845  -  Run Bytes Received By Job
	0  -  Total Bytes Sent By Job
	16845  -  Total Bytes Received By Job
	Partitionable Resources :    Usage  Request Allocated 
	   Cpus                 :     0.85        1         1 
	   Disk (KB)            :   537          17     14893 
	   Memory (MB)          :   116           1       128 
...
000 (23039408.006.000) 08/11 01:22:15 Job submitted from host: <10.2.11.2:9618?addrs=10.2.11.2-9618&noUDP&sock=3676338_a96b_3>
...
001 (23039408.006.000) 08/11 01:27:30 Job executing on host: <10.2.1.15:9618?addrs=10.2.1.15-9618&noUDP&sock=1827_bf9e_3>
...
006 (23039408.006.000) 08/11 01:27:39 Image size of job updated: 18636
	17  -  MemoryUsage of job (MB)
	16876  -  ResidentSetSize of job (KB)
...
006 (23039408.006.000) 08/11 01:32:39 Image size of job updated: 499296
	107  -  MemoryUsage of job (MB)
	109208  -  ResidentSetSize of job (KB)
...
006 (23039408.006.000) 08/11 01:37:40 Image size of job updated: 500416
	109  -  MemoryUsage of job (MB)
	110620  -  ResidentSetSize of job (KB)
...
006 (23039408.006.000) 08/11 01:42:41 Image size of job updated: 506232
	114  -  MemoryUsage of job (MB)
	116404  -  ResidentSetSize of job (KB)
...
006 (23039408.006.000) 08/11 01:47:41 Image size of job updated: 507304
	115  -  MemoryUsage of job (MB)
	117588  -  ResidentSetSize of job (KB)
...
006 (23039408.006.000) 08/11 01:50:16 Image size of job updated: 508188
	115  -  MemoryUsage of job (MB)
	117588  -  ResidentSetSize of job (KB)
...
005 (23039408.006.000) 08/11 01:50:16 Job terminated.
	(1) Normal termination (return value 0)
		Usr 0 00:15:20, Sys 0 00:01:01  -  Run Remote Usage
		Usr 0 00:00:00, Sys 0 00:00:00  -  Run Local Usage
		Usr 0 00:15:20, Sys 0 00:01:01  -  Total Remote Usage
		Usr 0 00:00:00, Sys 0 00:00:00  -  Total Local Usage
	0  -  Run Bytes Sent By Job
	16846  -  Run Bytes Received By Job
	0  -  Total Bytes Sent By Job
	16846  -  Total Bytes Received By Job
	Partitionable Resources :    Usage  Request Allocated 
	   Cpus                 :     0.72        1         1 
	   Disk (KB)            :   564          17     14893 
	   Memory (MB)          :   115           1       128 
...
