000 (21692816.000.000) 07/13 22:20:23 Job submitted from host: <10.2.11.2:9618?addrs=10.2.11.2-9618&noUDP&sock=1517334_7efc_29>
...
001 (21692816.000.000) 07/13 22:21:54 Job executing on host: <10.2.1.39:9618?addrs=10.2.1.39-9618&noUDP&sock=1840_aa59_3>
...
006 (21692816.000.000) 07/13 22:21:54 Image size of job updated: 3
	0  -  MemoryUsage of job (MB)
	0  -  ResidentSetSize of job (KB)
...
005 (21692816.000.000) 07/13 22:21:54 Job terminated.
	(1) Normal termination (return value 1)
		Usr 0 00:00:00, Sys 0 00:00:00  -  Run Remote Usage
		Usr 0 00:00:00, Sys 0 00:00:00  -  Run Local Usage
		Usr 0 00:00:00, Sys 0 00:00:00  -  Total Remote Usage
		Usr 0 00:00:00, Sys 0 00:00:00  -  Total Local Usage
	157  -  Run Bytes Sent By Job
	2824  -  Run Bytes Received By Job
	157  -  Total Bytes Sent By Job
	2824  -  Total Bytes Received By Job
	Partitionable Resources :    Usage  Request Allocated 
	   Cpus                 :                 1         1 
	   Disk (KB)            :       24        3     13511 
	   Memory (MB)          :        0        1       128 
...
000 (21693168.000.000) 07/14 10:10:12 Job submitted from host: <10.2.11.2:9618?addrs=10.2.11.2-9618&noUDP&sock=1517334_7efc_29>
...
001 (21693168.000.000) 07/14 10:10:23 Job executing on host: <10.2.1.27:9618?addrs=10.2.1.27-9618&noUDP&sock=2016_6304_3>
...
006 (21693168.000.000) 07/14 10:10:32 Image size of job updated: 186288
	31  -  MemoryUsage of job (MB)
	30932  -  ResidentSetSize of job (KB)
...
006 (21693168.000.000) 07/14 10:15:33 Image size of job updated: 915896
	120  -  MemoryUsage of job (MB)
	122512  -  ResidentSetSize of job (KB)
...
006 (21693168.000.000) 07/14 10:20:33 Image size of job updated: 915896
	120  -  MemoryUsage of job (MB)
	122516  -  ResidentSetSize of job (KB)
...
006 (21693168.000.000) 07/14 11:35:40 Image size of job updated: 915896
	120  -  MemoryUsage of job (MB)
	122524  -  ResidentSetSize of job (KB)
...
006 (21693168.000.000) 07/14 11:45:42 Image size of job updated: 915896
	120  -  MemoryUsage of job (MB)
	122528  -  ResidentSetSize of job (KB)
...
006 (21693168.000.000) 07/14 11:55:42 Image size of job updated: 915896
	120  -  MemoryUsage of job (MB)
	122540  -  ResidentSetSize of job (KB)
...
006 (21693168.000.000) 07/14 12:00:43 Image size of job updated: 915896
	120  -  MemoryUsage of job (MB)
	122544  -  ResidentSetSize of job (KB)
...
006 (21693168.000.000) 07/14 12:15:44 Image size of job updated: 917948
	120  -  MemoryUsage of job (MB)
	122564  -  ResidentSetSize of job (KB)
...
006 (21693168.000.000) 07/14 12:20:45 Image size of job updated: 917948
	120  -  MemoryUsage of job (MB)
	122580  -  ResidentSetSize of job (KB)
...
006 (21693168.000.000) 07/14 12:30:45 Image size of job updated: 917948
	120  -  MemoryUsage of job (MB)
	122584  -  ResidentSetSize of job (KB)
...
006 (21693168.000.000) 07/14 12:40:47 Image size of job updated: 917948
	121  -  MemoryUsage of job (MB)
	122904  -  ResidentSetSize of job (KB)
...
006 (21693168.000.000) 07/14 12:45:47 Image size of job updated: 917948
	121  -  MemoryUsage of job (MB)
	122916  -  ResidentSetSize of job (KB)
...
006 (21693168.000.000) 07/14 14:15:56 Image size of job updated: 917948
	121  -  MemoryUsage of job (MB)
	122952  -  ResidentSetSize of job (KB)
...
006 (21693168.000.000) 07/14 14:25:58 Image size of job updated: 917948
	121  -  MemoryUsage of job (MB)
	122956  -  ResidentSetSize of job (KB)
...
005 (21693168.000.000) 07/14 14:39:09 Job terminated.
	(1) Normal termination (return value 0)
		Usr 0 04:27:06, Sys 0 00:00:28  -  Run Remote Usage
		Usr 0 00:00:00, Sys 0 00:00:00  -  Run Local Usage
		Usr 0 04:27:06, Sys 0 00:00:28  -  Total Remote Usage
		Usr 0 00:00:00, Sys 0 00:00:00  -  Total Local Usage
	113396  -  Run Bytes Sent By Job
	2799  -  Run Bytes Received By Job
	113396  -  Total Bytes Sent By Job
	2799  -  Total Bytes Received By Job
	Partitionable Resources :    Usage  Request Allocated 
	   Cpus                 :     1.00        1         1 
	   Disk (KB)            :  8428           3     14767 
	   Memory (MB)          :   121           1       128 
...
000 (21694140.000.000) 07/17 19:37:50 Job submitted from host: <10.2.11.2:9618?addrs=10.2.11.2-9618&noUDP&sock=1517334_7efc_29>
...
001 (21694140.000.000) 07/17 19:38:07 Job executing on host: <10.2.1.65:9618?addrs=10.2.1.65-9618&noUDP&sock=1856_a3dd_3>
...
006 (21694140.000.000) 07/17 19:38:16 Image size of job updated: 184096
	11  -  MemoryUsage of job (MB)
	10836  -  ResidentSetSize of job (KB)
...
006 (21694140.000.000) 07/17 19:43:17 Image size of job updated: 917940
	120  -  MemoryUsage of job (MB)
	122532  -  ResidentSetSize of job (KB)
...
006 (21694140.000.000) 07/17 19:48:17 Image size of job updated: 917940
	120  -  MemoryUsage of job (MB)
	122792  -  ResidentSetSize of job (KB)
...
005 (21694140.000.000) 07/17 19:51:51 Job terminated.
	(1) Normal termination (return value 1)
		Usr 0 00:12:23, Sys 0 00:00:03  -  Run Remote Usage
		Usr 0 00:00:00, Sys 0 00:00:00  -  Run Local Usage
		Usr 0 00:12:23, Sys 0 00:00:03  -  Total Remote Usage
		Usr 0 00:00:00, Sys 0 00:00:00  -  Total Local Usage
	916  -  Run Bytes Sent By Job
	2810  -  Run Bytes Received By Job
	916  -  Total Bytes Sent By Job
	2810  -  Total Bytes Received By Job
	Partitionable Resources :    Usage  Request Allocated 
	   Cpus                 :     1.00        1         1 
	   Disk (KB)            :  8319           3     13908 
	   Memory (MB)          :   120           1       128 
...
