000 (22061557.000.000) 07/18 17:11:04 Job submitted from host: <10.2.11.2:9618?addrs=10.2.11.2-9618&noUDP&sock=1517334_7efc_29>
...
001 (22061557.000.000) 07/18 17:11:11 Job executing on host: <10.2.2.7:9618?addrs=10.2.2.7-9618&noUDP&sock=1853_9514_21>
...
006 (22061557.000.000) 07/18 17:11:19 Image size of job updated: 135764
	20  -  MemoryUsage of job (MB)
	19900  -  ResidentSetSize of job (KB)
...
006 (22061557.000.000) 07/18 17:14:52 Image size of job updated: 474516
	20  -  MemoryUsage of job (MB)
	19900  -  ResidentSetSize of job (KB)
...
004 (22061557.000.000) 07/18 17:14:52 Job was evicted.
	(0) Job was not checkpointed.
		Usr 0 00:03:01, Sys 0 00:00:09  -  Run Remote Usage
		Usr 0 00:00:00, Sys 0 00:00:00  -  Run Local Usage
	0  -  Run Bytes Sent By Job
	12687  -  Run Bytes Received By Job
	Partitionable Resources :    Usage  Request Allocated 
	   Cpus                 :     0.10        1         1 
	   Disk (KB)            :    39          15     43865 
	   Memory (MB)          :    20           1       128 
...
009 (22061557.000.000) 07/18 17:14:52 Job was aborted by the user.
	via condor_rm (by user krish.shah)
...
000 (22061558.000.000) 07/18 17:26:27 Job submitted from host: <10.2.11.2:9618?addrs=10.2.11.2-9618&noUDP&sock=1517334_7efc_29>
...
001 (22061558.000.000) 07/18 17:26:31 Job executing on host: <10.2.2.4:9618?addrs=10.2.2.4-9618&noUDP&sock=2278_18d5_3>
...
006 (22061558.000.000) 07/18 17:26:40 Image size of job updated: 31676
	21  -  MemoryUsage of job (MB)
	20540  -  ResidentSetSize of job (KB)
...
006 (22061558.000.000) 07/18 17:30:05 Image size of job updated: 474560
	21  -  MemoryUsage of job (MB)
	20540  -  ResidentSetSize of job (KB)
...
005 (22061558.000.000) 07/18 17:30:05 Job terminated.
	(1) Normal termination (return value 0)
		Usr 0 00:02:54, Sys 0 00:00:06  -  Run Remote Usage
		Usr 0 00:00:00, Sys 0 00:00:00  -  Run Local Usage
		Usr 0 00:02:54, Sys 0 00:00:06  -  Total Remote Usage
		Usr 0 00:00:00, Sys 0 00:00:00  -  Total Local Usage
	0  -  Run Bytes Sent By Job
	12711  -  Run Bytes Received By Job
	0  -  Total Bytes Sent By Job
	12711  -  Total Bytes Received By Job
	Partitionable Resources :    Usage  Request Allocated 
	   Cpus                 :        0        1         1 
	   Disk (KB)            :       39       15     40510 
	   Memory (MB)          :       21        1       128 
...
000 (22061559.000.000) 07/18 17:38:12 Job submitted from host: <10.2.11.2:9618?addrs=10.2.11.2-9618&noUDP&sock=1517334_7efc_29>
...
001 (22061559.000.000) 07/18 17:38:15 Job executing on host: <10.2.2.4:9618?addrs=10.2.2.4-9618&noUDP&sock=2278_18d5_3>
...
006 (22061559.000.000) 07/18 17:38:23 Image size of job updated: 472484
	115  -  MemoryUsage of job (MB)
	117640  -  ResidentSetSize of job (KB)
...
006 (22061559.000.000) 07/18 17:42:44 Image size of job updated: 474760
	115  -  MemoryUsage of job (MB)
	117640  -  ResidentSetSize of job (KB)
...
005 (22061559.000.000) 07/18 17:42:44 Job terminated.
	(1) Normal termination (return value 0)
		Usr 0 00:04:19, Sys 0 00:00:09  -  Run Remote Usage
		Usr 0 00:00:00, Sys 0 00:00:00  -  Run Local Usage
		Usr 0 00:04:19, Sys 0 00:00:09  -  Total Remote Usage
		Usr 0 00:00:00, Sys 0 00:00:00  -  Total Local Usage
	0  -  Run Bytes Sent By Job
	12711  -  Run Bytes Received By Job
	0  -  Total Bytes Sent By Job
	12711  -  Total Bytes Received By Job
	Partitionable Resources :    Usage  Request Allocated 
	   Cpus                 :     1.00        1         1 
	   Disk (KB)            :    39          15     40510 
	   Memory (MB)          :   115           1       128 
...
