000 (22061557.001.000) 07/18 17:11:04 Job submitted from host: <10.2.11.2:9618?addrs=10.2.11.2-9618&noUDP&sock=1517334_7efc_29>
...
001 (22061557.001.000) 07/18 17:11:11 Job executing on host: <10.2.2.28:9618?addrs=10.2.2.28-9618&noUDP&sock=1823_013d_3>
...
006 (22061557.001.000) 07/18 17:11:19 Image size of job updated: 28780
	19  -  MemoryUsage of job (MB)
	18580  -  ResidentSetSize of job (KB)
...
006 (22061557.001.000) 07/18 17:14:45 Image size of job updated: 474616
	19  -  MemoryUsage of job (MB)
	18580  -  ResidentSetSize of job (KB)
...
005 (22061557.001.000) 07/18 17:14:45 Job terminated.
	(1) Normal termination (return value 1)
		Usr 0 00:02:55, Sys 0 00:00:08  -  Run Remote Usage
		Usr 0 00:00:00, Sys 0 00:00:00  -  Run Local Usage
		Usr 0 00:02:55, Sys 0 00:00:08  -  Total Remote Usage
		Usr 0 00:00:00, Sys 0 00:00:00  -  Total Local Usage
	821  -  Run Bytes Sent By Job
	12687  -  Run Bytes Received By Job
	821  -  Total Bytes Sent By Job
	12687  -  Total Bytes Received By Job
	Partitionable Resources :    Usage  Request Allocated 
	   Cpus                 :     0.99        1         1 
	   Disk (KB)            :    40          15     35921 
	   Memory (MB)          :    19           1       128 
...
000 (22061558.001.000) 07/18 17:26:27 Job submitted from host: <10.2.11.2:9618?addrs=10.2.11.2-9618&noUDP&sock=1517334_7efc_29>
...
001 (22061558.001.000) 07/18 17:26:31 Job executing on host: <10.2.2.30:9618?addrs=10.2.2.30-9618&noUDP&sock=2217_418e_3>
...
006 (22061558.001.000) 07/18 17:26:40 Image size of job updated: 194232
	20  -  MemoryUsage of job (MB)
	20360  -  ResidentSetSize of job (KB)
...
006 (22061558.001.000) 07/18 17:31:41 Image size of job updated: 474564
	116  -  MemoryUsage of job (MB)
	117764  -  ResidentSetSize of job (KB)
...
006 (22061558.001.000) 07/18 17:33:23 Image size of job updated: 474564
	117  -  MemoryUsage of job (MB)
	118844  -  ResidentSetSize of job (KB)
...
005 (22061558.001.000) 07/18 17:33:23 Job terminated.
	(1) Normal termination (return value 0)
		Usr 0 00:06:10, Sys 0 00:00:11  -  Run Remote Usage
		Usr 0 00:00:00, Sys 0 00:00:00  -  Run Local Usage
		Usr 0 00:06:10, Sys 0 00:00:11  -  Total Remote Usage
		Usr 0 00:00:00, Sys 0 00:00:00  -  Total Local Usage
	0  -  Run Bytes Sent By Job
	12711  -  Run Bytes Received By Job
	0  -  Total Bytes Sent By Job
	12711  -  Total Bytes Received By Job
	Partitionable Resources :    Usage  Request Allocated 
	   Cpus                 :     0.99        1         1 
	   Disk (KB)            :    39          15     42899 
	   Memory (MB)          :   117           1       128 
...
000 (22061559.001.000) 07/18 17:38:12 Job submitted from host: <10.2.11.2:9618?addrs=10.2.11.2-9618&noUDP&sock=1517334_7efc_29>
...
001 (22061559.001.000) 07/18 17:38:19 Job executing on host: <10.2.2.30:9618?addrs=10.2.2.30-9618&noUDP&sock=2217_418e_3>
...
006 (22061559.001.000) 07/18 17:38:28 Image size of job updated: 474528
	115  -  MemoryUsage of job (MB)
	117644  -  ResidentSetSize of job (KB)
...
006 (22061559.001.000) 07/18 17:42:30 Image size of job updated: 475172
	115  -  MemoryUsage of job (MB)
	117644  -  ResidentSetSize of job (KB)
...
005 (22061559.001.000) 07/18 17:42:30 Job terminated.
	(1) Normal termination (return value 0)
		Usr 0 00:04:02, Sys 0 00:00:07  -  Run Remote Usage
		Usr 0 00:00:00, Sys 0 00:00:00  -  Run Local Usage
		Usr 0 00:04:02, Sys 0 00:00:07  -  Total Remote Usage
		Usr 0 00:00:00, Sys 0 00:00:00  -  Total Local Usage
	0  -  Run Bytes Sent By Job
	12711  -  Run Bytes Received By Job
	0  -  Total Bytes Sent By Job
	12711  -  Total Bytes Received By Job
	Partitionable Resources :    Usage  Request Allocated 
	   Cpus                 :     1.00        1         1 
	   Disk (KB)            :    39          15     42899 
	   Memory (MB)          :   115           1       128 
...
