000 (22061557.011.000) 07/18 17:11:04 Job submitted from host: <10.2.11.2:9618?addrs=10.2.11.2-9618&noUDP&sock=1517334_7efc_29>
...
001 (22061557.011.000) 07/18 17:11:11 Job executing on host: <10.2.3.15:9618?addrs=10.2.3.15-9618&noUDP&sock=22623_1324_3>
...
006 (22061557.011.000) 07/18 17:11:19 Image size of job updated: 30560
	20  -  MemoryUsage of job (MB)
	20476  -  ResidentSetSize of job (KB)
...
006 (22061557.011.000) 07/18 17:14:45 Image size of job updated: 474816
	20  -  MemoryUsage of job (MB)
	20476  -  ResidentSetSize of job (KB)
...
005 (22061557.011.000) 07/18 17:14:45 Job terminated.
	(1) Normal termination (return value 1)
		Usr 0 00:02:52, Sys 0 00:00:11  -  Run Remote Usage
		Usr 0 00:00:00, Sys 0 00:00:00  -  Run Local Usage
		Usr 0 00:02:52, Sys 0 00:00:11  -  Total Remote Usage
		Usr 0 00:00:00, Sys 0 00:00:00  -  Total Local Usage
	821  -  Run Bytes Sent By Job
	12687  -  Run Bytes Received By Job
	821  -  Total Bytes Sent By Job
	12687  -  Total Bytes Received By Job
	Partitionable Resources :    Usage  Request Allocated 
	   Cpus                 :     1.00        1         1 
	   Disk (KB)            :    40          15     69555 
	   Memory (MB)          :    20           1       128 
...
000 (22061558.011.000) 07/18 17:26:27 Job submitted from host: <10.2.11.2:9618?addrs=10.2.11.2-9618&noUDP&sock=1517334_7efc_29>
...
001 (22061558.011.000) 07/18 17:26:31 Job executing on host: <10.2.1.98:9618?addrs=10.2.1.98-9618&noUDP&sock=1797_2bc7_3>
...
006 (22061558.011.000) 07/18 17:26:40 Image size of job updated: 33604
	22  -  MemoryUsage of job (MB)
	22248  -  ResidentSetSize of job (KB)
...
006 (22061558.011.000) 07/18 17:29:26 Image size of job updated: 507664
	22  -  MemoryUsage of job (MB)
	22248  -  ResidentSetSize of job (KB)
...
005 (22061558.011.000) 07/18 17:29:26 Job terminated.
	(1) Normal termination (return value 0)
		Usr 0 00:02:13, Sys 0 00:00:12  -  Run Remote Usage
		Usr 0 00:00:00, Sys 0 00:00:00  -  Run Local Usage
		Usr 0 00:02:13, Sys 0 00:00:12  -  Total Remote Usage
		Usr 0 00:00:00, Sys 0 00:00:00  -  Total Local Usage
	0  -  Run Bytes Sent By Job
	12711  -  Run Bytes Received By Job
	0  -  Total Bytes Sent By Job
	12711  -  Total Bytes Received By Job
	Partitionable Resources :    Usage  Request Allocated 
	   Cpus                 :     1.00        1         1 
	   Disk (KB)            :    39          15     15051 
	   Memory (MB)          :    22           1       128 
...
000 (22061559.011.000) 07/18 17:38:12 Job submitted from host: <10.2.11.2:9618?addrs=10.2.11.2-9618&noUDP&sock=1517334_7efc_29>
...
001 (22061559.011.000) 07/18 17:38:14 Job executing on host: <10.2.1.65:9618?addrs=10.2.1.65-9618&noUDP&sock=1856_a3dd_3>
...
006 (22061559.011.000) 07/18 17:38:23 Image size of job updated: 189540
	25  -  MemoryUsage of job (MB)
	24832  -  ResidentSetSize of job (KB)
...
006 (22061559.011.000) 07/18 17:43:24 Image size of job updated: 513316
	126  -  MemoryUsage of job (MB)
	128168  -  ResidentSetSize of job (KB)
...
006 (22061559.011.000) 07/18 17:43:39 Image size of job updated: 513796
	126  -  MemoryUsage of job (MB)
	128168  -  ResidentSetSize of job (KB)
...
005 (22061559.011.000) 07/18 17:43:39 Job terminated.
	(1) Normal termination (return value 0)
		Usr 0 00:04:25, Sys 0 00:00:36  -  Run Remote Usage
		Usr 0 00:00:00, Sys 0 00:00:00  -  Run Local Usage
		Usr 0 00:04:25, Sys 0 00:00:36  -  Total Remote Usage
		Usr 0 00:00:00, Sys 0 00:00:00  -  Total Local Usage
	0  -  Run Bytes Sent By Job
	12711  -  Run Bytes Received By Job
	0  -  Total Bytes Sent By Job
	12711  -  Total Bytes Received By Job
	Partitionable Resources :    Usage  Request Allocated 
	   Cpus                 :     1.00        1         1 
	   Disk (KB)            :    39          15     13908 
	   Memory (MB)          :   126           1       128 
...
