000 (22061557.012.000) 07/18 17:11:04 Job submitted from host: <10.2.11.2:9618?addrs=10.2.11.2-9618&noUDP&sock=1517334_7efc_29>
...
001 (22061557.012.000) 07/18 17:11:11 Job executing on host: <10.2.3.49:9618?addrs=10.2.3.49-9618&noUDP&sock=23001_59f1_3>
...
006 (22061557.012.000) 07/18 17:11:19 Image size of job updated: 201460
	20  -  MemoryUsage of job (MB)
	20228  -  ResidentSetSize of job (KB)
...
006 (22061557.012.000) 07/18 17:14:34 Image size of job updated: 474632
	20  -  MemoryUsage of job (MB)
	20228  -  ResidentSetSize of job (KB)
...
005 (22061557.012.000) 07/18 17:14:34 Job terminated.
	(1) Normal termination (return value 1)
		Usr 0 00:02:42, Sys 0 00:00:10  -  Run Remote Usage
		Usr 0 00:00:00, Sys 0 00:00:00  -  Run Local Usage
		Usr 0 00:02:42, Sys 0 00:00:10  -  Total Remote Usage
		Usr 0 00:00:00, Sys 0 00:00:00  -  Total Local Usage
	821  -  Run Bytes Sent By Job
	12687  -  Run Bytes Received By Job
	821  -  Total Bytes Sent By Job
	12687  -  Total Bytes Received By Job
	Partitionable Resources :    Usage  Request Allocated 
	   Cpus                 :     0.99        1         1 
	   Disk (KB)            :    40          15     68413 
	   Memory (MB)          :    20           1       128 
...
000 (22061558.012.000) 07/18 17:26:27 Job submitted from host: <10.2.11.2:9618?addrs=10.2.11.2-9618&noUDP&sock=1517334_7efc_29>
...
001 (22061558.012.000) 07/18 17:26:31 Job executing on host: <10.2.1.93:9618?addrs=10.2.1.93-9618&noUDP&sock=1769_f720_3>
...
006 (22061558.012.000) 07/18 17:26:40 Image size of job updated: 134660
	21  -  MemoryUsage of job (MB)
	20684  -  ResidentSetSize of job (KB)
...
006 (22061558.012.000) 07/18 17:29:29 Image size of job updated: 513304
	21  -  MemoryUsage of job (MB)
	20684  -  ResidentSetSize of job (KB)
...
005 (22061558.012.000) 07/18 17:29:29 Job terminated.
	(1) Normal termination (return value 0)
		Usr 0 00:02:11, Sys 0 00:00:17  -  Run Remote Usage
		Usr 0 00:00:00, Sys 0 00:00:00  -  Run Local Usage
		Usr 0 00:02:11, Sys 0 00:00:17  -  Total Remote Usage
		Usr 0 00:00:00, Sys 0 00:00:00  -  Total Local Usage
	0  -  Run Bytes Sent By Job
	12711  -  Run Bytes Received By Job
	0  -  Total Bytes Sent By Job
	12711  -  Total Bytes Received By Job
	Partitionable Resources :    Usage  Request Allocated 
	   Cpus                 :     1.00        1         1 
	   Disk (KB)            :    39          15     12397 
	   Memory (MB)          :    21           1       128 
...
000 (22061559.012.000) 07/18 17:38:12 Job submitted from host: <10.2.11.2:9618?addrs=10.2.11.2-9618&noUDP&sock=1517334_7efc_29>
...
001 (22061559.012.000) 07/18 17:38:14 Job executing on host: <10.2.1.59:9618?addrs=10.2.1.59-9618&noUDP&sock=1985_1f95_3>
...
006 (22061559.012.000) 07/18 17:38:23 Image size of job updated: 134660
	25  -  MemoryUsage of job (MB)
	24832  -  ResidentSetSize of job (KB)
...
006 (22061559.012.000) 07/18 17:43:22 Image size of job updated: 517148
	25  -  MemoryUsage of job (MB)
	24832  -  ResidentSetSize of job (KB)
...
005 (22061559.012.000) 07/18 17:43:22 Job terminated.
	(1) Normal termination (return value 0)
		Usr 0 00:04:14, Sys 0 00:00:30  -  Run Remote Usage
		Usr 0 00:00:00, Sys 0 00:00:00  -  Run Local Usage
		Usr 0 00:04:14, Sys 0 00:00:30  -  Total Remote Usage
		Usr 0 00:00:00, Sys 0 00:00:00  -  Total Local Usage
	0  -  Run Bytes Sent By Job
	12711  -  Run Bytes Received By Job
	0  -  Total Bytes Sent By Job
	12711  -  Total Bytes Received By Job
	Partitionable Resources :    Usage  Request Allocated 
	   Cpus                 :     1.00        1         1 
	   Disk (KB)            :    39          15     15697 
	   Memory (MB)          :    25           1       128 
...
