000 (22061557.013.000) 07/18 17:11:04 Job submitted from host: <10.2.11.2:9618?addrs=10.2.11.2-9618&noUDP&sock=1517334_7efc_29>
...
001 (22061557.013.000) 07/18 17:11:11 Job executing on host: <10.2.3.8:9618?addrs=10.2.3.8-9618&noUDP&sock=22654_5694_3>
...
006 (22061557.013.000) 07/18 17:11:19 Image size of job updated: 188128
	19  -  MemoryUsage of job (MB)
	18588  -  ResidentSetSize of job (KB)
...
006 (22061557.013.000) 07/18 17:14:39 Image size of job updated: 474732
	19  -  MemoryUsage of job (MB)
	18592  -  ResidentSetSize of job (KB)
...
005 (22061557.013.000) 07/18 17:14:39 Job terminated.
	(1) Normal termination (return value 1)
		Usr 0 00:02:46, Sys 0 00:00:10  -  Run Remote Usage
		Usr 0 00:00:00, Sys 0 00:00:00  -  Run Local Usage
		Usr 0 00:02:46, Sys 0 00:00:10  -  Total Remote Usage
		Usr 0 00:00:00, Sys 0 00:00:00  -  Total Local Usage
	821  -  Run Bytes Sent By Job
	12687  -  Run Bytes Received By Job
	821  -  Total Bytes Sent By Job
	12687  -  Total Bytes Received By Job
	Partitionable Resources :    Usage  Request Allocated 
	   Cpus                 :     1.00        1         1 
	   Disk (KB)            :    40          15     69033 
	   Memory (MB)          :    19           1       128 
...
000 (22061558.013.000) 07/18 17:26:27 Job submitted from host: <10.2.11.2:9618?addrs=10.2.11.2-9618&noUDP&sock=1517334_7efc_29>
...
001 (22061558.013.000) 07/18 17:26:31 Job executing on host: <10.2.1.24:9618?addrs=10.2.1.24-9618&noUDP&sock=1831_7dff_3>
...
006 (22061558.013.000) 07/18 17:26:40 Image size of job updated: 193184
	22  -  MemoryUsage of job (MB)
	21892  -  ResidentSetSize of job (KB)
...
006 (22061558.013.000) 07/18 17:29:45 Image size of job updated: 513308
	22  -  MemoryUsage of job (MB)
	21892  -  ResidentSetSize of job (KB)
...
005 (22061558.013.000) 07/18 17:29:45 Job terminated.
	(1) Normal termination (return value 0)
		Usr 0 00:02:21, Sys 0 00:00:23  -  Run Remote Usage
		Usr 0 00:00:00, Sys 0 00:00:00  -  Run Local Usage
		Usr 0 00:02:21, Sys 0 00:00:23  -  Total Remote Usage
		Usr 0 00:00:00, Sys 0 00:00:00  -  Total Local Usage
	0  -  Run Bytes Sent By Job
	12711  -  Run Bytes Received By Job
	0  -  Total Bytes Sent By Job
	12711  -  Total Bytes Received By Job
	Partitionable Resources :    Usage  Request Allocated 
	   Cpus                 :        0        1         1 
	   Disk (KB)            :       39       15     15694 
	   Memory (MB)          :       22        1       128 
...
000 (22061559.013.000) 07/18 17:38:12 Job submitted from host: <10.2.11.2:9618?addrs=10.2.11.2-9618&noUDP&sock=1517334_7efc_29>
...
001 (22061559.013.000) 07/18 17:38:14 Job executing on host: <10.2.1.80:9618?addrs=10.2.1.80-9618&noUDP&sock=1826_1006_3>
...
006 (22061559.013.000) 07/18 17:38:23 Image size of job updated: 39368
	25  -  MemoryUsage of job (MB)
	24840  -  ResidentSetSize of job (KB)
...
006 (22061559.013.000) 07/18 17:42:42 Image size of job updated: 513308
	25  -  MemoryUsage of job (MB)
	24840  -  ResidentSetSize of job (KB)
...
005 (22061559.013.000) 07/18 17:42:42 Job terminated.
	(1) Normal termination (return value 0)
		Usr 0 00:03:43, Sys 0 00:00:20  -  Run Remote Usage
		Usr 0 00:00:00, Sys 0 00:00:00  -  Run Local Usage
		Usr 0 00:03:43, Sys 0 00:00:20  -  Total Remote Usage
		Usr 0 00:00:00, Sys 0 00:00:00  -  Total Local Usage
	0  -  Run Bytes Sent By Job
	12711  -  Run Bytes Received By Job
	0  -  Total Bytes Sent By Job
	12711  -  Total Bytes Received By Job
	Partitionable Resources :    Usage  Request Allocated 
	   Cpus                 :     0.38        1         1 
	   Disk (KB)            :    39          15     21625 
	   Memory (MB)          :    25           1       128 
...
