000 (22061557.014.000) 07/18 17:11:04 Job submitted from host: <10.2.11.2:9618?addrs=10.2.11.2-9618&noUDP&sock=1517334_7efc_29>
...
001 (22061557.014.000) 07/18 17:11:11 Job executing on host: <10.2.3.63:9618?addrs=10.2.3.63-9618&noUDP&sock=22652_f763_3>
...
006 (22061557.014.000) 07/18 17:11:19 Image size of job updated: 29392
	19  -  MemoryUsage of job (MB)
	19308  -  ResidentSetSize of job (KB)
...
006 (22061557.014.000) 07/18 17:14:52 Image size of job updated: 482772
	19  -  MemoryUsage of job (MB)
	19308  -  ResidentSetSize of job (KB)
...
004 (22061557.014.000) 07/18 17:14:52 Job was evicted.
	(0) Job was not checkpointed.
		Usr 0 00:03:00, Sys 0 00:00:10  -  Run Remote Usage
		Usr 0 00:00:00, Sys 0 00:00:00  -  Run Local Usage
	0  -  Run Bytes Sent By Job
	12687  -  Run Bytes Received By Job
	Partitionable Resources :    Usage  Request Allocated 
	   Cpus                 :        0        1         1 
	   Disk (KB)            :       39       15     69486 
	   Memory (MB)          :       19        1       128 
...
009 (22061557.014.000) 07/18 17:14:52 Job was aborted by the user.
	via condor_rm (by user krish.shah)
...
000 (22061558.014.000) 07/18 17:26:27 Job submitted from host: <10.2.11.2:9618?addrs=10.2.11.2-9618&noUDP&sock=1517334_7efc_29>
...
001 (22061558.014.000) 07/18 17:26:31 Job executing on host: <10.2.1.76:9618?addrs=10.2.1.76-9618&noUDP&sock=17446_1558_3>
...
006 (22061558.014.000) 07/18 17:26:40 Image size of job updated: 135524
	20  -  MemoryUsage of job (MB)
	20180  -  ResidentSetSize of job (KB)
...
006 (22061558.014.000) 07/18 17:29:13 Image size of job updated: 507344
	20  -  MemoryUsage of job (MB)
	20196  -  ResidentSetSize of job (KB)
...
005 (22061558.014.000) 07/18 17:29:13 Job terminated.
	(1) Normal termination (return value 0)
		Usr 0 00:02:01, Sys 0 00:00:11  -  Run Remote Usage
		Usr 0 00:00:00, Sys 0 00:00:00  -  Run Local Usage
		Usr 0 00:02:01, Sys 0 00:00:11  -  Total Remote Usage
		Usr 0 00:00:00, Sys 0 00:00:00  -  Total Local Usage
	0  -  Run Bytes Sent By Job
	12711  -  Run Bytes Received By Job
	0  -  Total Bytes Sent By Job
	12711  -  Total Bytes Received By Job
	Partitionable Resources :    Usage  Request Allocated 
	   Cpus                 :        0        1         1 
	   Disk (KB)            :       39       15     19612 
	   Memory (MB)          :       20        1       128 
...
000 (22061559.014.000) 07/18 17:38:12 Job submitted from host: <10.2.11.2:9618?addrs=10.2.11.2-9618&noUDP&sock=1517334_7efc_29>
...
001 (22061559.014.000) 07/18 17:38:14 Job executing on host: <10.2.1.34:9618?addrs=10.2.1.34-9618&noUDP&sock=1844_68ba_3>
...
006 (22061559.014.000) 07/18 17:38:23 Image size of job updated: 189796
	25  -  MemoryUsage of job (MB)
	25068  -  ResidentSetSize of job (KB)
...
006 (22061559.014.000) 07/18 17:42:15 Image size of job updated: 517152
	25  -  MemoryUsage of job (MB)
	25068  -  ResidentSetSize of job (KB)
...
005 (22061559.014.000) 07/18 17:42:15 Job terminated.
	(1) Normal termination (return value 0)
		Usr 0 00:03:19, Sys 0 00:00:18  -  Run Remote Usage
		Usr 0 00:00:00, Sys 0 00:00:00  -  Run Local Usage
		Usr 0 00:03:19, Sys 0 00:00:18  -  Total Remote Usage
		Usr 0 00:00:00, Sys 0 00:00:00  -  Total Local Usage
	0  -  Run Bytes Sent By Job
	12711  -  Run Bytes Received By Job
	0  -  Total Bytes Sent By Job
	12711  -  Total Bytes Received By Job
	Partitionable Resources :    Usage  Request Allocated 
	   Cpus                 :     1.00        1         1 
	   Disk (KB)            :    39          15     16636 
	   Memory (MB)          :    25           1       128 
...
