000 (22061557.016.000) 07/18 17:11:04 Job submitted from host: <10.2.11.2:9618?addrs=10.2.11.2-9618&noUDP&sock=1517334_7efc_29>
...
001 (22061557.016.000) 07/18 17:11:11 Job executing on host: <10.2.3.38:9618?addrs=10.2.3.38-9618&noUDP&sock=22574_7700_3>
...
006 (22061557.016.000) 07/18 17:11:19 Image size of job updated: 20232
	15  -  MemoryUsage of job (MB)
	14484  -  ResidentSetSize of job (KB)
...
006 (22061557.016.000) 07/18 17:14:52 Image size of job updated: 484380
	15  -  MemoryUsage of job (MB)
	14484  -  ResidentSetSize of job (KB)
...
004 (22061557.016.000) 07/18 17:14:52 Job was evicted.
	(0) Job was not checkpointed.
		Usr 0 00:02:19, Sys 0 00:00:15  -  Run Remote Usage
		Usr 0 00:00:00, Sys 0 00:00:00  -  Run Local Usage
	0  -  Run Bytes Sent By Job
	12687  -  Run Bytes Received By Job
	Partitionable Resources :    Usage  Request Allocated 
	   Cpus                 :     0.99        1         1 
	   Disk (KB)            :    39          15     64287 
	   Memory (MB)          :    15           1       128 
...
009 (22061557.016.000) 07/18 17:14:52 Job was aborted by the user.
	via condor_rm (by user krish.shah)
...
000 (22061558.016.000) 07/18 17:26:27 Job submitted from host: <10.2.11.2:9618?addrs=10.2.11.2-9618&noUDP&sock=1517334_7efc_29>
...
001 (22061558.016.000) 07/18 17:26:31 Job executing on host: <10.2.1.13:9618?addrs=10.2.1.13-9618&noUDP&sock=1844_68ba_3>
...
006 (22061558.016.000) 07/18 17:26:40 Image size of job updated: 140896
	22  -  MemoryUsage of job (MB)
	21624  -  ResidentSetSize of job (KB)
...
006 (22061558.016.000) 07/18 17:28:54 Image size of job updated: 507248
	22  -  MemoryUsage of job (MB)
	21624  -  ResidentSetSize of job (KB)
...
005 (22061558.016.000) 07/18 17:28:54 Job terminated.
	(1) Normal termination (return value 0)
		Usr 0 00:01:45, Sys 0 00:00:08  -  Run Remote Usage
		Usr 0 00:00:00, Sys 0 00:00:00  -  Run Local Usage
		Usr 0 00:01:45, Sys 0 00:00:08  -  Total Remote Usage
		Usr 0 00:00:00, Sys 0 00:00:00  -  Total Local Usage
	0  -  Run Bytes Sent By Job
	12711  -  Run Bytes Received By Job
	0  -  Total Bytes Sent By Job
	12711  -  Total Bytes Received By Job
	Partitionable Resources :    Usage  Request Allocated 
	   Cpus                 :     0.02        1         1 
	   Disk (KB)            :    39          15     15612 
	   Memory (MB)          :    22           1       128 
...
000 (22061559.016.000) 07/18 17:38:12 Job submitted from host: <10.2.11.2:9618?addrs=10.2.11.2-9618&noUDP&sock=1517334_7efc_29>
...
001 (22061559.016.000) 07/18 17:38:14 Job executing on host: <10.2.1.67:9618?addrs=10.2.1.67-9618&noUDP&sock=2060_912f_3>
...
006 (22061559.016.000) 07/18 17:38:23 Image size of job updated: 40220
	26  -  MemoryUsage of job (MB)
	25888  -  ResidentSetSize of job (KB)
...
006 (22061559.016.000) 07/18 17:42:56 Image size of job updated: 513232
	26  -  MemoryUsage of job (MB)
	25888  -  ResidentSetSize of job (KB)
...
005 (22061559.016.000) 07/18 17:42:56 Job terminated.
	(1) Normal termination (return value 0)
		Usr 0 00:03:51, Sys 0 00:00:26  -  Run Remote Usage
		Usr 0 00:00:00, Sys 0 00:00:00  -  Run Local Usage
		Usr 0 00:03:51, Sys 0 00:00:26  -  Total Remote Usage
		Usr 0 00:00:00, Sys 0 00:00:00  -  Total Local Usage
	0  -  Run Bytes Sent By Job
	12711  -  Run Bytes Received By Job
	0  -  Total Bytes Sent By Job
	12711  -  Total Bytes Received By Job
	Partitionable Resources :    Usage  Request Allocated 
	   Cpus                 :     1.00        1         1 
	   Disk (KB)            :    39          15     13403 
	   Memory (MB)          :    26           1       128 
...
