000 (22061557.018.000) 07/18 17:11:04 Job submitted from host: <10.2.11.2:9618?addrs=10.2.11.2-9618&noUDP&sock=1517334_7efc_29>
...
001 (22061557.018.000) 07/18 17:11:11 Job executing on host: <10.2.3.18:9618?addrs=10.2.3.18-9618&noUDP&sock=22980_f273_3>
...
006 (22061557.018.000) 07/18 17:11:19 Image size of job updated: 30516
	20  -  MemoryUsage of job (MB)
	20316  -  ResidentSetSize of job (KB)
...
006 (22061557.018.000) 07/18 17:14:52 Image size of job updated: 480536
	20  -  MemoryUsage of job (MB)
	20316  -  ResidentSetSize of job (KB)
...
004 (22061557.018.000) 07/18 17:14:52 Job was evicted.
	(0) Job was not checkpointed.
		Usr 0 00:02:56, Sys 0 00:00:13  -  Run Remote Usage
		Usr 0 00:00:00, Sys 0 00:00:00  -  Run Local Usage
	0  -  Run Bytes Sent By Job
	12687  -  Run Bytes Received By Job
	Partitionable Resources :    Usage  Request Allocated 
	   Cpus                 :        0        1         1 
	   Disk (KB)            :       39       15     69387 
	   Memory (MB)          :       20        1       128 
...
009 (22061557.018.000) 07/18 17:14:52 Job was aborted by the user.
	via condor_rm (by user krish.shah)
...
000 (22061558.018.000) 07/18 17:26:27 Job submitted from host: <10.2.11.2:9618?addrs=10.2.11.2-9618&noUDP&sock=1517334_7efc_29>
...
001 (22061558.018.000) 07/18 17:26:31 Job executing on host: <10.2.1.69:9618?addrs=10.2.1.69-9618&noUDP&sock=1829_1ecf_3>
...
006 (22061558.018.000) 07/18 17:26:40 Image size of job updated: 205068
	21  -  MemoryUsage of job (MB)
	20700  -  ResidentSetSize of job (KB)
...
006 (22061558.018.000) 07/18 17:29:58 Image size of job updated: 513308
	21  -  MemoryUsage of job (MB)
	20700  -  ResidentSetSize of job (KB)
...
005 (22061558.018.000) 07/18 17:29:58 Job terminated.
	(1) Normal termination (return value 0)
		Usr 0 00:02:35, Sys 0 00:00:22  -  Run Remote Usage
		Usr 0 00:00:00, Sys 0 00:00:00  -  Run Local Usage
		Usr 0 00:02:35, Sys 0 00:00:22  -  Total Remote Usage
		Usr 0 00:00:00, Sys 0 00:00:00  -  Total Local Usage
	0  -  Run Bytes Sent By Job
	12711  -  Run Bytes Received By Job
	0  -  Total Bytes Sent By Job
	12711  -  Total Bytes Received By Job
	Partitionable Resources :    Usage  Request Allocated 
	   Cpus                 :        0        1         1 
	   Disk (KB)            :       39       15     17008 
	   Memory (MB)          :       21        1       128 
...
000 (22061559.018.000) 07/18 17:38:12 Job submitted from host: <10.2.11.2:9618?addrs=10.2.11.2-9618&noUDP&sock=1517334_7efc_29>
...
001 (22061559.018.000) 07/18 17:38:14 Job executing on host: <10.2.1.30:9618?addrs=10.2.1.30-9618&noUDP&sock=1864_209f_3>
...
006 (22061559.018.000) 07/18 17:38:23 Image size of job updated: 39164
	25  -  MemoryUsage of job (MB)
	24836  -  ResidentSetSize of job (KB)
...
006 (22061559.018.000) 07/18 17:43:24 Image size of job updated: 513312
	117  -  MemoryUsage of job (MB)
	119200  -  ResidentSetSize of job (KB)
...
006 (22061559.018.000) 07/18 17:43:30 Image size of job updated: 513312
	119  -  MemoryUsage of job (MB)
	121328  -  ResidentSetSize of job (KB)
...
005 (22061559.018.000) 07/18 17:43:30 Job terminated.
	(1) Normal termination (return value 0)
		Usr 0 00:04:12, Sys 0 00:00:39  -  Run Remote Usage
		Usr 0 00:00:00, Sys 0 00:00:00  -  Run Local Usage
		Usr 0 00:04:12, Sys 0 00:00:39  -  Total Remote Usage
		Usr 0 00:00:00, Sys 0 00:00:00  -  Total Local Usage
	0  -  Run Bytes Sent By Job
	12711  -  Run Bytes Received By Job
	0  -  Total Bytes Sent By Job
	12711  -  Total Bytes Received By Job
	Partitionable Resources :    Usage  Request Allocated 
	   Cpus                 :     1.00        1         1 
	   Disk (KB)            :    39          15     12136 
	   Memory (MB)          :   119           1       128 
...
