000 (22061557.019.000) 07/18 17:11:04 Job submitted from host: <10.2.11.2:9618?addrs=10.2.11.2-9618&noUDP&sock=1517334_7efc_29>
...
001 (22061557.019.000) 07/18 17:11:11 Job executing on host: <10.2.3.66:9618?addrs=10.2.3.66-9618&noUDP&sock=23191_acef_3>
...
006 (22061557.019.000) 07/18 17:11:19 Image size of job updated: 188128
	20  -  MemoryUsage of job (MB)
	19924  -  ResidentSetSize of job (KB)
...
006 (22061557.019.000) 07/18 17:14:18 Image size of job updated: 474660
	20  -  MemoryUsage of job (MB)
	19928  -  ResidentSetSize of job (KB)
...
005 (22061557.019.000) 07/18 17:14:18 Job terminated.
	(1) Normal termination (return value 1)
		Usr 0 00:02:30, Sys 0 00:00:06  -  Run Remote Usage
		Usr 0 00:00:00, Sys 0 00:00:00  -  Run Local Usage
		Usr 0 00:02:30, Sys 0 00:00:06  -  Total Remote Usage
		Usr 0 00:00:00, Sys 0 00:00:00  -  Total Local Usage
	821  -  Run Bytes Sent By Job
	12687  -  Run Bytes Received By Job
	821  -  Total Bytes Sent By Job
	12687  -  Total Bytes Received By Job
	Partitionable Resources :    Usage  Request Allocated 
	   Cpus                 :     1.00        1         1 
	   Disk (KB)            :    40          15     67635 
	   Memory (MB)          :    20           1       128 
...
000 (22061558.019.000) 07/18 17:26:27 Job submitted from host: <10.2.11.2:9618?addrs=10.2.11.2-9618&noUDP&sock=1517334_7efc_29>
...
001 (22061558.019.000) 07/18 17:26:31 Job executing on host: <10.2.1.62:9618?addrs=10.2.1.62-9618&noUDP&sock=1964_b818_3>
...
006 (22061558.019.000) 07/18 17:26:40 Image size of job updated: 134660
	20  -  MemoryUsage of job (MB)
	20188  -  ResidentSetSize of job (KB)
...
006 (22061558.019.000) 07/18 17:31:41 Image size of job updated: 515332
	116  -  MemoryUsage of job (MB)
	118352  -  ResidentSetSize of job (KB)
...
005 (22061558.019.000) 07/18 17:31:56 Job terminated.
	(1) Normal termination (return value 0)
		Usr 0 00:04:07, Sys 0 00:00:48  -  Run Remote Usage
		Usr 0 00:00:00, Sys 0 00:00:00  -  Run Local Usage
		Usr 0 00:04:07, Sys 0 00:00:48  -  Total Remote Usage
		Usr 0 00:00:00, Sys 0 00:00:00  -  Total Local Usage
	0  -  Run Bytes Sent By Job
	12711  -  Run Bytes Received By Job
	0  -  Total Bytes Sent By Job
	12711  -  Total Bytes Received By Job
	Partitionable Resources :    Usage  Request Allocated 
	   Cpus                 :     1.00        1         1 
	   Disk (KB)            :    39          15     13448 
	   Memory (MB)          :   116           1       128 
...
000 (22061559.019.000) 07/18 17:38:12 Job submitted from host: <10.2.11.2:9618?addrs=10.2.11.2-9618&noUDP&sock=1517334_7efc_29>
...
001 (22061559.019.000) 07/18 17:38:14 Job executing on host: <10.2.1.17:9618?addrs=10.2.1.17-9618&noUDP&sock=1871_edc9_3>
...
006 (22061559.019.000) 07/18 17:38:23 Image size of job updated: 205068
	25  -  MemoryUsage of job (MB)
	25252  -  ResidentSetSize of job (KB)
...
006 (22061559.019.000) 07/18 17:43:24 Image size of job updated: 513884
	117  -  MemoryUsage of job (MB)
	118936  -  ResidentSetSize of job (KB)
...
005 (22061559.019.000) 07/18 17:43:24 Job terminated.
	(1) Normal termination (return value 0)
		Usr 0 00:04:23, Sys 0 00:00:23  -  Run Remote Usage
		Usr 0 00:00:00, Sys 0 00:00:00  -  Run Local Usage
		Usr 0 00:04:23, Sys 0 00:00:23  -  Total Remote Usage
		Usr 0 00:00:00, Sys 0 00:00:00  -  Total Local Usage
	0  -  Run Bytes Sent By Job
	12711  -  Run Bytes Received By Job
	0  -  Total Bytes Sent By Job
	12711  -  Total Bytes Received By Job
	Partitionable Resources :    Usage  Request Allocated 
	   Cpus                 :     1.00        1         1 
	   Disk (KB)            :    39          15     16332 
	   Memory (MB)          :   117           1       128 
...
