000 (22061557.002.000) 07/18 17:11:04 Job submitted from host: <10.2.11.2:9618?addrs=10.2.11.2-9618&noUDP&sock=1517334_7efc_29>
...
001 (22061557.002.000) 07/18 17:11:11 Job executing on host: <10.2.2.10:9618?addrs=10.2.2.10-9618&noUDP&sock=1842_098a_3>
...
006 (22061557.002.000) 07/18 17:11:20 Image size of job updated: 188232
	21  -  MemoryUsage of job (MB)
	20812  -  ResidentSetSize of job (KB)
...
006 (22061557.002.000) 07/18 17:14:07 Image size of job updated: 474560
	21  -  MemoryUsage of job (MB)
	20812  -  ResidentSetSize of job (KB)
...
005 (22061557.002.000) 07/18 17:14:07 Job terminated.
	(1) Normal termination (return value 1)
		Usr 0 00:02:18, Sys 0 00:00:07  -  Run Remote Usage
		Usr 0 00:00:00, Sys 0 00:00:00  -  Run Local Usage
		Usr 0 00:02:18, Sys 0 00:00:07  -  Total Remote Usage
		Usr 0 00:00:00, Sys 0 00:00:00  -  Total Local Usage
	821  -  Run Bytes Sent By Job
	12687  -  Run Bytes Received By Job
	821  -  Total Bytes Sent By Job
	12687  -  Total Bytes Received By Job
	Partitionable Resources :    Usage  Request Allocated 
	   Cpus                 :     0.01        1         1 
	   Disk (KB)            :    40          15     40627 
	   Memory (MB)          :    21           1       128 
...
000 (22061558.002.000) 07/18 17:26:27 Job submitted from host: <10.2.11.2:9618?addrs=10.2.11.2-9618&noUDP&sock=1517334_7efc_29>
...
001 (22061558.002.000) 07/18 17:26:31 Job executing on host: <10.2.1.97:9618?addrs=10.2.1.97-9618&noUDP&sock=1806_5821_3>
...
006 (22061558.002.000) 07/18 17:26:40 Image size of job updated: 188124
	22  -  MemoryUsage of job (MB)
	21876  -  ResidentSetSize of job (KB)
...
006 (22061558.002.000) 07/18 17:29:31 Image size of job updated: 505440
	22  -  MemoryUsage of job (MB)
	21876  -  ResidentSetSize of job (KB)
...
005 (22061558.002.000) 07/18 17:29:31 Job terminated.
	(1) Normal termination (return value 0)
		Usr 0 00:02:20, Sys 0 00:00:10  -  Run Remote Usage
		Usr 0 00:00:00, Sys 0 00:00:00  -  Run Local Usage
		Usr 0 00:02:20, Sys 0 00:00:10  -  Total Remote Usage
		Usr 0 00:00:00, Sys 0 00:00:00  -  Total Local Usage
	0  -  Run Bytes Sent By Job
	12711  -  Run Bytes Received By Job
	0  -  Total Bytes Sent By Job
	12711  -  Total Bytes Received By Job
	Partitionable Resources :    Usage  Request Allocated 
	   Cpus                 :     0.01        1         1 
	   Disk (KB)            :    39          15     14213 
	   Memory (MB)          :    22           1       128 
...
000 (22061559.002.000) 07/18 17:38:12 Job submitted from host: <10.2.11.2:9618?addrs=10.2.11.2-9618&noUDP&sock=1517334_7efc_29>
...
001 (22061559.002.000) 07/18 17:38:14 Job executing on host: <10.2.1.24:9618?addrs=10.2.1.24-9618&noUDP&sock=1831_7dff_3>
...
006 (22061559.002.000) 07/18 17:38:23 Image size of job updated: 507188
	115  -  MemoryUsage of job (MB)
	117656  -  ResidentSetSize of job (KB)
...
006 (22061559.002.000) 07/18 17:41:26 Image size of job updated: 507224
	115  -  MemoryUsage of job (MB)
	117656  -  ResidentSetSize of job (KB)
...
005 (22061559.002.000) 07/18 17:41:26 Job terminated.
	(1) Normal termination (return value 0)
		Usr 0 00:02:58, Sys 0 00:00:11  -  Run Remote Usage
		Usr 0 00:00:00, Sys 0 00:00:00  -  Run Local Usage
		Usr 0 00:02:58, Sys 0 00:00:11  -  Total Remote Usage
		Usr 0 00:00:00, Sys 0 00:00:00  -  Total Local Usage
	0  -  Run Bytes Sent By Job
	12711  -  Run Bytes Received By Job
	0  -  Total Bytes Sent By Job
	12711  -  Total Bytes Received By Job
	Partitionable Resources :    Usage  Request Allocated 
	   Cpus                 :     1.00        1         1 
	   Disk (KB)            :    39          15     15694 
	   Memory (MB)          :   115           1       128 
...
