000 (22061557.020.000) 07/18 17:11:04 Job submitted from host: <10.2.11.2:9618?addrs=10.2.11.2-9618&noUDP&sock=1517334_7efc_29>
...
001 (22061557.020.000) 07/18 17:11:11 Job executing on host: <10.2.3.21:9618?addrs=10.2.3.21-9618&noUDP&sock=23207_a673_3>
...
006 (22061557.020.000) 07/18 17:11:19 Image size of job updated: 29632
	20  -  MemoryUsage of job (MB)
	19460  -  ResidentSetSize of job (KB)
...
006 (22061557.020.000) 07/18 17:14:52 Image size of job updated: 484400
	20  -  MemoryUsage of job (MB)
	19460  -  ResidentSetSize of job (KB)
...
004 (22061557.020.000) 07/18 17:14:52 Job was evicted.
	(0) Job was not checkpointed.
		Usr 0 00:02:55, Sys 0 00:00:14  -  Run Remote Usage
		Usr 0 00:00:00, Sys 0 00:00:00  -  Run Local Usage
	0  -  Run Bytes Sent By Job
	12687  -  Run Bytes Received By Job
	Partitionable Resources :    Usage  Request Allocated 
	   Cpus                 :     1.00        1         1 
	   Disk (KB)            :    39          15     70426 
	   Memory (MB)          :    20           1       128 
...
009 (22061557.020.000) 07/18 17:14:52 Job was aborted by the user.
	via condor_rm (by user krish.shah)
...
000 (22061558.020.000) 07/18 17:26:27 Job submitted from host: <10.2.11.2:9618?addrs=10.2.11.2-9618&noUDP&sock=1517334_7efc_29>
...
001 (22061558.020.000) 07/18 17:26:31 Job executing on host: <10.2.1.11:9618?addrs=10.2.1.11-9618&noUDP&sock=1878_baf3_3>
...
006 (22061558.020.000) 07/18 17:26:40 Image size of job updated: 33024
	22  -  MemoryUsage of job (MB)
	21648  -  ResidentSetSize of job (KB)
...
006 (22061558.020.000) 07/18 17:30:27 Image size of job updated: 513300
	22  -  MemoryUsage of job (MB)
	21648  -  ResidentSetSize of job (KB)
...
005 (22061558.020.000) 07/18 17:30:27 Job terminated.
	(1) Normal termination (return value 0)
		Usr 0 00:02:56, Sys 0 00:00:29  -  Run Remote Usage
		Usr 0 00:00:00, Sys 0 00:00:00  -  Run Local Usage
		Usr 0 00:02:56, Sys 0 00:00:29  -  Total Remote Usage
		Usr 0 00:00:00, Sys 0 00:00:00  -  Total Local Usage
	0  -  Run Bytes Sent By Job
	12711  -  Run Bytes Received By Job
	0  -  Total Bytes Sent By Job
	12711  -  Total Bytes Received By Job
	Partitionable Resources :    Usage  Request Allocated 
	   Cpus                 :        0        1         1 
	   Disk (KB)            :       39       15     12198 
	   Memory (MB)          :       22        1       128 
...
000 (22061559.020.000) 07/18 17:38:12 Job submitted from host: <10.2.11.2:9618?addrs=10.2.11.2-9618&noUDP&sock=1517334_7efc_29>
...
001 (22061559.020.000) 07/18 17:38:14 Job executing on host: <10.2.1.48:9618?addrs=10.2.1.48-9618&noUDP&sock=1826_1006_3>
...
006 (22061559.020.000) 07/18 17:38:23 Image size of job updated: 189796
	25  -  MemoryUsage of job (MB)
	24764  -  ResidentSetSize of job (KB)
...
006 (22061559.020.000) 07/18 17:41:46 Image size of job updated: 507304
	25  -  MemoryUsage of job (MB)
	24764  -  ResidentSetSize of job (KB)
...
005 (22061559.020.000) 07/18 17:41:46 Job terminated.
	(1) Normal termination (return value 0)
		Usr 0 00:02:54, Sys 0 00:00:14  -  Run Remote Usage
		Usr 0 00:00:00, Sys 0 00:00:00  -  Run Local Usage
		Usr 0 00:02:54, Sys 0 00:00:14  -  Total Remote Usage
		Usr 0 00:00:00, Sys 0 00:00:00  -  Total Local Usage
	0  -  Run Bytes Sent By Job
	12711  -  Run Bytes Received By Job
	0  -  Total Bytes Sent By Job
	12711  -  Total Bytes Received By Job
	Partitionable Resources :    Usage  Request Allocated 
	   Cpus                 :     1.00        1         1 
	   Disk (KB)            :    39          15     14795 
	   Memory (MB)          :    25           1       128 
...
