000 (22061557.022.000) 07/18 17:11:04 Job submitted from host: <10.2.11.2:9618?addrs=10.2.11.2-9618&noUDP&sock=1517334_7efc_29>
...
001 (22061557.022.000) 07/18 17:11:11 Job executing on host: <10.2.3.6:9618?addrs=10.2.3.6-9618&noUDP&sock=22631_8fe6_3>
...
006 (22061557.022.000) 07/18 17:11:19 Image size of job updated: 203860
	19  -  MemoryUsage of job (MB)
	18652  -  ResidentSetSize of job (KB)
...
006 (22061557.022.000) 07/18 17:14:52 Image size of job updated: 482784
	19  -  MemoryUsage of job (MB)
	18652  -  ResidentSetSize of job (KB)
...
004 (22061557.022.000) 07/18 17:14:52 Job was evicted.
	(0) Job was not checkpointed.
		Usr 0 00:03:00, Sys 0 00:00:10  -  Run Remote Usage
		Usr 0 00:00:00, Sys 0 00:00:00  -  Run Local Usage
	0  -  Run Bytes Sent By Job
	12687  -  Run Bytes Received By Job
	Partitionable Resources :    Usage  Request Allocated 
	   Cpus                 :        0        1         1 
	   Disk (KB)            :       39       15     69860 
	   Memory (MB)          :       19        1       128 
...
009 (22061557.022.000) 07/18 17:14:52 Job was aborted by the user.
	via condor_rm (by user krish.shah)
...
000 (22061558.022.000) 07/18 17:26:27 Job submitted from host: <10.2.11.2:9618?addrs=10.2.11.2-9618&noUDP&sock=1517334_7efc_29>
...
001 (22061558.022.000) 07/18 17:26:31 Job executing on host: <10.2.1.23:9618?addrs=10.2.1.23-9618&noUDP&sock=1837_9b90_3>
...
006 (22061558.022.000) 07/18 17:26:40 Image size of job updated: 33576
	22  -  MemoryUsage of job (MB)
	22200  -  ResidentSetSize of job (KB)
...
006 (22061558.022.000) 07/18 17:29:40 Image size of job updated: 507228
	22  -  MemoryUsage of job (MB)
	22200  -  ResidentSetSize of job (KB)
...
005 (22061558.022.000) 07/18 17:29:40 Job terminated.
	(1) Normal termination (return value 0)
		Usr 0 00:02:29, Sys 0 00:00:10  -  Run Remote Usage
		Usr 0 00:00:00, Sys 0 00:00:00  -  Run Local Usage
		Usr 0 00:02:29, Sys 0 00:00:10  -  Total Remote Usage
		Usr 0 00:00:00, Sys 0 00:00:00  -  Total Local Usage
	0  -  Run Bytes Sent By Job
	12711  -  Run Bytes Received By Job
	0  -  Total Bytes Sent By Job
	12711  -  Total Bytes Received By Job
	Partitionable Resources :    Usage  Request Allocated 
	   Cpus                 :     0.02        1         1 
	   Disk (KB)            :    39          15     12342 
	   Memory (MB)          :    22           1       128 
...
000 (22061559.022.000) 07/18 17:38:12 Job submitted from host: <10.2.11.2:9618?addrs=10.2.11.2-9618&noUDP&sock=1517334_7efc_29>
...
001 (22061559.022.000) 07/18 17:38:14 Job executing on host: <10.2.1.44:9618?addrs=10.2.1.44-9618&noUDP&sock=1830_ce67_3>
...
006 (22061559.022.000) 07/18 17:38:23 Image size of job updated: 39220
	25  -  MemoryUsage of job (MB)
	24888  -  ResidentSetSize of job (KB)
...
006 (22061559.022.000) 07/18 17:42:13 Image size of job updated: 507372
	25  -  MemoryUsage of job (MB)
	24888  -  ResidentSetSize of job (KB)
...
005 (22061559.022.000) 07/18 17:42:13 Job terminated.
	(1) Normal termination (return value 0)
		Usr 0 00:03:20, Sys 0 00:00:15  -  Run Remote Usage
		Usr 0 00:00:00, Sys 0 00:00:00  -  Run Local Usage
		Usr 0 00:03:20, Sys 0 00:00:15  -  Total Remote Usage
		Usr 0 00:00:00, Sys 0 00:00:00  -  Total Local Usage
	0  -  Run Bytes Sent By Job
	12711  -  Run Bytes Received By Job
	0  -  Total Bytes Sent By Job
	12711  -  Total Bytes Received By Job
	Partitionable Resources :    Usage  Request Allocated 
	   Cpus                 :     1.00        1         1 
	   Disk (KB)            :    39          15     13780 
	   Memory (MB)          :    25           1       128 
...
