000 (22061557.024.000) 07/18 17:11:04 Job submitted from host: <10.2.11.2:9618?addrs=10.2.11.2-9618&noUDP&sock=1517334_7efc_29>
...
001 (22061557.024.000) 07/18 17:11:11 Job executing on host: <10.2.3.73:9618?addrs=10.2.3.73-9618&noUDP&sock=22980_f273_3>
...
006 (22061557.024.000) 07/18 17:11:19 Image size of job updated: 29904
	20  -  MemoryUsage of job (MB)
	19696  -  ResidentSetSize of job (KB)
...
006 (22061557.024.000) 07/18 17:14:52 Image size of job updated: 480988
	20  -  MemoryUsage of job (MB)
	19696  -  ResidentSetSize of job (KB)
...
004 (22061557.024.000) 07/18 17:14:52 Job was evicted.
	(0) Job was not checkpointed.
		Usr 0 00:02:58, Sys 0 00:00:12  -  Run Remote Usage
		Usr 0 00:00:00, Sys 0 00:00:00  -  Run Local Usage
	0  -  Run Bytes Sent By Job
	12687  -  Run Bytes Received By Job
	Partitionable Resources :    Usage  Request Allocated 
	   Cpus                 :     0.99        1         1 
	   Disk (KB)            :    39          15     61376 
	   Memory (MB)          :    20           1       128 
...
009 (22061557.024.000) 07/18 17:14:52 Job was aborted by the user.
	via condor_rm (by user krish.shah)
...
000 (22061558.024.000) 07/18 17:26:27 Job submitted from host: <10.2.11.2:9618?addrs=10.2.11.2-9618&noUDP&sock=1517334_7efc_29>
...
001 (22061558.024.000) 07/18 17:26:31 Job executing on host: <10.2.1.39:9618?addrs=10.2.1.39-9618&noUDP&sock=1840_aa59_3>
...
006 (22061558.024.000) 07/18 17:26:40 Image size of job updated: 189796
	21  -  MemoryUsage of job (MB)
	20732  -  ResidentSetSize of job (KB)
...
006 (22061558.024.000) 07/18 17:30:03 Image size of job updated: 513312
	21  -  MemoryUsage of job (MB)
	20732  -  ResidentSetSize of job (KB)
...
005 (22061558.024.000) 07/18 17:30:03 Job terminated.
	(1) Normal termination (return value 0)
		Usr 0 00:02:39, Sys 0 00:00:22  -  Run Remote Usage
		Usr 0 00:00:00, Sys 0 00:00:00  -  Run Local Usage
		Usr 0 00:02:39, Sys 0 00:00:22  -  Total Remote Usage
		Usr 0 00:00:00, Sys 0 00:00:00  -  Total Local Usage
	0  -  Run Bytes Sent By Job
	12711  -  Run Bytes Received By Job
	0  -  Total Bytes Sent By Job
	12711  -  Total Bytes Received By Job
	Partitionable Resources :    Usage  Request Allocated 
	   Cpus                 :        0        1         1 
	   Disk (KB)            :       39       15     13511 
	   Memory (MB)          :       21        1       128 
...
000 (22061559.024.000) 07/18 17:38:12 Job submitted from host: <10.2.11.2:9618?addrs=10.2.11.2-9618&noUDP&sock=1517334_7efc_29>
...
001 (22061559.024.000) 07/18 17:38:14 Job executing on host: <10.2.1.27:9618?addrs=10.2.1.27-9618&noUDP&sock=2016_6304_3>
...
006 (22061559.024.000) 07/18 17:38:23 Image size of job updated: 232456
	26  -  MemoryUsage of job (MB)
	25936  -  ResidentSetSize of job (KB)
...
006 (22061559.024.000) 07/18 17:43:24 Image size of job updated: 518648
	125  -  MemoryUsage of job (MB)
	127144  -  ResidentSetSize of job (KB)
...
005 (22061559.024.000) 07/18 17:44:14 Job terminated.
	(1) Normal termination (return value 0)
		Usr 0 00:05:14, Sys 0 00:00:22  -  Run Remote Usage
		Usr 0 00:00:00, Sys 0 00:00:00  -  Run Local Usage
		Usr 0 00:05:14, Sys 0 00:00:22  -  Total Remote Usage
		Usr 0 00:00:00, Sys 0 00:00:00  -  Total Local Usage
	0  -  Run Bytes Sent By Job
	12711  -  Run Bytes Received By Job
	0  -  Total Bytes Sent By Job
	12711  -  Total Bytes Received By Job
	Partitionable Resources :    Usage  Request Allocated 
	   Cpus                 :     1.00        1         1 
	   Disk (KB)            :    39          15     14767 
	   Memory (MB)          :   125           1       128 
...
