000 (22061557.003.000) 07/18 17:11:04 Job submitted from host: <10.2.11.2:9618?addrs=10.2.11.2-9618&noUDP&sock=1517334_7efc_29>
...
001 (22061557.003.000) 07/18 17:11:11 Job executing on host: <10.2.2.31:9618?addrs=10.2.2.31-9618&noUDP&sock=1823_013d_3>
...
006 (22061557.003.000) 07/18 17:11:19 Image size of job updated: 31264
	21  -  MemoryUsage of job (MB)
	21104  -  ResidentSetSize of job (KB)
...
006 (22061557.003.000) 07/18 17:13:49 Image size of job updated: 474536
	21  -  MemoryUsage of job (MB)
	21104  -  ResidentSetSize of job (KB)
...
005 (22061557.003.000) 07/18 17:13:49 Job terminated.
	(1) Normal termination (return value 1)
		Usr 0 00:02:01, Sys 0 00:00:05  -  Run Remote Usage
		Usr 0 00:00:00, Sys 0 00:00:00  -  Run Local Usage
		Usr 0 00:02:01, Sys 0 00:00:05  -  Total Remote Usage
		Usr 0 00:00:00, Sys 0 00:00:00  -  Total Local Usage
	820  -  Run Bytes Sent By Job
	12687  -  Run Bytes Received By Job
	820  -  Total Bytes Sent By Job
	12687  -  Total Bytes Received By Job
	Partitionable Resources :    Usage  Request Allocated 
	   Cpus                 :     1.00        1         1 
	   Disk (KB)            :    40          15     49215 
	   Memory (MB)          :    21           1       128 
...
000 (22061558.003.000) 07/18 17:26:27 Job submitted from host: <10.2.11.2:9618?addrs=10.2.11.2-9618&noUDP&sock=1517334_7efc_29>
...
001 (22061558.003.000) 07/18 17:26:31 Job executing on host: <10.2.1.22:9618?addrs=10.2.1.22-9618&noUDP&sock=1856_a3dd_3>
...
006 (22061558.003.000) 07/18 17:26:39 Image size of job updated: 193184
	20  -  MemoryUsage of job (MB)
	19648  -  ResidentSetSize of job (KB)
...
006 (22061558.003.000) 07/18 17:28:48 Image size of job updated: 507200
	20  -  MemoryUsage of job (MB)
	19648  -  ResidentSetSize of job (KB)
...
005 (22061558.003.000) 07/18 17:28:48 Job terminated.
	(1) Normal termination (return value 0)
		Usr 0 00:01:39, Sys 0 00:00:07  -  Run Remote Usage
		Usr 0 00:00:00, Sys 0 00:00:00  -  Run Local Usage
		Usr 0 00:01:39, Sys 0 00:00:07  -  Total Remote Usage
		Usr 0 00:00:00, Sys 0 00:00:00  -  Total Local Usage
	0  -  Run Bytes Sent By Job
	12711  -  Run Bytes Received By Job
	0  -  Total Bytes Sent By Job
	12711  -  Total Bytes Received By Job
	Partitionable Resources :    Usage  Request Allocated 
	   Cpus                 :        0        1         1 
	   Disk (KB)            :       39       15     15100 
	   Memory (MB)          :       20        1       128 
...
000 (22061559.003.000) 07/18 17:38:12 Job submitted from host: <10.2.11.2:9618?addrs=10.2.11.2-9618&noUDP&sock=1517334_7efc_29>
...
001 (22061559.003.000) 07/18 17:38:14 Job executing on host: <10.2.1.12:9618?addrs=10.2.1.12-9618&noUDP&sock=1980_b19c_3>
...
006 (22061559.003.000) 07/18 17:38:23 Image size of job updated: 181172
	26  -  MemoryUsage of job (MB)
	25908  -  ResidentSetSize of job (KB)
...
006 (22061559.003.000) 07/18 17:41:33 Image size of job updated: 507192
	26  -  MemoryUsage of job (MB)
	25908  -  ResidentSetSize of job (KB)
...
005 (22061559.003.000) 07/18 17:41:33 Job terminated.
	(1) Normal termination (return value 0)
		Usr 0 00:02:45, Sys 0 00:00:09  -  Run Remote Usage
		Usr 0 00:00:00, Sys 0 00:00:00  -  Run Local Usage
		Usr 0 00:02:45, Sys 0 00:00:09  -  Total Remote Usage
		Usr 0 00:00:00, Sys 0 00:00:00  -  Total Local Usage
	0  -  Run Bytes Sent By Job
	12711  -  Run Bytes Received By Job
	0  -  Total Bytes Sent By Job
	12711  -  Total Bytes Received By Job
	Partitionable Resources :    Usage  Request Allocated 
	   Cpus                 :     1.00        1         1 
	   Disk (KB)            :    39          15     18393 
	   Memory (MB)          :    26           1       128 
...
