000 (22061557.004.000) 07/18 17:11:04 Job submitted from host: <10.2.11.2:9618?addrs=10.2.11.2-9618&noUDP&sock=1517334_7efc_29>
...
001 (22061557.004.000) 07/18 17:11:11 Job executing on host: <10.2.2.48:9618?addrs=10.2.2.48-9618&noUDP&sock=1804_f8f0_3>
...
006 (22061557.004.000) 07/18 17:11:19 Image size of job updated: 188488
	20  -  MemoryUsage of job (MB)
	19780  -  ResidentSetSize of job (KB)
...
006 (22061557.004.000) 07/18 17:14:04 Image size of job updated: 472884
	20  -  MemoryUsage of job (MB)
	19780  -  ResidentSetSize of job (KB)
...
005 (22061557.004.000) 07/18 17:14:04 Job terminated.
	(1) Normal termination (return value 1)
		Usr 0 00:02:16, Sys 0 00:00:06  -  Run Remote Usage
		Usr 0 00:00:00, Sys 0 00:00:00  -  Run Local Usage
		Usr 0 00:02:16, Sys 0 00:00:06  -  Total Remote Usage
		Usr 0 00:00:00, Sys 0 00:00:00  -  Total Local Usage
	821  -  Run Bytes Sent By Job
	12687  -  Run Bytes Received By Job
	821  -  Total Bytes Sent By Job
	12687  -  Total Bytes Received By Job
	Partitionable Resources :    Usage  Request Allocated 
	   Cpus                 :     1.00        1         1 
	   Disk (KB)            :    40          15     42792 
	   Memory (MB)          :    20           1       128 
...
000 (22061558.004.000) 07/18 17:26:27 Job submitted from host: <10.2.11.2:9618?addrs=10.2.11.2-9618&noUDP&sock=1517334_7efc_29>
...
001 (22061558.004.000) 07/18 17:26:31 Job executing on host: <10.2.1.99:9618?addrs=10.2.1.99-9618&noUDP&sock=1800_3a8f_3>
...
006 (22061558.004.000) 07/18 17:26:40 Image size of job updated: 201900
	21  -  MemoryUsage of job (MB)
	20656  -  ResidentSetSize of job (KB)
...
006 (22061558.004.000) 07/18 17:28:53 Image size of job updated: 507224
	21  -  MemoryUsage of job (MB)
	20656  -  ResidentSetSize of job (KB)
...
005 (22061558.004.000) 07/18 17:28:53 Job terminated.
	(1) Normal termination (return value 0)
		Usr 0 00:01:44, Sys 0 00:00:07  -  Run Remote Usage
		Usr 0 00:00:00, Sys 0 00:00:00  -  Run Local Usage
		Usr 0 00:01:44, Sys 0 00:00:07  -  Total Remote Usage
		Usr 0 00:00:00, Sys 0 00:00:00  -  Total Local Usage
	0  -  Run Bytes Sent By Job
	12711  -  Run Bytes Received By Job
	0  -  Total Bytes Sent By Job
	12711  -  Total Bytes Received By Job
	Partitionable Resources :    Usage  Request Allocated 
	   Cpus                 :     0.01        1         1 
	   Disk (KB)            :    39          15     18628 
	   Memory (MB)          :    21           1       128 
...
000 (22061559.004.000) 07/18 17:38:12 Job submitted from host: <10.2.11.2:9618?addrs=10.2.11.2-9618&noUDP&sock=1517334_7efc_29>
...
001 (22061559.004.000) 07/18 17:38:14 Job executing on host: <10.2.1.43:9618?addrs=10.2.1.43-9618&noUDP&sock=1779_d312_3>
...
006 (22061559.004.000) 07/18 17:38:23 Image size of job updated: 38888
	25  -  MemoryUsage of job (MB)
	24784  -  ResidentSetSize of job (KB)
...
006 (22061559.004.000) 07/18 17:41:11 Image size of job updated: 507220
	25  -  MemoryUsage of job (MB)
	24784  -  ResidentSetSize of job (KB)
...
005 (22061559.004.000) 07/18 17:41:11 Job terminated.
	(1) Normal termination (return value 0)
		Usr 0 00:02:23, Sys 0 00:00:10  -  Run Remote Usage
		Usr 0 00:00:00, Sys 0 00:00:00  -  Run Local Usage
		Usr 0 00:02:23, Sys 0 00:00:10  -  Total Remote Usage
		Usr 0 00:00:00, Sys 0 00:00:00  -  Total Local Usage
	0  -  Run Bytes Sent By Job
	12711  -  Run Bytes Received By Job
	0  -  Total Bytes Sent By Job
	12711  -  Total Bytes Received By Job
	Partitionable Resources :    Usage  Request Allocated 
	   Cpus                 :     0.02        1         1 
	   Disk (KB)            :    39          15     19053 
	   Memory (MB)          :    25           1       128 
...
