000 (22061557.005.000) 07/18 17:11:04 Job submitted from host: <10.2.11.2:9618?addrs=10.2.11.2-9618&noUDP&sock=1517334_7efc_29>
...
001 (22061557.005.000) 07/18 17:11:11 Job executing on host: <10.2.2.6:9618?addrs=10.2.2.6-9618&noUDP&sock=1879_6a8b_3>
...
006 (22061557.005.000) 07/18 17:11:19 Image size of job updated: 191312
	20  -  MemoryUsage of job (MB)
	20376  -  ResidentSetSize of job (KB)
...
006 (22061557.005.000) 07/18 17:14:52 Image size of job updated: 475272
	20  -  MemoryUsage of job (MB)
	20380  -  ResidentSetSize of job (KB)
...
004 (22061557.005.000) 07/18 17:14:52 Job was evicted.
	(0) Job was not checkpointed.
		Usr 0 00:03:02, Sys 0 00:00:07  -  Run Remote Usage
		Usr 0 00:00:00, Sys 0 00:00:00  -  Run Local Usage
	0  -  Run Bytes Sent By Job
	12687  -  Run Bytes Received By Job
	Partitionable Resources :    Usage  Request Allocated 
	   Cpus                 :     1.00        1         1 
	   Disk (KB)            :    39          15     43162 
	   Memory (MB)          :    20           1       128 
...
009 (22061557.005.000) 07/18 17:14:52 Job was aborted by the user.
	via condor_rm (by user krish.shah)
...
000 (22061558.005.000) 07/18 17:26:27 Job submitted from host: <10.2.11.2:9618?addrs=10.2.11.2-9618&noUDP&sock=1517334_7efc_29>
...
001 (22061558.005.000) 07/18 17:26:31 Job executing on host: <10.2.1.84:9618?addrs=10.2.1.84-9618&noUDP&sock=1816_3413_3>
...
006 (22061558.005.000) 07/18 17:26:40 Image size of job updated: 32644
	21  -  MemoryUsage of job (MB)
	21268  -  ResidentSetSize of job (KB)
...
006 (22061558.005.000) 07/18 17:29:09 Image size of job updated: 507220
	21  -  MemoryUsage of job (MB)
	21268  -  ResidentSetSize of job (KB)
...
005 (22061558.005.000) 07/18 17:29:09 Job terminated.
	(1) Normal termination (return value 0)
		Usr 0 00:01:58, Sys 0 00:00:09  -  Run Remote Usage
		Usr 0 00:00:00, Sys 0 00:00:00  -  Run Local Usage
		Usr 0 00:01:58, Sys 0 00:00:09  -  Total Remote Usage
		Usr 0 00:00:00, Sys 0 00:00:00  -  Total Local Usage
	0  -  Run Bytes Sent By Job
	12711  -  Run Bytes Received By Job
	0  -  Total Bytes Sent By Job
	12711  -  Total Bytes Received By Job
	Partitionable Resources :    Usage  Request Allocated 
	   Cpus                 :        0        1         1 
	   Disk (KB)            :       39       15     14127 
	   Memory (MB)          :       21        1       128 
...
000 (22061559.005.000) 07/18 17:38:12 Job submitted from host: <10.2.11.2:9618?addrs=10.2.11.2-9618&noUDP&sock=1517334_7efc_29>
...
001 (22061559.005.000) 07/18 17:38:14 Job executing on host: <10.2.1.50:9618?addrs=10.2.1.50-9618&noUDP&sock=1878_baf3_3>
...
006 (22061559.005.000) 07/18 17:38:23 Image size of job updated: 232456
	25  -  MemoryUsage of job (MB)
	25060  -  ResidentSetSize of job (KB)
...
006 (22061559.005.000) 07/18 17:41:54 Image size of job updated: 507244
	25  -  MemoryUsage of job (MB)
	25060  -  ResidentSetSize of job (KB)
...
005 (22061559.005.000) 07/18 17:41:54 Job terminated.
	(1) Normal termination (return value 0)
		Usr 0 00:03:01, Sys 0 00:00:15  -  Run Remote Usage
		Usr 0 00:00:00, Sys 0 00:00:00  -  Run Local Usage
		Usr 0 00:03:01, Sys 0 00:00:15  -  Total Remote Usage
		Usr 0 00:00:00, Sys 0 00:00:00  -  Total Local Usage
	0  -  Run Bytes Sent By Job
	12711  -  Run Bytes Received By Job
	0  -  Total Bytes Sent By Job
	12711  -  Total Bytes Received By Job
	Partitionable Resources :    Usage  Request Allocated 
	   Cpus                 :     1.00        1         1 
	   Disk (KB)            :    39          15     13447 
	   Memory (MB)          :    25           1       128 
...
