000 (22061557.008.000) 07/18 17:11:04 Job submitted from host: <10.2.11.2:9618?addrs=10.2.11.2-9618&noUDP&sock=1517334_7efc_29>
...
001 (22061557.008.000) 07/18 17:11:11 Job executing on host: <10.2.2.2:9618?addrs=10.2.2.2-9618&noUDP&sock=1838_4b29_3>
...
006 (22061557.008.000) 07/18 17:11:20 Image size of job updated: 204244
	21  -  MemoryUsage of job (MB)
	20920  -  ResidentSetSize of job (KB)
...
006 (22061557.008.000) 07/18 17:14:41 Image size of job updated: 474896
	21  -  MemoryUsage of job (MB)
	20920  -  ResidentSetSize of job (KB)
...
005 (22061557.008.000) 07/18 17:14:41 Job terminated.
	(1) Normal termination (return value 1)
		Usr 0 00:02:49, Sys 0 00:00:09  -  Run Remote Usage
		Usr 0 00:00:00, Sys 0 00:00:00  -  Run Local Usage
		Usr 0 00:02:49, Sys 0 00:00:09  -  Total Remote Usage
		Usr 0 00:00:00, Sys 0 00:00:00  -  Total Local Usage
	820  -  Run Bytes Sent By Job
	12687  -  Run Bytes Received By Job
	820  -  Total Bytes Sent By Job
	12687  -  Total Bytes Received By Job
	Partitionable Resources :    Usage  Request Allocated 
	   Cpus                 :     1.00        1         1 
	   Disk (KB)            :    40          15     42057 
	   Memory (MB)          :    21           1       128 
...
000 (22061558.008.000) 07/18 17:26:27 Job submitted from host: <10.2.11.2:9618?addrs=10.2.11.2-9618&noUDP&sock=1517334_7efc_29>
...
001 (22061558.008.000) 07/18 17:26:31 Job executing on host: <10.2.1.85:9618?addrs=10.2.1.85-9618&noUDP&sock=1766_e857_3>
...
006 (22061558.008.000) 07/18 17:26:40 Image size of job updated: 199092
	22  -  MemoryUsage of job (MB)
	21620  -  ResidentSetSize of job (KB)
...
006 (22061558.008.000) 07/18 17:29:22 Image size of job updated: 507272
	22  -  MemoryUsage of job (MB)
	21620  -  ResidentSetSize of job (KB)
...
005 (22061558.008.000) 07/18 17:29:22 Job terminated.
	(1) Normal termination (return value 0)
		Usr 0 00:02:10, Sys 0 00:00:11  -  Run Remote Usage
		Usr 0 00:00:00, Sys 0 00:00:00  -  Run Local Usage
		Usr 0 00:02:10, Sys 0 00:00:11  -  Total Remote Usage
		Usr 0 00:00:00, Sys 0 00:00:00  -  Total Local Usage
	0  -  Run Bytes Sent By Job
	12711  -  Run Bytes Received By Job
	0  -  Total Bytes Sent By Job
	12711  -  Total Bytes Received By Job
	Partitionable Resources :    Usage  Request Allocated 
	   Cpus                 :     0.33        1         1 
	   Disk (KB)            :    39          15     19125 
	   Memory (MB)          :    22           1       128 
...
000 (22061559.008.000) 07/18 17:38:12 Job submitted from host: <10.2.11.2:9618?addrs=10.2.11.2-9618&noUDP&sock=1517334_7efc_29>
...
001 (22061559.008.000) 07/18 17:38:14 Job executing on host: <10.2.1.74:9618?addrs=10.2.1.74-9618&noUDP&sock=1836_ebf8_3>
...
006 (22061559.008.000) 07/18 17:38:23 Image size of job updated: 189540
	26  -  MemoryUsage of job (MB)
	25932  -  ResidentSetSize of job (KB)
...
006 (22061559.008.000) 07/18 17:43:14 Image size of job updated: 514520
	26  -  MemoryUsage of job (MB)
	25932  -  ResidentSetSize of job (KB)
...
005 (22061559.008.000) 07/18 17:43:14 Job terminated.
	(1) Normal termination (return value 0)
		Usr 0 00:04:18, Sys 0 00:00:18  -  Run Remote Usage
		Usr 0 00:00:00, Sys 0 00:00:00  -  Run Local Usage
		Usr 0 00:04:18, Sys 0 00:00:18  -  Total Remote Usage
		Usr 0 00:00:00, Sys 0 00:00:00  -  Total Local Usage
	0  -  Run Bytes Sent By Job
	12711  -  Run Bytes Received By Job
	0  -  Total Bytes Sent By Job
	12711  -  Total Bytes Received By Job
	Partitionable Resources :    Usage  Request Allocated 
	   Cpus                 :     1.00        1         1 
	   Disk (KB)            :    39          15     21493 
	   Memory (MB)          :    26           1       128 
...
