000 (22061557.009.000) 07/18 17:11:04 Job submitted from host: <10.2.11.2:9618?addrs=10.2.11.2-9618&noUDP&sock=1517334_7efc_29>
...
001 (22061557.009.000) 07/18 17:11:11 Job executing on host: <10.2.1.90:9618?addrs=10.2.1.90-9618&noUDP&sock=1979_0203_3>
...
006 (22061557.009.000) 07/18 17:11:19 Image size of job updated: 134384
	19  -  MemoryUsage of job (MB)
	19176  -  ResidentSetSize of job (KB)
...
006 (22061557.009.000) 07/18 17:14:52 Image size of job updated: 507352
	19  -  MemoryUsage of job (MB)
	19180  -  ResidentSetSize of job (KB)
...
004 (22061557.009.000) 07/18 17:14:52 Job was evicted.
	(0) Job was not checkpointed.
		Usr 0 00:02:57, Sys 0 00:00:14  -  Run Remote Usage
		Usr 0 00:00:00, Sys 0 00:00:00  -  Run Local Usage
	0  -  Run Bytes Sent By Job
	12687  -  Run Bytes Received By Job
	Partitionable Resources :    Usage  Request Allocated 
	   Cpus                 :     1.00        1         1 
	   Disk (KB)            :    39          15      7199 
	   Memory (MB)          :    19           1       128 
...
009 (22061557.009.000) 07/18 17:14:52 Job was aborted by the user.
	via condor_rm (by user krish.shah)
...
000 (22061558.009.000) 07/18 17:26:27 Job submitted from host: <10.2.11.2:9618?addrs=10.2.11.2-9618&noUDP&sock=1517334_7efc_29>
...
001 (22061558.009.000) 07/18 17:26:31 Job executing on host: <10.2.1.91:9618?addrs=10.2.1.91-9618&noUDP&sock=1823_013d_3>
...
006 (22061558.009.000) 07/18 17:26:40 Image size of job updated: 205068
	22  -  MemoryUsage of job (MB)
	21860  -  ResidentSetSize of job (KB)
...
006 (22061558.009.000) 07/18 17:29:09 Image size of job updated: 507268
	22  -  MemoryUsage of job (MB)
	21860  -  ResidentSetSize of job (KB)
...
005 (22061558.009.000) 07/18 17:29:09 Job terminated.
	(1) Normal termination (return value 0)
		Usr 0 00:01:58, Sys 0 00:00:10  -  Run Remote Usage
		Usr 0 00:00:00, Sys 0 00:00:00  -  Run Local Usage
		Usr 0 00:01:58, Sys 0 00:00:10  -  Total Remote Usage
		Usr 0 00:00:00, Sys 0 00:00:00  -  Total Local Usage
	0  -  Run Bytes Sent By Job
	12711  -  Run Bytes Received By Job
	0  -  Total Bytes Sent By Job
	12711  -  Total Bytes Received By Job
	Partitionable Resources :    Usage  Request Allocated 
	   Cpus                 :     0.43        1         1 
	   Disk (KB)            :    39          15     12429 
	   Memory (MB)          :    22           1       128 
...
000 (22061559.009.000) 07/18 17:38:12 Job submitted from host: <10.2.11.2:9618?addrs=10.2.11.2-9618&noUDP&sock=1517334_7efc_29>
...
001 (22061559.009.000) 07/18 17:38:14 Job executing on host: <10.2.1.14:9618?addrs=10.2.1.14-9618&noUDP&sock=1845_1852_3>
...
006 (22061559.009.000) 07/18 17:38:23 Image size of job updated: 141592
	25  -  MemoryUsage of job (MB)
	25544  -  ResidentSetSize of job (KB)
...
006 (22061559.009.000) 07/18 17:42:06 Image size of job updated: 507292
	25  -  MemoryUsage of job (MB)
	25544  -  ResidentSetSize of job (KB)
...
005 (22061559.009.000) 07/18 17:42:06 Job terminated.
	(1) Normal termination (return value 0)
		Usr 0 00:03:08, Sys 0 00:00:19  -  Run Remote Usage
		Usr 0 00:00:00, Sys 0 00:00:00  -  Run Local Usage
		Usr 0 00:03:08, Sys 0 00:00:19  -  Total Remote Usage
		Usr 0 00:00:00, Sys 0 00:00:00  -  Total Local Usage
	0  -  Run Bytes Sent By Job
	12711  -  Run Bytes Received By Job
	0  -  Total Bytes Sent By Job
	12711  -  Total Bytes Received By Job
	Partitionable Resources :    Usage  Request Allocated 
	   Cpus                 :     0.14        1         1 
	   Disk (KB)            :    39          15     16545 
	   Memory (MB)          :    25           1       128 
...
