000 (22073832.001.000) 07/18 19:40:16 Job submitted from host: <10.2.11.2:9618?addrs=10.2.11.2-9618&noUDP&sock=1517334_7efc_29>
...
000 (22073881.001.000) 07/18 19:40:22 Job submitted from host: <10.2.11.2:9618?addrs=10.2.11.2-9618&noUDP&sock=1517334_7efc_29>
...
009 (22073832.001.000) 07/18 19:40:25 Job was aborted by the user.
	via condor_rm (by user krish.shah)
...
000 (22073926.001.000) 07/18 19:40:26 Job submitted from host: <10.2.11.2:9618?addrs=10.2.11.2-9618&noUDP&sock=1517334_7efc_29>
...
009 (22073881.001.000) 07/18 19:40:27 Job was aborted by the user.
	via condor_rm (by user krish.shah)
...
001 (22073926.001.000) 07/18 19:40:32 Job executing on host: <10.2.1.94:9618?addrs=10.2.1.94-9618&noUDP&sock=1926_a77e_3>
...
007 (22073926.001.000) 07/18 19:40:32 Shadow exception!
	Error from slot1_20@cn1094.sarathi.iucaa.in: Failed to execute '/var/lib/condor/execute/dir_12928/condor_exec.exe' with arguments 1: (errno=8: 'Exec format error')
	0  -  Run Bytes Sent By Job
	12412  -  Run Bytes Received By Job
...
012 (22073926.001.000) 07/18 19:40:32 Job was held.
	Error from slot1_20@cn1094.sarathi.iucaa.in: Failed to execute '/var/lib/condor/execute/dir_12928/condor_exec.exe' with arguments 1: (errno=8: 'Exec format error')
	Code 6 Subcode 8
...
009 (22073926.001.000) 07/18 19:41:45 Job was aborted by the user.
	via condor_rm (by user krish.shah)
...
000 (22074535.001.000) 07/18 19:41:48 Job submitted from host: <10.2.11.2:9618?addrs=10.2.11.2-9618&noUDP&sock=1517334_7efc_29>
...
001 (22074535.001.000) 07/18 19:41:59 Job executing on host: <10.2.1.72:9618?addrs=10.2.1.72-9618&noUDP&sock=1854_44ad_3>
...
006 (22074535.001.000) 07/18 19:42:08 Image size of job updated: 24856
	18  -  MemoryUsage of job (MB)
	18140  -  ResidentSetSize of job (KB)
...
006 (22074535.001.000) 07/18 19:47:09 Image size of job updated: 507828
	118  -  MemoryUsage of job (MB)
	120416  -  ResidentSetSize of job (KB)
...
006 (22074535.001.000) 07/18 19:52:10 Image size of job updated: 508788
	120  -  MemoryUsage of job (MB)
	122208  -  ResidentSetSize of job (KB)
...
006 (22074535.001.000) 07/18 19:52:45 Image size of job updated: 508840
	120  -  MemoryUsage of job (MB)
	122208  -  ResidentSetSize of job (KB)
...
005 (22074535.001.000) 07/18 19:52:45 Job terminated.
	(1) Normal termination (return value 0)
		Usr 0 00:09:12, Sys 0 00:00:44  -  Run Remote Usage
		Usr 0 00:00:00, Sys 0 00:00:00  -  Run Local Usage
		Usr 0 00:09:12, Sys 0 00:00:44  -  Total Remote Usage
		Usr 0 00:00:00, Sys 0 00:00:00  -  Total Local Usage
	0  -  Run Bytes Sent By Job
	12470  -  Run Bytes Received By Job
	0  -  Total Bytes Sent By Job
	12470  -  Total Bytes Received By Job
	Partitionable Resources :    Usage  Request Allocated 
	   Cpus                 :     1.00        1         1 
	   Disk (KB)            :    39          15     15630 
	   Memory (MB)          :   120           1       128 
...
000 (22092688.001.000) 07/18 20:21:00 Job submitted from host: <10.2.11.2:9618?addrs=10.2.11.2-9618&noUDP&sock=1517334_7efc_29>
...
001 (22092688.001.000) 07/18 20:21:24 Job executing on host: <10.2.1.35:9618?addrs=10.2.1.35-9618&noUDP&sock=1845_1852_3>
...
006 (22092688.001.000) 07/18 20:21:32 Image size of job updated: 188124
	18  -  MemoryUsage of job (MB)
	17992  -  ResidentSetSize of job (KB)
...
006 (22092688.001.000) 07/18 20:26:32 Image size of job updated: 507580
	118  -  MemoryUsage of job (MB)
	119880  -  ResidentSetSize of job (KB)
...
006 (22092688.001.000) 07/18 20:31:33 Image size of job updated: 508484
	118  -  MemoryUsage of job (MB)
	120720  -  ResidentSetSize of job (KB)
...
006 (22092688.001.000) 07/18 20:36:33 Image size of job updated: 509340
	118  -  MemoryUsage of job (MB)
	120720  -  ResidentSetSize of job (KB)
...
006 (22092688.001.000) 07/18 20:39:11 Image size of job updated: 509676
	119  -  MemoryUsage of job (MB)
	121580  -  ResidentSetSize of job (KB)
...
005 (22092688.001.000) 07/18 20:39:11 Job terminated.
	(1) Normal termination (return value 0)
		Usr 0 00:15:59, Sys 0 00:01:12  -  Run Remote Usage
		Usr 0 00:00:00, Sys 0 00:00:00  -  Run Local Usage
		Usr 0 00:15:59, Sys 0 00:01:12  -  Total Remote Usage
		Usr 0 00:00:00, Sys 0 00:00:00  -  Total Local Usage
	0  -  Run Bytes Sent By Job
	12465  -  Run Bytes Received By Job
	0  -  Total Bytes Sent By Job
	12465  -  Total Bytes Received By Job
	Partitionable Resources :    Usage  Request Allocated 
	   Cpus                 :     1.00        1         1 
	   Disk (KB)            :    39          15      7273 
	   Memory (MB)          :   119           1       128 
...
000 (22119392.001.000) 07/18 21:24:10 Job submitted from host: <10.2.11.2:9618?addrs=10.2.11.2-9618&noUDP&sock=1517334_7efc_29>
...
001 (22119392.001.000) 07/18 21:24:37 Job executing on host: <10.2.1.17:9618?addrs=10.2.1.17-9618&noUDP&sock=1871_edc9_3>
...
006 (22119392.001.000) 07/18 21:24:38 Image size of job updated: 15
	0  -  MemoryUsage of job (MB)
	0  -  ResidentSetSize of job (KB)
...
005 (22119392.001.000) 07/18 21:24:38 Job terminated.
	(1) Normal termination (return value 1)
		Usr 0 00:00:00, Sys 0 00:00:00  -  Run Remote Usage
		Usr 0 00:00:00, Sys 0 00:00:00  -  Run Local Usage
		Usr 0 00:00:00, Sys 0 00:00:00  -  Total Remote Usage
		Usr 0 00:00:00, Sys 0 00:00:00  -  Total Local Usage
	423  -  Run Bytes Sent By Job
	12499  -  Run Bytes Received By Job
	423  -  Total Bytes Sent By Job
	12499  -  Total Bytes Received By Job
	Partitionable Resources :    Usage  Request Allocated 
	   Cpus                 :        0        1         1 
	   Disk (KB)            :       40       15     16332 
	   Memory (MB)          :        0        1       128 
...
000 (22119975.001.000) 07/18 21:25:20 Job submitted from host: <10.2.11.2:9618?addrs=10.2.11.2-9618&noUDP&sock=1517334_7efc_29>
...
001 (22119975.001.000) 07/18 21:25:40 Job executing on host: <10.2.1.69:9618?addrs=10.2.1.69-9618&noUDP&sock=1829_1ecf_3>
...
006 (22119975.001.000) 07/18 21:25:48 Image size of job updated: 117468
	115  -  MemoryUsage of job (MB)
	117468  -  ResidentSetSize of job (KB)
...
006 (22119975.001.000) 07/18 21:30:48 Image size of job updated: 508448
	117  -  MemoryUsage of job (MB)
	119060  -  ResidentSetSize of job (KB)
...
006 (22119975.001.000) 07/18 21:35:48 Image size of job updated: 509324
	118  -  MemoryUsage of job (MB)
	119852  -  ResidentSetSize of job (KB)
...
006 (22119975.001.000) 07/18 21:40:49 Image size of job updated: 510084
	118  -  MemoryUsage of job (MB)
	120612  -  ResidentSetSize of job (KB)
...
006 (22119975.001.000) 07/18 21:45:50 Image size of job updated: 511300
	119  -  MemoryUsage of job (MB)
	121816  -  ResidentSetSize of job (KB)
...
006 (22119975.001.000) 07/18 21:50:50 Image size of job updated: 512240
	121  -  MemoryUsage of job (MB)
	123608  -  ResidentSetSize of job (KB)
...
005 (22119975.001.000) 07/18 21:50:58 Job terminated.
	(1) Normal termination (return value 0)
		Usr 0 00:23:46, Sys 0 00:01:28  -  Run Remote Usage
		Usr 0 00:00:00, Sys 0 00:00:00  -  Run Local Usage
		Usr 0 00:23:46, Sys 0 00:01:28  -  Total Remote Usage
		Usr 0 00:00:00, Sys 0 00:00:00  -  Total Local Usage
	0  -  Run Bytes Sent By Job
	12500  -  Run Bytes Received By Job
	0  -  Total Bytes Sent By Job
	12500  -  Total Bytes Received By Job
	Partitionable Resources :    Usage  Request Allocated 
	   Cpus                 :     1.00        1         1 
	   Disk (KB)            :    39          15     17008 
	   Memory (MB)          :   121           1       128 
...
000 (22253529.001.000) 07/19 19:22:43 Job submitted from host: <10.2.11.2:9618?addrs=10.2.11.2-9618&noUDP&sock=1517334_7efc_29>
...
001 (22253529.001.000) 07/19 19:22:51 Job executing on host: <10.2.1.95:9618?addrs=10.2.1.95-9618&noUDP&sock=1927_5717_3>
...
006 (22253529.001.000) 07/19 19:22:59 Image size of job updated: 134836
	15  -  MemoryUsage of job (MB)
	14672  -  ResidentSetSize of job (KB)
...
006 (22253529.001.000) 07/19 19:27:59 Image size of job updated: 516620
	118  -  MemoryUsage of job (MB)
	119896  -  ResidentSetSize of job (KB)
...
006 (22253529.001.000) 07/19 19:33:00 Image size of job updated: 520204
	130  -  MemoryUsage of job (MB)
	132476  -  ResidentSetSize of job (KB)
...
005 (22253529.001.000) 07/19 19:44:03 Job terminated.
	(1) Normal termination (return value 0)
		Usr 0 00:18:31, Sys 0 00:01:15  -  Run Remote Usage
		Usr 0 00:00:00, Sys 0 00:00:00  -  Run Local Usage
		Usr 0 00:18:31, Sys 0 00:01:15  -  Total Remote Usage
		Usr 0 00:00:00, Sys 0 00:00:00  -  Total Local Usage
	0  -  Run Bytes Sent By Job
	12494  -  Run Bytes Received By Job
	0  -  Total Bytes Sent By Job
	12494  -  Total Bytes Received By Job
	Partitionable Resources :    Usage  Request Allocated 
	   Cpus                 :     1.00        1         1 
	   Disk (KB)            :    39          15     21927 
	   Memory (MB)          :   130           1       128 
...
000 (22253572.001.000) 07/19 20:21:25 Job submitted from host: <10.2.11.2:9618?addrs=10.2.11.2-9618&noUDP&sock=1517334_7efc_29>
...
001 (22253572.001.000) 07/19 20:21:33 Job executing on host: <10.2.3.65:9618?addrs=10.2.3.65-9618&noUDP&sock=23085_f7e5_3>
...
006 (22253572.001.000) 07/19 20:21:42 Image size of job updated: 30472
	19  -  MemoryUsage of job (MB)
	19408  -  ResidentSetSize of job (KB)
...
006 (22253572.001.000) 07/19 20:26:42 Image size of job updated: 475316
	116  -  MemoryUsage of job (MB)
	118604  -  ResidentSetSize of job (KB)
...
006 (22253572.001.000) 07/19 20:31:42 Image size of job updated: 475800
	118  -  MemoryUsage of job (MB)
	119944  -  ResidentSetSize of job (KB)
...
006 (22253572.001.000) 07/19 20:36:43 Image size of job updated: 476680
	118  -  MemoryUsage of job (MB)
	120524  -  ResidentSetSize of job (KB)
...
006 (22253572.001.000) 07/19 20:40:54 Image size of job updated: 477572
	120  -  MemoryUsage of job (MB)
	121896  -  ResidentSetSize of job (KB)
...
005 (22253572.001.000) 07/19 20:40:54 Job terminated.
	(1) Normal termination (return value 0)
		Usr 0 00:17:37, Sys 0 00:01:03  -  Run Remote Usage
		Usr 0 00:00:00, Sys 0 00:00:00  -  Run Local Usage
		Usr 0 00:17:37, Sys 0 00:01:03  -  Total Remote Usage
		Usr 0 00:00:00, Sys 0 00:00:00  -  Total Local Usage
	0  -  Run Bytes Sent By Job
	12494  -  Run Bytes Received By Job
	0  -  Total Bytes Sent By Job
	12494  -  Total Bytes Received By Job
	Partitionable Resources :    Usage  Request Allocated 
	   Cpus                 :     1.00        1         1 
	   Disk (KB)            :    39          15     65780 
	   Memory (MB)          :   120           1       128 
...
000 (22253623.001.000) 07/19 22:36:07 Job submitted from host: <10.2.11.2:9618?addrs=10.2.11.2-9618&noUDP&sock=1517334_7efc_29>
...
001 (22253623.001.000) 07/19 22:36:13 Job executing on host: <10.2.2.1:9618?addrs=10.2.2.1-9618&noUDP&sock=1888_96e5_3>
...
006 (22253623.001.000) 07/19 22:36:22 Image size of job updated: 27628
	18  -  MemoryUsage of job (MB)
	18104  -  ResidentSetSize of job (KB)
...
006 (22253623.001.000) 07/19 22:41:22 Image size of job updated: 475064
	118  -  MemoryUsage of job (MB)
	120024  -  ResidentSetSize of job (KB)
...
006 (22253623.001.000) 07/19 22:46:23 Image size of job updated: 476004
	119  -  MemoryUsage of job (MB)
	120848  -  ResidentSetSize of job (KB)
...
006 (22253623.001.000) 07/19 22:51:23 Image size of job updated: 485068
	124  -  MemoryUsage of job (MB)
	126144  -  ResidentSetSize of job (KB)
...
006 (22253623.001.000) 07/19 22:56:23 Image size of job updated: 487116
	129  -  MemoryUsage of job (MB)
	131704  -  ResidentSetSize of job (KB)
...
006 (22253623.001.000) 07/19 23:01:24 Image size of job updated: 487116
	129  -  MemoryUsage of job (MB)
	132032  -  ResidentSetSize of job (KB)
...
005 (22253623.001.000) 07/19 23:06:13 Job terminated.
	(1) Normal termination (return value 0)
		Usr 0 00:27:05, Sys 0 00:02:12  -  Run Remote Usage
		Usr 0 00:00:00, Sys 0 00:00:00  -  Run Local Usage
		Usr 0 00:27:05, Sys 0 00:02:12  -  Total Remote Usage
		Usr 0 00:00:00, Sys 0 00:00:00  -  Total Local Usage
	0  -  Run Bytes Sent By Job
	12500  -  Run Bytes Received By Job
	0  -  Total Bytes Sent By Job
	12500  -  Total Bytes Received By Job
	Partitionable Resources :    Usage  Request Allocated 
	   Cpus                 :     1.00        1         1 
	   Disk (KB)            :    39          15     40219 
	   Memory (MB)          :   129           1       128 
...
000 (23043567.001.000) 08/14 22:16:51 Job submitted from host: <10.2.11.2:9618?addrs=10.2.11.2-9618&noUDP&sock=3676338_a96b_3>
...
001 (23043567.001.000) 08/14 22:16:55 Job executing on host: <10.2.1.15:9618?addrs=10.2.1.15-9618&noUDP&sock=1827_bf9e_3>
...
006 (23043567.001.000) 08/14 22:17:04 Image size of job updated: 260984
	14  -  MemoryUsage of job (MB)
	14032  -  ResidentSetSize of job (KB)
...
006 (23043567.001.000) 08/14 22:22:05 Image size of job updated: 507564
	116  -  MemoryUsage of job (MB)
	118716  -  ResidentSetSize of job (KB)
...
006 (23043567.001.000) 08/14 22:27:06 Image size of job updated: 508624
	117  -  MemoryUsage of job (MB)
	119708  -  ResidentSetSize of job (KB)
...
006 (23043567.001.000) 08/14 22:32:06 Image size of job updated: 509088
	118  -  MemoryUsage of job (MB)
	120268  -  ResidentSetSize of job (KB)
...
006 (23043567.001.000) 08/14 22:37:07 Image size of job updated: 510656
	120  -  MemoryUsage of job (MB)
	121952  -  ResidentSetSize of job (KB)
...
006 (23043567.001.000) 08/14 22:42:08 Image size of job updated: 511444
	121  -  MemoryUsage of job (MB)
	123072  -  ResidentSetSize of job (KB)
...
005 (23043567.001.000) 08/14 22:45:33 Job terminated.
	(1) Normal termination (return value 0)
		Usr 0 00:25:44, Sys 0 00:01:35  -  Run Remote Usage
		Usr 0 00:00:00, Sys 0 00:00:00  -  Run Local Usage
		Usr 0 00:25:44, Sys 0 00:01:35  -  Total Remote Usage
		Usr 0 00:00:00, Sys 0 00:00:00  -  Total Local Usage
	0  -  Run Bytes Sent By Job
	12499  -  Run Bytes Received By Job
	0  -  Total Bytes Sent By Job
	12499  -  Total Bytes Received By Job
	Partitionable Resources :    Usage  Request Allocated 
	   Cpus                 :     1.00        1         1 
	   Disk (KB)            :    39          15     14893 
	   Memory (MB)          :   121           1       128 
...
