000 (22073832.015.000) 07/18 19:40:16 Job submitted from host: <10.2.11.2:9618?addrs=10.2.11.2-9618&noUDP&sock=1517334_7efc_29>
...
000 (22073881.015.000) 07/18 19:40:22 Job submitted from host: <10.2.11.2:9618?addrs=10.2.11.2-9618&noUDP&sock=1517334_7efc_29>
...
009 (22073832.015.000) 07/18 19:40:25 Job was aborted by the user.
	via condor_rm (by user krish.shah)
...
000 (22073926.015.000) 07/18 19:40:26 Job submitted from host: <10.2.11.2:9618?addrs=10.2.11.2-9618&noUDP&sock=1517334_7efc_29>
...
009 (22073881.015.000) 07/18 19:40:28 Job was aborted by the user.
	via condor_rm (by user krish.shah)
...
001 (22073926.015.000) 07/18 19:40:32 Job executing on host: <10.2.2.21:9618?addrs=10.2.2.21-9618&noUDP&sock=1816_3413_3>
...
007 (22073926.015.000) 07/18 19:40:32 Shadow exception!
	Error from slot1_17@cn2021.sarathi.iucaa.in: Failed to execute '/var/lib/condor/execute/dir_31473/condor_exec.exe' with arguments 15: (errno=8: 'Exec format error')
	0  -  Run Bytes Sent By Job
	12412  -  Run Bytes Received By Job
...
012 (22073926.015.000) 07/18 19:40:32 Job was held.
	Error from slot1_17@cn2021.sarathi.iucaa.in: Failed to execute '/var/lib/condor/execute/dir_31473/condor_exec.exe' with arguments 15: (errno=8: 'Exec format error')
	Code 6 Subcode 8
...
009 (22073926.015.000) 07/18 19:41:46 Job was aborted by the user.
	via condor_rm (by user krish.shah)
...
000 (22074535.015.000) 07/18 19:41:48 Job submitted from host: <10.2.11.2:9618?addrs=10.2.11.2-9618&noUDP&sock=1517334_7efc_29>
...
001 (22074535.015.000) 07/18 19:41:59 Job executing on host: <10.2.1.20:9618?addrs=10.2.1.20-9618&noUDP&sock=1849_d6b3_3>
...
006 (22074535.015.000) 07/18 19:42:08 Image size of job updated: 22904
	16  -  MemoryUsage of job (MB)
	16164  -  ResidentSetSize of job (KB)
...
006 (22074535.015.000) 07/18 19:47:09 Image size of job updated: 515596
	124  -  MemoryUsage of job (MB)
	126132  -  ResidentSetSize of job (KB)
...
005 (22074535.015.000) 07/18 19:57:09 Job terminated.
	(1) Normal termination (return value 0)
		Usr 0 00:12:55, Sys 0 00:01:24  -  Run Remote Usage
		Usr 0 00:00:00, Sys 0 00:00:00  -  Run Local Usage
		Usr 0 00:12:55, Sys 0 00:01:24  -  Total Remote Usage
		Usr 0 00:00:00, Sys 0 00:00:00  -  Total Local Usage
	0  -  Run Bytes Sent By Job
	12470  -  Run Bytes Received By Job
	0  -  Total Bytes Sent By Job
	12470  -  Total Bytes Received By Job
	Partitionable Resources :    Usage  Request Allocated 
	   Cpus                 :     1.00        1         1 
	   Disk (KB)            :    39          15     15082 
	   Memory (MB)          :   124           1       128 
...
000 (22092688.015.000) 07/18 20:21:00 Job submitted from host: <10.2.11.2:9618?addrs=10.2.11.2-9618&noUDP&sock=1517334_7efc_29>
...
001 (22092688.015.000) 07/18 20:21:24 Job executing on host: <10.2.1.43:9618?addrs=10.2.1.43-9618&noUDP&sock=1779_d312_3>
...
006 (22092688.015.000) 07/18 20:21:33 Image size of job updated: 27004
	18  -  MemoryUsage of job (MB)
	18160  -  ResidentSetSize of job (KB)
...
006 (22092688.015.000) 07/18 20:26:34 Image size of job updated: 508256
	119  -  MemoryUsage of job (MB)
	120884  -  ResidentSetSize of job (KB)
...
006 (22092688.015.000) 07/18 20:31:34 Image size of job updated: 508728
	119  -  MemoryUsage of job (MB)
	121396  -  ResidentSetSize of job (KB)
...
006 (22092688.015.000) 07/18 20:36:34 Image size of job updated: 509788
	120  -  MemoryUsage of job (MB)
	122428  -  ResidentSetSize of job (KB)
...
006 (22092688.015.000) 07/18 20:37:25 Image size of job updated: 509788
	121  -  MemoryUsage of job (MB)
	123788  -  ResidentSetSize of job (KB)
...
005 (22092688.015.000) 07/18 20:37:25 Job terminated.
	(1) Normal termination (return value 0)
		Usr 0 00:14:32, Sys 0 00:00:50  -  Run Remote Usage
		Usr 0 00:00:00, Sys 0 00:00:00  -  Run Local Usage
		Usr 0 00:14:32, Sys 0 00:00:50  -  Total Remote Usage
		Usr 0 00:00:00, Sys 0 00:00:00  -  Total Local Usage
	0  -  Run Bytes Sent By Job
	12465  -  Run Bytes Received By Job
	0  -  Total Bytes Sent By Job
	12465  -  Total Bytes Received By Job
	Partitionable Resources :    Usage  Request Allocated 
	   Cpus                 :     0.99        1         1 
	   Disk (KB)            :    39          15     19053 
	   Memory (MB)          :   121           1       128 
...
000 (22119392.015.000) 07/18 21:24:10 Job submitted from host: <10.2.11.2:9618?addrs=10.2.11.2-9618&noUDP&sock=1517334_7efc_29>
...
001 (22119392.015.000) 07/18 21:24:37 Job executing on host: <10.2.1.75:9618?addrs=10.2.1.75-9618&noUDP&sock=1850_864c_3>
...
006 (22119392.015.000) 07/18 21:24:38 Image size of job updated: 131380
	0  -  MemoryUsage of job (MB)
	0  -  ResidentSetSize of job (KB)
...
005 (22119392.015.000) 07/18 21:24:38 Job terminated.
	(1) Normal termination (return value 1)
		Usr 0 00:00:00, Sys 0 00:00:00  -  Run Remote Usage
		Usr 0 00:00:00, Sys 0 00:00:00  -  Run Local Usage
		Usr 0 00:00:00, Sys 0 00:00:00  -  Total Remote Usage
		Usr 0 00:00:00, Sys 0 00:00:00  -  Total Local Usage
	424  -  Run Bytes Sent By Job
	12499  -  Run Bytes Received By Job
	424  -  Total Bytes Sent By Job
	12499  -  Total Bytes Received By Job
	Partitionable Resources :    Usage  Request Allocated 
	   Cpus                 :     0.02        1         1 
	   Disk (KB)            :    40          15     18268 
	   Memory (MB)          :     0           1       128 
...
000 (22119975.015.000) 07/18 21:25:20 Job submitted from host: <10.2.11.2:9618?addrs=10.2.11.2-9618&noUDP&sock=1517334_7efc_29>
...
001 (22119975.015.000) 07/18 21:25:40 Job executing on host: <10.2.1.84:9618?addrs=10.2.1.84-9618&noUDP&sock=1816_3413_3>
...
006 (22119975.015.000) 07/18 21:25:48 Image size of job updated: 188124
	18  -  MemoryUsage of job (MB)
	17836  -  ResidentSetSize of job (KB)
...
006 (22119975.015.000) 07/18 21:30:48 Image size of job updated: 515596
	122  -  MemoryUsage of job (MB)
	124088  -  ResidentSetSize of job (KB)
...
006 (22119975.015.000) 07/18 21:35:49 Image size of job updated: 519692
	125  -  MemoryUsage of job (MB)
	127160  -  ResidentSetSize of job (KB)
...
006 (22119975.015.000) 07/18 21:40:49 Image size of job updated: 522256
	125  -  MemoryUsage of job (MB)
	127160  -  ResidentSetSize of job (KB)
...
006 (22119975.015.000) 07/18 21:45:49 Image size of job updated: 522256
	130  -  MemoryUsage of job (MB)
	132392  -  ResidentSetSize of job (KB)
...
006 (22119975.015.000) 07/18 21:50:50 Image size of job updated: 523280
	130  -  MemoryUsage of job (MB)
	132392  -  ResidentSetSize of job (KB)
...
006 (22119975.015.000) 07/18 22:00:51 Image size of job updated: 523296
	130  -  MemoryUsage of job (MB)
	132392  -  ResidentSetSize of job (KB)
...
006 (22119975.015.000) 07/18 22:10:53 Image size of job updated: 525340
	131  -  MemoryUsage of job (MB)
	133848  -  ResidentSetSize of job (KB)
...
006 (22119975.015.000) 07/18 22:12:52 Image size of job updated: 525340
	134  -  MemoryUsage of job (MB)
	136916  -  ResidentSetSize of job (KB)
...
005 (22119975.015.000) 07/18 22:12:52 Job terminated.
	(1) Normal termination (return value 0)
		Usr 0 00:41:54, Sys 0 00:04:31  -  Run Remote Usage
		Usr 0 00:00:00, Sys 0 00:00:00  -  Run Local Usage
		Usr 0 00:41:54, Sys 0 00:04:31  -  Total Remote Usage
		Usr 0 00:00:00, Sys 0 00:00:00  -  Total Local Usage
	0  -  Run Bytes Sent By Job
	12500  -  Run Bytes Received By Job
	0  -  Total Bytes Sent By Job
	12500  -  Total Bytes Received By Job
	Partitionable Resources :    Usage  Request Allocated 
	   Cpus                 :     1.00        1         1 
	   Disk (KB)            :    39          15     14127 
	   Memory (MB)          :   134           1       128 
...
000 (22253529.015.000) 07/19 19:22:43 Job submitted from host: <10.2.11.2:9618?addrs=10.2.11.2-9618&noUDP&sock=1517334_7efc_29>
...
001 (22253529.015.000) 07/19 19:22:51 Job executing on host: <10.2.3.36:9618?addrs=10.2.3.36-9618&noUDP&sock=23083_98b5_3>
...
006 (22253529.015.000) 07/19 19:23:02 Image size of job updated: 281080
	30  -  MemoryUsage of job (MB)
	30032  -  ResidentSetSize of job (KB)
...
006 (22253529.015.000) 07/19 19:28:02 Image size of job updated: 486928
	127  -  MemoryUsage of job (MB)
	129768  -  ResidentSetSize of job (KB)
...
006 (22253529.015.000) 07/19 19:33:02 Image size of job updated: 490000
	129  -  MemoryUsage of job (MB)
	131844  -  ResidentSetSize of job (KB)
...
006 (22253529.015.000) 07/19 19:48:04 Image size of job updated: 490000
	131  -  MemoryUsage of job (MB)
	134068  -  ResidentSetSize of job (KB)
...
005 (22253529.015.000) 07/19 19:57:56 Job terminated.
	(1) Normal termination (return value 0)
		Usr 0 00:32:29, Sys 0 00:02:17  -  Run Remote Usage
		Usr 0 00:00:00, Sys 0 00:00:00  -  Run Local Usage
		Usr 0 00:32:29, Sys 0 00:02:17  -  Total Remote Usage
		Usr 0 00:00:00, Sys 0 00:00:00  -  Total Local Usage
	0  -  Run Bytes Sent By Job
	12494  -  Run Bytes Received By Job
	0  -  Total Bytes Sent By Job
	12494  -  Total Bytes Received By Job
	Partitionable Resources :    Usage  Request Allocated 
	   Cpus                 :     1.00        1         1 
	   Disk (KB)            :    39          15     68767 
	   Memory (MB)          :   131           1       128 
...
000 (22253572.015.000) 07/19 20:21:25 Job submitted from host: <10.2.11.2:9618?addrs=10.2.11.2-9618&noUDP&sock=1517334_7efc_29>
...
001 (22253572.015.000) 07/19 20:21:33 Job executing on host: <10.2.3.82:9618?addrs=10.2.3.82-9618&noUDP&sock=22988_6f35_3>
...
006 (22253572.015.000) 07/19 20:21:43 Image size of job updated: 404056
	116  -  MemoryUsage of job (MB)
	117792  -  ResidentSetSize of job (KB)
...
006 (22253572.015.000) 07/19 20:26:43 Image size of job updated: 482556
	116  -  MemoryUsage of job (MB)
	118004  -  ResidentSetSize of job (KB)
...
006 (22253572.015.000) 07/19 20:31:44 Image size of job updated: 482556
	116  -  MemoryUsage of job (MB)
	118760  -  ResidentSetSize of job (KB)
...
006 (22253572.015.000) 07/19 20:36:45 Image size of job updated: 482556
	118  -  MemoryUsage of job (MB)
	120072  -  ResidentSetSize of job (KB)
...
006 (22253572.015.000) 07/19 20:41:45 Image size of job updated: 485200
	125  -  MemoryUsage of job (MB)
	127228  -  ResidentSetSize of job (KB)
...
006 (22253572.015.000) 07/19 20:46:45 Image size of job updated: 485968
	125  -  MemoryUsage of job (MB)
	127228  -  ResidentSetSize of job (KB)
...
006 (22253572.015.000) 07/19 20:51:46 Image size of job updated: 485968
	128  -  MemoryUsage of job (MB)
	131064  -  ResidentSetSize of job (KB)
...
006 (22253572.015.000) 07/19 21:06:47 Image size of job updated: 494680
	133  -  MemoryUsage of job (MB)
	135940  -  ResidentSetSize of job (KB)
...
005 (22253572.015.000) 07/19 21:09:32 Job terminated.
	(1) Normal termination (return value 0)
		Usr 0 00:43:22, Sys 0 00:04:30  -  Run Remote Usage
		Usr 0 00:00:00, Sys 0 00:00:00  -  Run Local Usage
		Usr 0 00:43:22, Sys 0 00:04:30  -  Total Remote Usage
		Usr 0 00:00:00, Sys 0 00:00:00  -  Total Local Usage
	0  -  Run Bytes Sent By Job
	12494  -  Run Bytes Received By Job
	0  -  Total Bytes Sent By Job
	12494  -  Total Bytes Received By Job
	Partitionable Resources :    Usage  Request Allocated 
	   Cpus                 :     1.00        1         1 
	   Disk (KB)            :    39          15     68024 
	   Memory (MB)          :   133           1       128 
...
000 (22253623.015.000) 07/19 22:36:07 Job submitted from host: <10.2.11.2:9618?addrs=10.2.11.2-9618&noUDP&sock=1517334_7efc_29>
...
001 (22253623.015.000) 07/19 22:36:12 Job executing on host: <10.2.2.48:9618?addrs=10.2.2.48-9618&noUDP&sock=1804_f8f0_3>
...
006 (22253623.015.000) 07/19 22:36:21 Image size of job updated: 25824
	18  -  MemoryUsage of job (MB)
	17916  -  ResidentSetSize of job (KB)
...
006 (22253623.015.000) 07/19 22:41:21 Image size of job updated: 475184
	116  -  MemoryUsage of job (MB)
	118156  -  ResidentSetSize of job (KB)
...
006 (22253623.015.000) 07/19 22:46:21 Image size of job updated: 475992
	119  -  MemoryUsage of job (MB)
	121312  -  ResidentSetSize of job (KB)
...
006 (22253623.015.000) 07/19 22:51:22 Image size of job updated: 476996
	119  -  MemoryUsage of job (MB)
	121312  -  ResidentSetSize of job (KB)
...
006 (22253623.015.000) 07/19 22:56:23 Image size of job updated: 478136
	119  -  MemoryUsage of job (MB)
	121828  -  ResidentSetSize of job (KB)
...
006 (22253623.015.000) 07/19 23:01:23 Image size of job updated: 479148
	119  -  MemoryUsage of job (MB)
	121828  -  ResidentSetSize of job (KB)
...
006 (22253623.015.000) 07/19 23:06:19 Image size of job updated: 480112
	120  -  MemoryUsage of job (MB)
	122336  -  ResidentSetSize of job (KB)
...
005 (22253623.015.000) 07/19 23:06:19 Job terminated.
	(1) Normal termination (return value 0)
		Usr 0 00:27:07, Sys 0 00:02:08  -  Run Remote Usage
		Usr 0 00:00:00, Sys 0 00:00:00  -  Run Local Usage
		Usr 0 00:27:07, Sys 0 00:02:08  -  Total Remote Usage
		Usr 0 00:00:00, Sys 0 00:00:00  -  Total Local Usage
	0  -  Run Bytes Sent By Job
	12500  -  Run Bytes Received By Job
	0  -  Total Bytes Sent By Job
	12500  -  Total Bytes Received By Job
	Partitionable Resources :    Usage  Request Allocated 
	   Cpus                 :     1.00        1         1 
	   Disk (KB)            :    39          15     42792 
	   Memory (MB)          :   120           1       128 
...
000 (23043567.015.000) 08/14 22:16:51 Job submitted from host: <10.2.11.2:9618?addrs=10.2.11.2-9618&noUDP&sock=3676338_a96b_3>
...
001 (23043567.015.000) 08/14 22:16:55 Job executing on host: <10.2.2.2:9618?addrs=10.2.2.2-9618&noUDP&sock=1838_4b29_10>
...
006 (23043567.015.000) 08/14 22:17:04 Image size of job updated: 190848
	14  -  MemoryUsage of job (MB)
	14020  -  ResidentSetSize of job (KB)
...
006 (23043567.015.000) 08/14 22:22:05 Image size of job updated: 486468
	126  -  MemoryUsage of job (MB)
	129020  -  ResidentSetSize of job (KB)
...
005 (23043567.015.000) 08/14 22:45:14 Job terminated.
	(1) Normal termination (return value 0)
		Usr 0 00:25:31, Sys 0 00:01:28  -  Run Remote Usage
		Usr 0 00:00:00, Sys 0 00:00:00  -  Run Local Usage
		Usr 0 00:25:31, Sys 0 00:01:28  -  Total Remote Usage
		Usr 0 00:00:00, Sys 0 00:00:00  -  Total Local Usage
	0  -  Run Bytes Sent By Job
	12499  -  Run Bytes Received By Job
	0  -  Total Bytes Sent By Job
	12499  -  Total Bytes Received By Job
	Partitionable Resources :    Usage  Request Allocated 
	   Cpus                 :     1.00        1         1 
	   Disk (KB)            :    39          15     43961 
	   Memory (MB)          :   126           1       128 
...
