000 (22073832.016.000) 07/18 19:40:16 Job submitted from host: <10.2.11.2:9618?addrs=10.2.11.2-9618&noUDP&sock=1517334_7efc_29>
...
000 (22073881.016.000) 07/18 19:40:22 Job submitted from host: <10.2.11.2:9618?addrs=10.2.11.2-9618&noUDP&sock=1517334_7efc_29>
...
009 (22073832.016.000) 07/18 19:40:25 Job was aborted by the user.
	via condor_rm (by user krish.shah)
...
000 (22073926.016.000) 07/18 19:40:26 Job submitted from host: <10.2.11.2:9618?addrs=10.2.11.2-9618&noUDP&sock=1517334_7efc_29>
...
009 (22073881.016.000) 07/18 19:40:28 Job was aborted by the user.
	via condor_rm (by user krish.shah)
...
001 (22073926.016.000) 07/18 19:40:32 Job executing on host: <10.2.2.11:9618?addrs=10.2.2.11-9618&noUDP&sock=1869_8e98_3>
...
007 (22073926.016.000) 07/18 19:40:32 Shadow exception!
	Error from slot1_17@cn2011.sarathi.iucaa.in: Failed to execute '/var/lib/condor/execute/dir_31842/condor_exec.exe' with arguments 16: (errno=8: 'Exec format error')
	0  -  Run Bytes Sent By Job
	12412  -  Run Bytes Received By Job
...
012 (22073926.016.000) 07/18 19:40:32 Job was held.
	Error from slot1_17@cn2011.sarathi.iucaa.in: Failed to execute '/var/lib/condor/execute/dir_31842/condor_exec.exe' with arguments 16: (errno=8: 'Exec format error')
	Code 6 Subcode 8
...
009 (22073926.016.000) 07/18 19:41:46 Job was aborted by the user.
	via condor_rm (by user krish.shah)
...
000 (22074535.016.000) 07/18 19:41:48 Job submitted from host: <10.2.11.2:9618?addrs=10.2.11.2-9618&noUDP&sock=1517334_7efc_29>
...
001 (22074535.016.000) 07/18 19:41:59 Job executing on host: <10.2.1.17:9618?addrs=10.2.1.17-9618&noUDP&sock=1871_edc9_3>
...
006 (22074535.016.000) 07/18 19:42:08 Image size of job updated: 22904
	16  -  MemoryUsage of job (MB)
	16168  -  ResidentSetSize of job (KB)
...
006 (22074535.016.000) 07/18 19:47:09 Image size of job updated: 517112
	124  -  MemoryUsage of job (MB)
	126008  -  ResidentSetSize of job (KB)
...
006 (22074535.016.000) 07/18 19:52:09 Image size of job updated: 517112
	126  -  MemoryUsage of job (MB)
	128420  -  ResidentSetSize of job (KB)
...
006 (22074535.016.000) 07/18 19:57:09 Image size of job updated: 517368
	128  -  MemoryUsage of job (MB)
	131052  -  ResidentSetSize of job (KB)
...
006 (22074535.016.000) 07/18 19:58:43 Image size of job updated: 517368
	129  -  MemoryUsage of job (MB)
	131752  -  ResidentSetSize of job (KB)
...
005 (22074535.016.000) 07/18 19:58:43 Job terminated.
	(1) Normal termination (return value 0)
		Usr 0 00:13:26, Sys 0 00:02:27  -  Run Remote Usage
		Usr 0 00:00:00, Sys 0 00:00:00  -  Run Local Usage
		Usr 0 00:13:26, Sys 0 00:02:27  -  Total Remote Usage
		Usr 0 00:00:00, Sys 0 00:00:00  -  Total Local Usage
	0  -  Run Bytes Sent By Job
	12470  -  Run Bytes Received By Job
	0  -  Total Bytes Sent By Job
	12470  -  Total Bytes Received By Job
	Partitionable Resources :    Usage  Request Allocated 
	   Cpus                 :     1.00        1         1 
	   Disk (KB)            :    39          15     16332 
	   Memory (MB)          :   129           1       128 
...
000 (22092688.016.000) 07/18 20:21:00 Job submitted from host: <10.2.11.2:9618?addrs=10.2.11.2-9618&noUDP&sock=1517334_7efc_29>
...
001 (22092688.016.000) 07/18 20:21:24 Job executing on host: <10.2.1.45:9618?addrs=10.2.1.45-9618&noUDP&sock=1872_9d61_3>
...
006 (22092688.016.000) 07/18 20:21:33 Image size of job updated: 188124
	18  -  MemoryUsage of job (MB)
	18176  -  ResidentSetSize of job (KB)
...
006 (22092688.016.000) 07/18 20:26:34 Image size of job updated: 507500
	118  -  MemoryUsage of job (MB)
	119968  -  ResidentSetSize of job (KB)
...
006 (22092688.016.000) 07/18 20:31:34 Image size of job updated: 508008
	118  -  MemoryUsage of job (MB)
	119968  -  ResidentSetSize of job (KB)
...
006 (22092688.016.000) 07/18 20:36:34 Image size of job updated: 508956
	118  -  MemoryUsage of job (MB)
	120076  -  ResidentSetSize of job (KB)
...
006 (22092688.016.000) 07/18 20:38:54 Image size of job updated: 509520
	118  -  MemoryUsage of job (MB)
	120076  -  ResidentSetSize of job (KB)
...
005 (22092688.016.000) 07/18 20:38:54 Job terminated.
	(1) Normal termination (return value 0)
		Usr 0 00:15:44, Sys 0 00:01:01  -  Run Remote Usage
		Usr 0 00:00:00, Sys 0 00:00:00  -  Run Local Usage
		Usr 0 00:15:44, Sys 0 00:01:01  -  Total Remote Usage
		Usr 0 00:00:00, Sys 0 00:00:00  -  Total Local Usage
	0  -  Run Bytes Sent By Job
	12465  -  Run Bytes Received By Job
	0  -  Total Bytes Sent By Job
	12465  -  Total Bytes Received By Job
	Partitionable Resources :    Usage  Request Allocated 
	   Cpus                 :     1.00        1         1 
	   Disk (KB)            :    39          15     10710 
	   Memory (MB)          :   118           1       128 
...
000 (22119392.016.000) 07/18 21:24:10 Job submitted from host: <10.2.11.2:9618?addrs=10.2.11.2-9618&noUDP&sock=1517334_7efc_29>
...
001 (22119392.016.000) 07/18 21:24:37 Job executing on host: <10.2.1.66:9618?addrs=10.2.1.66-9618&noUDP&sock=1875_ac2a_3>
...
006 (22119392.016.000) 07/18 21:24:38 Image size of job updated: 15
	0  -  MemoryUsage of job (MB)
	0  -  ResidentSetSize of job (KB)
...
005 (22119392.016.000) 07/18 21:24:38 Job terminated.
	(1) Normal termination (return value 1)
		Usr 0 00:00:00, Sys 0 00:00:00  -  Run Remote Usage
		Usr 0 00:00:00, Sys 0 00:00:00  -  Run Local Usage
		Usr 0 00:00:00, Sys 0 00:00:00  -  Total Remote Usage
		Usr 0 00:00:00, Sys 0 00:00:00  -  Total Local Usage
	424  -  Run Bytes Sent By Job
	12499  -  Run Bytes Received By Job
	424  -  Total Bytes Sent By Job
	12499  -  Total Bytes Received By Job
	Partitionable Resources :    Usage  Request Allocated 
	   Cpus                 :     0.02        1         1 
	   Disk (KB)            :    40          15     14645 
	   Memory (MB)          :     0           1       128 
...
000 (22119975.016.000) 07/18 21:25:20 Job submitted from host: <10.2.11.2:9618?addrs=10.2.11.2-9618&noUDP&sock=1517334_7efc_29>
...
001 (22119975.016.000) 07/18 21:25:40 Job executing on host: <10.2.1.5:9618?addrs=10.2.1.5-9618&noUDP&sock=2019_71cd_3>
...
006 (22119975.016.000) 07/18 21:25:48 Image size of job updated: 29776
	30  -  MemoryUsage of job (MB)
	29776  -  ResidentSetSize of job (KB)
...
006 (22119975.016.000) 07/18 21:30:49 Image size of job updated: 520728
	127  -  MemoryUsage of job (MB)
	129220  -  ResidentSetSize of job (KB)
...
006 (22119975.016.000) 07/18 21:35:50 Image size of job updated: 520728
	129  -  MemoryUsage of job (MB)
	131276  -  ResidentSetSize of job (KB)
...
006 (22119975.016.000) 07/18 21:40:50 Image size of job updated: 522776
	131  -  MemoryUsage of job (MB)
	133612  -  ResidentSetSize of job (KB)
...
006 (22119975.016.000) 07/18 21:45:50 Image size of job updated: 522776
	132  -  MemoryUsage of job (MB)
	135120  -  ResidentSetSize of job (KB)
...
006 (22119975.016.000) 07/18 21:50:51 Image size of job updated: 523816
	132  -  MemoryUsage of job (MB)
	135120  -  ResidentSetSize of job (KB)
...
005 (22119975.016.000) 07/18 22:13:13 Job terminated.
	(1) Normal termination (return value 0)
		Usr 0 00:41:45, Sys 0 00:04:13  -  Run Remote Usage
		Usr 0 00:00:00, Sys 0 00:00:00  -  Run Local Usage
		Usr 0 00:41:45, Sys 0 00:04:13  -  Total Remote Usage
		Usr 0 00:00:00, Sys 0 00:00:00  -  Total Local Usage
	0  -  Run Bytes Sent By Job
	12500  -  Run Bytes Received By Job
	0  -  Total Bytes Sent By Job
	12500  -  Total Bytes Received By Job
	Partitionable Resources :    Usage  Request Allocated 
	   Cpus                 :     0.97        1         1 
	   Disk (KB)            :    39          15     12746 
	   Memory (MB)          :   132           1       128 
...
000 (22253529.016.000) 07/19 19:22:43 Job submitted from host: <10.2.11.2:9618?addrs=10.2.11.2-9618&noUDP&sock=1517334_7efc_29>
...
001 (22253529.016.000) 07/19 19:23:52 Job executing on host: <10.2.2.9:9618?addrs=10.2.2.9-9618&noUDP&sock=31885_0951_3>
...
006 (22253529.016.000) 07/19 19:24:02 Image size of job updated: 121660
	95  -  MemoryUsage of job (MB)
	96440  -  ResidentSetSize of job (KB)
...
006 (22253529.016.000) 07/19 19:29:02 Image size of job updated: 482672
	123  -  MemoryUsage of job (MB)
	125400  -  ResidentSetSize of job (KB)
...
006 (22253529.016.000) 07/19 19:34:03 Image size of job updated: 484264
	125  -  MemoryUsage of job (MB)
	127608  -  ResidentSetSize of job (KB)
...
006 (22253529.016.000) 07/19 19:39:04 Image size of job updated: 490156
	129  -  MemoryUsage of job (MB)
	131244  -  ResidentSetSize of job (KB)
...
006 (22253529.016.000) 07/19 19:44:04 Image size of job updated: 490156
	131  -  MemoryUsage of job (MB)
	133148  -  ResidentSetSize of job (KB)
...
006 (22253529.016.000) 07/19 19:49:04 Image size of job updated: 491948
	131  -  MemoryUsage of job (MB)
	134060  -  ResidentSetSize of job (KB)
...
006 (22253529.016.000) 07/19 19:54:04 Image size of job updated: 492204
	134  -  MemoryUsage of job (MB)
	137136  -  ResidentSetSize of job (KB)
...
005 (22253529.016.000) 07/19 20:01:46 Job terminated.
	(1) Normal termination (return value 0)
		Usr 0 00:33:53, Sys 0 00:03:50  -  Run Remote Usage
		Usr 0 00:00:00, Sys 0 00:00:00  -  Run Local Usage
		Usr 0 00:33:53, Sys 0 00:03:50  -  Total Remote Usage
		Usr 0 00:00:00, Sys 0 00:00:00  -  Total Local Usage
	0  -  Run Bytes Sent By Job
	12494  -  Run Bytes Received By Job
	0  -  Total Bytes Sent By Job
	12494  -  Total Bytes Received By Job
	Partitionable Resources :    Usage  Request Allocated 
	   Cpus                 :     1.00        1         1 
	   Disk (KB)            :    39          15     45701 
	   Memory (MB)          :   134           1       128 
...
000 (22253572.016.000) 07/19 20:21:25 Job submitted from host: <10.2.11.2:9618?addrs=10.2.11.2-9618&noUDP&sock=1517334_7efc_29>
...
001 (22253572.016.000) 07/19 20:21:33 Job executing on host: <10.2.3.52:9618?addrs=10.2.3.52-9618&noUDP&sock=23103_509a_3>
...
006 (22253572.016.000) 07/19 20:21:44 Image size of job updated: 34496
	22  -  MemoryUsage of job (MB)
	22320  -  ResidentSetSize of job (KB)
...
006 (22253572.016.000) 07/19 20:26:44 Image size of job updated: 482832
	127  -  MemoryUsage of job (MB)
	129132  -  ResidentSetSize of job (KB)
...
006 (22253572.016.000) 07/19 20:31:45 Image size of job updated: 488980
	128  -  MemoryUsage of job (MB)
	130164  -  ResidentSetSize of job (KB)
...
006 (22253572.016.000) 07/19 20:46:47 Image size of job updated: 488980
	128  -  MemoryUsage of job (MB)
	130168  -  ResidentSetSize of job (KB)
...
006 (22253572.016.000) 07/19 20:51:48 Image size of job updated: 488980
	128  -  MemoryUsage of job (MB)
	130204  -  ResidentSetSize of job (KB)
...
006 (22253572.016.000) 07/19 20:56:48 Image size of job updated: 493108
	128  -  MemoryUsage of job (MB)
	130672  -  ResidentSetSize of job (KB)
...
006 (22253572.016.000) 07/19 21:01:48 Image size of job updated: 493128
	128  -  MemoryUsage of job (MB)
	130944  -  ResidentSetSize of job (KB)
...
006 (22253572.016.000) 07/19 21:06:49 Image size of job updated: 493128
	129  -  MemoryUsage of job (MB)
	131792  -  ResidentSetSize of job (KB)
...
006 (22253572.016.000) 07/19 21:11:49 Image size of job updated: 493128
	131  -  MemoryUsage of job (MB)
	133244  -  ResidentSetSize of job (KB)
...
006 (22253572.016.000) 07/19 21:16:49 Image size of job updated: 493128
	132  -  MemoryUsage of job (MB)
	134232  -  ResidentSetSize of job (KB)
...
005 (22253572.016.000) 07/19 21:20:58 Job terminated.
	(1) Normal termination (return value 0)
		Usr 0 00:53:45, Sys 0 00:05:03  -  Run Remote Usage
		Usr 0 00:00:00, Sys 0 00:00:00  -  Run Local Usage
		Usr 0 00:53:45, Sys 0 00:05:03  -  Total Remote Usage
		Usr 0 00:00:00, Sys 0 00:00:00  -  Total Local Usage
	0  -  Run Bytes Sent By Job
	12494  -  Run Bytes Received By Job
	0  -  Total Bytes Sent By Job
	12494  -  Total Bytes Received By Job
	Partitionable Resources :    Usage  Request Allocated 
	   Cpus                 :     1.00        1         1 
	   Disk (KB)            :    39          15     69055 
	   Memory (MB)          :   132           1       128 
...
000 (22253623.016.000) 07/19 22:36:07 Job submitted from host: <10.2.11.2:9618?addrs=10.2.11.2-9618&noUDP&sock=1517334_7efc_29>
...
001 (22253623.016.000) 07/19 22:36:12 Job executing on host: <10.2.2.7:9618?addrs=10.2.2.7-9618&noUDP&sock=1853_9514_21>
...
006 (22253623.016.000) 07/19 22:36:22 Image size of job updated: 199448
	18  -  MemoryUsage of job (MB)
	18180  -  ResidentSetSize of job (KB)
...
006 (22253623.016.000) 07/19 22:41:23 Image size of job updated: 484476
	121  -  MemoryUsage of job (MB)
	123740  -  ResidentSetSize of job (KB)
...
006 (22253623.016.000) 07/19 22:46:23 Image size of job updated: 484476
	123  -  MemoryUsage of job (MB)
	125304  -  ResidentSetSize of job (KB)
...
006 (22253623.016.000) 07/19 22:51:23 Image size of job updated: 488576
	127  -  MemoryUsage of job (MB)
	129664  -  ResidentSetSize of job (KB)
...
006 (22253623.016.000) 07/19 22:56:24 Image size of job updated: 488576
	129  -  MemoryUsage of job (MB)
	131712  -  ResidentSetSize of job (KB)
...
006 (22253623.016.000) 07/19 23:01:25 Image size of job updated: 489616
	134  -  MemoryUsage of job (MB)
	136596  -  ResidentSetSize of job (KB)
...
006 (22253623.016.000) 07/19 23:06:25 Image size of job updated: 491664
	134  -  MemoryUsage of job (MB)
	136596  -  ResidentSetSize of job (KB)
...
006 (22253623.016.000) 07/19 23:26:27 Image size of job updated: 494736
	134  -  MemoryUsage of job (MB)
	136596  -  ResidentSetSize of job (KB)
...
005 (22253623.016.000) 07/19 23:26:40 Job terminated.
	(1) Normal termination (return value 0)
		Usr 0 00:45:23, Sys 0 00:04:20  -  Run Remote Usage
		Usr 0 00:00:00, Sys 0 00:00:00  -  Run Local Usage
		Usr 0 00:45:23, Sys 0 00:04:20  -  Total Remote Usage
		Usr 0 00:00:00, Sys 0 00:00:00  -  Total Local Usage
	0  -  Run Bytes Sent By Job
	12500  -  Run Bytes Received By Job
	0  -  Total Bytes Sent By Job
	12500  -  Total Bytes Received By Job
	Partitionable Resources :    Usage  Request Allocated 
	   Cpus                 :     1.00        1         1 
	   Disk (KB)            :    39          15     43865 
	   Memory (MB)          :   134           1       128 
...
000 (23043567.016.000) 08/14 22:16:51 Job submitted from host: <10.2.11.2:9618?addrs=10.2.11.2-9618&noUDP&sock=3676338_a96b_3>
...
001 (23043567.016.000) 08/14 22:16:55 Job executing on host: <10.2.2.40:9618?addrs=10.2.2.40-9618&noUDP&sock=1821_a20d_3>
...
006 (23043567.016.000) 08/14 22:17:04 Image size of job updated: 133980
	14  -  MemoryUsage of job (MB)
	13896  -  ResidentSetSize of job (KB)
...
006 (23043567.016.000) 08/14 22:22:05 Image size of job updated: 481644
	123  -  MemoryUsage of job (MB)
	125352  -  ResidentSetSize of job (KB)
...
006 (23043567.016.000) 08/14 22:27:05 Image size of job updated: 483692
	125  -  MemoryUsage of job (MB)
	127096  -  ResidentSetSize of job (KB)
...
006 (23043567.016.000) 08/14 22:32:05 Image size of job updated: 490604
	129  -  MemoryUsage of job (MB)
	131752  -  ResidentSetSize of job (KB)
...
006 (23043567.016.000) 08/14 22:57:08 Image size of job updated: 491628
	129  -  MemoryUsage of job (MB)
	131752  -  ResidentSetSize of job (KB)
...
006 (23043567.016.000) 08/14 23:02:01 Image size of job updated: 493704
	129  -  MemoryUsage of job (MB)
	131752  -  ResidentSetSize of job (KB)
...
005 (23043567.016.000) 08/14 23:02:01 Job terminated.
	(1) Normal termination (return value 0)
		Usr 0 00:40:01, Sys 0 00:03:45  -  Run Remote Usage
		Usr 0 00:00:00, Sys 0 00:00:00  -  Run Local Usage
		Usr 0 00:40:01, Sys 0 00:03:45  -  Total Remote Usage
		Usr 0 00:00:00, Sys 0 00:00:00  -  Total Local Usage
	0  -  Run Bytes Sent By Job
	12499  -  Run Bytes Received By Job
	0  -  Total Bytes Sent By Job
	12499  -  Total Bytes Received By Job
	Partitionable Resources :    Usage  Request Allocated 
	   Cpus                 :     1.00        1         1 
	   Disk (KB)            :    39          15     42550 
	   Memory (MB)          :   129           1       128 
...
