000 (22073832.018.000) 07/18 19:40:16 Job submitted from host: <10.2.11.2:9618?addrs=10.2.11.2-9618&noUDP&sock=1517334_7efc_29>
...
000 (22073881.018.000) 07/18 19:40:22 Job submitted from host: <10.2.11.2:9618?addrs=10.2.11.2-9618&noUDP&sock=1517334_7efc_29>
...
009 (22073832.018.000) 07/18 19:40:25 Job was aborted by the user.
	via condor_rm (by user krish.shah)
...
000 (22073926.018.000) 07/18 19:40:26 Job submitted from host: <10.2.11.2:9618?addrs=10.2.11.2-9618&noUDP&sock=1517334_7efc_29>
...
009 (22073881.018.000) 07/18 19:40:29 Job was aborted by the user.
	via condor_rm (by user krish.shah)
...
001 (22073926.018.000) 07/18 19:40:32 Job executing on host: <10.2.2.31:9618?addrs=10.2.2.31-9618&noUDP&sock=1823_013d_3>
...
007 (22073926.018.000) 07/18 19:40:32 Shadow exception!
	Error from slot1_16@cn2031.sarathi.iucaa.in: Failed to execute '/var/lib/condor/execute/dir_25225/condor_exec.exe' with arguments 18: (errno=8: 'Exec format error')
	0  -  Run Bytes Sent By Job
	12412  -  Run Bytes Received By Job
...
012 (22073926.018.000) 07/18 19:40:32 Job was held.
	Error from slot1_16@cn2031.sarathi.iucaa.in: Failed to execute '/var/lib/condor/execute/dir_25225/condor_exec.exe' with arguments 18: (errno=8: 'Exec format error')
	Code 6 Subcode 8
...
009 (22073926.018.000) 07/18 19:41:46 Job was aborted by the user.
	via condor_rm (by user krish.shah)
...
000 (22074535.018.000) 07/18 19:41:48 Job submitted from host: <10.2.11.2:9618?addrs=10.2.11.2-9618&noUDP&sock=1517334_7efc_29>
...
001 (22074535.018.000) 07/18 19:41:59 Job executing on host: <10.2.1.46:9618?addrs=10.2.1.46-9618&noUDP&sock=1853_9514_3>
...
006 (22074535.018.000) 07/18 19:42:08 Image size of job updated: 132712
	16  -  MemoryUsage of job (MB)
	16100  -  ResidentSetSize of job (KB)
...
006 (22074535.018.000) 07/18 19:47:09 Image size of job updated: 507612
	118  -  MemoryUsage of job (MB)
	120620  -  ResidentSetSize of job (KB)
...
006 (22074535.018.000) 07/18 19:52:09 Image size of job updated: 508300
	119  -  MemoryUsage of job (MB)
	121344  -  ResidentSetSize of job (KB)
...
006 (22074535.018.000) 07/18 19:52:37 Image size of job updated: 508808
	121  -  MemoryUsage of job (MB)
	123136  -  ResidentSetSize of job (KB)
...
005 (22074535.018.000) 07/18 19:52:37 Job terminated.
	(1) Normal termination (return value 0)
		Usr 0 00:09:13, Sys 0 00:00:34  -  Run Remote Usage
		Usr 0 00:00:00, Sys 0 00:00:00  -  Run Local Usage
		Usr 0 00:09:13, Sys 0 00:00:34  -  Total Remote Usage
		Usr 0 00:00:00, Sys 0 00:00:00  -  Total Local Usage
	0  -  Run Bytes Sent By Job
	12470  -  Run Bytes Received By Job
	0  -  Total Bytes Sent By Job
	12470  -  Total Bytes Received By Job
	Partitionable Resources :    Usage  Request Allocated 
	   Cpus                 :     1.00        1         1 
	   Disk (KB)            :    39          15     10116 
	   Memory (MB)          :   121           1       128 
...
000 (22092688.018.000) 07/18 20:21:00 Job submitted from host: <10.2.11.2:9618?addrs=10.2.11.2-9618&noUDP&sock=1517334_7efc_29>
...
001 (22092688.018.000) 07/18 20:21:24 Job executing on host: <10.2.1.47:9618?addrs=10.2.1.47-9618&noUDP&sock=1828_6f36_3>
...
006 (22092688.018.000) 07/18 20:21:33 Image size of job updated: 79984
	79  -  MemoryUsage of job (MB)
	79984  -  ResidentSetSize of job (KB)
...
006 (22092688.018.000) 07/18 20:26:34 Image size of job updated: 507364
	118  -  MemoryUsage of job (MB)
	120568  -  ResidentSetSize of job (KB)
...
006 (22092688.018.000) 07/18 20:31:34 Image size of job updated: 508196
	120  -  MemoryUsage of job (MB)
	122504  -  ResidentSetSize of job (KB)
...
006 (22092688.018.000) 07/18 20:36:35 Image size of job updated: 509248
	120  -  MemoryUsage of job (MB)
	122504  -  ResidentSetSize of job (KB)
...
006 (22092688.018.000) 07/18 20:41:36 Image size of job updated: 510636
	120  -  MemoryUsage of job (MB)
	122800  -  ResidentSetSize of job (KB)
...
006 (22092688.018.000) 07/18 20:45:56 Image size of job updated: 510936
	120  -  MemoryUsage of job (MB)
	122800  -  ResidentSetSize of job (KB)
...
005 (22092688.018.000) 07/18 20:45:56 Job terminated.
	(1) Normal termination (return value 0)
		Usr 0 00:22:38, Sys 0 00:01:30  -  Run Remote Usage
		Usr 0 00:00:00, Sys 0 00:00:00  -  Run Local Usage
		Usr 0 00:22:38, Sys 0 00:01:30  -  Total Remote Usage
		Usr 0 00:00:00, Sys 0 00:00:00  -  Total Local Usage
	0  -  Run Bytes Sent By Job
	12465  -  Run Bytes Received By Job
	0  -  Total Bytes Sent By Job
	12465  -  Total Bytes Received By Job
	Partitionable Resources :    Usage  Request Allocated 
	   Cpus                 :     1.00        1         1 
	   Disk (KB)            :    39          15     15056 
	   Memory (MB)          :   120           1       128 
...
000 (22119392.018.000) 07/18 21:24:10 Job submitted from host: <10.2.11.2:9618?addrs=10.2.11.2-9618&noUDP&sock=1517334_7efc_29>
...
001 (22119392.018.000) 07/18 21:24:37 Job executing on host: <10.2.1.15:9618?addrs=10.2.1.15-9618&noUDP&sock=1827_bf9e_3>
...
006 (22119392.018.000) 07/18 21:24:38 Image size of job updated: 15
	0  -  MemoryUsage of job (MB)
	0  -  ResidentSetSize of job (KB)
...
005 (22119392.018.000) 07/18 21:24:38 Job terminated.
	(1) Normal termination (return value 1)
		Usr 0 00:00:00, Sys 0 00:00:00  -  Run Remote Usage
		Usr 0 00:00:00, Sys 0 00:00:00  -  Run Local Usage
		Usr 0 00:00:00, Sys 0 00:00:00  -  Total Remote Usage
		Usr 0 00:00:00, Sys 0 00:00:00  -  Total Local Usage
	424  -  Run Bytes Sent By Job
	12499  -  Run Bytes Received By Job
	424  -  Total Bytes Sent By Job
	12499  -  Total Bytes Received By Job
	Partitionable Resources :    Usage  Request Allocated 
	   Cpus                 :        0        1         1 
	   Disk (KB)            :       40       15     14893 
	   Memory (MB)          :        0        1       128 
...
000 (22119975.018.000) 07/18 21:25:20 Job submitted from host: <10.2.11.2:9618?addrs=10.2.11.2-9618&noUDP&sock=1517334_7efc_29>
...
001 (22119975.018.000) 07/18 21:25:40 Job executing on host: <10.2.1.80:9618?addrs=10.2.1.80-9618&noUDP&sock=1826_1006_3>
...
006 (22119975.018.000) 07/18 21:25:49 Image size of job updated: 26288
	19  -  MemoryUsage of job (MB)
	19452  -  ResidentSetSize of job (KB)
...
006 (22119975.018.000) 07/18 21:30:50 Image size of job updated: 507984
	116  -  MemoryUsage of job (MB)
	118492  -  ResidentSetSize of job (KB)
...
006 (22119975.018.000) 07/18 21:35:51 Image size of job updated: 519168
	117  -  MemoryUsage of job (MB)
	119484  -  ResidentSetSize of job (KB)
...
006 (22119975.018.000) 07/18 21:40:51 Image size of job updated: 519168
	118  -  MemoryUsage of job (MB)
	120464  -  ResidentSetSize of job (KB)
...
006 (22119975.018.000) 07/18 21:45:51 Image size of job updated: 519168
	120  -  MemoryUsage of job (MB)
	122224  -  ResidentSetSize of job (KB)
...
006 (22119975.018.000) 07/18 21:50:52 Image size of job updated: 521764
	128  -  MemoryUsage of job (MB)
	130260  -  ResidentSetSize of job (KB)
...
006 (22119975.018.000) 07/18 21:53:08 Image size of job updated: 521764
	131  -  MemoryUsage of job (MB)
	133332  -  ResidentSetSize of job (KB)
...
005 (22119975.018.000) 07/18 21:53:08 Job terminated.
	(1) Normal termination (return value 0)
		Usr 0 00:24:45, Sys 0 00:01:41  -  Run Remote Usage
		Usr 0 00:00:00, Sys 0 00:00:00  -  Run Local Usage
		Usr 0 00:24:45, Sys 0 00:01:41  -  Total Remote Usage
		Usr 0 00:00:00, Sys 0 00:00:00  -  Total Local Usage
	0  -  Run Bytes Sent By Job
	12500  -  Run Bytes Received By Job
	0  -  Total Bytes Sent By Job
	12500  -  Total Bytes Received By Job
	Partitionable Resources :    Usage  Request Allocated 
	   Cpus                 :     0.96        1         1 
	   Disk (KB)            :    39          15     21625 
	   Memory (MB)          :   131           1       128 
...
000 (22253529.018.000) 07/19 19:22:43 Job submitted from host: <10.2.11.2:9618?addrs=10.2.11.2-9618&noUDP&sock=1517334_7efc_29>
...
001 (22253529.018.000) 07/19 19:23:51 Job executing on host: <10.2.2.40:9618?addrs=10.2.2.40-9618&noUDP&sock=1821_a20d_3>
...
006 (22253529.018.000) 07/19 19:24:00 Image size of job updated: 284892
	91  -  MemoryUsage of job (MB)
	93176  -  ResidentSetSize of job (KB)
...
006 (22253529.018.000) 07/19 19:29:00 Image size of job updated: 475112
	118  -  MemoryUsage of job (MB)
	120024  -  ResidentSetSize of job (KB)
...
006 (22253529.018.000) 07/19 19:34:00 Image size of job updated: 476672
	119  -  MemoryUsage of job (MB)
	121632  -  ResidentSetSize of job (KB)
...
006 (22253529.018.000) 07/19 19:39:01 Image size of job updated: 477508
	119  -  MemoryUsage of job (MB)
	121632  -  ResidentSetSize of job (KB)
...
006 (22253529.018.000) 07/19 19:44:01 Image size of job updated: 478788
	121  -  MemoryUsage of job (MB)
	123788  -  ResidentSetSize of job (KB)
...
005 (22253529.018.000) 07/19 19:45:04 Job terminated.
	(1) Normal termination (return value 0)
		Usr 0 00:19:50, Sys 0 00:01:11  -  Run Remote Usage
		Usr 0 00:00:00, Sys 0 00:00:00  -  Run Local Usage
		Usr 0 00:19:50, Sys 0 00:01:11  -  Total Remote Usage
		Usr 0 00:00:00, Sys 0 00:00:00  -  Total Local Usage
	0  -  Run Bytes Sent By Job
	12494  -  Run Bytes Received By Job
	0  -  Total Bytes Sent By Job
	12494  -  Total Bytes Received By Job
	Partitionable Resources :    Usage  Request Allocated 
	   Cpus                 :     1.00        1         1 
	   Disk (KB)            :    39          15     42550 
	   Memory (MB)          :   121           1       128 
...
000 (22253572.018.000) 07/19 20:21:25 Job submitted from host: <10.2.11.2:9618?addrs=10.2.11.2-9618&noUDP&sock=1517334_7efc_29>
...
001 (22253572.018.000) 07/19 20:21:33 Job executing on host: <10.2.3.78:9618?addrs=10.2.3.78-9618&noUDP&sock=23047_e74c_3>
...
006 (22253572.018.000) 07/19 20:21:42 Image size of job updated: 33956
	22  -  MemoryUsage of job (MB)
	22512  -  ResidentSetSize of job (KB)
...
006 (22253572.018.000) 07/19 20:26:43 Image size of job updated: 474764
	116  -  MemoryUsage of job (MB)
	118152  -  ResidentSetSize of job (KB)
...
006 (22253572.018.000) 07/19 20:31:43 Image size of job updated: 475600
	118  -  MemoryUsage of job (MB)
	120720  -  ResidentSetSize of job (KB)
...
006 (22253572.018.000) 07/19 20:36:43 Image size of job updated: 476640
	118  -  MemoryUsage of job (MB)
	120720  -  ResidentSetSize of job (KB)
...
006 (22253572.018.000) 07/19 20:41:44 Image size of job updated: 477860
	119  -  MemoryUsage of job (MB)
	121328  -  ResidentSetSize of job (KB)
...
006 (22253572.018.000) 07/19 20:46:44 Image size of job updated: 478636
	120  -  MemoryUsage of job (MB)
	122448  -  ResidentSetSize of job (KB)
...
006 (22253572.018.000) 07/19 20:51:44 Image size of job updated: 480028
	122  -  MemoryUsage of job (MB)
	124240  -  ResidentSetSize of job (KB)
...
006 (22253572.018.000) 07/19 20:52:41 Image size of job updated: 480240
	122  -  MemoryUsage of job (MB)
	124240  -  ResidentSetSize of job (KB)
...
005 (22253572.018.000) 07/19 20:52:41 Job terminated.
	(1) Normal termination (return value 0)
		Usr 0 00:28:54, Sys 0 00:01:36  -  Run Remote Usage
		Usr 0 00:00:00, Sys 0 00:00:00  -  Run Local Usage
		Usr 0 00:28:54, Sys 0 00:01:36  -  Total Remote Usage
		Usr 0 00:00:00, Sys 0 00:00:00  -  Total Local Usage
	0  -  Run Bytes Sent By Job
	12494  -  Run Bytes Received By Job
	0  -  Total Bytes Sent By Job
	12494  -  Total Bytes Received By Job
	Partitionable Resources :    Usage  Request Allocated 
	   Cpus                 :     1.00        1         1 
	   Disk (KB)            :    39          15     65435 
	   Memory (MB)          :   122           1       128 
...
000 (22253623.018.000) 07/19 22:36:07 Job submitted from host: <10.2.11.2:9618?addrs=10.2.11.2-9618&noUDP&sock=1517334_7efc_29>
...
001 (22253623.018.000) 07/19 22:36:13 Job executing on host: <10.2.2.39:9618?addrs=10.2.2.39-9618&noUDP&sock=1840_aa59_3>
...
006 (22253623.018.000) 07/19 22:36:21 Image size of job updated: 24476
	17  -  MemoryUsage of job (MB)
	16480  -  ResidentSetSize of job (KB)
...
006 (22253623.018.000) 07/19 22:41:21 Image size of job updated: 475096
	118  -  MemoryUsage of job (MB)
	119912  -  ResidentSetSize of job (KB)
...
006 (22253623.018.000) 07/19 22:46:21 Image size of job updated: 475420
	118  -  MemoryUsage of job (MB)
	119912  -  ResidentSetSize of job (KB)
...
006 (22253623.018.000) 07/19 22:51:22 Image size of job updated: 476632
	118  -  MemoryUsage of job (MB)
	119912  -  ResidentSetSize of job (KB)
...
006 (22253623.018.000) 07/19 22:56:22 Image size of job updated: 477824
	121  -  MemoryUsage of job (MB)
	122888  -  ResidentSetSize of job (KB)
...
006 (22253623.018.000) 07/19 23:01:22 Image size of job updated: 478844
	122  -  MemoryUsage of job (MB)
	123988  -  ResidentSetSize of job (KB)
...
006 (22253623.018.000) 07/19 23:06:23 Image size of job updated: 479680
	122  -  MemoryUsage of job (MB)
	123988  -  ResidentSetSize of job (KB)
...
006 (22253623.018.000) 07/19 23:09:41 Image size of job updated: 480780
	122  -  MemoryUsage of job (MB)
	123988  -  ResidentSetSize of job (KB)
...
005 (22253623.018.000) 07/19 23:09:41 Job terminated.
	(1) Normal termination (return value 0)
		Usr 0 00:30:31, Sys 0 00:02:11  -  Run Remote Usage
		Usr 0 00:00:00, Sys 0 00:00:00  -  Run Local Usage
		Usr 0 00:30:31, Sys 0 00:02:11  -  Total Remote Usage
		Usr 0 00:00:00, Sys 0 00:00:00  -  Total Local Usage
	0  -  Run Bytes Sent By Job
	12500  -  Run Bytes Received By Job
	0  -  Total Bytes Sent By Job
	12500  -  Total Bytes Received By Job
	Partitionable Resources :    Usage  Request Allocated 
	   Cpus                 :     1.00        1         1 
	   Disk (KB)            :    39          15     46779 
	   Memory (MB)          :   122           1       128 
...
000 (23043567.018.000) 08/14 22:16:51 Job submitted from host: <10.2.11.2:9618?addrs=10.2.11.2-9618&noUDP&sock=3676338_a96b_3>
...
001 (23043567.018.000) 08/14 22:16:55 Job executing on host: <10.2.2.29:9618?addrs=10.2.2.29-9618&noUDP&sock=1814_d4e3_3>
...
006 (23043567.018.000) 08/14 22:17:04 Image size of job updated: 22252
	17  -  MemoryUsage of job (MB)
	16500  -  ResidentSetSize of job (KB)
...
006 (23043567.018.000) 08/14 22:22:05 Image size of job updated: 475204
	118  -  MemoryUsage of job (MB)
	120416  -  ResidentSetSize of job (KB)
...
006 (23043567.018.000) 08/14 22:27:05 Image size of job updated: 476168
	118  -  MemoryUsage of job (MB)
	120416  -  ResidentSetSize of job (KB)
...
006 (23043567.018.000) 08/14 22:32:06 Image size of job updated: 477672
	120  -  MemoryUsage of job (MB)
	122732  -  ResidentSetSize of job (KB)
...
006 (23043567.018.000) 08/14 22:37:07 Image size of job updated: 478732
	121  -  MemoryUsage of job (MB)
	123692  -  ResidentSetSize of job (KB)
...
006 (23043567.018.000) 08/14 22:42:07 Image size of job updated: 479596
	121  -  MemoryUsage of job (MB)
	123692  -  ResidentSetSize of job (KB)
...
006 (23043567.018.000) 08/14 22:43:22 Image size of job updated: 479596
	122  -  MemoryUsage of job (MB)
	124560  -  ResidentSetSize of job (KB)
...
005 (23043567.018.000) 08/14 22:43:22 Job terminated.
	(1) Normal termination (return value 0)
		Usr 0 00:23:40, Sys 0 00:01:20  -  Run Remote Usage
		Usr 0 00:00:00, Sys 0 00:00:00  -  Run Local Usage
		Usr 0 00:23:40, Sys 0 00:01:20  -  Total Remote Usage
		Usr 0 00:00:00, Sys 0 00:00:00  -  Total Local Usage
	0  -  Run Bytes Sent By Job
	12499  -  Run Bytes Received By Job
	0  -  Total Bytes Sent By Job
	12499  -  Total Bytes Received By Job
	Partitionable Resources :    Usage  Request Allocated 
	   Cpus                 :     1.00        1         1 
	   Disk (KB)            :    39          15     47978 
	   Memory (MB)          :   122           1       128 
...
