000 (22073832.002.000) 07/18 19:40:16 Job submitted from host: <10.2.11.2:9618?addrs=10.2.11.2-9618&noUDP&sock=1517334_7efc_29>
...
000 (22073881.002.000) 07/18 19:40:22 Job submitted from host: <10.2.11.2:9618?addrs=10.2.11.2-9618&noUDP&sock=1517334_7efc_29>
...
009 (22073832.002.000) 07/18 19:40:25 Job was aborted by the user.
	via condor_rm (by user krish.shah)
...
000 (22073926.002.000) 07/18 19:40:26 Job submitted from host: <10.2.11.2:9618?addrs=10.2.11.2-9618&noUDP&sock=1517334_7efc_29>
...
009 (22073881.002.000) 07/18 19:40:27 Job was aborted by the user.
	via condor_rm (by user krish.shah)
...
001 (22073926.002.000) 07/18 19:40:32 Job executing on host: <10.2.1.96:9618?addrs=10.2.1.96-9618&noUDP&sock=1961_a94f_3>
...
007 (22073926.002.000) 07/18 19:40:32 Shadow exception!
	Error from slot1_19@cn1096.sarathi.iucaa.in: Failed to execute '/var/lib/condor/execute/dir_3903/condor_exec.exe' with arguments 2: (errno=8: 'Exec format error')
	0  -  Run Bytes Sent By Job
	12412  -  Run Bytes Received By Job
...
012 (22073926.002.000) 07/18 19:40:32 Job was held.
	Error from slot1_19@cn1096.sarathi.iucaa.in: Failed to execute '/var/lib/condor/execute/dir_3903/condor_exec.exe' with arguments 2: (errno=8: 'Exec format error')
	Code 6 Subcode 8
...
009 (22073926.002.000) 07/18 19:41:45 Job was aborted by the user.
	via condor_rm (by user krish.shah)
...
000 (22074535.002.000) 07/18 19:41:48 Job submitted from host: <10.2.11.2:9618?addrs=10.2.11.2-9618&noUDP&sock=1517334_7efc_29>
...
001 (22074535.002.000) 07/18 19:41:59 Job executing on host: <10.2.1.21:9618?addrs=10.2.1.21-9618&noUDP&sock=1859_b2a6_3>
...
006 (22074535.002.000) 07/18 19:42:08 Image size of job updated: 22816
	16  -  MemoryUsage of job (MB)
	16100  -  ResidentSetSize of job (KB)
...
006 (22074535.002.000) 07/18 19:47:09 Image size of job updated: 517140
	118  -  MemoryUsage of job (MB)
	119812  -  ResidentSetSize of job (KB)
...
006 (22074535.002.000) 07/18 19:52:10 Image size of job updated: 517140
	123  -  MemoryUsage of job (MB)
	125364  -  ResidentSetSize of job (KB)
...
006 (22074535.002.000) 07/18 19:53:18 Image size of job updated: 517140
	124  -  MemoryUsage of job (MB)
	126232  -  ResidentSetSize of job (KB)
...
005 (22074535.002.000) 07/18 19:53:19 Job terminated.
	(1) Normal termination (return value 0)
		Usr 0 00:08:55, Sys 0 00:01:35  -  Run Remote Usage
		Usr 0 00:00:00, Sys 0 00:00:00  -  Run Local Usage
		Usr 0 00:08:55, Sys 0 00:01:35  -  Total Remote Usage
		Usr 0 00:00:00, Sys 0 00:00:00  -  Total Local Usage
	0  -  Run Bytes Sent By Job
	12470  -  Run Bytes Received By Job
	0  -  Total Bytes Sent By Job
	12470  -  Total Bytes Received By Job
	Partitionable Resources :    Usage  Request Allocated 
	   Cpus                 :     1.00        1         1 
	   Disk (KB)            :    39          15     13989 
	   Memory (MB)          :   124           1       128 
...
000 (22092688.002.000) 07/18 20:21:00 Job submitted from host: <10.2.11.2:9618?addrs=10.2.11.2-9618&noUDP&sock=1517334_7efc_29>
...
001 (22092688.002.000) 07/18 20:21:24 Job executing on host: <10.2.1.66:9618?addrs=10.2.1.66-9618&noUDP&sock=1875_ac2a_3>
...
006 (22092688.002.000) 07/18 20:21:33 Image size of job updated: 368428
	116  -  MemoryUsage of job (MB)
	118012  -  ResidentSetSize of job (KB)
...
006 (22092688.002.000) 07/18 20:26:34 Image size of job updated: 507584
	116  -  MemoryUsage of job (MB)
	118168  -  ResidentSetSize of job (KB)
...
006 (22092688.002.000) 07/18 20:31:34 Image size of job updated: 508484
	117  -  MemoryUsage of job (MB)
	119780  -  ResidentSetSize of job (KB)
...
006 (22092688.002.000) 07/18 20:36:35 Image size of job updated: 510104
	118  -  MemoryUsage of job (MB)
	120564  -  ResidentSetSize of job (KB)
...
006 (22092688.002.000) 07/18 20:40:24 Image size of job updated: 510528
	118  -  MemoryUsage of job (MB)
	120564  -  ResidentSetSize of job (KB)
...
005 (22092688.002.000) 07/18 20:40:24 Job terminated.
	(1) Normal termination (return value 0)
		Usr 0 00:17:33, Sys 0 00:01:05  -  Run Remote Usage
		Usr 0 00:00:00, Sys 0 00:00:00  -  Run Local Usage
		Usr 0 00:17:33, Sys 0 00:01:05  -  Total Remote Usage
		Usr 0 00:00:00, Sys 0 00:00:00  -  Total Local Usage
	0  -  Run Bytes Sent By Job
	12465  -  Run Bytes Received By Job
	0  -  Total Bytes Sent By Job
	12465  -  Total Bytes Received By Job
	Partitionable Resources :    Usage  Request Allocated 
	   Cpus                 :     1.00        1         1 
	   Disk (KB)            :    39          15     14645 
	   Memory (MB)          :   118           1       128 
...
000 (22119392.002.000) 07/18 21:24:10 Job submitted from host: <10.2.11.2:9618?addrs=10.2.11.2-9618&noUDP&sock=1517334_7efc_29>
...
001 (22119392.002.000) 07/18 21:24:37 Job executing on host: <10.2.1.11:9618?addrs=10.2.1.11-9618&noUDP&sock=1878_baf3_3>
...
006 (22119392.002.000) 07/18 21:24:38 Image size of job updated: 15
	0  -  MemoryUsage of job (MB)
	0  -  ResidentSetSize of job (KB)
...
005 (22119392.002.000) 07/18 21:24:38 Job terminated.
	(1) Normal termination (return value 1)
		Usr 0 00:00:00, Sys 0 00:00:00  -  Run Remote Usage
		Usr 0 00:00:00, Sys 0 00:00:00  -  Run Local Usage
		Usr 0 00:00:00, Sys 0 00:00:00  -  Total Remote Usage
		Usr 0 00:00:00, Sys 0 00:00:00  -  Total Local Usage
	424  -  Run Bytes Sent By Job
	12499  -  Run Bytes Received By Job
	424  -  Total Bytes Sent By Job
	12499  -  Total Bytes Received By Job
	Partitionable Resources :    Usage  Request Allocated 
	   Cpus                 :     0.01        1         1 
	   Disk (KB)            :    40          15     12198 
	   Memory (MB)          :     0           1       128 
...
000 (22119975.002.000) 07/18 21:25:20 Job submitted from host: <10.2.11.2:9618?addrs=10.2.11.2-9618&noUDP&sock=1517334_7efc_29>
...
001 (22119975.002.000) 07/18 21:25:40 Job executing on host: <10.2.1.36:9618?addrs=10.2.1.36-9618&noUDP&sock=1826_1006_3>
...
006 (22119975.002.000) 07/18 21:25:48 Image size of job updated: 133140
	30  -  MemoryUsage of job (MB)
	30296  -  ResidentSetSize of job (KB)
...
006 (22119975.002.000) 07/18 21:30:48 Image size of job updated: 508292
	117  -  MemoryUsage of job (MB)
	118800  -  ResidentSetSize of job (KB)
...
006 (22119975.002.000) 07/18 21:35:49 Image size of job updated: 509144
	117  -  MemoryUsage of job (MB)
	119760  -  ResidentSetSize of job (KB)
...
006 (22119975.002.000) 07/18 21:40:50 Image size of job updated: 510124
	118  -  MemoryUsage of job (MB)
	120756  -  ResidentSetSize of job (KB)
...
006 (22119975.002.000) 07/18 21:45:50 Image size of job updated: 520684
	119  -  MemoryUsage of job (MB)
	121588  -  ResidentSetSize of job (KB)
...
006 (22119975.002.000) 07/18 21:50:51 Image size of job updated: 520684
	120  -  MemoryUsage of job (MB)
	122516  -  ResidentSetSize of job (KB)
...
005 (22119975.002.000) 07/18 21:50:58 Job terminated.
	(1) Normal termination (return value 0)
		Usr 0 00:23:06, Sys 0 00:01:27  -  Run Remote Usage
		Usr 0 00:00:00, Sys 0 00:00:00  -  Run Local Usage
		Usr 0 00:23:06, Sys 0 00:01:27  -  Total Remote Usage
		Usr 0 00:00:00, Sys 0 00:00:00  -  Total Local Usage
	0  -  Run Bytes Sent By Job
	12500  -  Run Bytes Received By Job
	0  -  Total Bytes Sent By Job
	12500  -  Total Bytes Received By Job
	Partitionable Resources :    Usage  Request Allocated 
	   Cpus                 :     1.00        1         1 
	   Disk (KB)            :    39          15     18154 
	   Memory (MB)          :   120           1       128 
...
000 (22253529.002.000) 07/19 19:22:43 Job submitted from host: <10.2.11.2:9618?addrs=10.2.11.2-9618&noUDP&sock=1517334_7efc_29>
...
001 (22253529.002.000) 07/19 19:22:51 Job executing on host: <10.2.1.94:9618?addrs=10.2.1.94-9618&noUDP&sock=1926_a77e_3>
...
006 (22253529.002.000) 07/19 19:23:00 Image size of job updated: 189148
	16  -  MemoryUsage of job (MB)
	16280  -  ResidentSetSize of job (KB)
...
006 (22253529.002.000) 07/19 19:28:01 Image size of job updated: 507664
	116  -  MemoryUsage of job (MB)
	118100  -  ResidentSetSize of job (KB)
...
006 (22253529.002.000) 07/19 19:33:02 Image size of job updated: 519056
	118  -  MemoryUsage of job (MB)
	120352  -  ResidentSetSize of job (KB)
...
006 (22253529.002.000) 07/19 19:38:02 Image size of job updated: 519056
	118  -  MemoryUsage of job (MB)
	120356  -  ResidentSetSize of job (KB)
...
005 (22253529.002.000) 07/19 19:40:28 Job terminated.
	(1) Normal termination (return value 0)
		Usr 0 00:15:11, Sys 0 00:01:03  -  Run Remote Usage
		Usr 0 00:00:00, Sys 0 00:00:00  -  Run Local Usage
		Usr 0 00:15:11, Sys 0 00:01:03  -  Total Remote Usage
		Usr 0 00:00:00, Sys 0 00:00:00  -  Total Local Usage
	0  -  Run Bytes Sent By Job
	12494  -  Run Bytes Received By Job
	0  -  Total Bytes Sent By Job
	12494  -  Total Bytes Received By Job
	Partitionable Resources :    Usage  Request Allocated 
	   Cpus                 :     1.00        1         1 
	   Disk (KB)            :    39          15     12294 
	   Memory (MB)          :   118           1       128 
...
000 (22253572.002.000) 07/19 20:21:25 Job submitted from host: <10.2.11.2:9618?addrs=10.2.11.2-9618&noUDP&sock=1517334_7efc_29>
...
001 (22253572.002.000) 07/19 20:21:32 Job executing on host: <10.2.3.66:9618?addrs=10.2.3.66-9618&noUDP&sock=23191_acef_3>
...
006 (22253572.002.000) 07/19 20:21:41 Image size of job updated: 362676
	116  -  MemoryUsage of job (MB)
	117980  -  ResidentSetSize of job (KB)
...
006 (22253572.002.000) 07/19 20:26:42 Image size of job updated: 481144
	124  -  MemoryUsage of job (MB)
	126240  -  ResidentSetSize of job (KB)
...
006 (22253572.002.000) 07/19 20:46:24 Image size of job updated: 484280
	124  -  MemoryUsage of job (MB)
	126240  -  ResidentSetSize of job (KB)
...
005 (22253572.002.000) 07/19 20:46:24 Job terminated.
	(1) Normal termination (return value 0)
		Usr 0 00:22:36, Sys 0 00:02:08  -  Run Remote Usage
		Usr 0 00:00:00, Sys 0 00:00:00  -  Run Local Usage
		Usr 0 00:22:36, Sys 0 00:02:08  -  Total Remote Usage
		Usr 0 00:00:00, Sys 0 00:00:00  -  Total Local Usage
	0  -  Run Bytes Sent By Job
	12494  -  Run Bytes Received By Job
	0  -  Total Bytes Sent By Job
	12494  -  Total Bytes Received By Job
	Partitionable Resources :    Usage  Request Allocated 
	   Cpus                 :     1.00        1         1 
	   Disk (KB)            :    39          15     67635 
	   Memory (MB)          :   124           1       128 
...
000 (22253623.002.000) 07/19 22:36:07 Job submitted from host: <10.2.11.2:9618?addrs=10.2.11.2-9618&noUDP&sock=1517334_7efc_29>
...
001 (22253623.002.000) 07/19 22:36:12 Job executing on host: <10.2.1.96:9618?addrs=10.2.1.96-9618&noUDP&sock=1961_a94f_3>
...
006 (22253623.002.000) 07/19 22:36:21 Image size of job updated: 193872
	16  -  MemoryUsage of job (MB)
	15808  -  ResidentSetSize of job (KB)
...
006 (22253623.002.000) 07/19 22:41:22 Image size of job updated: 517120
	124  -  MemoryUsage of job (MB)
	126632  -  ResidentSetSize of job (KB)
...
006 (22253623.002.000) 07/19 22:46:22 Image size of job updated: 517120
	126  -  MemoryUsage of job (MB)
	128680  -  ResidentSetSize of job (KB)
...
006 (22253623.002.000) 07/19 22:51:22 Image size of job updated: 519428
	127  -  MemoryUsage of job (MB)
	129792  -  ResidentSetSize of job (KB)
...
006 (22253623.002.000) 07/19 22:56:23 Image size of job updated: 520196
	127  -  MemoryUsage of job (MB)
	129792  -  ResidentSetSize of job (KB)
...
006 (22253623.002.000) 07/19 23:01:23 Image size of job updated: 522244
	130  -  MemoryUsage of job (MB)
	132788  -  ResidentSetSize of job (KB)
...
006 (22253623.002.000) 07/19 23:11:24 Image size of job updated: 523268
	131  -  MemoryUsage of job (MB)
	133816  -  ResidentSetSize of job (KB)
...
006 (22253623.002.000) 07/19 23:16:24 Image size of job updated: 526352
	136  -  MemoryUsage of job (MB)
	138816  -  ResidentSetSize of job (KB)
...
006 (22253623.002.000) 07/19 23:21:24 Image size of job updated: 526352
	138  -  MemoryUsage of job (MB)
	140744  -  ResidentSetSize of job (KB)
...
005 (22253623.002.000) 07/19 23:40:44 Job terminated.
	(1) Normal termination (return value 0)
		Usr 0 00:54:35, Sys 0 00:07:52  -  Run Remote Usage
		Usr 0 00:00:00, Sys 0 00:00:00  -  Run Local Usage
		Usr 0 00:54:35, Sys 0 00:07:52  -  Total Remote Usage
		Usr 0 00:00:00, Sys 0 00:00:00  -  Total Local Usage
	0  -  Run Bytes Sent By Job
	12500  -  Run Bytes Received By Job
	0  -  Total Bytes Sent By Job
	12500  -  Total Bytes Received By Job
	Partitionable Resources :    Usage  Request Allocated 
	   Cpus                 :     1.00        1         1 
	   Disk (KB)            :    39          15      9728 
	   Memory (MB)          :   138           1       128 
...
000 (23043567.002.000) 08/14 22:16:51 Job submitted from host: <10.2.11.2:9618?addrs=10.2.11.2-9618&noUDP&sock=3676338_a96b_3>
...
001 (23043567.002.000) 08/14 22:16:55 Job executing on host: <10.2.1.49:9618?addrs=10.2.1.49-9618&noUDP&sock=1784_410c_3>
...
006 (23043567.002.000) 08/14 22:17:03 Image size of job updated: 140896
	13  -  MemoryUsage of job (MB)
	12400  -  ResidentSetSize of job (KB)
...
006 (23043567.002.000) 08/14 22:22:03 Image size of job updated: 507696
	116  -  MemoryUsage of job (MB)
	118516  -  ResidentSetSize of job (KB)
...
006 (23043567.002.000) 08/14 22:27:04 Image size of job updated: 508664
	117  -  MemoryUsage of job (MB)
	119512  -  ResidentSetSize of job (KB)
...
006 (23043567.002.000) 08/14 22:32:04 Image size of job updated: 509976
	118  -  MemoryUsage of job (MB)
	120488  -  ResidentSetSize of job (KB)
...
006 (23043567.002.000) 08/14 22:37:04 Image size of job updated: 510880
	119  -  MemoryUsage of job (MB)
	121496  -  ResidentSetSize of job (KB)
...
006 (23043567.002.000) 08/14 22:42:05 Image size of job updated: 511848
	120  -  MemoryUsage of job (MB)
	122388  -  ResidentSetSize of job (KB)
...
006 (23043567.002.000) 08/14 22:47:06 Image size of job updated: 512208
	121  -  MemoryUsage of job (MB)
	123000  -  ResidentSetSize of job (KB)
...
006 (23043567.002.000) 08/14 22:52:06 Image size of job updated: 513072
	123  -  MemoryUsage of job (MB)
	125652  -  ResidentSetSize of job (KB)
...
005 (23043567.002.000) 08/14 22:54:26 Job terminated.
	(1) Normal termination (return value 0)
		Usr 0 00:33:17, Sys 0 00:02:04  -  Run Remote Usage
		Usr 0 00:00:00, Sys 0 00:00:00  -  Run Local Usage
		Usr 0 00:33:17, Sys 0 00:02:04  -  Total Remote Usage
		Usr 0 00:00:00, Sys 0 00:00:00  -  Total Local Usage
	0  -  Run Bytes Sent By Job
	12499  -  Run Bytes Received By Job
	0  -  Total Bytes Sent By Job
	12499  -  Total Bytes Received By Job
	Partitionable Resources :    Usage  Request Allocated 
	   Cpus                 :     0.99        1         1 
	   Disk (KB)            :    39          15     20050 
	   Memory (MB)          :   123           1       128 
...
