000 (22073832.021.000) 07/18 19:40:16 Job submitted from host: <10.2.11.2:9618?addrs=10.2.11.2-9618&noUDP&sock=1517334_7efc_29>
...
000 (22073881.021.000) 07/18 19:40:22 Job submitted from host: <10.2.11.2:9618?addrs=10.2.11.2-9618&noUDP&sock=1517334_7efc_29>
...
009 (22073832.021.000) 07/18 19:40:25 Job was aborted by the user.
	via condor_rm (by user krish.shah)
...
000 (22073926.021.000) 07/18 19:40:26 Job submitted from host: <10.2.11.2:9618?addrs=10.2.11.2-9618&noUDP&sock=1517334_7efc_29>
...
009 (22073881.021.000) 07/18 19:40:29 Job was aborted by the user.
	via condor_rm (by user krish.shah)
...
001 (22073926.021.000) 07/18 19:40:32 Job executing on host: <10.2.2.38:9618?addrs=10.2.2.38-9618&noUDP&sock=1818_9344_3>
...
007 (22073926.021.000) 07/18 19:40:32 Shadow exception!
	Error from slot1_16@cn2038.sarathi.iucaa.in: Failed to execute '/var/lib/condor/execute/dir_12066/condor_exec.exe' with arguments 21: (errno=8: 'Exec format error')
	0  -  Run Bytes Sent By Job
	12412  -  Run Bytes Received By Job
...
012 (22073926.021.000) 07/18 19:40:33 Job was held.
	Error from slot1_16@cn2038.sarathi.iucaa.in: Failed to execute '/var/lib/condor/execute/dir_12066/condor_exec.exe' with arguments 21: (errno=8: 'Exec format error')
	Code 6 Subcode 8
...
009 (22073926.021.000) 07/18 19:41:46 Job was aborted by the user.
	via condor_rm (by user krish.shah)
...
000 (22074535.021.000) 07/18 19:41:48 Job submitted from host: <10.2.11.2:9618?addrs=10.2.11.2-9618&noUDP&sock=1517334_7efc_29>
...
001 (22074535.021.000) 07/18 19:41:59 Job executing on host: <10.2.1.16:9618?addrs=10.2.1.16-9618&noUDP&sock=1829_1ecf_3>
...
006 (22074535.021.000) 07/18 19:42:08 Image size of job updated: 188124
	16  -  MemoryUsage of job (MB)
	16168  -  ResidentSetSize of job (KB)
...
006 (22074535.021.000) 07/18 19:47:09 Image size of job updated: 515600
	116  -  MemoryUsage of job (MB)
	118476  -  ResidentSetSize of job (KB)
...
006 (22074535.021.000) 07/18 19:52:09 Image size of job updated: 515600
	117  -  MemoryUsage of job (MB)
	119284  -  ResidentSetSize of job (KB)
...
005 (22074535.021.000) 07/18 19:55:19 Job terminated.
	(1) Normal termination (return value 0)
		Usr 0 00:11:32, Sys 0 00:00:58  -  Run Remote Usage
		Usr 0 00:00:00, Sys 0 00:00:00  -  Run Local Usage
		Usr 0 00:11:32, Sys 0 00:00:58  -  Total Remote Usage
		Usr 0 00:00:00, Sys 0 00:00:00  -  Total Local Usage
	0  -  Run Bytes Sent By Job
	12470  -  Run Bytes Received By Job
	0  -  Total Bytes Sent By Job
	12470  -  Total Bytes Received By Job
	Partitionable Resources :    Usage  Request Allocated 
	   Cpus                 :     1.00        1         1 
	   Disk (KB)            :    39          15     17167 
	   Memory (MB)          :   117           1       128 
...
000 (22092688.021.000) 07/18 20:21:00 Job submitted from host: <10.2.11.2:9618?addrs=10.2.11.2-9618&noUDP&sock=1517334_7efc_29>
...
001 (22092688.021.000) 07/18 20:21:24 Job executing on host: <10.2.1.19:9618?addrs=10.2.1.19-9618&noUDP&sock=1800_3a8f_3>
...
006 (22092688.021.000) 07/18 20:21:33 Image size of job updated: 190484
	20  -  MemoryUsage of job (MB)
	19904  -  ResidentSetSize of job (KB)
...
006 (22092688.021.000) 07/18 20:26:34 Image size of job updated: 507420
	120  -  MemoryUsage of job (MB)
	121892  -  ResidentSetSize of job (KB)
...
006 (22092688.021.000) 07/18 20:31:34 Image size of job updated: 509008
	121  -  MemoryUsage of job (MB)
	123356  -  ResidentSetSize of job (KB)
...
006 (22092688.021.000) 07/18 20:36:35 Image size of job updated: 510144
	121  -  MemoryUsage of job (MB)
	123356  -  ResidentSetSize of job (KB)
...
006 (22092688.021.000) 07/18 20:41:36 Image size of job updated: 510600
	121  -  MemoryUsage of job (MB)
	123564  -  ResidentSetSize of job (KB)
...
006 (22092688.021.000) 07/18 20:43:45 Image size of job updated: 511164
	121  -  MemoryUsage of job (MB)
	123564  -  ResidentSetSize of job (KB)
...
005 (22092688.021.000) 07/18 20:43:45 Job terminated.
	(1) Normal termination (return value 0)
		Usr 0 00:20:34, Sys 0 00:01:10  -  Run Remote Usage
		Usr 0 00:00:00, Sys 0 00:00:00  -  Run Local Usage
		Usr 0 00:20:34, Sys 0 00:01:10  -  Total Remote Usage
		Usr 0 00:00:00, Sys 0 00:00:00  -  Total Local Usage
	0  -  Run Bytes Sent By Job
	12465  -  Run Bytes Received By Job
	0  -  Total Bytes Sent By Job
	12465  -  Total Bytes Received By Job
	Partitionable Resources :    Usage  Request Allocated 
	   Cpus                 :     1.00        1         1 
	   Disk (KB)            :    39          15     19591 
	   Memory (MB)          :   121           1       128 
...
000 (22119392.021.000) 07/18 21:24:10 Job submitted from host: <10.2.11.2:9618?addrs=10.2.11.2-9618&noUDP&sock=1517334_7efc_29>
...
001 (22119392.021.000) 07/18 21:24:37 Job executing on host: <10.2.1.99:9618?addrs=10.2.1.99-9618&noUDP&sock=1800_3a8f_3>
...
006 (22119392.021.000) 07/18 21:24:38 Image size of job updated: 15
	0  -  MemoryUsage of job (MB)
	0  -  ResidentSetSize of job (KB)
...
005 (22119392.021.000) 07/18 21:24:38 Job terminated.
	(1) Normal termination (return value 1)
		Usr 0 00:00:00, Sys 0 00:00:00  -  Run Remote Usage
		Usr 0 00:00:00, Sys 0 00:00:00  -  Run Local Usage
		Usr 0 00:00:00, Sys 0 00:00:00  -  Total Remote Usage
		Usr 0 00:00:00, Sys 0 00:00:00  -  Total Local Usage
	424  -  Run Bytes Sent By Job
	12499  -  Run Bytes Received By Job
	424  -  Total Bytes Sent By Job
	12499  -  Total Bytes Received By Job
	Partitionable Resources :    Usage  Request Allocated 
	   Cpus                 :     0.01        1         1 
	   Disk (KB)            :    40          15     18628 
	   Memory (MB)          :     0           1       128 
...
000 (22119975.021.000) 07/18 21:25:20 Job submitted from host: <10.2.11.2:9618?addrs=10.2.11.2-9618&noUDP&sock=1517334_7efc_29>
...
001 (22119975.021.000) 07/18 21:25:40 Job executing on host: <10.2.1.15:9618?addrs=10.2.1.15-9618&noUDP&sock=1827_bf9e_3>
...
006 (22119975.021.000) 07/18 21:25:48 Image size of job updated: 505228
	118  -  MemoryUsage of job (MB)
	120416  -  ResidentSetSize of job (KB)
...
006 (22119975.021.000) 07/18 21:30:49 Image size of job updated: 508352
	119  -  MemoryUsage of job (MB)
	120956  -  ResidentSetSize of job (KB)
...
006 (22119975.021.000) 07/18 21:35:50 Image size of job updated: 509924
	120  -  MemoryUsage of job (MB)
	122488  -  ResidentSetSize of job (KB)
...
006 (22119975.021.000) 07/18 21:40:50 Image size of job updated: 510416
	122  -  MemoryUsage of job (MB)
	124280  -  ResidentSetSize of job (KB)
...
006 (22119975.021.000) 07/18 21:45:50 Image size of job updated: 511488
	122  -  MemoryUsage of job (MB)
	124280  -  ResidentSetSize of job (KB)
...
006 (22119975.021.000) 07/18 21:49:44 Image size of job updated: 511620
	122  -  MemoryUsage of job (MB)
	124280  -  ResidentSetSize of job (KB)
...
005 (22119975.021.000) 07/18 21:49:44 Job terminated.
	(1) Normal termination (return value 0)
		Usr 0 00:22:36, Sys 0 00:01:23  -  Run Remote Usage
		Usr 0 00:00:00, Sys 0 00:00:00  -  Run Local Usage
		Usr 0 00:22:36, Sys 0 00:01:23  -  Total Remote Usage
		Usr 0 00:00:00, Sys 0 00:00:00  -  Total Local Usage
	0  -  Run Bytes Sent By Job
	12500  -  Run Bytes Received By Job
	0  -  Total Bytes Sent By Job
	12500  -  Total Bytes Received By Job
	Partitionable Resources :    Usage  Request Allocated 
	   Cpus                 :     0.99        1         1 
	   Disk (KB)            :    39          15     14893 
	   Memory (MB)          :   122           1       128 
...
000 (22253529.021.000) 07/19 19:22:43 Job submitted from host: <10.2.11.2:9618?addrs=10.2.11.2-9618&noUDP&sock=1517334_7efc_29>
...
001 (22253529.021.000) 07/19 19:23:51 Job executing on host: <10.2.2.20:9618?addrs=10.2.2.20-9618&noUDP&sock=1845_1852_3>
...
006 (22253529.021.000) 07/19 19:24:01 Image size of job updated: 130732
	103  -  MemoryUsage of job (MB)
	105024  -  ResidentSetSize of job (KB)
...
006 (22253529.021.000) 07/19 19:29:01 Image size of job updated: 475648
	116  -  MemoryUsage of job (MB)
	118744  -  ResidentSetSize of job (KB)
...
006 (22253529.021.000) 07/19 19:34:01 Image size of job updated: 476664
	119  -  MemoryUsage of job (MB)
	121592  -  ResidentSetSize of job (KB)
...
006 (22253529.021.000) 07/19 19:39:02 Image size of job updated: 477688
	119  -  MemoryUsage of job (MB)
	121592  -  ResidentSetSize of job (KB)
...
005 (22253529.021.000) 07/19 19:40:19 Job terminated.
	(1) Normal termination (return value 0)
		Usr 0 00:15:29, Sys 0 00:00:50  -  Run Remote Usage
		Usr 0 00:00:00, Sys 0 00:00:00  -  Run Local Usage
		Usr 0 00:15:29, Sys 0 00:00:50  -  Total Remote Usage
		Usr 0 00:00:00, Sys 0 00:00:00  -  Total Local Usage
	0  -  Run Bytes Sent By Job
	12494  -  Run Bytes Received By Job
	0  -  Total Bytes Sent By Job
	12494  -  Total Bytes Received By Job
	Partitionable Resources :    Usage  Request Allocated 
	   Cpus                 :     1.00        1         1 
	   Disk (KB)            :    39          15     42192 
	   Memory (MB)          :   119           1       128 
...
000 (22253572.021.000) 07/19 20:21:25 Job submitted from host: <10.2.11.2:9618?addrs=10.2.11.2-9618&noUDP&sock=1517334_7efc_29>
...
001 (22253572.021.000) 07/19 20:21:33 Job executing on host: <10.2.3.76:9618?addrs=10.2.3.76-9618&noUDP&sock=22590_7084_3>
...
006 (22253572.021.000) 07/19 20:21:43 Image size of job updated: 33600
	22  -  MemoryUsage of job (MB)
	22004  -  ResidentSetSize of job (KB)
...
006 (22253572.021.000) 07/19 20:26:44 Image size of job updated: 474968
	116  -  MemoryUsage of job (MB)
	118240  -  ResidentSetSize of job (KB)
...
006 (22253572.021.000) 07/19 20:31:45 Image size of job updated: 483392
	119  -  MemoryUsage of job (MB)
	121788  -  ResidentSetSize of job (KB)
...
006 (22253572.021.000) 07/19 20:36:45 Image size of job updated: 485440
	119  -  MemoryUsage of job (MB)
	121788  -  ResidentSetSize of job (KB)
...
006 (22253572.021.000) 07/19 20:41:45 Image size of job updated: 485440
	121  -  MemoryUsage of job (MB)
	123328  -  ResidentSetSize of job (KB)
...
006 (22253572.021.000) 07/19 20:46:46 Image size of job updated: 485440
	122  -  MemoryUsage of job (MB)
	124032  -  ResidentSetSize of job (KB)
...
005 (22253572.021.000) 07/19 20:48:19 Job terminated.
	(1) Normal termination (return value 0)
		Usr 0 00:24:44, Sys 0 00:01:24  -  Run Remote Usage
		Usr 0 00:00:00, Sys 0 00:00:00  -  Run Local Usage
		Usr 0 00:24:44, Sys 0 00:01:24  -  Total Remote Usage
		Usr 0 00:00:00, Sys 0 00:00:00  -  Total Local Usage
	0  -  Run Bytes Sent By Job
	12494  -  Run Bytes Received By Job
	0  -  Total Bytes Sent By Job
	12494  -  Total Bytes Received By Job
	Partitionable Resources :    Usage  Request Allocated 
	   Cpus                 :     1.00        1         1 
	   Disk (KB)            :    39          15     60703 
	   Memory (MB)          :   122           1       128 
...
000 (22253623.021.000) 07/19 22:36:07 Job submitted from host: <10.2.11.2:9618?addrs=10.2.11.2-9618&noUDP&sock=1517334_7efc_29>
...
001 (22253623.021.000) 07/19 22:36:13 Job executing on host: <10.2.2.9:9618?addrs=10.2.2.9-9618&noUDP&sock=31885_0951_3>
...
006 (22253623.021.000) 07/19 22:36:22 Image size of job updated: 192176
	19  -  MemoryUsage of job (MB)
	18956  -  ResidentSetSize of job (KB)
...
006 (22253623.021.000) 07/19 22:41:24 Image size of job updated: 475056
	116  -  MemoryUsage of job (MB)
	118536  -  ResidentSetSize of job (KB)
...
006 (22253623.021.000) 07/19 22:46:24 Image size of job updated: 484876
	125  -  MemoryUsage of job (MB)
	127568  -  ResidentSetSize of job (KB)
...
006 (22253623.021.000) 07/19 22:51:24 Image size of job updated: 485644
	125  -  MemoryUsage of job (MB)
	127568  -  ResidentSetSize of job (KB)
...
006 (22253623.021.000) 07/19 22:56:25 Image size of job updated: 488460
	125  -  MemoryUsage of job (MB)
	127568  -  ResidentSetSize of job (KB)
...
006 (22253623.021.000) 07/19 23:06:26 Image size of job updated: 490508
	133  -  MemoryUsage of job (MB)
	135508  -  ResidentSetSize of job (KB)
...
005 (22253623.021.000) 07/19 23:14:38 Job terminated.
	(1) Normal termination (return value 0)
		Usr 0 00:34:48, Sys 0 00:02:55  -  Run Remote Usage
		Usr 0 00:00:00, Sys 0 00:00:00  -  Run Local Usage
		Usr 0 00:34:48, Sys 0 00:02:55  -  Total Remote Usage
		Usr 0 00:00:00, Sys 0 00:00:00  -  Total Local Usage
	0  -  Run Bytes Sent By Job
	12500  -  Run Bytes Received By Job
	0  -  Total Bytes Sent By Job
	12500  -  Total Bytes Received By Job
	Partitionable Resources :    Usage  Request Allocated 
	   Cpus                 :     1.00        1         1 
	   Disk (KB)            :    39          15     45701 
	   Memory (MB)          :   133           1       128 
...
000 (23043567.021.000) 08/14 22:16:51 Job submitted from host: <10.2.11.2:9618?addrs=10.2.11.2-9618&noUDP&sock=3676338_a96b_3>
...
001 (23043567.021.000) 08/14 22:16:55 Job executing on host: <10.2.2.12:9618?addrs=10.2.2.12-9618&noUDP&sock=1921_3985_3>
...
006 (23043567.021.000) 08/14 22:17:04 Image size of job updated: 141004
	15  -  MemoryUsage of job (MB)
	14360  -  ResidentSetSize of job (KB)
...
006 (23043567.021.000) 08/14 22:22:05 Image size of job updated: 475492
	116  -  MemoryUsage of job (MB)
	118768  -  ResidentSetSize of job (KB)
...
006 (23043567.021.000) 08/14 22:27:05 Image size of job updated: 476492
	117  -  MemoryUsage of job (MB)
	119648  -  ResidentSetSize of job (KB)
...
006 (23043567.021.000) 08/14 22:32:06 Image size of job updated: 477652
	120  -  MemoryUsage of job (MB)
	122604  -  ResidentSetSize of job (KB)
...
006 (23043567.021.000) 08/14 22:37:07 Image size of job updated: 478356
	120  -  MemoryUsage of job (MB)
	122604  -  ResidentSetSize of job (KB)
...
006 (23043567.021.000) 08/14 22:42:07 Image size of job updated: 479372
	120  -  MemoryUsage of job (MB)
	122604  -  ResidentSetSize of job (KB)
...
006 (23043567.021.000) 08/14 22:45:39 Image size of job updated: 480412
	120  -  MemoryUsage of job (MB)
	122604  -  ResidentSetSize of job (KB)
...
005 (23043567.021.000) 08/14 22:45:39 Job terminated.
	(1) Normal termination (return value 0)
		Usr 0 00:25:52, Sys 0 00:01:26  -  Run Remote Usage
		Usr 0 00:00:00, Sys 0 00:00:00  -  Run Local Usage
		Usr 0 00:25:52, Sys 0 00:01:26  -  Total Remote Usage
		Usr 0 00:00:00, Sys 0 00:00:00  -  Total Local Usage
	0  -  Run Bytes Sent By Job
	12499  -  Run Bytes Received By Job
	0  -  Total Bytes Sent By Job
	12499  -  Total Bytes Received By Job
	Partitionable Resources :    Usage  Request Allocated 
	   Cpus                 :     0.99        1         1 
	   Disk (KB)            :    39          15     42550 
	   Memory (MB)          :   120           1       128 
...
