000 (22073832.022.000) 07/18 19:40:16 Job submitted from host: <10.2.11.2:9618?addrs=10.2.11.2-9618&noUDP&sock=1517334_7efc_29>
...
000 (22073881.022.000) 07/18 19:40:22 Job submitted from host: <10.2.11.2:9618?addrs=10.2.11.2-9618&noUDP&sock=1517334_7efc_29>
...
009 (22073832.022.000) 07/18 19:40:25 Job was aborted by the user.
	via condor_rm (by user krish.shah)
...
000 (22073926.022.000) 07/18 19:40:26 Job submitted from host: <10.2.11.2:9618?addrs=10.2.11.2-9618&noUDP&sock=1517334_7efc_29>
...
009 (22073881.022.000) 07/18 19:40:29 Job was aborted by the user.
	via condor_rm (by user krish.shah)
...
001 (22073926.022.000) 07/18 19:40:32 Job executing on host: <10.2.2.36:9618?addrs=10.2.2.36-9618&noUDP&sock=1865_d037_3>
...
007 (22073926.022.000) 07/18 19:40:32 Shadow exception!
	Error from slot1_16@cn2036.sarathi.iucaa.in: Failed to execute '/var/lib/condor/execute/dir_6756/condor_exec.exe' with arguments 22: (errno=8: 'Exec format error')
	0  -  Run Bytes Sent By Job
	12412  -  Run Bytes Received By Job
...
012 (22073926.022.000) 07/18 19:40:33 Job was held.
	Error from slot1_16@cn2036.sarathi.iucaa.in: Failed to execute '/var/lib/condor/execute/dir_6756/condor_exec.exe' with arguments 22: (errno=8: 'Exec format error')
	Code 6 Subcode 8
...
009 (22073926.022.000) 07/18 19:41:46 Job was aborted by the user.
	via condor_rm (by user krish.shah)
...
000 (22074535.022.000) 07/18 19:41:48 Job submitted from host: <10.2.11.2:9618?addrs=10.2.11.2-9618&noUDP&sock=1517334_7efc_29>
...
001 (22074535.022.000) 07/18 19:41:59 Job executing on host: <10.2.1.8:9618?addrs=10.2.1.8-9618&noUDP&sock=1831_7dff_3>
...
006 (22074535.022.000) 07/18 19:42:08 Image size of job updated: 198568
	18  -  MemoryUsage of job (MB)
	17788  -  ResidentSetSize of job (KB)
...
006 (22074535.022.000) 07/18 19:47:09 Image size of job updated: 517128
	125  -  MemoryUsage of job (MB)
	127668  -  ResidentSetSize of job (KB)
...
005 (22074535.022.000) 07/18 19:55:30 Job terminated.
	(1) Normal termination (return value 0)
		Usr 0 00:10:44, Sys 0 00:01:56  -  Run Remote Usage
		Usr 0 00:00:00, Sys 0 00:00:00  -  Run Local Usage
		Usr 0 00:10:44, Sys 0 00:01:56  -  Total Remote Usage
		Usr 0 00:00:00, Sys 0 00:00:00  -  Total Local Usage
	0  -  Run Bytes Sent By Job
	12470  -  Run Bytes Received By Job
	0  -  Total Bytes Sent By Job
	12470  -  Total Bytes Received By Job
	Partitionable Resources :    Usage  Request Allocated 
	   Cpus                 :     1.00        1         1 
	   Disk (KB)            :    39          15     14947 
	   Memory (MB)          :   125           1       128 
...
000 (22092688.022.000) 07/18 20:21:00 Job submitted from host: <10.2.11.2:9618?addrs=10.2.11.2-9618&noUDP&sock=1517334_7efc_29>
...
001 (22092688.022.000) 07/18 20:21:24 Job executing on host: <10.2.1.8:9618?addrs=10.2.1.8-9618&noUDP&sock=1831_7dff_3>
...
006 (22092688.022.000) 07/18 20:21:33 Image size of job updated: 362972
	65  -  MemoryUsage of job (MB)
	65776  -  ResidentSetSize of job (KB)
...
006 (22092688.022.000) 07/18 20:26:34 Image size of job updated: 507580
	116  -  MemoryUsage of job (MB)
	118224  -  ResidentSetSize of job (KB)
...
006 (22092688.022.000) 07/18 20:31:34 Image size of job updated: 508420
	117  -  MemoryUsage of job (MB)
	119696  -  ResidentSetSize of job (KB)
...
006 (22092688.022.000) 07/18 20:36:34 Image size of job updated: 509000
	117  -  MemoryUsage of job (MB)
	119696  -  ResidentSetSize of job (KB)
...
006 (22092688.022.000) 07/18 20:41:35 Image size of job updated: 510016
	119  -  MemoryUsage of job (MB)
	120888  -  ResidentSetSize of job (KB)
...
006 (22092688.022.000) 07/18 20:45:11 Image size of job updated: 510672
	120  -  MemoryUsage of job (MB)
	122680  -  ResidentSetSize of job (KB)
...
005 (22092688.022.000) 07/18 20:45:11 Job terminated.
	(1) Normal termination (return value 0)
		Usr 0 00:21:53, Sys 0 00:01:28  -  Run Remote Usage
		Usr 0 00:00:00, Sys 0 00:00:00  -  Run Local Usage
		Usr 0 00:21:53, Sys 0 00:01:28  -  Total Remote Usage
		Usr 0 00:00:00, Sys 0 00:00:00  -  Total Local Usage
	0  -  Run Bytes Sent By Job
	12465  -  Run Bytes Received By Job
	0  -  Total Bytes Sent By Job
	12465  -  Total Bytes Received By Job
	Partitionable Resources :    Usage  Request Allocated 
	   Cpus                 :     1.00        1         1 
	   Disk (KB)            :    39          15     14947 
	   Memory (MB)          :   120           1       128 
...
000 (22119392.022.000) 07/18 21:24:10 Job submitted from host: <10.2.11.2:9618?addrs=10.2.11.2-9618&noUDP&sock=1517334_7efc_29>
...
001 (22119392.022.000) 07/18 21:24:37 Job executing on host: <10.2.1.84:9618?addrs=10.2.1.84-9618&noUDP&sock=1816_3413_3>
...
006 (22119392.022.000) 07/18 21:24:38 Image size of job updated: 15
	0  -  MemoryUsage of job (MB)
	0  -  ResidentSetSize of job (KB)
...
005 (22119392.022.000) 07/18 21:24:38 Job terminated.
	(1) Normal termination (return value 1)
		Usr 0 00:00:00, Sys 0 00:00:00  -  Run Remote Usage
		Usr 0 00:00:00, Sys 0 00:00:00  -  Run Local Usage
		Usr 0 00:00:00, Sys 0 00:00:00  -  Total Remote Usage
		Usr 0 00:00:00, Sys 0 00:00:00  -  Total Local Usage
	424  -  Run Bytes Sent By Job
	12499  -  Run Bytes Received By Job
	424  -  Total Bytes Sent By Job
	12499  -  Total Bytes Received By Job
	Partitionable Resources :    Usage  Request Allocated 
	   Cpus                 :        0        1         1 
	   Disk (KB)            :       40       15     14127 
	   Memory (MB)          :        0        1       128 
...
000 (22119975.022.000) 07/18 21:25:20 Job submitted from host: <10.2.11.2:9618?addrs=10.2.11.2-9618&noUDP&sock=1517334_7efc_29>
...
001 (22119975.022.000) 07/18 21:25:40 Job executing on host: <10.2.1.91:9618?addrs=10.2.1.91-9618&noUDP&sock=1823_013d_3>
...
006 (22119975.022.000) 07/18 21:25:48 Image size of job updated: 394388
	109  -  MemoryUsage of job (MB)
	110796  -  ResidentSetSize of job (KB)
...
006 (22119975.022.000) 07/18 21:30:49 Image size of job updated: 507600
	118  -  MemoryUsage of job (MB)
	120140  -  ResidentSetSize of job (KB)
...
006 (22119975.022.000) 07/18 21:35:50 Image size of job updated: 509196
	119  -  MemoryUsage of job (MB)
	121592  -  ResidentSetSize of job (KB)
...
006 (22119975.022.000) 07/18 21:40:50 Image size of job updated: 510060
	119  -  MemoryUsage of job (MB)
	121592  -  ResidentSetSize of job (KB)
...
006 (22119975.022.000) 07/18 21:45:50 Image size of job updated: 511340
	121  -  MemoryUsage of job (MB)
	123672  -  ResidentSetSize of job (KB)
...
006 (22119975.022.000) 07/18 21:50:51 Image size of job updated: 512080
	121  -  MemoryUsage of job (MB)
	123672  -  ResidentSetSize of job (KB)
...
006 (22119975.022.000) 07/18 21:55:52 Image size of job updated: 513012
	122  -  MemoryUsage of job (MB)
	124200  -  ResidentSetSize of job (KB)
...
006 (22119975.022.000) 07/18 21:56:33 Image size of job updated: 513172
	122  -  MemoryUsage of job (MB)
	124200  -  ResidentSetSize of job (KB)
...
005 (22119975.022.000) 07/18 21:56:34 Job terminated.
	(1) Normal termination (return value 0)
		Usr 0 00:28:44, Sys 0 00:02:03  -  Run Remote Usage
		Usr 0 00:00:00, Sys 0 00:00:00  -  Run Local Usage
		Usr 0 00:28:44, Sys 0 00:02:03  -  Total Remote Usage
		Usr 0 00:00:00, Sys 0 00:00:00  -  Total Local Usage
	0  -  Run Bytes Sent By Job
	12500  -  Run Bytes Received By Job
	0  -  Total Bytes Sent By Job
	12500  -  Total Bytes Received By Job
	Partitionable Resources :    Usage  Request Allocated 
	   Cpus                 :     1.00        1         1 
	   Disk (KB)            :    39          15     12429 
	   Memory (MB)          :   122           1       128 
...
000 (22253529.022.000) 07/19 19:22:43 Job submitted from host: <10.2.11.2:9618?addrs=10.2.11.2-9618&noUDP&sock=1517334_7efc_29>
...
001 (22253529.022.000) 07/19 19:23:51 Job executing on host: <10.2.2.21:9618?addrs=10.2.2.21-9618&noUDP&sock=1816_3413_3>
...
006 (22253529.022.000) 07/19 19:24:00 Image size of job updated: 117196
	91  -  MemoryUsage of job (MB)
	92608  -  ResidentSetSize of job (KB)
...
006 (22253529.022.000) 07/19 19:29:00 Image size of job updated: 475652
	116  -  MemoryUsage of job (MB)
	118748  -  ResidentSetSize of job (KB)
...
006 (22253529.022.000) 07/19 19:34:00 Image size of job updated: 476408
	117  -  MemoryUsage of job (MB)
	119760  -  ResidentSetSize of job (KB)
...
006 (22253529.022.000) 07/19 19:36:18 Image size of job updated: 477392
	119  -  MemoryUsage of job (MB)
	121552  -  ResidentSetSize of job (KB)
...
005 (22253529.022.000) 07/19 19:36:18 Job terminated.
	(1) Normal termination (return value 0)
		Usr 0 00:11:37, Sys 0 00:00:37  -  Run Remote Usage
		Usr 0 00:00:00, Sys 0 00:00:00  -  Run Local Usage
		Usr 0 00:11:37, Sys 0 00:00:37  -  Total Remote Usage
		Usr 0 00:00:00, Sys 0 00:00:00  -  Total Local Usage
	0  -  Run Bytes Sent By Job
	12494  -  Run Bytes Received By Job
	0  -  Total Bytes Sent By Job
	12494  -  Total Bytes Received By Job
	Partitionable Resources :    Usage  Request Allocated 
	   Cpus                 :     1.00        1         1 
	   Disk (KB)            :    39          15     46896 
	   Memory (MB)          :   119           1       128 
...
000 (22253572.022.000) 07/19 20:21:25 Job submitted from host: <10.2.11.2:9618?addrs=10.2.11.2-9618&noUDP&sock=1517334_7efc_29>
...
001 (22253572.022.000) 07/19 20:21:33 Job executing on host: <10.2.3.54:9618?addrs=10.2.3.54-9618&noUDP&sock=23104_0032_3>
...
006 (22253572.022.000) 07/19 20:21:43 Image size of job updated: 33444
	22  -  MemoryUsage of job (MB)
	21900  -  ResidentSetSize of job (KB)
...
006 (22253572.022.000) 07/19 20:26:43 Image size of job updated: 474584
	117  -  MemoryUsage of job (MB)
	118940  -  ResidentSetSize of job (KB)
...
006 (22253572.022.000) 07/19 20:31:44 Image size of job updated: 476352
	117  -  MemoryUsage of job (MB)
	119724  -  ResidentSetSize of job (KB)
...
006 (22253572.022.000) 07/19 20:36:44 Image size of job updated: 477216
	119  -  MemoryUsage of job (MB)
	120968  -  ResidentSetSize of job (KB)
...
006 (22253572.022.000) 07/19 20:41:44 Image size of job updated: 487160
	121  -  MemoryUsage of job (MB)
	123900  -  ResidentSetSize of job (KB)
...
005 (22253572.022.000) 07/19 20:43:16 Job terminated.
	(1) Normal termination (return value 0)
		Usr 0 00:20:02, Sys 0 00:01:05  -  Run Remote Usage
		Usr 0 00:00:00, Sys 0 00:00:00  -  Run Local Usage
		Usr 0 00:20:02, Sys 0 00:01:05  -  Total Remote Usage
		Usr 0 00:00:00, Sys 0 00:00:00  -  Total Local Usage
	0  -  Run Bytes Sent By Job
	12494  -  Run Bytes Received By Job
	0  -  Total Bytes Sent By Job
	12494  -  Total Bytes Received By Job
	Partitionable Resources :    Usage  Request Allocated 
	   Cpus                 :     1.00        1         1 
	   Disk (KB)            :    39          15     69682 
	   Memory (MB)          :   121           1       128 
...
000 (22253623.022.000) 07/19 22:36:07 Job submitted from host: <10.2.11.2:9618?addrs=10.2.11.2-9618&noUDP&sock=1517334_7efc_29>
...
001 (22253623.022.000) 07/19 22:36:13 Job executing on host: <10.2.2.42:9618?addrs=10.2.2.42-9618&noUDP&sock=1852_e57c_3>
...
006 (22253623.022.000) 07/19 22:36:21 Image size of job updated: 188232
	17  -  MemoryUsage of job (MB)
	16488  -  ResidentSetSize of job (KB)
...
006 (22253623.022.000) 07/19 22:41:21 Image size of job updated: 486512
	108  -  MemoryUsage of job (MB)
	109896  -  ResidentSetSize of job (KB)
...
006 (22253623.022.000) 07/19 22:46:22 Image size of job updated: 486512
	125  -  MemoryUsage of job (MB)
	127268  -  ResidentSetSize of job (KB)
...
006 (22253623.022.000) 07/19 23:01:23 Image size of job updated: 490248
	129  -  MemoryUsage of job (MB)
	131392  -  ResidentSetSize of job (KB)
...
006 (22253623.022.000) 07/19 23:06:24 Image size of job updated: 492296
	135  -  MemoryUsage of job (MB)
	137284  -  ResidentSetSize of job (KB)
...
006 (22253623.022.000) 07/19 23:35:05 Image size of job updated: 493320
	135  -  MemoryUsage of job (MB)
	137284  -  ResidentSetSize of job (KB)
...
005 (22253623.022.000) 07/19 23:35:11 Job terminated.
	(1) Normal termination (return value 0)
		Usr 0 00:51:12, Sys 0 00:06:58  -  Run Remote Usage
		Usr 0 00:00:00, Sys 0 00:00:00  -  Run Local Usage
		Usr 0 00:51:12, Sys 0 00:06:58  -  Total Remote Usage
		Usr 0 00:00:00, Sys 0 00:00:00  -  Total Local Usage
	0  -  Run Bytes Sent By Job
	12500  -  Run Bytes Received By Job
	0  -  Total Bytes Sent By Job
	12500  -  Total Bytes Received By Job
	Partitionable Resources :    Usage  Request Allocated 
	   Cpus                 :     1.00        1         1 
	   Disk (KB)            :    39          15     45910 
	   Memory (MB)          :   135           1       128 
...
000 (23043567.022.000) 08/14 22:16:51 Job submitted from host: <10.2.11.2:9618?addrs=10.2.11.2-9618&noUDP&sock=3676338_a96b_3>
...
001 (23043567.022.000) 08/14 22:16:55 Job executing on host: <10.2.2.5:9618?addrs=10.2.2.5-9618&noUDP&sock=1849_d6b3_3>
...
006 (23043567.022.000) 08/14 22:17:04 Image size of job updated: 20492
	15  -  MemoryUsage of job (MB)
	14724  -  ResidentSetSize of job (KB)
...
006 (23043567.022.000) 08/14 22:22:05 Image size of job updated: 475248
	116  -  MemoryUsage of job (MB)
	118700  -  ResidentSetSize of job (KB)
...
006 (23043567.022.000) 08/14 22:27:05 Image size of job updated: 476388
	119  -  MemoryUsage of job (MB)
	121328  -  ResidentSetSize of job (KB)
...
006 (23043567.022.000) 08/14 22:32:05 Image size of job updated: 477684
	120  -  MemoryUsage of job (MB)
	122384  -  ResidentSetSize of job (KB)
...
006 (23043567.022.000) 08/14 22:37:06 Image size of job updated: 477972
	120  -  MemoryUsage of job (MB)
	122384  -  ResidentSetSize of job (KB)
...
006 (23043567.022.000) 08/14 22:42:06 Image size of job updated: 479356
	120  -  MemoryUsage of job (MB)
	122804  -  ResidentSetSize of job (KB)
...
006 (23043567.022.000) 08/14 22:47:06 Image size of job updated: 480368
	121  -  MemoryUsage of job (MB)
	123684  -  ResidentSetSize of job (KB)
...
005 (23043567.022.000) 08/14 22:47:30 Job terminated.
	(1) Normal termination (return value 0)
		Usr 0 00:27:40, Sys 0 00:01:32  -  Run Remote Usage
		Usr 0 00:00:00, Sys 0 00:00:00  -  Run Local Usage
		Usr 0 00:27:40, Sys 0 00:01:32  -  Total Remote Usage
		Usr 0 00:00:00, Sys 0 00:00:00  -  Total Local Usage
	0  -  Run Bytes Sent By Job
	12499  -  Run Bytes Received By Job
	0  -  Total Bytes Sent By Job
	12499  -  Total Bytes Received By Job
	Partitionable Resources :    Usage  Request Allocated 
	   Cpus                 :     0.88        1         1 
	   Disk (KB)            :    39          15     45772 
	   Memory (MB)          :   121           1       128 
...
