000 (22073832.024.000) 07/18 19:40:16 Job submitted from host: <10.2.11.2:9618?addrs=10.2.11.2-9618&noUDP&sock=1517334_7efc_29>
...
000 (22073881.024.000) 07/18 19:40:22 Job submitted from host: <10.2.11.2:9618?addrs=10.2.11.2-9618&noUDP&sock=1517334_7efc_29>
...
009 (22073832.024.000) 07/18 19:40:25 Job was aborted by the user.
	via condor_rm (by user krish.shah)
...
000 (22073926.024.000) 07/18 19:40:26 Job submitted from host: <10.2.11.2:9618?addrs=10.2.11.2-9618&noUDP&sock=1517334_7efc_29>
...
009 (22073881.024.000) 07/18 19:40:29 Job was aborted by the user.
	via condor_rm (by user krish.shah)
...
001 (22073926.024.000) 07/18 19:40:32 Job executing on host: <10.2.2.40:9618?addrs=10.2.2.40-9618&noUDP&sock=1821_a20d_3>
...
007 (22073926.024.000) 07/18 19:40:32 Shadow exception!
	Error from slot1_15@cn2040.sarathi.iucaa.in: Failed to execute '/var/lib/condor/execute/dir_12139/condor_exec.exe' with arguments 24: (errno=8: 'Exec format error')
	0  -  Run Bytes Sent By Job
	12412  -  Run Bytes Received By Job
...
012 (22073926.024.000) 07/18 19:40:32 Job was held.
	Error from slot1_15@cn2040.sarathi.iucaa.in: Failed to execute '/var/lib/condor/execute/dir_12139/condor_exec.exe' with arguments 24: (errno=8: 'Exec format error')
	Code 6 Subcode 8
...
009 (22073926.024.000) 07/18 19:41:46 Job was aborted by the user.
	via condor_rm (by user krish.shah)
...
000 (22074535.024.000) 07/18 19:41:48 Job submitted from host: <10.2.11.2:9618?addrs=10.2.11.2-9618&noUDP&sock=1517334_7efc_29>
...
001 (22074535.024.000) 07/18 19:41:59 Job executing on host: <10.2.1.65:9618?addrs=10.2.1.65-9618&noUDP&sock=1856_a3dd_3>
...
006 (22074535.024.000) 07/18 19:42:08 Image size of job updated: 135928
	18  -  MemoryUsage of job (MB)
	18060  -  ResidentSetSize of job (KB)
...
006 (22074535.024.000) 07/18 19:47:09 Image size of job updated: 518664
	126  -  MemoryUsage of job (MB)
	128560  -  ResidentSetSize of job (KB)
...
006 (22074535.024.000) 07/18 19:52:09 Image size of job updated: 518664
	132  -  MemoryUsage of job (MB)
	134360  -  ResidentSetSize of job (KB)
...
006 (22074535.024.000) 07/18 19:57:09 Image size of job updated: 523276
	132  -  MemoryUsage of job (MB)
	134584  -  ResidentSetSize of job (KB)
...
005 (22074535.024.000) 07/18 20:03:08 Job terminated.
	(1) Normal termination (return value 0)
		Usr 0 00:18:20, Sys 0 00:01:59  -  Run Remote Usage
		Usr 0 00:00:00, Sys 0 00:00:00  -  Run Local Usage
		Usr 0 00:18:20, Sys 0 00:01:59  -  Total Remote Usage
		Usr 0 00:00:00, Sys 0 00:00:00  -  Total Local Usage
	0  -  Run Bytes Sent By Job
	12470  -  Run Bytes Received By Job
	0  -  Total Bytes Sent By Job
	12470  -  Total Bytes Received By Job
	Partitionable Resources :    Usage  Request Allocated 
	   Cpus                 :     1.00        1         1 
	   Disk (KB)            :    39          15     13908 
	   Memory (MB)          :   132           1       128 
...
000 (22092688.024.000) 07/18 20:21:00 Job submitted from host: <10.2.11.2:9618?addrs=10.2.11.2-9618&noUDP&sock=1517334_7efc_29>
...
001 (22092688.024.000) 07/18 20:21:24 Job executing on host: <10.2.1.31:9618?addrs=10.2.1.31-9618&noUDP&sock=1831_7dff_3>
...
006 (22092688.024.000) 07/18 20:21:33 Image size of job updated: 188636
	18  -  MemoryUsage of job (MB)
	18084  -  ResidentSetSize of job (KB)
...
006 (22092688.024.000) 07/18 20:26:34 Image size of job updated: 517116
	118  -  MemoryUsage of job (MB)
	120412  -  ResidentSetSize of job (KB)
...
006 (22092688.024.000) 07/18 20:31:34 Image size of job updated: 517116
	123  -  MemoryUsage of job (MB)
	125284  -  ResidentSetSize of job (KB)
...
005 (22092688.024.000) 07/18 20:45:38 Job terminated.
	(1) Normal termination (return value 0)
		Usr 0 00:20:50, Sys 0 00:02:42  -  Run Remote Usage
		Usr 0 00:00:00, Sys 0 00:00:00  -  Run Local Usage
		Usr 0 00:20:50, Sys 0 00:02:42  -  Total Remote Usage
		Usr 0 00:00:00, Sys 0 00:00:00  -  Total Local Usage
	0  -  Run Bytes Sent By Job
	12465  -  Run Bytes Received By Job
	0  -  Total Bytes Sent By Job
	12465  -  Total Bytes Received By Job
	Partitionable Resources :    Usage  Request Allocated 
	   Cpus                 :     1.00        1         1 
	   Disk (KB)            :    39          15     18415 
	   Memory (MB)          :   123           1       128 
...
000 (22119392.024.000) 07/18 21:24:10 Job submitted from host: <10.2.11.2:9618?addrs=10.2.11.2-9618&noUDP&sock=1517334_7efc_29>
...
001 (22119392.024.000) 07/18 21:24:37 Job executing on host: <10.2.1.33:9618?addrs=10.2.1.33-9618&noUDP&sock=1814_d4e3_3>
...
006 (22119392.024.000) 07/18 21:24:38 Image size of job updated: 15
	0  -  MemoryUsage of job (MB)
	0  -  ResidentSetSize of job (KB)
...
005 (22119392.024.000) 07/18 21:24:38 Job terminated.
	(1) Normal termination (return value 1)
		Usr 0 00:00:00, Sys 0 00:00:00  -  Run Remote Usage
		Usr 0 00:00:00, Sys 0 00:00:00  -  Run Local Usage
		Usr 0 00:00:00, Sys 0 00:00:00  -  Total Remote Usage
		Usr 0 00:00:00, Sys 0 00:00:00  -  Total Local Usage
	424  -  Run Bytes Sent By Job
	12499  -  Run Bytes Received By Job
	424  -  Total Bytes Sent By Job
	12499  -  Total Bytes Received By Job
	Partitionable Resources :    Usage  Request Allocated 
	   Cpus                 :        0        1         1 
	   Disk (KB)            :       40       15      9652 
	   Memory (MB)          :        0        1       128 
...
000 (22119975.024.000) 07/18 21:25:20 Job submitted from host: <10.2.11.2:9618?addrs=10.2.11.2-9618&noUDP&sock=1517334_7efc_29>
...
001 (22119975.024.000) 07/18 21:25:40 Job executing on host: <10.2.1.38:9618?addrs=10.2.1.38-9618&noUDP&sock=1980_b19c_3>
...
006 (22119975.024.000) 07/18 21:25:49 Image size of job updated: 121592
	117  -  MemoryUsage of job (MB)
	119804  -  ResidentSetSize of job (KB)
...
006 (22119975.024.000) 07/18 21:30:50 Image size of job updated: 507732
	118  -  MemoryUsage of job (MB)
	120452  -  ResidentSetSize of job (KB)
...
006 (22119975.024.000) 07/18 21:35:51 Image size of job updated: 508712
	119  -  MemoryUsage of job (MB)
	120980  -  ResidentSetSize of job (KB)
...
006 (22119975.024.000) 07/18 21:40:51 Image size of job updated: 509640
	120  -  MemoryUsage of job (MB)
	122608  -  ResidentSetSize of job (KB)
...
006 (22119975.024.000) 07/18 21:45:51 Image size of job updated: 518404
	122  -  MemoryUsage of job (MB)
	124120  -  ResidentSetSize of job (KB)
...
006 (22119975.024.000) 07/18 21:50:52 Image size of job updated: 522508
	134  -  MemoryUsage of job (MB)
	136900  -  ResidentSetSize of job (KB)
...
005 (22119975.024.000) 07/18 21:53:35 Job terminated.
	(1) Normal termination (return value 0)
		Usr 0 00:25:42, Sys 0 00:02:03  -  Run Remote Usage
		Usr 0 00:00:00, Sys 0 00:00:00  -  Run Local Usage
		Usr 0 00:25:42, Sys 0 00:02:03  -  Total Remote Usage
		Usr 0 00:00:00, Sys 0 00:00:00  -  Total Local Usage
	0  -  Run Bytes Sent By Job
	12500  -  Run Bytes Received By Job
	0  -  Total Bytes Sent By Job
	12500  -  Total Bytes Received By Job
	Partitionable Resources :    Usage  Request Allocated 
	   Cpus                 :     1.00        1         1 
	   Disk (KB)            :    39          15     19031 
	   Memory (MB)          :   134           1       128 
...
000 (22253529.024.000) 07/19 19:22:43 Job submitted from host: <10.2.11.2:9618?addrs=10.2.11.2-9618&noUDP&sock=1517334_7efc_29>
...
001 (22253529.024.000) 07/19 19:23:52 Job executing on host: <10.2.3.32:9618?addrs=10.2.3.32-9618&noUDP&sock=22963_4957_3>
...
006 (22253529.024.000) 07/19 19:24:02 Image size of job updated: 277844
	82  -  MemoryUsage of job (MB)
	83544  -  ResidentSetSize of job (KB)
...
006 (22253529.024.000) 07/19 19:29:02 Image size of job updated: 475072
	116  -  MemoryUsage of job (MB)
	118556  -  ResidentSetSize of job (KB)
...
006 (22253529.024.000) 07/19 19:34:03 Image size of job updated: 476232
	118  -  MemoryUsage of job (MB)
	120348  -  ResidentSetSize of job (KB)
...
006 (22253529.024.000) 07/19 19:39:04 Image size of job updated: 484924
	124  -  MemoryUsage of job (MB)
	126172  -  ResidentSetSize of job (KB)
...
005 (22253529.024.000) 07/19 19:53:50 Job terminated.
	(1) Normal termination (return value 0)
		Usr 0 00:27:44, Sys 0 00:02:04  -  Run Remote Usage
		Usr 0 00:00:00, Sys 0 00:00:00  -  Run Local Usage
		Usr 0 00:27:44, Sys 0 00:02:04  -  Total Remote Usage
		Usr 0 00:00:00, Sys 0 00:00:00  -  Total Local Usage
	0  -  Run Bytes Sent By Job
	12494  -  Run Bytes Received By Job
	0  -  Total Bytes Sent By Job
	12494  -  Total Bytes Received By Job
	Partitionable Resources :    Usage  Request Allocated 
	   Cpus                 :     1.00        1         1 
	   Disk (KB)            :    39          15     70070 
	   Memory (MB)          :   124           1       128 
...
000 (22253572.024.000) 07/19 20:21:25 Job submitted from host: <10.2.11.2:9618?addrs=10.2.11.2-9618&noUDP&sock=1517334_7efc_29>
...
001 (22253572.024.000) 07/19 20:21:33 Job executing on host: <10.2.3.47:9618?addrs=10.2.3.47-9618&noUDP&sock=23187_ee8e_3>
...
006 (22253572.024.000) 07/19 20:21:42 Image size of job updated: 32152
	21  -  MemoryUsage of job (MB)
	21000  -  ResidentSetSize of job (KB)
...
006 (22253572.024.000) 07/19 20:26:42 Image size of job updated: 475140
	116  -  MemoryUsage of job (MB)
	118488  -  ResidentSetSize of job (KB)
...
006 (22253572.024.000) 07/19 20:31:43 Image size of job updated: 476812
	120  -  MemoryUsage of job (MB)
	121868  -  ResidentSetSize of job (KB)
...
006 (22253572.024.000) 07/19 20:36:44 Image size of job updated: 477420
	120  -  MemoryUsage of job (MB)
	121868  -  ResidentSetSize of job (KB)
...
006 (22253572.024.000) 07/19 20:41:44 Image size of job updated: 478676
	120  -  MemoryUsage of job (MB)
	122240  -  ResidentSetSize of job (KB)
...
006 (22253572.024.000) 07/19 20:46:45 Image size of job updated: 479932
	122  -  MemoryUsage of job (MB)
	124300  -  ResidentSetSize of job (KB)
...
006 (22253572.024.000) 07/19 20:51:46 Image size of job updated: 481000
	123  -  MemoryUsage of job (MB)
	124996  -  ResidentSetSize of job (KB)
...
006 (22253572.024.000) 07/19 20:56:46 Image size of job updated: 482244
	123  -  MemoryUsage of job (MB)
	125520  -  ResidentSetSize of job (KB)
...
006 (22253572.024.000) 07/19 21:01:02 Image size of job updated: 482904
	125  -  MemoryUsage of job (MB)
	127312  -  ResidentSetSize of job (KB)
...
005 (22253572.024.000) 07/19 21:01:02 Job terminated.
	(1) Normal termination (return value 0)
		Usr 0 00:36:45, Sys 0 00:02:05  -  Run Remote Usage
		Usr 0 00:00:00, Sys 0 00:00:00  -  Run Local Usage
		Usr 0 00:36:45, Sys 0 00:02:05  -  Total Remote Usage
		Usr 0 00:00:00, Sys 0 00:00:00  -  Total Local Usage
	0  -  Run Bytes Sent By Job
	12494  -  Run Bytes Received By Job
	0  -  Total Bytes Sent By Job
	12494  -  Total Bytes Received By Job
	Partitionable Resources :    Usage  Request Allocated 
	   Cpus                 :     1.00        1         1 
	   Disk (KB)            :    39          15     66537 
	   Memory (MB)          :   125           1       128 
...
000 (22253623.024.000) 07/19 22:36:07 Job submitted from host: <10.2.11.2:9618?addrs=10.2.11.2-9618&noUDP&sock=1517334_7efc_29>
...
001 (22253623.024.000) 07/19 22:36:13 Job executing on host: <10.2.2.27:9618?addrs=10.2.2.27-9618&noUDP&sock=1817_e3ac_3>
...
006 (22253623.024.000) 07/19 22:36:22 Image size of job updated: 28388
	19  -  MemoryUsage of job (MB)
	18748  -  ResidentSetSize of job (KB)
...
006 (22253623.024.000) 07/19 22:41:23 Image size of job updated: 482444
	125  -  MemoryUsage of job (MB)
	127356  -  ResidentSetSize of job (KB)
...
006 (22253623.024.000) 07/19 22:51:24 Image size of job updated: 487232
	126  -  MemoryUsage of job (MB)
	128356  -  ResidentSetSize of job (KB)
...
006 (22253623.024.000) 07/19 23:06:26 Image size of job updated: 487232
	128  -  MemoryUsage of job (MB)
	130432  -  ResidentSetSize of job (KB)
...
006 (22253623.024.000) 07/19 23:11:26 Image size of job updated: 489792
	129  -  MemoryUsage of job (MB)
	131740  -  ResidentSetSize of job (KB)
...
006 (22253623.024.000) 07/19 23:21:27 Image size of job updated: 489792
	130  -  MemoryUsage of job (MB)
	132112  -  ResidentSetSize of job (KB)
...
006 (22253623.024.000) 07/19 23:26:27 Image size of job updated: 494448
	134  -  MemoryUsage of job (MB)
	136392  -  ResidentSetSize of job (KB)
...
006 (22253623.024.000) 07/19 23:27:11 Image size of job updated: 494448
	136  -  MemoryUsage of job (MB)
	138840  -  ResidentSetSize of job (KB)
...
005 (22253623.024.000) 07/19 23:27:11 Job terminated.
	(1) Normal termination (return value 0)
		Usr 0 00:44:16, Sys 0 00:05:37  -  Run Remote Usage
		Usr 0 00:00:00, Sys 0 00:00:00  -  Run Local Usage
		Usr 0 00:44:16, Sys 0 00:05:37  -  Total Remote Usage
		Usr 0 00:00:00, Sys 0 00:00:00  -  Total Local Usage
	0  -  Run Bytes Sent By Job
	12500  -  Run Bytes Received By Job
	0  -  Total Bytes Sent By Job
	12500  -  Total Bytes Received By Job
	Partitionable Resources :    Usage  Request Allocated 
	   Cpus                 :     0.81        1         1 
	   Disk (KB)            :    39          15     50074 
	   Memory (MB)          :   136           1       128 
...
000 (23043567.024.000) 08/14 22:16:51 Job submitted from host: <10.2.11.2:9618?addrs=10.2.11.2-9618&noUDP&sock=3676338_a96b_3>
...
001 (23043567.024.000) 08/14 22:16:55 Job executing on host: <10.2.1.90:9618?addrs=10.2.1.90-9618&noUDP&sock=1979_0203_3>
...
006 (23043567.024.000) 08/14 22:17:04 Image size of job updated: 19664
	14  -  MemoryUsage of job (MB)
	13904  -  ResidentSetSize of job (KB)
...
006 (23043567.024.000) 08/14 22:22:05 Image size of job updated: 513312
	122  -  MemoryUsage of job (MB)
	123908  -  ResidentSetSize of job (KB)
...
006 (23043567.024.000) 08/14 22:27:05 Image size of job updated: 513312
	125  -  MemoryUsage of job (MB)
	127692  -  ResidentSetSize of job (KB)
...
006 (23043567.024.000) 08/14 22:32:05 Image size of job updated: 519208
	127  -  MemoryUsage of job (MB)
	129756  -  ResidentSetSize of job (KB)
...
006 (23043567.024.000) 08/14 22:37:06 Image size of job updated: 519208
	130  -  MemoryUsage of job (MB)
	132568  -  ResidentSetSize of job (KB)
...
005 (23043567.024.000) 08/14 22:56:13 Job terminated.
	(1) Normal termination (return value 0)
		Usr 0 00:33:50, Sys 0 00:03:08  -  Run Remote Usage
		Usr 0 00:00:00, Sys 0 00:00:00  -  Run Local Usage
		Usr 0 00:33:50, Sys 0 00:03:08  -  Total Remote Usage
		Usr 0 00:00:00, Sys 0 00:00:00  -  Total Local Usage
	0  -  Run Bytes Sent By Job
	12499  -  Run Bytes Received By Job
	0  -  Total Bytes Sent By Job
	12499  -  Total Bytes Received By Job
	Partitionable Resources :    Usage  Request Allocated 
	   Cpus                 :     0.99        1         1 
	   Disk (KB)            :    39          15      7199 
	   Memory (MB)          :   130           1       128 
...
