000 (22073832.025.000) 07/18 19:40:16 Job submitted from host: <10.2.11.2:9618?addrs=10.2.11.2-9618&noUDP&sock=1517334_7efc_29>
...
000 (22073881.025.000) 07/18 19:40:22 Job submitted from host: <10.2.11.2:9618?addrs=10.2.11.2-9618&noUDP&sock=1517334_7efc_29>
...
009 (22073832.025.000) 07/18 19:40:25 Job was aborted by the user.
	via condor_rm (by user krish.shah)
...
000 (22073926.025.000) 07/18 19:40:26 Job submitted from host: <10.2.11.2:9618?addrs=10.2.11.2-9618&noUDP&sock=1517334_7efc_29>
...
009 (22073881.025.000) 07/18 19:40:29 Job was aborted by the user.
	via condor_rm (by user krish.shah)
...
001 (22073926.025.000) 07/18 19:40:32 Job executing on host: <10.2.2.18:9618?addrs=10.2.2.18-9618&noUDP&sock=1935_d3d8_3>
...
007 (22073926.025.000) 07/18 19:40:32 Shadow exception!
	Error from slot1_15@cn2018.sarathi.iucaa.in: Failed to execute '/var/lib/condor/execute/dir_28200/condor_exec.exe' with arguments 25: (errno=8: 'Exec format error')
	0  -  Run Bytes Sent By Job
	12412  -  Run Bytes Received By Job
...
012 (22073926.025.000) 07/18 19:40:33 Job was held.
	Error from slot1_15@cn2018.sarathi.iucaa.in: Failed to execute '/var/lib/condor/execute/dir_28200/condor_exec.exe' with arguments 25: (errno=8: 'Exec format error')
	Code 6 Subcode 8
...
009 (22073926.025.000) 07/18 19:41:46 Job was aborted by the user.
	via condor_rm (by user krish.shah)
...
000 (22074535.025.000) 07/18 19:41:48 Job submitted from host: <10.2.11.2:9618?addrs=10.2.11.2-9618&noUDP&sock=1517334_7efc_29>
...
001 (22074535.025.000) 07/18 19:41:59 Job executing on host: <10.2.1.68:9618?addrs=10.2.1.68-9618&noUDP&sock=1822_51a5_3>
...
006 (22074535.025.000) 07/18 19:42:08 Image size of job updated: 135656
	16  -  MemoryUsage of job (MB)
	16100  -  ResidentSetSize of job (KB)
...
006 (22074535.025.000) 07/18 19:47:09 Image size of job updated: 517124
	116  -  MemoryUsage of job (MB)
	118348  -  ResidentSetSize of job (KB)
...
006 (22074535.025.000) 07/18 19:52:09 Image size of job updated: 517124
	126  -  MemoryUsage of job (MB)
	128480  -  ResidentSetSize of job (KB)
...
006 (22074535.025.000) 07/18 19:56:51 Image size of job updated: 521220
	126  -  MemoryUsage of job (MB)
	128480  -  ResidentSetSize of job (KB)
...
005 (22074535.025.000) 07/18 19:56:51 Job terminated.
	(1) Normal termination (return value 0)
		Usr 0 00:12:04, Sys 0 00:01:58  -  Run Remote Usage
		Usr 0 00:00:00, Sys 0 00:00:00  -  Run Local Usage
		Usr 0 00:12:04, Sys 0 00:01:58  -  Total Remote Usage
		Usr 0 00:00:00, Sys 0 00:00:00  -  Total Local Usage
	0  -  Run Bytes Sent By Job
	12470  -  Run Bytes Received By Job
	0  -  Total Bytes Sent By Job
	12470  -  Total Bytes Received By Job
	Partitionable Resources :    Usage  Request Allocated 
	   Cpus                 :     1.00        1         1 
	   Disk (KB)            :    39          15     13624 
	   Memory (MB)          :   126           1       128 
...
000 (22092688.025.000) 07/18 20:21:01 Job submitted from host: <10.2.11.2:9618?addrs=10.2.11.2-9618&noUDP&sock=1517334_7efc_29>
...
001 (22092688.025.000) 07/18 20:21:24 Job executing on host: <10.2.1.69:9618?addrs=10.2.1.69-9618&noUDP&sock=1829_1ecf_3>
...
006 (22092688.025.000) 07/18 20:21:33 Image size of job updated: 198572
	18  -  MemoryUsage of job (MB)
	18220  -  ResidentSetSize of job (KB)
...
006 (22092688.025.000) 07/18 20:26:34 Image size of job updated: 516616
	117  -  MemoryUsage of job (MB)
	118860  -  ResidentSetSize of job (KB)
...
006 (22092688.025.000) 07/18 20:31:34 Image size of job updated: 519688
	126  -  MemoryUsage of job (MB)
	128192  -  ResidentSetSize of job (KB)
...
005 (22092688.025.000) 07/18 20:39:53 Job terminated.
	(1) Normal termination (return value 0)
		Usr 0 00:16:44, Sys 0 00:01:06  -  Run Remote Usage
		Usr 0 00:00:00, Sys 0 00:00:00  -  Run Local Usage
		Usr 0 00:16:44, Sys 0 00:01:06  -  Total Remote Usage
		Usr 0 00:00:00, Sys 0 00:00:00  -  Total Local Usage
	0  -  Run Bytes Sent By Job
	12465  -  Run Bytes Received By Job
	0  -  Total Bytes Sent By Job
	12465  -  Total Bytes Received By Job
	Partitionable Resources :    Usage  Request Allocated 
	   Cpus                 :     1.00        1         1 
	   Disk (KB)            :    39          15     17008 
	   Memory (MB)          :   126           1       128 
...
000 (22119392.025.000) 07/18 21:24:10 Job submitted from host: <10.2.11.2:9618?addrs=10.2.11.2-9618&noUDP&sock=1517334_7efc_29>
...
001 (22119392.025.000) 07/18 21:24:37 Job executing on host: <10.2.1.85:9618?addrs=10.2.1.85-9618&noUDP&sock=1766_e857_3>
...
006 (22119392.025.000) 07/18 21:24:38 Image size of job updated: 15
	0  -  MemoryUsage of job (MB)
	0  -  ResidentSetSize of job (KB)
...
005 (22119392.025.000) 07/18 21:24:38 Job terminated.
	(1) Normal termination (return value 1)
		Usr 0 00:00:00, Sys 0 00:00:00  -  Run Remote Usage
		Usr 0 00:00:00, Sys 0 00:00:00  -  Run Local Usage
		Usr 0 00:00:00, Sys 0 00:00:00  -  Total Remote Usage
		Usr 0 00:00:00, Sys 0 00:00:00  -  Total Local Usage
	424  -  Run Bytes Sent By Job
	12499  -  Run Bytes Received By Job
	424  -  Total Bytes Sent By Job
	12499  -  Total Bytes Received By Job
	Partitionable Resources :    Usage  Request Allocated 
	   Cpus                 :        0        1         1 
	   Disk (KB)            :       40       15     19125 
	   Memory (MB)          :        0        1       128 
...
000 (22119975.025.000) 07/18 21:25:20 Job submitted from host: <10.2.11.2:9618?addrs=10.2.11.2-9618&noUDP&sock=1517334_7efc_29>
...
001 (22119975.025.000) 07/18 21:25:40 Job executing on host: <10.2.1.83:9618?addrs=10.2.1.83-9618&noUDP&sock=1808_b751_3>
...
006 (22119975.025.000) 07/18 21:25:49 Image size of job updated: 193380
	20  -  MemoryUsage of job (MB)
	19576  -  ResidentSetSize of job (KB)
...
006 (22119975.025.000) 07/18 21:30:50 Image size of job updated: 515596
	125  -  MemoryUsage of job (MB)
	127924  -  ResidentSetSize of job (KB)
...
006 (22119975.025.000) 07/18 21:35:51 Image size of job updated: 519696
	128  -  MemoryUsage of job (MB)
	130236  -  ResidentSetSize of job (KB)
...
006 (22119975.025.000) 07/18 21:40:51 Image size of job updated: 519708
	128  -  MemoryUsage of job (MB)
	130236  -  ResidentSetSize of job (KB)
...
006 (22119975.025.000) 07/18 21:45:51 Image size of job updated: 521768
	128  -  MemoryUsage of job (MB)
	130236  -  ResidentSetSize of job (KB)
...
006 (22119975.025.000) 07/18 21:50:52 Image size of job updated: 521768
	130  -  MemoryUsage of job (MB)
	132524  -  ResidentSetSize of job (KB)
...
006 (22119975.025.000) 07/18 22:00:52 Image size of job updated: 522796
	130  -  MemoryUsage of job (MB)
	133088  -  ResidentSetSize of job (KB)
...
006 (22119975.025.000) 07/18 22:05:06 Image size of job updated: 522796
	131  -  MemoryUsage of job (MB)
	133344  -  ResidentSetSize of job (KB)
...
005 (22119975.025.000) 07/18 22:05:07 Job terminated.
	(1) Normal termination (return value 0)
		Usr 0 00:34:14, Sys 0 00:04:26  -  Run Remote Usage
		Usr 0 00:00:00, Sys 0 00:00:00  -  Run Local Usage
		Usr 0 00:34:14, Sys 0 00:04:26  -  Total Remote Usage
		Usr 0 00:00:00, Sys 0 00:00:00  -  Total Local Usage
	0  -  Run Bytes Sent By Job
	12500  -  Run Bytes Received By Job
	0  -  Total Bytes Sent By Job
	12500  -  Total Bytes Received By Job
	Partitionable Resources :    Usage  Request Allocated 
	   Cpus                 :     1.00        1         1 
	   Disk (KB)            :    39          15     13860 
	   Memory (MB)          :   131           1       128 
...
000 (22253529.025.000) 07/19 19:22:43 Job submitted from host: <10.2.11.2:9618?addrs=10.2.11.2-9618&noUDP&sock=1517334_7efc_29>
...
001 (22253529.025.000) 07/19 19:23:52 Job executing on host: <10.2.3.13:9618?addrs=10.2.3.13-9618&noUDP&sock=22626_21ed_3>
...
006 (22253529.025.000) 07/19 19:24:01 Image size of job updated: 140900
	85  -  MemoryUsage of job (MB)
	86732  -  ResidentSetSize of job (KB)
...
006 (22253529.025.000) 07/19 19:29:01 Image size of job updated: 475352
	116  -  MemoryUsage of job (MB)
	118740  -  ResidentSetSize of job (KB)
...
006 (22253529.025.000) 07/19 19:34:01 Image size of job updated: 486960
	127  -  MemoryUsage of job (MB)
	129684  -  ResidentSetSize of job (KB)
...
006 (22253529.025.000) 07/19 19:39:02 Image size of job updated: 486960
	129  -  MemoryUsage of job (MB)
	132048  -  ResidentSetSize of job (KB)
...
006 (22253529.025.000) 07/19 19:49:02 Image size of job updated: 489008
	131  -  MemoryUsage of job (MB)
	134104  -  ResidentSetSize of job (KB)
...
006 (22253529.025.000) 07/19 19:54:03 Image size of job updated: 490032
	131  -  MemoryUsage of job (MB)
	134104  -  ResidentSetSize of job (KB)
...
005 (22253529.025.000) 07/19 19:56:12 Job terminated.
	(1) Normal termination (return value 0)
		Usr 0 00:30:07, Sys 0 00:02:04  -  Run Remote Usage
		Usr 0 00:00:00, Sys 0 00:00:00  -  Run Local Usage
		Usr 0 00:30:07, Sys 0 00:02:04  -  Total Remote Usage
		Usr 0 00:00:00, Sys 0 00:00:00  -  Total Local Usage
	0  -  Run Bytes Sent By Job
	12494  -  Run Bytes Received By Job
	0  -  Total Bytes Sent By Job
	12494  -  Total Bytes Received By Job
	Partitionable Resources :    Usage  Request Allocated 
	   Cpus                 :     1.00        1         1 
	   Disk (KB)            :    39          15     68378 
	   Memory (MB)          :   131           1       128 
...
000 (22253572.025.000) 07/19 20:21:25 Job submitted from host: <10.2.11.2:9618?addrs=10.2.11.2-9618&noUDP&sock=1517334_7efc_29>
...
001 (22253572.025.000) 07/19 20:21:33 Job executing on host: <10.2.3.23:9618?addrs=10.2.3.23-9618&noUDP&sock=23206_f6db_3>
...
006 (22253572.025.000) 07/19 20:21:44 Image size of job updated: 37172
	23  -  MemoryUsage of job (MB)
	23296  -  ResidentSetSize of job (KB)
...
006 (22253572.025.000) 07/19 20:26:45 Image size of job updated: 482620
	116  -  MemoryUsage of job (MB)
	118484  -  ResidentSetSize of job (KB)
...
006 (22253572.025.000) 07/19 20:31:45 Image size of job updated: 482620
	124  -  MemoryUsage of job (MB)
	126916  -  ResidentSetSize of job (KB)
...
006 (22253572.025.000) 07/19 20:36:46 Image size of job updated: 484960
	125  -  MemoryUsage of job (MB)
	127116  -  ResidentSetSize of job (KB)
...
006 (22253572.025.000) 07/19 20:41:47 Image size of job updated: 485984
	127  -  MemoryUsage of job (MB)
	130048  -  ResidentSetSize of job (KB)
...
006 (22253572.025.000) 07/19 20:46:47 Image size of job updated: 488032
	128  -  MemoryUsage of job (MB)
	130052  -  ResidentSetSize of job (KB)
...
006 (22253572.025.000) 07/19 20:56:48 Image size of job updated: 490084
	131  -  MemoryUsage of job (MB)
	133416  -  ResidentSetSize of job (KB)
...
006 (22253572.025.000) 07/19 21:01:48 Image size of job updated: 490084
	133  -  MemoryUsage of job (MB)
	135172  -  ResidentSetSize of job (KB)
...
006 (22253572.025.000) 07/19 21:06:49 Image size of job updated: 490876
	133  -  MemoryUsage of job (MB)
	135172  -  ResidentSetSize of job (KB)
...
006 (22253572.025.000) 07/19 21:11:49 Image size of job updated: 493180
	133  -  MemoryUsage of job (MB)
	135172  -  ResidentSetSize of job (KB)
...
005 (22253572.025.000) 07/19 21:15:53 Job terminated.
	(1) Normal termination (return value 0)
		Usr 0 00:49:14, Sys 0 00:04:29  -  Run Remote Usage
		Usr 0 00:00:00, Sys 0 00:00:00  -  Run Local Usage
		Usr 0 00:49:14, Sys 0 00:04:29  -  Total Remote Usage
		Usr 0 00:00:00, Sys 0 00:00:00  -  Total Local Usage
	0  -  Run Bytes Sent By Job
	12494  -  Run Bytes Received By Job
	0  -  Total Bytes Sent By Job
	12494  -  Total Bytes Received By Job
	Partitionable Resources :    Usage  Request Allocated 
	   Cpus                 :     1.00        1         1 
	   Disk (KB)            :    39          15     70099 
	   Memory (MB)          :   133           1       128 
...
000 (22253623.025.000) 07/19 22:36:07 Job submitted from host: <10.2.11.2:9618?addrs=10.2.11.2-9618&noUDP&sock=1517334_7efc_29>
...
001 (22253623.025.000) 07/19 22:36:13 Job executing on host: <10.2.2.26:9618?addrs=10.2.2.26-9618&noUDP&sock=1832_2d97_3>
...
006 (22253623.025.000) 07/19 22:36:21 Image size of job updated: 134236
	18  -  MemoryUsage of job (MB)
	18332  -  ResidentSetSize of job (KB)
...
006 (22253623.025.000) 07/19 22:41:21 Image size of job updated: 474892
	116  -  MemoryUsage of job (MB)
	118492  -  ResidentSetSize of job (KB)
...
006 (22253623.025.000) 07/19 22:46:21 Image size of job updated: 476180
	116  -  MemoryUsage of job (MB)
	118492  -  ResidentSetSize of job (KB)
...
006 (22253623.025.000) 07/19 22:51:22 Image size of job updated: 477020
	120  -  MemoryUsage of job (MB)
	122364  -  ResidentSetSize of job (KB)
...
006 (22253623.025.000) 07/19 22:56:23 Image size of job updated: 478064
	120  -  MemoryUsage of job (MB)
	122364  -  ResidentSetSize of job (KB)
...
006 (22253623.025.000) 07/19 23:01:23 Image size of job updated: 479240
	120  -  MemoryUsage of job (MB)
	122480  -  ResidentSetSize of job (KB)
...
006 (22253623.025.000) 07/19 23:05:14 Image size of job updated: 479764
	120  -  MemoryUsage of job (MB)
	122480  -  ResidentSetSize of job (KB)
...
005 (22253623.025.000) 07/19 23:05:14 Job terminated.
	(1) Normal termination (return value 0)
		Usr 0 00:26:24, Sys 0 00:01:55  -  Run Remote Usage
		Usr 0 00:00:00, Sys 0 00:00:00  -  Run Local Usage
		Usr 0 00:26:24, Sys 0 00:01:55  -  Total Remote Usage
		Usr 0 00:00:00, Sys 0 00:00:00  -  Total Local Usage
	0  -  Run Bytes Sent By Job
	12500  -  Run Bytes Received By Job
	0  -  Total Bytes Sent By Job
	12500  -  Total Bytes Received By Job
	Partitionable Resources :    Usage  Request Allocated 
	   Cpus                 :     1.00        1         1 
	   Disk (KB)            :    39          15     49164 
	   Memory (MB)          :   120           1       128 
...
000 (23043567.025.000) 08/14 22:16:51 Job submitted from host: <10.2.11.2:9618?addrs=10.2.11.2-9618&noUDP&sock=3676338_a96b_3>
...
001 (23043567.025.000) 08/14 22:16:55 Job executing on host: <10.2.1.97:9618?addrs=10.2.1.97-9618&noUDP&sock=1806_5821_3>
...
006 (23043567.025.000) 08/14 22:17:04 Image size of job updated: 19240
	14  -  MemoryUsage of job (MB)
	13508  -  ResidentSetSize of job (KB)
...
006 (23043567.025.000) 08/14 22:22:05 Image size of job updated: 518648
	128  -  MemoryUsage of job (MB)
	131044  -  ResidentSetSize of job (KB)
...
006 (23043567.025.000) 08/14 22:27:05 Image size of job updated: 519676
	128  -  MemoryUsage of job (MB)
	131044  -  ResidentSetSize of job (KB)
...
006 (23043567.025.000) 08/14 22:32:05 Image size of job updated: 519676
	129  -  MemoryUsage of job (MB)
	132012  -  ResidentSetSize of job (KB)
...
006 (23043567.025.000) 08/14 22:47:07 Image size of job updated: 524796
	131  -  MemoryUsage of job (MB)
	133356  -  ResidentSetSize of job (KB)
...
005 (23043567.025.000) 08/14 22:56:01 Job terminated.
	(1) Normal termination (return value 0)
		Usr 0 00:33:30, Sys 0 00:02:29  -  Run Remote Usage
		Usr 0 00:00:00, Sys 0 00:00:00  -  Run Local Usage
		Usr 0 00:33:30, Sys 0 00:02:29  -  Total Remote Usage
		Usr 0 00:00:00, Sys 0 00:00:00  -  Total Local Usage
	0  -  Run Bytes Sent By Job
	12499  -  Run Bytes Received By Job
	0  -  Total Bytes Sent By Job
	12499  -  Total Bytes Received By Job
	Partitionable Resources :    Usage  Request Allocated 
	   Cpus                 :     0.98        1         1 
	   Disk (KB)            :    39          15     14213 
	   Memory (MB)          :   131           1       128 
...
