000 (22073832.029.000) 07/18 19:40:16 Job submitted from host: <10.2.11.2:9618?addrs=10.2.11.2-9618&noUDP&sock=1517334_7efc_29>
...
000 (22073881.029.000) 07/18 19:40:22 Job submitted from host: <10.2.11.2:9618?addrs=10.2.11.2-9618&noUDP&sock=1517334_7efc_29>
...
009 (22073832.029.000) 07/18 19:40:26 Job was aborted by the user.
	via condor_rm (by user krish.shah)
...
000 (22073926.029.000) 07/18 19:40:27 Job submitted from host: <10.2.11.2:9618?addrs=10.2.11.2-9618&noUDP&sock=1517334_7efc_29>
...
009 (22073881.029.000) 07/18 19:40:30 Job was aborted by the user.
	via condor_rm (by user krish.shah)
...
001 (22073926.029.000) 07/18 19:40:32 Job executing on host: <10.2.2.23:9618?addrs=10.2.2.23-9618&noUDP&sock=1855_f445_3>
...
007 (22073926.029.000) 07/18 19:40:32 Shadow exception!
	Error from slot1_14@cn2023.sarathi.iucaa.in: Failed to execute '/var/lib/condor/execute/dir_13292/condor_exec.exe' with arguments 29: (errno=8: 'Exec format error')
	0  -  Run Bytes Sent By Job
	12412  -  Run Bytes Received By Job
...
012 (22073926.029.000) 07/18 19:40:33 Job was held.
	Error from slot1_14@cn2023.sarathi.iucaa.in: Failed to execute '/var/lib/condor/execute/dir_13292/condor_exec.exe' with arguments 29: (errno=8: 'Exec format error')
	Code 6 Subcode 8
...
009 (22073926.029.000) 07/18 19:41:46 Job was aborted by the user.
	via condor_rm (by user krish.shah)
...
000 (22074535.029.000) 07/18 19:41:48 Job submitted from host: <10.2.11.2:9618?addrs=10.2.11.2-9618&noUDP&sock=1517334_7efc_29>
...
001 (22074535.029.000) 07/18 19:41:59 Job executing on host: <10.2.1.89:9618?addrs=10.2.1.89-9618&noUDP&sock=15429_96d2_3>
...
006 (22074535.029.000) 07/18 19:42:08 Image size of job updated: 191460
	16  -  MemoryUsage of job (MB)
	16168  -  ResidentSetSize of job (KB)
...
006 (22074535.029.000) 07/18 19:47:09 Image size of job updated: 507884
	118  -  MemoryUsage of job (MB)
	120440  -  ResidentSetSize of job (KB)
...
006 (22074535.029.000) 07/18 19:52:09 Image size of job updated: 508740
	119  -  MemoryUsage of job (MB)
	121428  -  ResidentSetSize of job (KB)
...
006 (22074535.029.000) 07/18 19:53:13 Image size of job updated: 508936
	119  -  MemoryUsage of job (MB)
	121428  -  ResidentSetSize of job (KB)
...
005 (22074535.029.000) 07/18 19:53:13 Job terminated.
	(1) Normal termination (return value 0)
		Usr 0 00:09:43, Sys 0 00:00:42  -  Run Remote Usage
		Usr 0 00:00:00, Sys 0 00:00:00  -  Run Local Usage
		Usr 0 00:09:43, Sys 0 00:00:42  -  Total Remote Usage
		Usr 0 00:00:00, Sys 0 00:00:00  -  Total Local Usage
	0  -  Run Bytes Sent By Job
	12470  -  Run Bytes Received By Job
	0  -  Total Bytes Sent By Job
	12470  -  Total Bytes Received By Job
	Partitionable Resources :    Usage  Request Allocated 
	   Cpus                 :     1.00        1         1 
	   Disk (KB)            :    39          15     21835 
	   Memory (MB)          :   119           1       128 
...
000 (22092688.029.000) 07/18 20:21:01 Job submitted from host: <10.2.11.2:9618?addrs=10.2.11.2-9618&noUDP&sock=1517334_7efc_29>
...
001 (22092688.029.000) 07/18 20:21:24 Job executing on host: <10.2.1.30:9618?addrs=10.2.1.30-9618&noUDP&sock=1864_209f_3>
...
006 (22092688.029.000) 07/18 20:21:33 Image size of job updated: 201508
	20  -  MemoryUsage of job (MB)
	19796  -  ResidentSetSize of job (KB)
...
006 (22092688.029.000) 07/18 20:26:34 Image size of job updated: 508124
	116  -  MemoryUsage of job (MB)
	118640  -  ResidentSetSize of job (KB)
...
006 (22092688.029.000) 07/18 20:31:34 Image size of job updated: 508812
	117  -  MemoryUsage of job (MB)
	119328  -  ResidentSetSize of job (KB)
...
006 (22092688.029.000) 07/18 20:36:34 Image size of job updated: 509936
	119  -  MemoryUsage of job (MB)
	121120  -  ResidentSetSize of job (KB)
...
006 (22092688.029.000) 07/18 20:41:35 Image size of job updated: 517648
	124  -  MemoryUsage of job (MB)
	126156  -  ResidentSetSize of job (KB)
...
006 (22092688.029.000) 07/18 20:46:35 Image size of job updated: 521744
	127  -  MemoryUsage of job (MB)
	129228  -  ResidentSetSize of job (KB)
...
005 (22092688.029.000) 07/18 20:50:56 Job terminated.
	(1) Normal termination (return value 0)
		Usr 0 00:27:02, Sys 0 00:01:50  -  Run Remote Usage
		Usr 0 00:00:00, Sys 0 00:00:00  -  Run Local Usage
		Usr 0 00:27:02, Sys 0 00:01:50  -  Total Remote Usage
		Usr 0 00:00:00, Sys 0 00:00:00  -  Total Local Usage
	0  -  Run Bytes Sent By Job
	12465  -  Run Bytes Received By Job
	0  -  Total Bytes Sent By Job
	12465  -  Total Bytes Received By Job
	Partitionable Resources :    Usage  Request Allocated 
	   Cpus                 :     1.00        1         1 
	   Disk (KB)            :    39          15     12136 
	   Memory (MB)          :   127           1       128 
...
000 (22119392.029.000) 07/18 21:24:10 Job submitted from host: <10.2.11.2:9618?addrs=10.2.11.2-9618&noUDP&sock=1517334_7efc_29>
...
001 (22119392.029.000) 07/18 21:24:37 Job executing on host: <10.2.1.12:9618?addrs=10.2.1.12-9618&noUDP&sock=1980_b19c_3>
...
006 (22119392.029.000) 07/18 21:24:38 Image size of job updated: 15
	0  -  MemoryUsage of job (MB)
	0  -  ResidentSetSize of job (KB)
...
005 (22119392.029.000) 07/18 21:24:38 Job terminated.
	(1) Normal termination (return value 1)
		Usr 0 00:00:00, Sys 0 00:00:00  -  Run Remote Usage
		Usr 0 00:00:00, Sys 0 00:00:00  -  Run Local Usage
		Usr 0 00:00:00, Sys 0 00:00:00  -  Total Remote Usage
		Usr 0 00:00:00, Sys 0 00:00:00  -  Total Local Usage
	424  -  Run Bytes Sent By Job
	12499  -  Run Bytes Received By Job
	424  -  Total Bytes Sent By Job
	12499  -  Total Bytes Received By Job
	Partitionable Resources :    Usage  Request Allocated 
	   Cpus                 :        0        1         1 
	   Disk (KB)            :       40       15     18393 
	   Memory (MB)          :        0        1       128 
...
000 (22119975.029.000) 07/18 21:25:20 Job submitted from host: <10.2.11.2:9618?addrs=10.2.11.2-9618&noUDP&sock=1517334_7efc_29>
...
001 (22119975.029.000) 07/18 21:25:41 Job executing on host: <10.2.1.90:9618?addrs=10.2.1.90-9618&noUDP&sock=1979_0203_3>
...
006 (22119975.029.000) 07/18 21:25:49 Image size of job updated: 96512
	95  -  MemoryUsage of job (MB)
	96512  -  ResidentSetSize of job (KB)
...
006 (22119975.029.000) 07/18 21:30:49 Image size of job updated: 513808
	127  -  MemoryUsage of job (MB)
	129216  -  ResidentSetSize of job (KB)
...
006 (22119975.029.000) 07/18 21:35:50 Image size of job updated: 518676
	127  -  MemoryUsage of job (MB)
	129216  -  ResidentSetSize of job (KB)
...
006 (22119975.029.000) 07/18 21:45:51 Image size of job updated: 518932
	134  -  MemoryUsage of job (MB)
	137156  -  ResidentSetSize of job (KB)
...
006 (22119975.029.000) 07/18 21:48:58 Image size of job updated: 520468
	134  -  MemoryUsage of job (MB)
	137156  -  ResidentSetSize of job (KB)
...
005 (22119975.029.000) 07/18 21:48:58 Job terminated.
	(1) Normal termination (return value 0)
		Usr 0 00:20:59, Sys 0 00:01:37  -  Run Remote Usage
		Usr 0 00:00:00, Sys 0 00:00:00  -  Run Local Usage
		Usr 0 00:20:59, Sys 0 00:01:37  -  Total Remote Usage
		Usr 0 00:00:00, Sys 0 00:00:00  -  Total Local Usage
	0  -  Run Bytes Sent By Job
	12500  -  Run Bytes Received By Job
	0  -  Total Bytes Sent By Job
	12500  -  Total Bytes Received By Job
	Partitionable Resources :    Usage  Request Allocated 
	   Cpus                 :     1.00        1         1 
	   Disk (KB)            :    39          15      7199 
	   Memory (MB)          :   134           1       128 
...
000 (22253529.029.000) 07/19 19:22:44 Job submitted from host: <10.2.11.2:9618?addrs=10.2.11.2-9618&noUDP&sock=1517334_7efc_29>
...
001 (22253529.029.000) 07/19 19:23:52 Job executing on host: <10.2.3.25:9618?addrs=10.2.3.25-9618&noUDP&sock=22964_f8f0_3>
...
006 (22253529.029.000) 07/19 19:24:01 Image size of job updated: 128980
	101  -  MemoryUsage of job (MB)
	102952  -  ResidentSetSize of job (KB)
...
006 (22253529.029.000) 07/19 19:29:01 Image size of job updated: 474776
	116  -  MemoryUsage of job (MB)
	118304  -  ResidentSetSize of job (KB)
...
006 (22253529.029.000) 07/19 19:34:01 Image size of job updated: 475976
	119  -  MemoryUsage of job (MB)
	121036  -  ResidentSetSize of job (KB)
...
006 (22253529.029.000) 07/19 19:39:02 Image size of job updated: 477184
	119  -  MemoryUsage of job (MB)
	121036  -  ResidentSetSize of job (KB)
...
006 (22253529.029.000) 07/19 19:44:26 Image size of job updated: 478116
	121  -  MemoryUsage of job (MB)
	123420  -  ResidentSetSize of job (KB)
...
006 (22253529.029.000) 07/19 19:49:02 Image size of job updated: 479004
	121  -  MemoryUsage of job (MB)
	123468  -  ResidentSetSize of job (KB)
...
006 (22253529.029.000) 07/19 19:53:30 Image size of job updated: 480180
	122  -  MemoryUsage of job (MB)
	124516  -  ResidentSetSize of job (KB)
...
005 (22253529.029.000) 07/19 19:53:30 Job terminated.
	(1) Normal termination (return value 0)
		Usr 0 00:27:48, Sys 0 00:01:40  -  Run Remote Usage
		Usr 0 00:00:00, Sys 0 00:00:00  -  Run Local Usage
		Usr 0 00:27:48, Sys 0 00:01:40  -  Total Remote Usage
		Usr 0 00:00:00, Sys 0 00:00:00  -  Total Local Usage
	0  -  Run Bytes Sent By Job
	12494  -  Run Bytes Received By Job
	0  -  Total Bytes Sent By Job
	12494  -  Total Bytes Received By Job
	Partitionable Resources :    Usage  Request Allocated 
	   Cpus                 :     1.00        1         1 
	   Disk (KB)            :    39          15     69866 
	   Memory (MB)          :   122           1       128 
...
000 (22253572.029.000) 07/19 20:21:25 Job submitted from host: <10.2.11.2:9618?addrs=10.2.11.2-9618&noUDP&sock=1517334_7efc_29>
...
001 (22253572.029.000) 07/19 20:21:33 Job executing on host: <10.2.3.15:9618?addrs=10.2.3.15-9618&noUDP&sock=22623_1324_3>
...
006 (22253572.029.000) 07/19 20:21:43 Image size of job updated: 126240
	115  -  MemoryUsage of job (MB)
	117716  -  ResidentSetSize of job (KB)
...
006 (22253572.029.000) 07/19 20:26:44 Image size of job updated: 474824
	118  -  MemoryUsage of job (MB)
	119908  -  ResidentSetSize of job (KB)
...
006 (22253572.029.000) 07/19 20:31:45 Image size of job updated: 476272
	118  -  MemoryUsage of job (MB)
	119908  -  ResidentSetSize of job (KB)
...
006 (22253572.029.000) 07/19 20:36:45 Image size of job updated: 477052
	118  -  MemoryUsage of job (MB)
	120588  -  ResidentSetSize of job (KB)
...
006 (22253572.029.000) 07/19 20:41:46 Image size of job updated: 478248
	119  -  MemoryUsage of job (MB)
	121600  -  ResidentSetSize of job (KB)
...
006 (22253572.029.000) 07/19 20:46:47 Image size of job updated: 479636
	121  -  MemoryUsage of job (MB)
	122900  -  ResidentSetSize of job (KB)
...
006 (22253572.029.000) 07/19 20:51:47 Image size of job updated: 480376
	122  -  MemoryUsage of job (MB)
	123980  -  ResidentSetSize of job (KB)
...
006 (22253572.029.000) 07/19 20:56:47 Image size of job updated: 481420
	122  -  MemoryUsage of job (MB)
	124696  -  ResidentSetSize of job (KB)
...
006 (22253572.029.000) 07/19 21:01:48 Image size of job updated: 482280
	123  -  MemoryUsage of job (MB)
	125728  -  ResidentSetSize of job (KB)
...
006 (22253572.029.000) 07/19 21:04:53 Image size of job updated: 482964
	123  -  MemoryUsage of job (MB)
	125728  -  ResidentSetSize of job (KB)
...
005 (22253572.029.000) 07/19 21:04:53 Job terminated.
	(1) Normal termination (return value 0)
		Usr 0 00:40:59, Sys 0 00:02:15  -  Run Remote Usage
		Usr 0 00:00:00, Sys 0 00:00:00  -  Run Local Usage
		Usr 0 00:40:59, Sys 0 00:02:15  -  Total Remote Usage
		Usr 0 00:00:00, Sys 0 00:00:00  -  Total Local Usage
	0  -  Run Bytes Sent By Job
	12494  -  Run Bytes Received By Job
	0  -  Total Bytes Sent By Job
	12494  -  Total Bytes Received By Job
	Partitionable Resources :    Usage  Request Allocated 
	   Cpus                 :     1.00        1         1 
	   Disk (KB)            :    39          15     69555 
	   Memory (MB)          :   123           1       128 
...
000 (22253623.029.000) 07/19 22:36:07 Job submitted from host: <10.2.11.2:9618?addrs=10.2.11.2-9618&noUDP&sock=1517334_7efc_29>
...
001 (22253623.029.000) 07/19 22:36:13 Job executing on host: <10.2.2.32:9618?addrs=10.2.2.32-9618&noUDP&sock=1821_a20d_3>
...
006 (22253623.029.000) 07/19 22:36:21 Image size of job updated: 188232
	18  -  MemoryUsage of job (MB)
	18212  -  ResidentSetSize of job (KB)
...
006 (22253623.029.000) 07/19 22:41:21 Image size of job updated: 475336
	116  -  MemoryUsage of job (MB)
	118556  -  ResidentSetSize of job (KB)
...
006 (22253623.029.000) 07/19 22:46:21 Image size of job updated: 487028
	126  -  MemoryUsage of job (MB)
	128172  -  ResidentSetSize of job (KB)
...
006 (22253623.029.000) 07/19 22:51:22 Image size of job updated: 488052
	130  -  MemoryUsage of job (MB)
	133036  -  ResidentSetSize of job (KB)
...
006 (22253623.029.000) 07/19 22:56:23 Image size of job updated: 489076
	130  -  MemoryUsage of job (MB)
	133036  -  ResidentSetSize of job (KB)
...
006 (22253623.029.000) 07/19 23:11:25 Image size of job updated: 489364
	130  -  MemoryUsage of job (MB)
	133036  -  ResidentSetSize of job (KB)
...
006 (22253623.029.000) 07/19 23:16:25 Image size of job updated: 491156
	130  -  MemoryUsage of job (MB)
	133036  -  ResidentSetSize of job (KB)
...
006 (22253623.029.000) 07/19 23:21:25 Image size of job updated: 491156
	132  -  MemoryUsage of job (MB)
	135096  -  ResidentSetSize of job (KB)
...
005 (22253623.029.000) 07/19 23:28:55 Job terminated.
	(1) Normal termination (return value 0)
		Usr 0 00:48:39, Sys 0 00:03:21  -  Run Remote Usage
		Usr 0 00:00:00, Sys 0 00:00:00  -  Run Local Usage
		Usr 0 00:48:39, Sys 0 00:03:21  -  Total Remote Usage
		Usr 0 00:00:00, Sys 0 00:00:00  -  Total Local Usage
	0  -  Run Bytes Sent By Job
	12500  -  Run Bytes Received By Job
	0  -  Total Bytes Sent By Job
	12500  -  Total Bytes Received By Job
	Partitionable Resources :    Usage  Request Allocated 
	   Cpus                 :     1.00        1         1 
	   Disk (KB)            :    39          15     44143 
	   Memory (MB)          :   132           1       128 
...
000 (23043567.029.000) 08/14 22:16:51 Job submitted from host: <10.2.11.2:9618?addrs=10.2.11.2-9618&noUDP&sock=3676338_a96b_3>
...
001 (23043567.029.000) 08/14 22:16:56 Job executing on host: <10.2.3.40:9618?addrs=10.2.3.40-9618&noUDP&sock=24946_75a5_3>
...
006 (23043567.029.000) 08/14 22:17:04 Image size of job updated: 131816
	14  -  MemoryUsage of job (MB)
	13360  -  ResidentSetSize of job (KB)
...
006 (23043567.029.000) 08/14 22:22:04 Image size of job updated: 474812
	116  -  MemoryUsage of job (MB)
	118100  -  ResidentSetSize of job (KB)
...
006 (23043567.029.000) 08/14 22:27:05 Image size of job updated: 475612
	119  -  MemoryUsage of job (MB)
	120924  -  ResidentSetSize of job (KB)
...
006 (23043567.029.000) 08/14 22:32:06 Image size of job updated: 476080
	119  -  MemoryUsage of job (MB)
	121140  -  ResidentSetSize of job (KB)
...
006 (23043567.029.000) 08/14 22:37:06 Image size of job updated: 487924
	127  -  MemoryUsage of job (MB)
	129176  -  ResidentSetSize of job (KB)
...
006 (23043567.029.000) 08/14 22:47:08 Image size of job updated: 487924
	127  -  MemoryUsage of job (MB)
	129744  -  ResidentSetSize of job (KB)
...
006 (23043567.029.000) 08/14 22:52:08 Image size of job updated: 489856
	132  -  MemoryUsage of job (MB)
	134956  -  ResidentSetSize of job (KB)
...
006 (23043567.029.000) 08/14 23:07:09 Image size of job updated: 490880
	132  -  MemoryUsage of job (MB)
	134956  -  ResidentSetSize of job (KB)
...
006 (23043567.029.000) 08/14 23:12:09 Image size of job updated: 491660
	135  -  MemoryUsage of job (MB)
	137948  -  ResidentSetSize of job (KB)
...
006 (23043567.029.000) 08/14 23:17:10 Image size of job updated: 492952
	135  -  MemoryUsage of job (MB)
	138040  -  ResidentSetSize of job (KB)
...
005 (23043567.029.000) 08/14 23:19:29 Job terminated.
	(1) Normal termination (return value 0)
		Usr 0 00:56:49, Sys 0 00:03:16  -  Run Remote Usage
		Usr 0 00:00:00, Sys 0 00:00:00  -  Run Local Usage
		Usr 0 00:56:49, Sys 0 00:03:16  -  Total Remote Usage
		Usr 0 00:00:00, Sys 0 00:00:00  -  Total Local Usage
	0  -  Run Bytes Sent By Job
	12499  -  Run Bytes Received By Job
	0  -  Total Bytes Sent By Job
	12499  -  Total Bytes Received By Job
	Partitionable Resources :    Usage  Request Allocated 
	   Cpus                 :     1.00        1         1 
	   Disk (KB)            :    39          15     66369 
	   Memory (MB)          :   135           1       128 
...
