000 (22073832.003.000) 07/18 19:40:16 Job submitted from host: <10.2.11.2:9618?addrs=10.2.11.2-9618&noUDP&sock=1517334_7efc_29>
...
000 (22073881.003.000) 07/18 19:40:22 Job submitted from host: <10.2.11.2:9618?addrs=10.2.11.2-9618&noUDP&sock=1517334_7efc_29>
...
009 (22073832.003.000) 07/18 19:40:25 Job was aborted by the user.
	via condor_rm (by user krish.shah)
...
000 (22073926.003.000) 07/18 19:40:26 Job submitted from host: <10.2.11.2:9618?addrs=10.2.11.2-9618&noUDP&sock=1517334_7efc_29>
...
009 (22073881.003.000) 07/18 19:40:27 Job was aborted by the user.
	via condor_rm (by user krish.shah)
...
001 (22073926.003.000) 07/18 19:40:31 Job executing on host: <10.2.1.95:9618?addrs=10.2.1.95-9618&noUDP&sock=1927_5717_3>
...
007 (22073926.003.000) 07/18 19:40:32 Shadow exception!
	Error from slot1_18@cn1095.sarathi.iucaa.in: Failed to execute '/var/lib/condor/execute/dir_29676/condor_exec.exe' with arguments 3: (errno=8: 'Exec format error')
	0  -  Run Bytes Sent By Job
	12412  -  Run Bytes Received By Job
...
012 (22073926.003.000) 07/18 19:40:32 Job was held.
	Error from slot1_18@cn1095.sarathi.iucaa.in: Failed to execute '/var/lib/condor/execute/dir_29676/condor_exec.exe' with arguments 3: (errno=8: 'Exec format error')
	Code 6 Subcode 8
...
009 (22073926.003.000) 07/18 19:41:45 Job was aborted by the user.
	via condor_rm (by user krish.shah)
...
000 (22074535.003.000) 07/18 19:41:48 Job submitted from host: <10.2.11.2:9618?addrs=10.2.11.2-9618&noUDP&sock=1517334_7efc_29>
...
001 (22074535.003.000) 07/18 19:41:59 Job executing on host: <10.2.1.2:9618?addrs=10.2.1.2-9618&noUDP&sock=1828_6f36_3>
...
006 (22074535.003.000) 07/18 19:42:08 Image size of job updated: 193660
	16  -  MemoryUsage of job (MB)
	16168  -  ResidentSetSize of job (KB)
...
006 (22074535.003.000) 07/18 19:47:09 Image size of job updated: 515336
	118  -  MemoryUsage of job (MB)
	120036  -  ResidentSetSize of job (KB)
...
006 (22074535.003.000) 07/18 19:52:10 Image size of job updated: 519184
	121  -  MemoryUsage of job (MB)
	123404  -  ResidentSetSize of job (KB)
...
006 (22074535.003.000) 07/18 19:57:10 Image size of job updated: 519184
	126  -  MemoryUsage of job (MB)
	128444  -  ResidentSetSize of job (KB)
...
006 (22074535.003.000) 07/18 20:02:11 Image size of job updated: 519184
	126  -  MemoryUsage of job (MB)
	128932  -  ResidentSetSize of job (KB)
...
005 (22074535.003.000) 07/18 20:02:45 Job terminated.
	(1) Normal termination (return value 0)
		Usr 0 00:16:07, Sys 0 00:03:47  -  Run Remote Usage
		Usr 0 00:00:00, Sys 0 00:00:00  -  Run Local Usage
		Usr 0 00:16:07, Sys 0 00:03:47  -  Total Remote Usage
		Usr 0 00:00:00, Sys 0 00:00:00  -  Total Local Usage
	0  -  Run Bytes Sent By Job
	12470  -  Run Bytes Received By Job
	0  -  Total Bytes Sent By Job
	12470  -  Total Bytes Received By Job
	Partitionable Resources :    Usage  Request Allocated 
	   Cpus                 :     0.99        1         1 
	   Disk (KB)            :    39          15     14927 
	   Memory (MB)          :   126           1       128 
...
000 (22092688.003.000) 07/18 20:21:00 Job submitted from host: <10.2.11.2:9618?addrs=10.2.11.2-9618&noUDP&sock=1517334_7efc_29>
...
001 (22092688.003.000) 07/18 20:21:24 Job executing on host: <10.2.1.59:9618?addrs=10.2.1.59-9618&noUDP&sock=1985_1f95_3>
...
006 (22092688.003.000) 07/18 20:21:33 Image size of job updated: 188124
	20  -  MemoryUsage of job (MB)
	19840  -  ResidentSetSize of job (KB)
...
006 (22092688.003.000) 07/18 20:26:34 Image size of job updated: 508124
	118  -  MemoryUsage of job (MB)
	120776  -  ResidentSetSize of job (KB)
...
006 (22092688.003.000) 07/18 20:31:34 Image size of job updated: 509032
	119  -  MemoryUsage of job (MB)
	121584  -  ResidentSetSize of job (KB)
...
006 (22092688.003.000) 07/18 20:36:34 Image size of job updated: 509992
	122  -  MemoryUsage of job (MB)
	124360  -  ResidentSetSize of job (KB)
...
005 (22092688.003.000) 07/18 20:36:53 Job terminated.
	(1) Normal termination (return value 0)
		Usr 0 00:14:03, Sys 0 00:00:48  -  Run Remote Usage
		Usr 0 00:00:00, Sys 0 00:00:00  -  Run Local Usage
		Usr 0 00:14:03, Sys 0 00:00:48  -  Total Remote Usage
		Usr 0 00:00:00, Sys 0 00:00:00  -  Total Local Usage
	0  -  Run Bytes Sent By Job
	12465  -  Run Bytes Received By Job
	0  -  Total Bytes Sent By Job
	12465  -  Total Bytes Received By Job
	Partitionable Resources :    Usage  Request Allocated 
	   Cpus                 :     1.00        1         1 
	   Disk (KB)            :    39          15     15697 
	   Memory (MB)          :   122           1       128 
...
000 (22119392.003.000) 07/18 21:24:10 Job submitted from host: <10.2.11.2:9618?addrs=10.2.11.2-9618&noUDP&sock=1517334_7efc_29>
...
001 (22119392.003.000) 07/18 21:24:37 Job executing on host: <10.2.1.42:9618?addrs=10.2.1.42-9618&noUDP&sock=1872_9d61_3>
...
006 (22119392.003.000) 07/18 21:24:37 Image size of job updated: 15
	0  -  MemoryUsage of job (MB)
	0  -  ResidentSetSize of job (KB)
...
005 (22119392.003.000) 07/18 21:24:37 Job terminated.
	(1) Normal termination (return value 1)
		Usr 0 00:00:00, Sys 0 00:00:00  -  Run Remote Usage
		Usr 0 00:00:00, Sys 0 00:00:00  -  Run Local Usage
		Usr 0 00:00:00, Sys 0 00:00:00  -  Total Remote Usage
		Usr 0 00:00:00, Sys 0 00:00:00  -  Total Local Usage
	424  -  Run Bytes Sent By Job
	12499  -  Run Bytes Received By Job
	424  -  Total Bytes Sent By Job
	12499  -  Total Bytes Received By Job
	Partitionable Resources :    Usage  Request Allocated 
	   Cpus                 :                 1         1 
	   Disk (KB)            :       34       15      4636 
	   Memory (MB)          :        0        1       128 
...
000 (22119975.003.000) 07/18 21:25:20 Job submitted from host: <10.2.11.2:9618?addrs=10.2.11.2-9618&noUDP&sock=1517334_7efc_29>
...
001 (22119975.003.000) 07/18 21:25:40 Job executing on host: <10.2.1.49:9618?addrs=10.2.1.49-9618&noUDP&sock=1784_410c_3>
...
006 (22119975.003.000) 07/18 21:25:48 Image size of job updated: 193380
	16  -  MemoryUsage of job (MB)
	16248  -  ResidentSetSize of job (KB)
...
006 (22119975.003.000) 07/18 21:30:48 Image size of job updated: 507848
	116  -  MemoryUsage of job (MB)
	118400  -  ResidentSetSize of job (KB)
...
006 (22119975.003.000) 07/18 21:35:49 Image size of job updated: 508572
	117  -  MemoryUsage of job (MB)
	119276  -  ResidentSetSize of job (KB)
...
006 (22119975.003.000) 07/18 21:40:50 Image size of job updated: 509296
	119  -  MemoryUsage of job (MB)
	121068  -  ResidentSetSize of job (KB)
...
006 (22119975.003.000) 07/18 21:44:40 Image size of job updated: 510108
	119  -  MemoryUsage of job (MB)
	121572  -  ResidentSetSize of job (KB)
...
005 (22119975.003.000) 07/18 21:44:40 Job terminated.
	(1) Normal termination (return value 0)
		Usr 0 00:16:36, Sys 0 00:01:20  -  Run Remote Usage
		Usr 0 00:00:00, Sys 0 00:00:00  -  Run Local Usage
		Usr 0 00:16:36, Sys 0 00:01:20  -  Total Remote Usage
		Usr 0 00:00:00, Sys 0 00:00:00  -  Total Local Usage
	0  -  Run Bytes Sent By Job
	12500  -  Run Bytes Received By Job
	0  -  Total Bytes Sent By Job
	12500  -  Total Bytes Received By Job
	Partitionable Resources :    Usage  Request Allocated 
	   Cpus                 :     1.00        1         1 
	   Disk (KB)            :    39          15     20050 
	   Memory (MB)          :   119           1       128 
...
000 (22253529.003.000) 07/19 19:22:43 Job submitted from host: <10.2.11.2:9618?addrs=10.2.11.2-9618&noUDP&sock=1517334_7efc_29>
...
001 (22253529.003.000) 07/19 19:22:51 Job executing on host: <10.2.3.73:9618?addrs=10.2.3.73-9618&noUDP&sock=22980_f273_3>
...
006 (22253529.003.000) 07/19 19:23:01 Image size of job updated: 45052
	28  -  MemoryUsage of job (MB)
	28480  -  ResidentSetSize of job (KB)
...
006 (22253529.003.000) 07/19 19:28:01 Image size of job updated: 475588
	117  -  MemoryUsage of job (MB)
	118976  -  ResidentSetSize of job (KB)
...
006 (22253529.003.000) 07/19 19:33:01 Image size of job updated: 476540
	117  -  MemoryUsage of job (MB)
	119804  -  ResidentSetSize of job (KB)
...
006 (22253529.003.000) 07/19 19:38:02 Image size of job updated: 477564
	119  -  MemoryUsage of job (MB)
	121024  -  ResidentSetSize of job (KB)
...
006 (22253529.003.000) 07/19 19:43:02 Image size of job updated: 478408
	119  -  MemoryUsage of job (MB)
	121696  -  ResidentSetSize of job (KB)
...
006 (22253529.003.000) 07/19 19:48:02 Image size of job updated: 479624
	121  -  MemoryUsage of job (MB)
	122896  -  ResidentSetSize of job (KB)
...
005 (22253529.003.000) 07/19 19:48:50 Job terminated.
	(1) Normal termination (return value 0)
		Usr 0 00:24:06, Sys 0 00:01:32  -  Run Remote Usage
		Usr 0 00:00:00, Sys 0 00:00:00  -  Run Local Usage
		Usr 0 00:24:06, Sys 0 00:01:32  -  Total Remote Usage
		Usr 0 00:00:00, Sys 0 00:00:00  -  Total Local Usage
	0  -  Run Bytes Sent By Job
	12494  -  Run Bytes Received By Job
	0  -  Total Bytes Sent By Job
	12494  -  Total Bytes Received By Job
	Partitionable Resources :    Usage  Request Allocated 
	   Cpus                 :     1.00        1         1 
	   Disk (KB)            :    39          15     61376 
	   Memory (MB)          :   121           1       128 
...
000 (22253572.003.000) 07/19 20:21:25 Job submitted from host: <10.2.11.2:9618?addrs=10.2.11.2-9618&noUDP&sock=1517334_7efc_29>
...
001 (22253572.003.000) 07/19 20:21:32 Job executing on host: <10.2.3.92:9618?addrs=10.2.3.92-9618&noUDP&sock=22582_f3c2_3>
...
006 (22253572.003.000) 07/19 20:21:43 Image size of job updated: 117624
	115  -  MemoryUsage of job (MB)
	117624  -  ResidentSetSize of job (KB)
...
006 (22253572.003.000) 07/19 20:26:44 Image size of job updated: 484436
	123  -  MemoryUsage of job (MB)
	125676  -  ResidentSetSize of job (KB)
...
006 (22253572.003.000) 07/19 20:36:44 Image size of job updated: 484436
	127  -  MemoryUsage of job (MB)
	129520  -  ResidentSetSize of job (KB)
...
006 (22253572.003.000) 07/19 20:41:45 Image size of job updated: 485460
	128  -  MemoryUsage of job (MB)
	130548  -  ResidentSetSize of job (KB)
...
005 (22253572.003.000) 07/19 21:11:40 Job terminated.
	(1) Normal termination (return value 0)
		Usr 0 00:45:51, Sys 0 00:04:09  -  Run Remote Usage
		Usr 0 00:00:00, Sys 0 00:00:00  -  Run Local Usage
		Usr 0 00:45:51, Sys 0 00:04:09  -  Total Remote Usage
		Usr 0 00:00:00, Sys 0 00:00:00  -  Total Local Usage
	0  -  Run Bytes Sent By Job
	12494  -  Run Bytes Received By Job
	0  -  Total Bytes Sent By Job
	12494  -  Total Bytes Received By Job
	Partitionable Resources :    Usage  Request Allocated 
	   Cpus                 :     1.00        1         1 
	   Disk (KB)            :    39          15     59459 
	   Memory (MB)          :   128           1       128 
...
000 (22253623.003.000) 07/19 22:36:07 Job submitted from host: <10.2.11.2:9618?addrs=10.2.11.2-9618&noUDP&sock=1517334_7efc_29>
...
001 (22253623.003.000) 07/19 22:36:14 Job executing on host: <10.2.2.11:9618?addrs=10.2.2.11-9618&noUDP&sock=1869_8e98_3>
...
006 (22253623.003.000) 07/19 22:36:30 Image size of job updated: 205388
	27  -  MemoryUsage of job (MB)
	26712  -  ResidentSetSize of job (KB)
...
006 (22253623.003.000) 07/19 22:41:30 Image size of job updated: 482692
	124  -  MemoryUsage of job (MB)
	126072  -  ResidentSetSize of job (KB)
...
006 (22253623.003.000) 07/19 22:46:31 Image size of job updated: 482692
	124  -  MemoryUsage of job (MB)
	126280  -  ResidentSetSize of job (KB)
...
006 (22253623.003.000) 07/19 22:56:32 Image size of job updated: 491248
	130  -  MemoryUsage of job (MB)
	132336  -  ResidentSetSize of job (KB)
...
006 (22253623.003.000) 07/19 23:01:32 Image size of job updated: 491248
	131  -  MemoryUsage of job (MB)
	133892  -  ResidentSetSize of job (KB)
...
006 (22253623.003.000) 07/19 23:06:33 Image size of job updated: 491248
	131  -  MemoryUsage of job (MB)
	134028  -  ResidentSetSize of job (KB)
...
006 (22253623.003.000) 07/19 23:11:33 Image size of job updated: 491248
	132  -  MemoryUsage of job (MB)
	134576  -  ResidentSetSize of job (KB)
...
006 (22253623.003.000) 07/19 23:16:33 Image size of job updated: 491248
	133  -  MemoryUsage of job (MB)
	136176  -  ResidentSetSize of job (KB)
...
006 (22253623.003.000) 07/19 23:36:36 Image size of job updated: 495420
	134  -  MemoryUsage of job (MB)
	136516  -  ResidentSetSize of job (KB)
...
005 (22253623.003.000) 07/19 23:49:09 Job terminated.
	(1) Normal termination (return value 0)
		Usr 0 01:02:38, Sys 0 00:09:30  -  Run Remote Usage
		Usr 0 00:00:00, Sys 0 00:00:00  -  Run Local Usage
		Usr 0 01:02:38, Sys 0 00:09:30  -  Total Remote Usage
		Usr 0 00:00:00, Sys 0 00:00:00  -  Total Local Usage
	0  -  Run Bytes Sent By Job
	12500  -  Run Bytes Received By Job
	0  -  Total Bytes Sent By Job
	12500  -  Total Bytes Received By Job
	Partitionable Resources :    Usage  Request Allocated 
	   Cpus                 :     1.00        1         1 
	   Disk (KB)            :    39          15     45174 
	   Memory (MB)          :   134           1       128 
...
000 (23043567.003.000) 08/14 22:16:51 Job submitted from host: <10.2.11.2:9618?addrs=10.2.11.2-9618&noUDP&sock=3676338_a96b_3>
...
001 (23043567.003.000) 08/14 22:16:55 Job executing on host: <10.2.1.5:9618?addrs=10.2.1.5-9618&noUDP&sock=2019_71cd_3>
...
006 (23043567.003.000) 08/14 22:17:04 Image size of job updated: 135420
	15  -  MemoryUsage of job (MB)
	14540  -  ResidentSetSize of job (KB)
...
006 (23043567.003.000) 08/14 22:22:05 Image size of job updated: 508240
	118  -  MemoryUsage of job (MB)
	120804  -  ResidentSetSize of job (KB)
...
006 (23043567.003.000) 08/14 22:27:06 Image size of job updated: 508872
	118  -  MemoryUsage of job (MB)
	120804  -  ResidentSetSize of job (KB)
...
006 (23043567.003.000) 08/14 22:32:06 Image size of job updated: 509636
	120  -  MemoryUsage of job (MB)
	122056  -  ResidentSetSize of job (KB)
...
006 (23043567.003.000) 08/14 22:37:07 Image size of job updated: 510680
	120  -  MemoryUsage of job (MB)
	122056  -  ResidentSetSize of job (KB)
...
006 (23043567.003.000) 08/14 22:42:08 Image size of job updated: 511512
	122  -  MemoryUsage of job (MB)
	124112  -  ResidentSetSize of job (KB)
...
006 (23043567.003.000) 08/14 22:47:08 Image size of job updated: 512364
	122  -  MemoryUsage of job (MB)
	124608  -  ResidentSetSize of job (KB)
...
005 (23043567.003.000) 08/14 22:47:35 Job terminated.
	(1) Normal termination (return value 0)
		Usr 0 00:27:00, Sys 0 00:01:39  -  Run Remote Usage
		Usr 0 00:00:00, Sys 0 00:00:00  -  Run Local Usage
		Usr 0 00:27:00, Sys 0 00:01:39  -  Total Remote Usage
		Usr 0 00:00:00, Sys 0 00:00:00  -  Total Local Usage
	0  -  Run Bytes Sent By Job
	12499  -  Run Bytes Received By Job
	0  -  Total Bytes Sent By Job
	12499  -  Total Bytes Received By Job
	Partitionable Resources :    Usage  Request Allocated 
	   Cpus                 :     1.00        1         1 
	   Disk (KB)            :    39          15     12746 
	   Memory (MB)          :   122           1       128 
...
