000 (22073832.034.000) 07/18 19:40:16 Job submitted from host: <10.2.11.2:9618?addrs=10.2.11.2-9618&noUDP&sock=1517334_7efc_29>
...
000 (22073881.034.000) 07/18 19:40:22 Job submitted from host: <10.2.11.2:9618?addrs=10.2.11.2-9618&noUDP&sock=1517334_7efc_29>
...
009 (22073832.034.000) 07/18 19:40:26 Job was aborted by the user.
	via condor_rm (by user krish.shah)
...
000 (22073926.034.000) 07/18 19:40:27 Job submitted from host: <10.2.11.2:9618?addrs=10.2.11.2-9618&noUDP&sock=1517334_7efc_29>
...
009 (22073881.034.000) 07/18 19:40:30 Job was aborted by the user.
	via condor_rm (by user krish.shah)
...
001 (22073926.034.000) 07/18 19:40:33 Job executing on host: <10.2.2.33:9618?addrs=10.2.2.33-9618&noUDP&sock=1817_e3ac_3>
...
007 (22073926.034.000) 07/18 19:40:33 Shadow exception!
	Error from slot1_13@cn2033.sarathi.iucaa.in: Failed to execute '/var/lib/condor/execute/dir_9237/condor_exec.exe' with arguments 34: (errno=8: 'Exec format error')
	0  -  Run Bytes Sent By Job
	12412  -  Run Bytes Received By Job
...
012 (22073926.034.000) 07/18 19:40:33 Job was held.
	Error from slot1_13@cn2033.sarathi.iucaa.in: Failed to execute '/var/lib/condor/execute/dir_9237/condor_exec.exe' with arguments 34: (errno=8: 'Exec format error')
	Code 6 Subcode 8
...
009 (22073926.034.000) 07/18 19:41:46 Job was aborted by the user.
	via condor_rm (by user krish.shah)
...
000 (22074535.034.000) 07/18 19:41:48 Job submitted from host: <10.2.11.2:9618?addrs=10.2.11.2-9618&noUDP&sock=1517334_7efc_29>
...
001 (22074535.034.000) 07/18 19:41:59 Job executing on host: <10.2.1.90:9618?addrs=10.2.1.90-9618&noUDP&sock=1979_0203_3>
...
006 (22074535.034.000) 07/18 19:42:08 Image size of job updated: 198568
	16  -  MemoryUsage of job (MB)
	16168  -  ResidentSetSize of job (KB)
...
006 (22074535.034.000) 07/18 19:47:09 Image size of job updated: 515348
	124  -  MemoryUsage of job (MB)
	126176  -  ResidentSetSize of job (KB)
...
006 (22074535.034.000) 07/18 19:52:09 Image size of job updated: 515956
	126  -  MemoryUsage of job (MB)
	128232  -  ResidentSetSize of job (KB)
...
006 (22074535.034.000) 07/18 19:57:09 Image size of job updated: 515956
	128  -  MemoryUsage of job (MB)
	130448  -  ResidentSetSize of job (KB)
...
006 (22074535.034.000) 07/18 20:02:10 Image size of job updated: 520820
	130  -  MemoryUsage of job (MB)
	132892  -  ResidentSetSize of job (KB)
...
005 (22074535.034.000) 07/18 20:03:49 Job terminated.
	(1) Normal termination (return value 0)
		Usr 0 00:17:57, Sys 0 00:03:02  -  Run Remote Usage
		Usr 0 00:00:00, Sys 0 00:00:00  -  Run Local Usage
		Usr 0 00:17:57, Sys 0 00:03:02  -  Total Remote Usage
		Usr 0 00:00:00, Sys 0 00:00:00  -  Total Local Usage
	0  -  Run Bytes Sent By Job
	12470  -  Run Bytes Received By Job
	0  -  Total Bytes Sent By Job
	12470  -  Total Bytes Received By Job
	Partitionable Resources :    Usage  Request Allocated 
	   Cpus                 :     0.98        1         1 
	   Disk (KB)            :    39          15      7199 
	   Memory (MB)          :   130           1       128 
...
000 (22092688.034.000) 07/18 20:21:01 Job submitted from host: <10.2.11.2:9618?addrs=10.2.11.2-9618&noUDP&sock=1517334_7efc_29>
...
001 (22092688.034.000) 07/18 20:21:24 Job executing on host: <10.2.1.9:9618?addrs=10.2.1.9-9618&noUDP&sock=1851_35e4_3>
...
006 (22092688.034.000) 07/18 20:21:33 Image size of job updated: 119492
	117  -  MemoryUsage of job (MB)
	119492  -  ResidentSetSize of job (KB)
...
006 (22092688.034.000) 07/18 20:26:34 Image size of job updated: 517132
	117  -  MemoryUsage of job (MB)
	119492  -  ResidentSetSize of job (KB)
...
006 (22092688.034.000) 07/18 20:36:35 Image size of job updated: 517132
	118  -  MemoryUsage of job (MB)
	120012  -  ResidentSetSize of job (KB)
...
006 (22092688.034.000) 07/18 20:41:36 Image size of job updated: 517132
	120  -  MemoryUsage of job (MB)
	122808  -  ResidentSetSize of job (KB)
...
005 (22092688.034.000) 07/18 20:42:25 Job terminated.
	(1) Normal termination (return value 0)
		Usr 0 00:19:26, Sys 0 00:01:24  -  Run Remote Usage
		Usr 0 00:00:00, Sys 0 00:00:00  -  Run Local Usage
		Usr 0 00:19:26, Sys 0 00:01:24  -  Total Remote Usage
		Usr 0 00:00:00, Sys 0 00:00:00  -  Total Local Usage
	0  -  Run Bytes Sent By Job
	12465  -  Run Bytes Received By Job
	0  -  Total Bytes Sent By Job
	12465  -  Total Bytes Received By Job
	Partitionable Resources :    Usage  Request Allocated 
	   Cpus                 :     1.00        1         1 
	   Disk (KB)            :    39          15     16278 
	   Memory (MB)          :   120           1       128 
...
000 (22119392.034.000) 07/18 21:24:10 Job submitted from host: <10.2.11.2:9618?addrs=10.2.11.2-9618&noUDP&sock=1517334_7efc_29>
...
001 (22119392.034.000) 07/18 21:24:37 Job executing on host: <10.2.1.19:9618?addrs=10.2.1.19-9618&noUDP&sock=1800_3a8f_3>
...
006 (22119392.034.000) 07/18 21:24:38 Image size of job updated: 15
	0  -  MemoryUsage of job (MB)
	0  -  ResidentSetSize of job (KB)
...
005 (22119392.034.000) 07/18 21:24:38 Job terminated.
	(1) Normal termination (return value 1)
		Usr 0 00:00:00, Sys 0 00:00:00  -  Run Remote Usage
		Usr 0 00:00:00, Sys 0 00:00:00  -  Run Local Usage
		Usr 0 00:00:00, Sys 0 00:00:00  -  Total Remote Usage
		Usr 0 00:00:00, Sys 0 00:00:00  -  Total Local Usage
	424  -  Run Bytes Sent By Job
	12499  -  Run Bytes Received By Job
	424  -  Total Bytes Sent By Job
	12499  -  Total Bytes Received By Job
	Partitionable Resources :    Usage  Request Allocated 
	   Cpus                 :        0        1         1 
	   Disk (KB)            :       40       15     19591 
	   Memory (MB)          :        0        1       128 
...
000 (22119975.034.000) 07/18 21:25:20 Job submitted from host: <10.2.11.2:9618?addrs=10.2.11.2-9618&noUDP&sock=1517334_7efc_29>
...
001 (22119975.034.000) 07/18 21:25:40 Job executing on host: <10.2.1.99:9618?addrs=10.2.1.99-9618&noUDP&sock=1800_3a8f_3>
...
006 (22119975.034.000) 07/18 21:25:49 Image size of job updated: 140896
	18  -  MemoryUsage of job (MB)
	17944  -  ResidentSetSize of job (KB)
...
006 (22119975.034.000) 07/18 21:30:50 Image size of job updated: 517160
	125  -  MemoryUsage of job (MB)
	127624  -  ResidentSetSize of job (KB)
...
006 (22119975.034.000) 07/18 21:40:51 Image size of job updated: 523304
	134  -  MemoryUsage of job (MB)
	136620  -  ResidentSetSize of job (KB)
...
006 (22119975.034.000) 07/18 21:45:52 Image size of job updated: 523304
	135  -  MemoryUsage of job (MB)
	137616  -  ResidentSetSize of job (KB)
...
005 (22119975.034.000) 07/18 21:58:21 Job terminated.
	(1) Normal termination (return value 0)
		Usr 0 00:29:06, Sys 0 00:02:48  -  Run Remote Usage
		Usr 0 00:00:00, Sys 0 00:00:00  -  Run Local Usage
		Usr 0 00:29:06, Sys 0 00:02:48  -  Total Remote Usage
		Usr 0 00:00:00, Sys 0 00:00:00  -  Total Local Usage
	0  -  Run Bytes Sent By Job
	12500  -  Run Bytes Received By Job
	0  -  Total Bytes Sent By Job
	12500  -  Total Bytes Received By Job
	Partitionable Resources :    Usage  Request Allocated 
	   Cpus                 :     1.00        1         1 
	   Disk (KB)            :    39          15     18628 
	   Memory (MB)          :   135           1       128 
...
000 (22253529.034.000) 07/19 19:22:44 Job submitted from host: <10.2.11.2:9618?addrs=10.2.11.2-9618&noUDP&sock=1517334_7efc_29>
...
001 (22253529.034.000) 07/19 19:23:52 Job executing on host: <10.2.3.49:9618?addrs=10.2.3.49-9618&noUDP&sock=23001_59f1_3>
...
006 (22253529.034.000) 07/19 19:24:02 Image size of job updated: 319868
	98  -  MemoryUsage of job (MB)
	100028  -  ResidentSetSize of job (KB)
...
006 (22253529.034.000) 07/19 19:29:02 Image size of job updated: 475504
	117  -  MemoryUsage of job (MB)
	118840  -  ResidentSetSize of job (KB)
...
006 (22253529.034.000) 07/19 19:34:02 Image size of job updated: 476516
	118  -  MemoryUsage of job (MB)
	120212  -  ResidentSetSize of job (KB)
...
006 (22253529.034.000) 07/19 19:39:03 Image size of job updated: 477592
	120  -  MemoryUsage of job (MB)
	122672  -  ResidentSetSize of job (KB)
...
006 (22253529.034.000) 07/19 19:44:06 Image size of job updated: 478556
	120  -  MemoryUsage of job (MB)
	122688  -  ResidentSetSize of job (KB)
...
006 (22253529.034.000) 07/19 19:49:03 Image size of job updated: 480164
	123  -  MemoryUsage of job (MB)
	125224  -  ResidentSetSize of job (KB)
...
006 (22253529.034.000) 07/19 19:54:03 Image size of job updated: 481216
	123  -  MemoryUsage of job (MB)
	125224  -  ResidentSetSize of job (KB)
...
005 (22253529.034.000) 07/19 19:56:20 Job terminated.
	(1) Normal termination (return value 0)
		Usr 0 00:30:18, Sys 0 00:02:01  -  Run Remote Usage
		Usr 0 00:00:00, Sys 0 00:00:00  -  Run Local Usage
		Usr 0 00:30:18, Sys 0 00:02:01  -  Total Remote Usage
		Usr 0 00:00:00, Sys 0 00:00:00  -  Total Local Usage
	0  -  Run Bytes Sent By Job
	12494  -  Run Bytes Received By Job
	0  -  Total Bytes Sent By Job
	12494  -  Total Bytes Received By Job
	Partitionable Resources :    Usage  Request Allocated 
	   Cpus                 :     1.00        1         1 
	   Disk (KB)            :    39          15     68413 
	   Memory (MB)          :   123           1       128 
...
000 (22253572.034.000) 07/19 20:21:25 Job submitted from host: <10.2.11.2:9618?addrs=10.2.11.2-9618&noUDP&sock=1517334_7efc_29>
...
001 (22253572.034.000) 07/19 20:21:33 Job executing on host: <10.2.3.15:9618?addrs=10.2.3.15-9618&noUDP&sock=22623_1324_3>
...
006 (22253572.034.000) 07/19 20:21:45 Image size of job updated: 119156
	115  -  MemoryUsage of job (MB)
	117716  -  ResidentSetSize of job (KB)
...
006 (22253572.034.000) 07/19 20:26:46 Image size of job updated: 475172
	118  -  MemoryUsage of job (MB)
	120320  -  ResidentSetSize of job (KB)
...
006 (22253572.034.000) 07/19 20:31:47 Image size of job updated: 476128
	119  -  MemoryUsage of job (MB)
	121312  -  ResidentSetSize of job (KB)
...
006 (22253572.034.000) 07/19 20:36:47 Image size of job updated: 477516
	119  -  MemoryUsage of job (MB)
	121312  -  ResidentSetSize of job (KB)
...
006 (22253572.034.000) 07/19 20:41:47 Image size of job updated: 485816
	125  -  MemoryUsage of job (MB)
	127064  -  ResidentSetSize of job (KB)
...
006 (22253572.034.000) 07/19 20:56:48 Image size of job updated: 489152
	132  -  MemoryUsage of job (MB)
	135064  -  ResidentSetSize of job (KB)
...
006 (22253572.034.000) 07/19 21:01:49 Image size of job updated: 496064
	133  -  MemoryUsage of job (MB)
	135272  -  ResidentSetSize of job (KB)
...
005 (22253572.034.000) 07/19 21:11:29 Job terminated.
	(1) Normal termination (return value 0)
		Usr 0 00:45:56, Sys 0 00:03:53  -  Run Remote Usage
		Usr 0 00:00:00, Sys 0 00:00:00  -  Run Local Usage
		Usr 0 00:45:56, Sys 0 00:03:53  -  Total Remote Usage
		Usr 0 00:00:00, Sys 0 00:00:00  -  Total Local Usage
	0  -  Run Bytes Sent By Job
	12494  -  Run Bytes Received By Job
	0  -  Total Bytes Sent By Job
	12494  -  Total Bytes Received By Job
	Partitionable Resources :    Usage  Request Allocated 
	   Cpus                 :     1.00        1         1 
	   Disk (KB)            :    39          15     69555 
	   Memory (MB)          :   133           1       128 
...
000 (22253623.034.000) 07/19 22:36:07 Job submitted from host: <10.2.11.2:9618?addrs=10.2.11.2-9618&noUDP&sock=1517334_7efc_29>
...
001 (22253623.034.000) 07/19 22:36:13 Job executing on host: <10.2.2.41:9618?addrs=10.2.2.41-9618&noUDP&sock=1815_847b_3>
...
006 (22253623.034.000) 07/19 22:36:22 Image size of job updated: 188232
	18  -  MemoryUsage of job (MB)
	18108  -  ResidentSetSize of job (KB)
...
006 (22253623.034.000) 07/19 22:41:23 Image size of job updated: 481980
	124  -  MemoryUsage of job (MB)
	126888  -  ResidentSetSize of job (KB)
...
006 (22253623.034.000) 07/19 22:46:24 Image size of job updated: 484556
	127  -  MemoryUsage of job (MB)
	129472  -  ResidentSetSize of job (KB)
...
006 (22253623.034.000) 07/19 22:51:24 Image size of job updated: 488396
	127  -  MemoryUsage of job (MB)
	129472  -  ResidentSetSize of job (KB)
...
006 (22253623.034.000) 07/19 23:06:26 Image size of job updated: 488396
	129  -  MemoryUsage of job (MB)
	131108  -  ResidentSetSize of job (KB)
...
006 (22253623.034.000) 07/19 23:08:39 Image size of job updated: 488396
	129  -  MemoryUsage of job (MB)
	131528  -  ResidentSetSize of job (KB)
...
005 (22253623.034.000) 07/19 23:08:39 Job terminated.
	(1) Normal termination (return value 0)
		Usr 0 00:29:13, Sys 0 00:02:30  -  Run Remote Usage
		Usr 0 00:00:00, Sys 0 00:00:00  -  Run Local Usage
		Usr 0 00:29:13, Sys 0 00:02:30  -  Total Remote Usage
		Usr 0 00:00:00, Sys 0 00:00:00  -  Total Local Usage
	0  -  Run Bytes Sent By Job
	12500  -  Run Bytes Received By Job
	0  -  Total Bytes Sent By Job
	12500  -  Total Bytes Received By Job
	Partitionable Resources :    Usage  Request Allocated 
	   Cpus                 :     1.00        1         1 
	   Disk (KB)            :    39          15     42852 
	   Memory (MB)          :   129           1       128 
...
000 (23043567.034.000) 08/14 22:16:51 Job submitted from host: <10.2.11.2:9618?addrs=10.2.11.2-9618&noUDP&sock=3676338_a96b_3>
...
001 (23043567.034.000) 08/14 22:16:55 Job executing on host: <10.2.3.21:9618?addrs=10.2.3.21-9618&noUDP&sock=23204_97aa_3>
...
006 (23043567.034.000) 08/14 22:17:04 Image size of job updated: 134664
	18  -  MemoryUsage of job (MB)
	18280  -  ResidentSetSize of job (KB)
...
006 (23043567.034.000) 08/14 22:22:05 Image size of job updated: 485884
	128  -  MemoryUsage of job (MB)
	130968  -  ResidentSetSize of job (KB)
...
005 (23043567.034.000) 08/14 22:50:50 Job terminated.
	(1) Normal termination (return value 0)
		Usr 0 00:30:12, Sys 0 00:02:25  -  Run Remote Usage
		Usr 0 00:00:00, Sys 0 00:00:00  -  Run Local Usage
		Usr 0 00:30:12, Sys 0 00:02:25  -  Total Remote Usage
		Usr 0 00:00:00, Sys 0 00:00:00  -  Total Local Usage
	0  -  Run Bytes Sent By Job
	12499  -  Run Bytes Received By Job
	0  -  Total Bytes Sent By Job
	12499  -  Total Bytes Received By Job
	Partitionable Resources :    Usage  Request Allocated 
	   Cpus                 :     1.00        1         1 
	   Disk (KB)            :    39          15     70010 
	   Memory (MB)          :   128           1       128 
...
