000 (22073832.047.000) 07/18 19:40:17 Job submitted from host: <10.2.11.2:9618?addrs=10.2.11.2-9618&noUDP&sock=1517334_7efc_29>
...
000 (22073881.047.000) 07/18 19:40:22 Job submitted from host: <10.2.11.2:9618?addrs=10.2.11.2-9618&noUDP&sock=1517334_7efc_29>
...
000 (22073926.047.000) 07/18 19:40:27 Job submitted from host: <10.2.11.2:9618?addrs=10.2.11.2-9618&noUDP&sock=1517334_7efc_29>
...
009 (22073832.047.000) 07/18 19:40:27 Job was aborted by the user.
	via condor_rm (by user krish.shah)
...
009 (22073881.047.000) 07/18 19:40:31 Job was aborted by the user.
	via condor_rm (by user krish.shah)
...
001 (22073926.047.000) 07/18 19:40:33 Job executing on host: <10.2.2.41:9618?addrs=10.2.2.41-9618&noUDP&sock=1815_847b_3>
...
007 (22073926.047.000) 07/18 19:40:33 Shadow exception!
	Error from slot1_10@cn2041.sarathi.iucaa.in: Failed to execute '/var/lib/condor/execute/dir_7081/condor_exec.exe' with arguments 47: (errno=8: 'Exec format error')
	0  -  Run Bytes Sent By Job
	12412  -  Run Bytes Received By Job
...
012 (22073926.047.000) 07/18 19:40:34 Job was held.
	Error from slot1_10@cn2041.sarathi.iucaa.in: Failed to execute '/var/lib/condor/execute/dir_7081/condor_exec.exe' with arguments 47: (errno=8: 'Exec format error')
	Code 6 Subcode 8
...
009 (22073926.047.000) 07/18 19:41:46 Job was aborted by the user.
	via condor_rm (by user krish.shah)
...
000 (22074535.047.000) 07/18 19:41:48 Job submitted from host: <10.2.11.2:9618?addrs=10.2.11.2-9618&noUDP&sock=1517334_7efc_29>
...
001 (22074535.047.000) 07/18 19:41:59 Job executing on host: <10.2.2.32:9618?addrs=10.2.2.32-9618&noUDP&sock=1821_a20d_3>
...
006 (22074535.047.000) 07/18 19:42:08 Image size of job updated: 198680
	16  -  MemoryUsage of job (MB)
	16112  -  ResidentSetSize of job (KB)
...
006 (22074535.047.000) 07/18 19:47:09 Image size of job updated: 475524
	116  -  MemoryUsage of job (MB)
	118648  -  ResidentSetSize of job (KB)
...
006 (22074535.047.000) 07/18 19:52:09 Image size of job updated: 476800
	118  -  MemoryUsage of job (MB)
	119924  -  ResidentSetSize of job (KB)
...
006 (22074535.047.000) 07/18 19:57:09 Image size of job updated: 477812
	120  -  MemoryUsage of job (MB)
	122768  -  ResidentSetSize of job (KB)
...
006 (22074535.047.000) 07/18 20:00:58 Image size of job updated: 485508
	120  -  MemoryUsage of job (MB)
	122768  -  ResidentSetSize of job (KB)
...
005 (22074535.047.000) 07/18 20:00:58 Job terminated.
	(1) Normal termination (return value 0)
		Usr 0 00:17:07, Sys 0 00:01:00  -  Run Remote Usage
		Usr 0 00:00:00, Sys 0 00:00:00  -  Run Local Usage
		Usr 0 00:17:07, Sys 0 00:01:00  -  Total Remote Usage
		Usr 0 00:00:00, Sys 0 00:00:00  -  Total Local Usage
	0  -  Run Bytes Sent By Job
	12470  -  Run Bytes Received By Job
	0  -  Total Bytes Sent By Job
	12470  -  Total Bytes Received By Job
	Partitionable Resources :    Usage  Request Allocated 
	   Cpus                 :     1.00        1         1 
	   Disk (KB)            :    39          15     44143 
	   Memory (MB)          :   120           1       128 
...
000 (22092688.047.000) 07/18 20:21:01 Job submitted from host: <10.2.11.2:9618?addrs=10.2.11.2-9618&noUDP&sock=1517334_7efc_29>
...
001 (22092688.047.000) 07/18 20:21:24 Job executing on host: <10.2.1.96:9618?addrs=10.2.1.96-9618&noUDP&sock=1961_a94f_3>
...
006 (22092688.047.000) 07/18 20:21:33 Image size of job updated: 477704
	99  -  MemoryUsage of job (MB)
	100900  -  ResidentSetSize of job (KB)
...
006 (22092688.047.000) 07/18 20:26:34 Image size of job updated: 507596
	118  -  MemoryUsage of job (MB)
	120224  -  ResidentSetSize of job (KB)
...
006 (22092688.047.000) 07/18 20:31:34 Image size of job updated: 508236
	120  -  MemoryUsage of job (MB)
	122016  -  ResidentSetSize of job (KB)
...
006 (22092688.047.000) 07/18 20:36:35 Image size of job updated: 509380
	121  -  MemoryUsage of job (MB)
	122960  -  ResidentSetSize of job (KB)
...
006 (22092688.047.000) 07/18 20:41:36 Image size of job updated: 510456
	122  -  MemoryUsage of job (MB)
	124888  -  ResidentSetSize of job (KB)
...
006 (22092688.047.000) 07/18 20:43:15 Image size of job updated: 510660
	122  -  MemoryUsage of job (MB)
	124888  -  ResidentSetSize of job (KB)
...
005 (22092688.047.000) 07/18 20:43:15 Job terminated.
	(1) Normal termination (return value 0)
		Usr 0 00:20:19, Sys 0 00:01:23  -  Run Remote Usage
		Usr 0 00:00:00, Sys 0 00:00:00  -  Run Local Usage
		Usr 0 00:20:19, Sys 0 00:01:23  -  Total Remote Usage
		Usr 0 00:00:00, Sys 0 00:00:00  -  Total Local Usage
	0  -  Run Bytes Sent By Job
	12465  -  Run Bytes Received By Job
	0  -  Total Bytes Sent By Job
	12465  -  Total Bytes Received By Job
	Partitionable Resources :    Usage  Request Allocated 
	   Cpus                 :     1.00        1         1 
	   Disk (KB)            :    39          15      9728 
	   Memory (MB)          :   122           1       128 
...
000 (22119392.047.000) 07/18 21:24:11 Job submitted from host: <10.2.11.2:9618?addrs=10.2.11.2-9618&noUDP&sock=1517334_7efc_29>
...
001 (22119392.047.000) 07/18 21:24:38 Job executing on host: <10.2.1.89:9618?addrs=10.2.1.89-9618&noUDP&sock=15429_96d2_3>
...
006 (22119392.047.000) 07/18 21:24:38 Image size of job updated: 15
	0  -  MemoryUsage of job (MB)
	0  -  ResidentSetSize of job (KB)
...
005 (22119392.047.000) 07/18 21:24:38 Job terminated.
	(1) Normal termination (return value 1)
		Usr 0 00:00:00, Sys 0 00:00:00  -  Run Remote Usage
		Usr 0 00:00:00, Sys 0 00:00:00  -  Run Local Usage
		Usr 0 00:00:00, Sys 0 00:00:00  -  Total Remote Usage
		Usr 0 00:00:00, Sys 0 00:00:00  -  Total Local Usage
	424  -  Run Bytes Sent By Job
	12499  -  Run Bytes Received By Job
	424  -  Total Bytes Sent By Job
	12499  -  Total Bytes Received By Job
	Partitionable Resources :    Usage  Request Allocated 
	   Cpus                 :        0        1         1 
	   Disk (KB)            :       40       15     21835 
	   Memory (MB)          :        0        1       128 
...
000 (22119975.047.000) 07/18 21:25:20 Job submitted from host: <10.2.11.2:9618?addrs=10.2.11.2-9618&noUDP&sock=1517334_7efc_29>
...
001 (22119975.047.000) 07/18 21:25:41 Job executing on host: <10.2.1.86:9618?addrs=10.2.1.86-9618&noUDP&sock=1924_484e_3>
...
006 (22119975.047.000) 07/18 21:25:50 Image size of job updated: 199232
	19  -  MemoryUsage of job (MB)
	19392  -  ResidentSetSize of job (KB)
...
006 (22119975.047.000) 07/18 21:30:51 Image size of job updated: 508080
	116  -  MemoryUsage of job (MB)
	118636  -  ResidentSetSize of job (KB)
...
006 (22119975.047.000) 07/18 21:35:51 Image size of job updated: 519176
	127  -  MemoryUsage of job (MB)
	129984  -  ResidentSetSize of job (KB)
...
006 (22119975.047.000) 07/18 21:40:51 Image size of job updated: 520200
	127  -  MemoryUsage of job (MB)
	129984  -  ResidentSetSize of job (KB)
...
006 (22119975.047.000) 07/18 21:50:53 Image size of job updated: 522924
	133  -  MemoryUsage of job (MB)
	135264  -  ResidentSetSize of job (KB)
...
005 (22119975.047.000) 07/18 21:57:09 Job terminated.
	(1) Normal termination (return value 0)
		Usr 0 00:28:35, Sys 0 00:02:09  -  Run Remote Usage
		Usr 0 00:00:00, Sys 0 00:00:00  -  Run Local Usage
		Usr 0 00:28:35, Sys 0 00:02:09  -  Total Remote Usage
		Usr 0 00:00:00, Sys 0 00:00:00  -  Total Local Usage
	0  -  Run Bytes Sent By Job
	12500  -  Run Bytes Received By Job
	0  -  Total Bytes Sent By Job
	12500  -  Total Bytes Received By Job
	Partitionable Resources :    Usage  Request Allocated 
	   Cpus                 :     1.00        1         1 
	   Disk (KB)            :    39          15     22149 
	   Memory (MB)          :   133           1       128 
...
000 (22253529.047.000) 07/19 19:22:44 Job submitted from host: <10.2.11.2:9618?addrs=10.2.11.2-9618&noUDP&sock=1517334_7efc_29>
...
001 (22253529.047.000) 07/19 19:23:52 Job executing on host: <10.2.3.6:9618?addrs=10.2.3.6-9618&noUDP&sock=22631_8fe6_3>
...
006 (22253529.047.000) 07/19 19:24:01 Image size of job updated: 144944
	115  -  MemoryUsage of job (MB)
	117424  -  ResidentSetSize of job (KB)
...
006 (22253529.047.000) 07/19 19:29:02 Image size of job updated: 475080
	116  -  MemoryUsage of job (MB)
	118468  -  ResidentSetSize of job (KB)
...
006 (22253529.047.000) 07/19 19:34:02 Image size of job updated: 476008
	117  -  MemoryUsage of job (MB)
	119616  -  ResidentSetSize of job (KB)
...
006 (22253529.047.000) 07/19 19:39:02 Image size of job updated: 477116
	120  -  MemoryUsage of job (MB)
	122316  -  ResidentSetSize of job (KB)
...
006 (22253529.047.000) 07/19 19:44:29 Image size of job updated: 478088
	121  -  MemoryUsage of job (MB)
	123448  -  ResidentSetSize of job (KB)
...
006 (22253529.047.000) 07/19 19:48:32 Image size of job updated: 479080
	121  -  MemoryUsage of job (MB)
	123448  -  ResidentSetSize of job (KB)
...
005 (22253529.047.000) 07/19 19:48:32 Job terminated.
	(1) Normal termination (return value 0)
		Usr 0 00:22:53, Sys 0 00:01:37  -  Run Remote Usage
		Usr 0 00:00:00, Sys 0 00:00:00  -  Run Local Usage
		Usr 0 00:22:53, Sys 0 00:01:37  -  Total Remote Usage
		Usr 0 00:00:00, Sys 0 00:00:00  -  Total Local Usage
	0  -  Run Bytes Sent By Job
	12494  -  Run Bytes Received By Job
	0  -  Total Bytes Sent By Job
	12494  -  Total Bytes Received By Job
	Partitionable Resources :    Usage  Request Allocated 
	   Cpus                 :     1.00        1         1 
	   Disk (KB)            :    39          15     69860 
	   Memory (MB)          :   121           1       128 
...
000 (22253572.047.000) 07/19 20:21:26 Job submitted from host: <10.2.11.2:9618?addrs=10.2.11.2-9618&noUDP&sock=1517334_7efc_29>
...
001 (22253572.047.000) 07/19 20:22:33 Job executing on host: <10.2.3.46:9618?addrs=10.2.3.46-9618&noUDP&sock=22622_638c_3>
...
006 (22253572.047.000) 07/19 20:22:44 Image size of job updated: 113828
	88  -  MemoryUsage of job (MB)
	89792  -  ResidentSetSize of job (KB)
...
006 (22253572.047.000) 07/19 20:27:44 Image size of job updated: 474668
	116  -  MemoryUsage of job (MB)
	118400  -  ResidentSetSize of job (KB)
...
006 (22253572.047.000) 07/19 20:32:46 Image size of job updated: 483024
	117  -  MemoryUsage of job (MB)
	119028  -  ResidentSetSize of job (KB)
...
006 (22253572.047.000) 07/19 20:37:46 Image size of job updated: 483024
	118  -  MemoryUsage of job (MB)
	120756  -  ResidentSetSize of job (KB)
...
006 (22253572.047.000) 07/19 20:42:46 Image size of job updated: 483024
	119  -  MemoryUsage of job (MB)
	121592  -  ResidentSetSize of job (KB)
...
006 (22253572.047.000) 07/19 20:47:47 Image size of job updated: 483024
	122  -  MemoryUsage of job (MB)
	124096  -  ResidentSetSize of job (KB)
...
006 (22253572.047.000) 07/19 20:57:48 Image size of job updated: 483024
	122  -  MemoryUsage of job (MB)
	124632  -  ResidentSetSize of job (KB)
...
006 (22253572.047.000) 07/19 21:02:48 Image size of job updated: 488924
	123  -  MemoryUsage of job (MB)
	125580  -  ResidentSetSize of job (KB)
...
005 (22253572.047.000) 07/19 21:06:28 Job terminated.
	(1) Normal termination (return value 0)
		Usr 0 00:40:37, Sys 0 00:03:05  -  Run Remote Usage
		Usr 0 00:00:00, Sys 0 00:00:00  -  Run Local Usage
		Usr 0 00:40:37, Sys 0 00:03:05  -  Total Remote Usage
		Usr 0 00:00:00, Sys 0 00:00:00  -  Total Local Usage
	0  -  Run Bytes Sent By Job
	12494  -  Run Bytes Received By Job
	0  -  Total Bytes Sent By Job
	12494  -  Total Bytes Received By Job
	Partitionable Resources :    Usage  Request Allocated 
	   Cpus                 :     1.00        1         1 
	   Disk (KB)            :    39          15     64134 
	   Memory (MB)          :   123           1       128 
...
000 (22253623.047.000) 07/19 22:36:07 Job submitted from host: <10.2.11.2:9618?addrs=10.2.11.2-9618&noUDP&sock=1517334_7efc_29>
...
001 (22253623.047.000) 07/19 22:36:12 Job executing on host: <10.2.3.38:9618?addrs=10.2.3.38-9618&noUDP&sock=22574_7700_3>
...
006 (22253623.047.000) 07/19 22:36:21 Image size of job updated: 147752
	18  -  MemoryUsage of job (MB)
	17876  -  ResidentSetSize of job (KB)
...
006 (22253623.047.000) 07/19 22:41:22 Image size of job updated: 481796
	123  -  MemoryUsage of job (MB)
	125536  -  ResidentSetSize of job (KB)
...
006 (22253623.047.000) 07/19 22:46:22 Image size of job updated: 484356
	123  -  MemoryUsage of job (MB)
	125536  -  ResidentSetSize of job (KB)
...
006 (22253623.047.000) 07/19 22:51:22 Image size of job updated: 486404
	125  -  MemoryUsage of job (MB)
	127360  -  ResidentSetSize of job (KB)
...
006 (22253623.047.000) 07/19 22:56:23 Image size of job updated: 486404
	125  -  MemoryUsage of job (MB)
	127596  -  ResidentSetSize of job (KB)
...
006 (22253623.047.000) 07/19 23:01:23 Image size of job updated: 488452
	126  -  MemoryUsage of job (MB)
	128620  -  ResidentSetSize of job (KB)
...
006 (22253623.047.000) 07/19 23:06:23 Image size of job updated: 490500
	127  -  MemoryUsage of job (MB)
	129120  -  ResidentSetSize of job (KB)
...
006 (22253623.047.000) 07/19 23:11:24 Image size of job updated: 490500
	127  -  MemoryUsage of job (MB)
	129644  -  ResidentSetSize of job (KB)
...
006 (22253623.047.000) 07/19 23:16:24 Image size of job updated: 490500
	130  -  MemoryUsage of job (MB)
	132720  -  ResidentSetSize of job (KB)
...
006 (22253623.047.000) 07/19 23:21:24 Image size of job updated: 492572
	135  -  MemoryUsage of job (MB)
	137588  -  ResidentSetSize of job (KB)
...
006 (22253623.047.000) 07/19 23:50:11 Image size of job updated: 495624
	135  -  MemoryUsage of job (MB)
	137588  -  ResidentSetSize of job (KB)
...
005 (22253623.047.000) 07/19 23:50:11 Job terminated.
	(1) Normal termination (return value 0)
		Usr 0 01:02:36, Sys 0 00:08:18  -  Run Remote Usage
		Usr 0 00:00:00, Sys 0 00:00:00  -  Run Local Usage
		Usr 0 01:02:36, Sys 0 00:08:18  -  Total Remote Usage
		Usr 0 00:00:00, Sys 0 00:00:00  -  Total Local Usage
	0  -  Run Bytes Sent By Job
	12500  -  Run Bytes Received By Job
	0  -  Total Bytes Sent By Job
	12500  -  Total Bytes Received By Job
	Partitionable Resources :    Usage  Request Allocated 
	   Cpus                 :     0.99        1         1 
	   Disk (KB)            :    39          15     64287 
	   Memory (MB)          :   135           1       128 
...
000 (23043567.047.000) 08/14 22:16:51 Job submitted from host: <10.2.11.2:9618?addrs=10.2.11.2-9618&noUDP&sock=3676338_a96b_3>
...
001 (23043567.047.000) 08/14 22:17:56 Job executing on host: <10.2.1.4:9618?addrs=10.2.1.4-9618&noUDP&sock=1849_d6b3_3>
...
006 (23043567.047.000) 08/14 22:18:04 Image size of job updated: 18392
	13  -  MemoryUsage of job (MB)
	13272  -  ResidentSetSize of job (KB)
...
006 (23043567.047.000) 08/14 22:23:04 Image size of job updated: 507584
	116  -  MemoryUsage of job (MB)
	118744  -  ResidentSetSize of job (KB)
...
006 (23043567.047.000) 08/14 22:28:04 Image size of job updated: 508864
	117  -  MemoryUsage of job (MB)
	119388  -  ResidentSetSize of job (KB)
...
006 (23043567.047.000) 08/14 22:33:05 Image size of job updated: 517156
	123  -  MemoryUsage of job (MB)
	125652  -  ResidentSetSize of job (KB)
...
005 (23043567.047.000) 08/14 22:51:27 Job terminated.
	(1) Normal termination (return value 0)
		Usr 0 00:30:06, Sys 0 00:01:57  -  Run Remote Usage
		Usr 0 00:00:00, Sys 0 00:00:00  -  Run Local Usage
		Usr 0 00:30:06, Sys 0 00:01:57  -  Total Remote Usage
		Usr 0 00:00:00, Sys 0 00:00:00  -  Total Local Usage
	0  -  Run Bytes Sent By Job
	12499  -  Run Bytes Received By Job
	0  -  Total Bytes Sent By Job
	12499  -  Total Bytes Received By Job
	Partitionable Resources :    Usage  Request Allocated 
	   Cpus                 :     0.99        1         1 
	   Disk (KB)            :    39          15     10875 
	   Memory (MB)          :   123           1       128 
...
