000 (22073832.006.000) 07/18 19:40:16 Job submitted from host: <10.2.11.2:9618?addrs=10.2.11.2-9618&noUDP&sock=1517334_7efc_29>
...
000 (22073881.006.000) 07/18 19:40:22 Job submitted from host: <10.2.11.2:9618?addrs=10.2.11.2-9618&noUDP&sock=1517334_7efc_29>
...
009 (22073832.006.000) 07/18 19:40:25 Job was aborted by the user.
	via condor_rm (by user krish.shah)
...
000 (22073926.006.000) 07/18 19:40:26 Job submitted from host: <10.2.11.2:9618?addrs=10.2.11.2-9618&noUDP&sock=1517334_7efc_29>
...
009 (22073881.006.000) 07/18 19:40:27 Job was aborted by the user.
	via condor_rm (by user krish.shah)
...
001 (22073926.006.000) 07/18 19:40:32 Job executing on host: <10.2.2.39:9618?addrs=10.2.2.39-9618&noUDP&sock=1840_aa59_3>
...
007 (22073926.006.000) 07/18 19:40:32 Shadow exception!
	Error from slot1_19@cn2039.sarathi.iucaa.in: Failed to execute '/var/lib/condor/execute/dir_13939/condor_exec.exe' with arguments 6: (errno=8: 'Exec format error')
	0  -  Run Bytes Sent By Job
	12412  -  Run Bytes Received By Job
...
012 (22073926.006.000) 07/18 19:40:32 Job was held.
	Error from slot1_19@cn2039.sarathi.iucaa.in: Failed to execute '/var/lib/condor/execute/dir_13939/condor_exec.exe' with arguments 6: (errno=8: 'Exec format error')
	Code 6 Subcode 8
...
009 (22073926.006.000) 07/18 19:41:45 Job was aborted by the user.
	via condor_rm (by user krish.shah)
...
000 (22074535.006.000) 07/18 19:41:48 Job submitted from host: <10.2.11.2:9618?addrs=10.2.11.2-9618&noUDP&sock=1517334_7efc_29>
...
001 (22074535.006.000) 07/18 19:41:59 Job executing on host: <10.2.1.28:9618?addrs=10.2.1.28-9618&noUDP&sock=1829_1ecf_3>
...
006 (22074535.006.000) 07/18 19:42:08 Image size of job updated: 22820
	16  -  MemoryUsage of job (MB)
	16100  -  ResidentSetSize of job (KB)
...
006 (22074535.006.000) 07/18 19:47:09 Image size of job updated: 517208
	125  -  MemoryUsage of job (MB)
	127684  -  ResidentSetSize of job (KB)
...
006 (22074535.006.000) 07/18 19:52:09 Image size of job updated: 521096
	129  -  MemoryUsage of job (MB)
	131568  -  ResidentSetSize of job (KB)
...
006 (22074535.006.000) 07/18 19:57:09 Image size of job updated: 521096
	130  -  MemoryUsage of job (MB)
	132480  -  ResidentSetSize of job (KB)
...
005 (22074535.006.000) 07/18 19:57:32 Job terminated.
	(1) Normal termination (return value 0)
		Usr 0 00:13:40, Sys 0 00:01:03  -  Run Remote Usage
		Usr 0 00:00:00, Sys 0 00:00:00  -  Run Local Usage
		Usr 0 00:13:40, Sys 0 00:01:03  -  Total Remote Usage
		Usr 0 00:00:00, Sys 0 00:00:00  -  Total Local Usage
	0  -  Run Bytes Sent By Job
	12470  -  Run Bytes Received By Job
	0  -  Total Bytes Sent By Job
	12470  -  Total Bytes Received By Job
	Partitionable Resources :    Usage  Request Allocated 
	   Cpus                 :     1.00        1         1 
	   Disk (KB)            :    39          15     14227 
	   Memory (MB)          :   130           1       128 
...
000 (22092688.006.000) 07/18 20:21:00 Job submitted from host: <10.2.11.2:9618?addrs=10.2.11.2-9618&noUDP&sock=1517334_7efc_29>
...
001 (22092688.006.000) 07/18 20:21:24 Job executing on host: <10.2.1.11:9618?addrs=10.2.1.11-9618&noUDP&sock=1878_baf3_3>
...
006 (22092688.006.000) 07/18 20:21:33 Image size of job updated: 320124
	87  -  MemoryUsage of job (MB)
	88756  -  ResidentSetSize of job (KB)
...
006 (22092688.006.000) 07/18 20:26:34 Image size of job updated: 507404
	118  -  MemoryUsage of job (MB)
	120108  -  ResidentSetSize of job (KB)
...
006 (22092688.006.000) 07/18 20:31:35 Image size of job updated: 508388
	119  -  MemoryUsage of job (MB)
	121148  -  ResidentSetSize of job (KB)
...
006 (22092688.006.000) 07/18 20:35:39 Image size of job updated: 508900
	119  -  MemoryUsage of job (MB)
	121148  -  ResidentSetSize of job (KB)
...
005 (22092688.006.000) 07/18 20:35:39 Job terminated.
	(1) Normal termination (return value 0)
		Usr 0 00:13:06, Sys 0 00:00:50  -  Run Remote Usage
		Usr 0 00:00:00, Sys 0 00:00:00  -  Run Local Usage
		Usr 0 00:13:06, Sys 0 00:00:50  -  Total Remote Usage
		Usr 0 00:00:00, Sys 0 00:00:00  -  Total Local Usage
	0  -  Run Bytes Sent By Job
	12465  -  Run Bytes Received By Job
	0  -  Total Bytes Sent By Job
	12465  -  Total Bytes Received By Job
	Partitionable Resources :    Usage  Request Allocated 
	   Cpus                 :     1.00        1         1 
	   Disk (KB)            :    39          15     12198 
	   Memory (MB)          :   119           1       128 
...
000 (22119392.006.000) 07/18 21:24:10 Job submitted from host: <10.2.11.2:9618?addrs=10.2.11.2-9618&noUDP&sock=1517334_7efc_29>
...
001 (22119392.006.000) 07/18 21:24:37 Job executing on host: <10.2.1.24:9618?addrs=10.2.1.24-9618&noUDP&sock=1831_7dff_3>
...
006 (22119392.006.000) 07/18 21:24:38 Image size of job updated: 126236
	0  -  MemoryUsage of job (MB)
	0  -  ResidentSetSize of job (KB)
...
005 (22119392.006.000) 07/18 21:24:38 Job terminated.
	(1) Normal termination (return value 1)
		Usr 0 00:00:00, Sys 0 00:00:00  -  Run Remote Usage
		Usr 0 00:00:00, Sys 0 00:00:00  -  Run Local Usage
		Usr 0 00:00:00, Sys 0 00:00:00  -  Total Remote Usage
		Usr 0 00:00:00, Sys 0 00:00:00  -  Total Local Usage
	422  -  Run Bytes Sent By Job
	12499  -  Run Bytes Received By Job
	422  -  Total Bytes Sent By Job
	12499  -  Total Bytes Received By Job
	Partitionable Resources :    Usage  Request Allocated 
	   Cpus                 :        0        1         1 
	   Disk (KB)            :       40       15     15694 
	   Memory (MB)          :        0        1       128 
...
000 (22119975.006.000) 07/18 21:25:20 Job submitted from host: <10.2.11.2:9618?addrs=10.2.11.2-9618&noUDP&sock=1517334_7efc_29>
...
001 (22119975.006.000) 07/18 21:25:40 Job executing on host: <10.2.1.21:9618?addrs=10.2.1.21-9618&noUDP&sock=1859_b2a6_3>
...
006 (22119975.006.000) 07/18 21:25:49 Image size of job updated: 133140
	16  -  MemoryUsage of job (MB)
	15656  -  ResidentSetSize of job (KB)
...
006 (22119975.006.000) 07/18 21:30:50 Image size of job updated: 517124
	118  -  MemoryUsage of job (MB)
	119860  -  ResidentSetSize of job (KB)
...
006 (22119975.006.000) 07/18 21:35:51 Image size of job updated: 517124
	124  -  MemoryUsage of job (MB)
	126272  -  ResidentSetSize of job (KB)
...
006 (22119975.006.000) 07/18 21:40:51 Image size of job updated: 518148
	125  -  MemoryUsage of job (MB)
	127896  -  ResidentSetSize of job (KB)
...
006 (22119975.006.000) 07/18 21:45:51 Image size of job updated: 518148
	126  -  MemoryUsage of job (MB)
	128392  -  ResidentSetSize of job (KB)
...
006 (22119975.006.000) 07/18 21:55:53 Image size of job updated: 521220
	126  -  MemoryUsage of job (MB)
	128444  -  ResidentSetSize of job (KB)
...
006 (22119975.006.000) 07/18 22:00:53 Image size of job updated: 523268
	127  -  MemoryUsage of job (MB)
	129568  -  ResidentSetSize of job (KB)
...
006 (22119975.006.000) 07/18 22:10:55 Image size of job updated: 525060
	135  -  MemoryUsage of job (MB)
	137664  -  ResidentSetSize of job (KB)
...
006 (22119975.006.000) 07/18 22:13:13 Image size of job updated: 525316
	135  -  MemoryUsage of job (MB)
	137664  -  ResidentSetSize of job (KB)
...
005 (22119975.006.000) 07/18 22:13:13 Job terminated.
	(1) Normal termination (return value 0)
		Usr 0 00:38:19, Sys 0 00:07:23  -  Run Remote Usage
		Usr 0 00:00:00, Sys 0 00:00:00  -  Run Local Usage
		Usr 0 00:38:19, Sys 0 00:07:23  -  Total Remote Usage
		Usr 0 00:00:00, Sys 0 00:00:00  -  Total Local Usage
	0  -  Run Bytes Sent By Job
	12500  -  Run Bytes Received By Job
	0  -  Total Bytes Sent By Job
	12500  -  Total Bytes Received By Job
	Partitionable Resources :    Usage  Request Allocated 
	   Cpus                 :     0.98        1         1 
	   Disk (KB)            :    39          15     13989 
	   Memory (MB)          :   135           1       128 
...
000 (22253529.006.000) 07/19 19:22:43 Job submitted from host: <10.2.11.2:9618?addrs=10.2.11.2-9618&noUDP&sock=1517334_7efc_29>
...
001 (22253529.006.000) 07/19 19:22:51 Job executing on host: <10.2.3.82:9618?addrs=10.2.3.82-9618&noUDP&sock=22988_6f35_3>
...
006 (22253529.006.000) 07/19 19:22:59 Image size of job updated: 188384
	25  -  MemoryUsage of job (MB)
	24920  -  ResidentSetSize of job (KB)
...
006 (22253529.006.000) 07/19 19:27:59 Image size of job updated: 482568
	116  -  MemoryUsage of job (MB)
	118128  -  ResidentSetSize of job (KB)
...
006 (22253529.006.000) 07/19 19:33:05 Image size of job updated: 482620
	117  -  MemoryUsage of job (MB)
	119352  -  ResidentSetSize of job (KB)
...
006 (22253529.006.000) 07/19 19:38:00 Image size of job updated: 490372
	121  -  MemoryUsage of job (MB)
	123528  -  ResidentSetSize of job (KB)
...
006 (22253529.006.000) 07/19 19:43:00 Image size of job updated: 492420
	131  -  MemoryUsage of job (MB)
	133676  -  ResidentSetSize of job (KB)
...
006 (22253529.006.000) 07/19 19:48:01 Image size of job updated: 492420
	133  -  MemoryUsage of job (MB)
	135244  -  ResidentSetSize of job (KB)
...
005 (22253529.006.000) 07/19 20:00:39 Job terminated.
	(1) Normal termination (return value 0)
		Usr 0 00:33:59, Sys 0 00:03:27  -  Run Remote Usage
		Usr 0 00:00:00, Sys 0 00:00:00  -  Run Local Usage
		Usr 0 00:33:59, Sys 0 00:03:27  -  Total Remote Usage
		Usr 0 00:00:00, Sys 0 00:00:00  -  Total Local Usage
	0  -  Run Bytes Sent By Job
	12494  -  Run Bytes Received By Job
	0  -  Total Bytes Sent By Job
	12494  -  Total Bytes Received By Job
	Partitionable Resources :    Usage  Request Allocated 
	   Cpus                 :     1.00        1         1 
	   Disk (KB)            :    39          15     68024 
	   Memory (MB)          :   133           1       128 
...
000 (22253572.006.000) 07/19 20:21:25 Job submitted from host: <10.2.11.2:9618?addrs=10.2.11.2-9618&noUDP&sock=1517334_7efc_29>
...
001 (22253572.006.000) 07/19 20:21:33 Job executing on host: <10.2.3.57:9618?addrs=10.2.3.57-9618&noUDP&sock=22993_dd2f_3>
...
006 (22253572.006.000) 07/19 20:21:41 Image size of job updated: 203260
	20  -  MemoryUsage of job (MB)
	19984  -  ResidentSetSize of job (KB)
...
006 (22253572.006.000) 07/19 20:26:41 Image size of job updated: 482568
	116  -  MemoryUsage of job (MB)
	117772  -  ResidentSetSize of job (KB)
...
006 (22253572.006.000) 07/19 20:31:42 Image size of job updated: 482568
	123  -  MemoryUsage of job (MB)
	125724  -  ResidentSetSize of job (KB)
...
006 (22253572.006.000) 07/19 20:36:43 Image size of job updated: 487436
	126  -  MemoryUsage of job (MB)
	128648  -  ResidentSetSize of job (KB)
...
006 (22253572.006.000) 07/19 20:41:43 Image size of job updated: 490508
	133  -  MemoryUsage of job (MB)
	135596  -  ResidentSetSize of job (KB)
...
006 (22253572.006.000) 07/19 20:46:43 Image size of job updated: 490508
	133  -  MemoryUsage of job (MB)
	135600  -  ResidentSetSize of job (KB)
...
006 (22253572.006.000) 07/19 21:01:44 Image size of job updated: 492556
	133  -  MemoryUsage of job (MB)
	135600  -  ResidentSetSize of job (KB)
...
006 (22253572.006.000) 07/19 21:06:45 Image size of job updated: 492556
	135  -  MemoryUsage of job (MB)
	137648  -  ResidentSetSize of job (KB)
...
006 (22253572.006.000) 07/19 21:11:45 Image size of job updated: 494604
	135  -  MemoryUsage of job (MB)
	137964  -  ResidentSetSize of job (KB)
...
006 (22253572.006.000) 07/19 21:16:45 Image size of job updated: 494604
	137  -  MemoryUsage of job (MB)
	139580  -  ResidentSetSize of job (KB)
...
005 (22253572.006.000) 07/19 21:19:00 Job terminated.
	(1) Normal termination (return value 0)
		Usr 0 00:51:33, Sys 0 00:05:03  -  Run Remote Usage
		Usr 0 00:00:00, Sys 0 00:00:00  -  Run Local Usage
		Usr 0 00:51:33, Sys 0 00:05:03  -  Total Remote Usage
		Usr 0 00:00:00, Sys 0 00:00:00  -  Total Local Usage
	0  -  Run Bytes Sent By Job
	12494  -  Run Bytes Received By Job
	0  -  Total Bytes Sent By Job
	12494  -  Total Bytes Received By Job
	Partitionable Resources :    Usage  Request Allocated 
	   Cpus                 :     1.00        1         1 
	   Disk (KB)            :    39          15     65598 
	   Memory (MB)          :   137           1       128 
...
000 (22253623.006.000) 07/19 22:36:07 Job submitted from host: <10.2.11.2:9618?addrs=10.2.11.2-9618&noUDP&sock=1517334_7efc_29>
...
001 (22253623.006.000) 07/19 22:36:13 Job executing on host: <10.2.2.37:9618?addrs=10.2.2.37-9618&noUDP&sock=26334_8319_3>
...
006 (22253623.006.000) 07/19 22:36:22 Image size of job updated: 135524
	18  -  MemoryUsage of job (MB)
	18176  -  ResidentSetSize of job (KB)
...
006 (22253623.006.000) 07/19 22:41:23 Image size of job updated: 484460
	116  -  MemoryUsage of job (MB)
	118008  -  ResidentSetSize of job (KB)
...
006 (22253623.006.000) 07/19 22:46:23 Image size of job updated: 484460
	123  -  MemoryUsage of job (MB)
	125056  -  ResidentSetSize of job (KB)
...
006 (22253623.006.000) 07/19 22:51:23 Image size of job updated: 489800
	132  -  MemoryUsage of job (MB)
	134712  -  ResidentSetSize of job (KB)
...
006 (22253623.006.000) 07/19 23:16:27 Image size of job updated: 491628
	132  -  MemoryUsage of job (MB)
	134712  -  ResidentSetSize of job (KB)
...
006 (22253623.006.000) 07/19 23:21:27 Image size of job updated: 491628
	134  -  MemoryUsage of job (MB)
	136552  -  ResidentSetSize of job (KB)
...
006 (22253623.006.000) 07/19 23:35:18 Image size of job updated: 492908
	134  -  MemoryUsage of job (MB)
	136552  -  ResidentSetSize of job (KB)
...
005 (22253623.006.000) 07/19 23:35:19 Job terminated.
	(1) Normal termination (return value 0)
		Usr 0 00:53:16, Sys 0 00:04:59  -  Run Remote Usage
		Usr 0 00:00:00, Sys 0 00:00:00  -  Run Local Usage
		Usr 0 00:53:16, Sys 0 00:04:59  -  Total Remote Usage
		Usr 0 00:00:00, Sys 0 00:00:00  -  Total Local Usage
	0  -  Run Bytes Sent By Job
	12500  -  Run Bytes Received By Job
	0  -  Total Bytes Sent By Job
	12500  -  Total Bytes Received By Job
	Partitionable Resources :    Usage  Request Allocated 
	   Cpus                 :     1.00        1         1 
	   Disk (KB)            :    39          15     40985 
	   Memory (MB)          :   134           1       128 
...
000 (23043567.006.000) 08/14 22:16:51 Job submitted from host: <10.2.11.2:9618?addrs=10.2.11.2-9618&noUDP&sock=3676338_a96b_3>
...
001 (23043567.006.000) 08/14 22:16:55 Job executing on host: <10.2.1.21:9618?addrs=10.2.1.21-9618&noUDP&sock=1859_b2a6_3>
...
006 (23043567.006.000) 08/14 22:17:04 Image size of job updated: 19036
	14  -  MemoryUsage of job (MB)
	13360  -  ResidentSetSize of job (KB)
...
006 (23043567.006.000) 08/14 22:22:06 Image size of job updated: 508116
	117  -  MemoryUsage of job (MB)
	119056  -  ResidentSetSize of job (KB)
...
006 (23043567.006.000) 08/14 22:27:06 Image size of job updated: 508880
	119  -  MemoryUsage of job (MB)
	121180  -  ResidentSetSize of job (KB)
...
006 (23043567.006.000) 08/14 22:32:06 Image size of job updated: 509644
	119  -  MemoryUsage of job (MB)
	121764  -  ResidentSetSize of job (KB)
...
006 (23043567.006.000) 08/14 22:37:07 Image size of job updated: 510660
	120  -  MemoryUsage of job (MB)
	122616  -  ResidentSetSize of job (KB)
...
006 (23043567.006.000) 08/14 22:41:28 Image size of job updated: 511492
	120  -  MemoryUsage of job (MB)
	122616  -  ResidentSetSize of job (KB)
...
005 (23043567.006.000) 08/14 22:41:28 Job terminated.
	(1) Normal termination (return value 0)
		Usr 0 00:21:47, Sys 0 00:01:24  -  Run Remote Usage
		Usr 0 00:00:00, Sys 0 00:00:00  -  Run Local Usage
		Usr 0 00:21:47, Sys 0 00:01:24  -  Total Remote Usage
		Usr 0 00:00:00, Sys 0 00:00:00  -  Total Local Usage
	0  -  Run Bytes Sent By Job
	12499  -  Run Bytes Received By Job
	0  -  Total Bytes Sent By Job
	12499  -  Total Bytes Received By Job
	Partitionable Resources :    Usage  Request Allocated 
	   Cpus                 :     1.00        1         1 
	   Disk (KB)            :    39          15     13989 
	   Memory (MB)          :   120           1       128 
...
